#
# There is insufficient memory for the Java Runtime Environment to continue.
# Native memory allocation (malloc) failed to allocate 812656 bytes. Error detail: Chunk::new
# Possible reasons:
#   The system is out of physical RAM or swap space
#   This process is running with CompressedOops enabled, and the Java Heap may be blocking the growth of the native heap
# Possible solutions:
#   Reduce memory load on the system
#   Increase physical memory or swap space
#   Check if swap backing store is full
#   Decrease Java heap size (-Xmx/-Xms)
#   Decrease number of Java threads
#   Decrease Java thread stack sizes (-Xss)
#   Set larger code cache with -XX:ReservedCodeCacheSize=
#   JVM is running with Unscaled Compressed Oops mode in which the Java heap is
#     placed in the first 4GB address space. The Java Heap base address is the
#     maximum limit for the native heap growth. Please use -XX:HeapBaseMinAddress
#     to set the Java Heap base and to place the Java Heap above 4GB virtual address.
# This output file may be truncated or incomplete.
#
#  Out of Memory Error (arena.cpp:168), pid=11648, tid=10392
#
# JRE version: OpenJDK Runtime Environment Temurin-21.0.7+6 (21.0.7+6) (build 21.0.7+6-LTS)
# Java VM: OpenJDK 64-Bit Server VM Temurin-21.0.7+6 (21.0.7+6-LTS, mixed mode, sharing, tiered, compressed oops, compressed class ptrs, parallel gc, windows-amd64)
# No core dump will be written. Minidumps are not enabled by default on client versions of Windows
#

---------------  S U M M A R Y ------------

Command Line: --add-modules=ALL-SYSTEM --add-opens=java.base/java.util=ALL-UNNAMED --add-opens=java.base/java.lang=ALL-UNNAMED --add-opens=java.base/sun.nio.fs=ALL-UNNAMED -Declipse.application=org.eclipse.jdt.ls.core.id1 -Dosgi.bundles.defaultStartLevel=4 -Declipse.product=org.eclipse.jdt.ls.core.product -Djava.import.generatesMetadataFilesAtProjectRoot=false -DDetectVMInstallationsJob.disabled=true -Dfile.encoding=utf8 -XX:+UseParallelGC -XX:GCTimeRatio=4 -XX:AdaptiveSizePolicyWeight=90 -Dsun.zip.disableMemoryMapping=true -Xmx2G -Xms100m -Xlog:disable -javaagent:c:\Users\obeng\.cursor\extensions\redhat.java-1.43.1-win32-x64\lombok\lombok-1.18.39-4050.jar -XX:+HeapDumpOnOutOfMemoryError -XX:HeapDumpPath=c:\Users\obeng\AppData\Roaming\Cursor\User\workspaceStorage\4be39bfb5b72430ab5bd4ea52db2d53c\redhat.java -Daether.dependencyCollector.impl=bf c:\Users\obeng\.cursor\extensions\redhat.java-1.43.1-win32-x64\server\plugins\org.eclipse.equinox.launcher_1.7.0.v20250519-0528.jar -configuration c:\Users\obeng\AppData\Roaming\Cursor\User\globalStorage\redhat.java\1.43.1\config_win -data c:\Users\obeng\AppData\Roaming\Cursor\User\workspaceStorage\4be39bfb5b72430ab5bd4ea52db2d53c\redhat.java\jdt_ws --pipe=\\.\pipe\lsp-a9062fe795370f519c6b4c9b35fa882c-sock

Host: 12th Gen Intel(R) Core(TM) i3-1215U, 8 cores, 7G,  Windows 11 , 64 bit Build 22621 (10.0.22621.5415)
Time: Wed Jul 16 19:20:32 2025 Greenwich Standard Time elapsed time: 20.646104 seconds (0d 0h 0m 20s)

---------------  T H R E A D  ---------------

Current thread (0x0000029a7e7d68c0):  JavaThread "C2 CompilerThread0" daemon [_thread_in_native, id=10392, stack(0x000000aecd100000,0x000000aecd200000) (1024K)]


Current CompileTask:
C2:20646 11437       4       sun.nio.fs.Globs::toRegexPattern (745 bytes)

Stack: [0x000000aecd100000,0x000000aecd200000]
Native frames: (J=compiled Java code, j=interpreted, Vv=VM code, C=native code)
V  [jvm.dll+0x6ce119]
V  [jvm.dll+0x8a84a1]
V  [jvm.dll+0x8aa9ce]
V  [jvm.dll+0x8ab0b3]
V  [jvm.dll+0x27f8a6]
V  [jvm.dll+0xc507d]
V  [jvm.dll+0xc55b3]
V  [jvm.dll+0x3b68f2]
V  [jvm.dll+0x382aa5]
V  [jvm.dll+0x381f0a]
V  [jvm.dll+0x247af0]
V  [jvm.dll+0x2470cf]
V  [jvm.dll+0x1c760e]
V  [jvm.dll+0x25695a]
V  [jvm.dll+0x254efa]
V  [jvm.dll+0x3f03f6]
V  [jvm.dll+0x851f6b]
V  [jvm.dll+0x6cc7dd]
C  [ucrtbase.dll+0x29333]
C  [KERNEL32.DLL+0x1259d]
C  [ntdll.dll+0x5af78]


---------------  P R O C E S S  ---------------

Threads class SMR info:
_java_thread_list=0x0000029a62473d60, length=61, elements={
0x0000029a76d65450, 0x0000029a76e1b880, 0x0000029a76e1d080, 0x0000029a7e7c5e10,
0x0000029a7e7c6d20, 0x0000029a7e7cb420, 0x0000029a7e7d1500, 0x0000029a7e7d68c0,
0x0000029a7e7e7d70, 0x0000029a501e8df0, 0x0000029a5046d640, 0x0000029a50c4b6c0,
0x0000029a50b20dc0, 0x0000029a50af9370, 0x0000029a50b55860, 0x0000029a55a3ba50,
0x0000029a50a22600, 0x0000029a5578aad0, 0x0000029a5578b160, 0x0000029a5578cba0,
0x0000029a55789db0, 0x0000029a55789720, 0x0000029a5578a440, 0x0000029a5578be80,
0x0000029a58abc7c0, 0x0000029a58abe200, 0x0000029a58abdb70, 0x0000029a58abce50,
0x0000029a58abd4e0, 0x0000029a58abc130, 0x0000029a58aba6f0, 0x0000029a58abe890,
0x0000029a58abad80, 0x0000029a58abef20, 0x0000029a58ab8620, 0x0000029a58ab7f90,
0x0000029a58abf5b0, 0x0000029a58ab8cb0, 0x0000029a58ab99d0, 0x0000029a58abb410,
0x0000029a57dc4000, 0x0000029a57dc4690, 0x0000029a57dc25c0, 0x0000029a57dc4d20,
0x0000029a57dc1f30, 0x0000029a5578c510, 0x0000029a588d36f0, 0x0000029a588d8c40,
0x0000029a588d85b0, 0x0000029a588d9960, 0x0000029a588da680, 0x0000029a588d92d0,
0x0000029a588d9ff0, 0x0000029a588dad10, 0x0000029a588d6b70, 0x0000029a588d5e50,
0x0000029a588d4410, 0x0000029a588d5130, 0x0000029a588d7890, 0x0000029a588d64e0,
0x0000029a588d7f20
}

Java Threads: ( => current thread )
  0x0000029a76d65450 JavaThread "main"                              [_thread_blocked, id=15352, stack(0x000000aecc700000,0x000000aecc800000) (1024K)]
  0x0000029a76e1b880 JavaThread "Reference Handler"          daemon [_thread_blocked, id=10992, stack(0x000000aeccb00000,0x000000aeccc00000) (1024K)]
  0x0000029a76e1d080 JavaThread "Finalizer"                  daemon [_thread_blocked, id=1096, stack(0x000000aeccc00000,0x000000aeccd00000) (1024K)]
  0x0000029a7e7c5e10 JavaThread "Signal Dispatcher"          daemon [_thread_blocked, id=13844, stack(0x000000aeccd00000,0x000000aecce00000) (1024K)]
  0x0000029a7e7c6d20 JavaThread "Attach Listener"            daemon [_thread_blocked, id=12484, stack(0x000000aecce00000,0x000000aeccf00000) (1024K)]
  0x0000029a7e7cb420 JavaThread "Service Thread"             daemon [_thread_blocked, id=12032, stack(0x000000aeccf00000,0x000000aecd000000) (1024K)]
  0x0000029a7e7d1500 JavaThread "Monitor Deflation Thread"   daemon [_thread_blocked, id=9348, stack(0x000000aecd000000,0x000000aecd100000) (1024K)]
=>0x0000029a7e7d68c0 JavaThread "C2 CompilerThread0"         daemon [_thread_in_native, id=10392, stack(0x000000aecd100000,0x000000aecd200000) (1024K)]
  0x0000029a7e7e7d70 JavaThread "C1 CompilerThread0"         daemon [_thread_blocked, id=17844, stack(0x000000aecd200000,0x000000aecd300000) (1024K)]
  0x0000029a501e8df0 JavaThread "Common-Cleaner"             daemon [_thread_blocked, id=18560, stack(0x000000aecd300000,0x000000aecd400000) (1024K)]
  0x0000029a5046d640 JavaThread "Notification Thread"        daemon [_thread_blocked, id=19520, stack(0x000000aecd400000,0x000000aecd500000) (1024K)]
  0x0000029a50c4b6c0 JavaThread "Active Thread: Equinox Container: 648595c7-fbfe-494d-8b4f-afe3a5896ca7"        [_thread_blocked, id=18916, stack(0x000000aecdb00000,0x000000aecdc00000) (1024K)]
  0x0000029a50b20dc0 JavaThread "Refresh Thread: Equinox Container: 648595c7-fbfe-494d-8b4f-afe3a5896ca7" daemon [_thread_blocked, id=17212, stack(0x000000aecde00000,0x000000aecdf00000) (1024K)]
  0x0000029a50af9370 JavaThread "Framework Event Dispatcher: Equinox Container: 648595c7-fbfe-494d-8b4f-afe3a5896ca7" daemon [_thread_blocked, id=11568, stack(0x000000aece000000,0x000000aece100000) (1024K)]
  0x0000029a50b55860 JavaThread "Start Level: Equinox Container: 648595c7-fbfe-494d-8b4f-afe3a5896ca7" daemon [_thread_blocked, id=5980, stack(0x000000aece100000,0x000000aece200000) (1024K)]
  0x0000029a55a3ba50 JavaThread "Bundle File Closer"         daemon [_thread_blocked, id=3768, stack(0x000000aece200000,0x000000aece300000) (1024K)]
  0x0000029a50a22600 JavaThread "SCR Component Actor"        daemon [_thread_blocked, id=9824, stack(0x000000aecdc00000,0x000000aecdd00000) (1024K)]
  0x0000029a5578aad0 JavaThread "Worker-JM"                         [_thread_blocked, id=20116, stack(0x000000aece400000,0x000000aece500000) (1024K)]
  0x0000029a5578b160 JavaThread "JNA Cleaner"                daemon [_thread_blocked, id=15824, stack(0x000000aece300000,0x000000aece400000) (1024K)]
  0x0000029a5578cba0 JavaThread "Worker-0"                          [_thread_blocked, id=1996, stack(0x000000aece500000,0x000000aece600000) (1024K)]
  0x0000029a55789db0 JavaThread "Worker-1"                          [_thread_blocked, id=11548, stack(0x000000aece700000,0x000000aece800000) (1024K)]
  0x0000029a55789720 JavaThread "Worker-2"                          [_thread_blocked, id=15912, stack(0x000000aece800000,0x000000aece900000) (1024K)]
  0x0000029a5578a440 JavaThread "Java indexing"              daemon [_thread_in_vm, id=15340, stack(0x000000aece900000,0x000000aecea00000) (1024K)]
  0x0000029a5578be80 JavaThread "Worker-3"                          [_thread_blocked, id=9228, stack(0x000000aecea00000,0x000000aeceb00000) (1024K)]
  0x0000029a58abc7c0 JavaThread "Worker-4"                          [_thread_blocked, id=18844, stack(0x000000aecec00000,0x000000aeced00000) (1024K)]
  0x0000029a58abe200 JavaThread "Worker-5"                          [_thread_blocked, id=20436, stack(0x000000aecef00000,0x000000aecf000000) (1024K)]
  0x0000029a58abdb70 JavaThread "Worker-6: Java indexing... "        [_thread_blocked, id=19540, stack(0x000000aecf000000,0x000000aecf100000) (1024K)]
  0x0000029a58abce50 JavaThread "Thread-2"                   daemon [_thread_in_native, id=13620, stack(0x000000aecf100000,0x000000aecf200000) (1024K)]
  0x0000029a58abd4e0 JavaThread "Thread-3"                   daemon [_thread_in_native, id=296, stack(0x000000aecf200000,0x000000aecf300000) (1024K)]
  0x0000029a58abc130 JavaThread "Thread-4"                   daemon [_thread_in_native, id=14528, stack(0x000000aecf300000,0x000000aecf400000) (1024K)]
  0x0000029a58aba6f0 JavaThread "Thread-5"                   daemon [_thread_in_native, id=13952, stack(0x000000aecf400000,0x000000aecf500000) (1024K)]
  0x0000029a58abe890 JavaThread "Thread-6"                   daemon [_thread_in_native, id=15844, stack(0x000000aecf500000,0x000000aecf600000) (1024K)]
  0x0000029a58abad80 JavaThread "Thread-7"                   daemon [_thread_in_native, id=8144, stack(0x000000aecf600000,0x000000aecf700000) (1024K)]
  0x0000029a58abef20 JavaThread "Thread-8"                   daemon [_thread_in_native, id=14224, stack(0x000000aecf700000,0x000000aecf800000) (1024K)]
  0x0000029a58ab8620 JavaThread "Thread-9"                   daemon [_thread_in_native, id=8616, stack(0x000000aecf800000,0x000000aecf900000) (1024K)]
  0x0000029a58ab7f90 JavaThread "Thread-10"                  daemon [_thread_in_native, id=12284, stack(0x000000aecf900000,0x000000aecfa00000) (1024K)]
  0x0000029a58abf5b0 JavaThread "pool-2-thread-1"                   [_thread_blocked, id=17308, stack(0x000000aecfa00000,0x000000aecfb00000) (1024K)]
  0x0000029a58ab8cb0 JavaThread "Worker-7: Initialize Workspace"        [_thread_in_native, id=16128, stack(0x000000aecfb00000,0x000000aecfc00000) (1024K)]
  0x0000029a58ab99d0 JavaThread "WorkspaceEventsHandler"            [_thread_blocked, id=12920, stack(0x000000aecfc00000,0x000000aecfd00000) (1024K)]
  0x0000029a58abb410 JavaThread "pool-1-thread-1"                   [_thread_blocked, id=6992, stack(0x000000aecfd00000,0x000000aecfe00000) (1024K)]
  0x0000029a57dc4000 JavaThread "LocalFile Deleter"          daemon [_thread_blocked, id=7808, stack(0x000000aecdd00000,0x000000aecde00000) (1024K)]
  0x0000029a57dc4690 JavaThread "LocalFile Deleter"          daemon [_thread_blocked, id=16432, stack(0x000000aecfe00000,0x000000aecff00000) (1024K)]
  0x0000029a57dc25c0 JavaThread "LocalFile Deleter"          daemon [_thread_blocked, id=1260, stack(0x000000aecff00000,0x000000aed0000000) (1024K)]
  0x0000029a57dc4d20 JavaThread "LocalFile Deleter"          daemon [_thread_blocked, id=15156, stack(0x000000aed0000000,0x000000aed0100000) (1024K)]
  0x0000029a57dc1f30 JavaThread "LocalFile Deleter"          daemon [_thread_blocked, id=8844, stack(0x000000aed0100000,0x000000aed0200000) (1024K)]
  0x0000029a5578c510 JavaThread "LocalFile Deleter"          daemon [_thread_blocked, id=16756, stack(0x000000aed0200000,0x000000aed0300000) (1024K)]
  0x0000029a588d36f0 JavaThread "LocalFile Deleter"          daemon [_thread_blocked, id=17144, stack(0x000000aed0300000,0x000000aed0400000) (1024K)]
  0x0000029a588d8c40 JavaThread "LocalFile Deleter"          daemon [_thread_blocked, id=8360, stack(0x000000aed0400000,0x000000aed0500000) (1024K)]
  0x0000029a588d85b0 JavaThread "Compiler Source File Reader" daemon [_thread_blocked, id=3656, stack(0x000000aed0500000,0x000000aed0600000) (1024K)]
  0x0000029a588d9960 JavaThread "Compiler Source File Reader" daemon [_thread_blocked, id=5892, stack(0x000000aed0600000,0x000000aed0700000) (1024K)]
  0x0000029a588da680 JavaThread "Compiler Source File Reader" daemon [_thread_blocked, id=10920, stack(0x000000aed0700000,0x000000aed0800000) (1024K)]
  0x0000029a588d92d0 JavaThread "Compiler Source File Reader" daemon [_thread_blocked, id=6236, stack(0x000000aed0800000,0x000000aed0900000) (1024K)]
  0x0000029a588d9ff0 JavaThread "Compiler Source File Reader" daemon [_thread_blocked, id=11220, stack(0x000000aed0900000,0x000000aed0a00000) (1024K)]
  0x0000029a588dad10 JavaThread "Compiler Source File Reader" daemon [_thread_blocked, id=16424, stack(0x000000aed0a00000,0x000000aed0b00000) (1024K)]
  0x0000029a588d6b70 JavaThread "Compiler Processing Task"   daemon [_thread_blocked, id=1352, stack(0x000000aed0b00000,0x000000aed0c00000) (1024K)]
  0x0000029a588d5e50 JavaThread "Compiler Class File Writer" daemon [_thread_blocked, id=15188, stack(0x000000aed0c00000,0x000000aed0d00000) (1024K)]
  0x0000029a588d4410 JavaThread "Compiler Class File Writer" daemon [_thread_blocked, id=18128, stack(0x000000aed0d00000,0x000000aed0e00000) (1024K)]
  0x0000029a588d5130 JavaThread "Compiler Class File Writer" daemon [_thread_blocked, id=7052, stack(0x000000aed0e00000,0x000000aed0f00000) (1024K)]
  0x0000029a588d7890 JavaThread "Compiler Class File Writer" daemon [_thread_blocked, id=6580, stack(0x000000aed0f00000,0x000000aed1000000) (1024K)]
  0x0000029a588d64e0 JavaThread "Compiler Class File Writer" daemon [_thread_blocked, id=744, stack(0x000000aed1000000,0x000000aed1100000) (1024K)]
  0x0000029a588d7f20 JavaThread "Compiler Class File Writer" daemon [_thread_blocked, id=5792, stack(0x000000aed1100000,0x000000aed1200000) (1024K)]
Total: 61

Other Threads:
  0x0000029a74b5e950 VMThread "VM Thread"                           [id=19840, stack(0x000000aecca00000,0x000000aeccb00000) (1024K)]
  0x0000029a76dd08b0 WatcherThread "VM Periodic Task Thread"        [id=6584, stack(0x000000aecc900000,0x000000aecca00000) (1024K)]
  0x0000029a76d82b00 WorkerThread "GC Thread#0"                     [id=11200, stack(0x000000aecc800000,0x000000aecc900000) (1024K)]
  0x0000029a50a79ac0 WorkerThread "GC Thread#1"                     [id=11932, stack(0x000000aecd500000,0x000000aecd600000) (1024K)]
  0x0000029a50612970 WorkerThread "GC Thread#2"                     [id=1528, stack(0x000000aecd600000,0x000000aecd700000) (1024K)]
  0x0000029a50612d10 WorkerThread "GC Thread#3"                     [id=7376, stack(0x000000aecd700000,0x000000aecd800000) (1024K)]
  0x0000029a506130b0 WorkerThread "GC Thread#4"                     [id=11936, stack(0x000000aecd800000,0x000000aecd900000) (1024K)]
  0x0000029a50613450 WorkerThread "GC Thread#5"                     [id=12684, stack(0x000000aecd900000,0x000000aecda00000) (1024K)]
  0x0000029a509f65c0 WorkerThread "GC Thread#6"                     [id=17104, stack(0x000000aecda00000,0x000000aecdb00000) (1024K)]
  0x0000029a55014b20 WorkerThread "GC Thread#7"                     [id=8608, stack(0x000000aecdf00000,0x000000aece000000) (1024K)]
Total: 10

Threads with active compile tasks:
C2 CompilerThread0  20716 11437       4       sun.nio.fs.Globs::toRegexPattern (745 bytes)
Total: 1

VM state: not at safepoint (normal execution)

VM Mutex/Monitor currently owned by a thread: None

Heap address: 0x0000000080000000, size: 2048 MB, Compressed Oops mode: 32-bit

CDS archive(s) mapped at: [0x0000029a0f000000-0x0000029a0fba0000-0x0000029a0fba0000), size 12189696, SharedBaseAddress: 0x0000029a0f000000, ArchiveRelocationMode: 1.
Compressed class space mapped at: 0x0000029a10000000-0x0000029a50000000, reserved size: 1073741824
Narrow klass base: 0x0000029a0f000000, Narrow klass shift: 0, Narrow klass range: 0x100000000

GC Precious Log:
 CardTable entry size: 512
 CPUs: 8 total, 8 available
 Memory: 7865M
 Large Page Support: Disabled
 NUMA Support: Disabled
 Compressed Oops: Enabled (32-bit)
 Alignments: Space 512K, Generation 512K, Heap 2M
 Heap Min Capacity: 100M
 Heap Initial Capacity: 100M
 Heap Max Capacity: 2G
 Pre-touch: Disabled
 Parallel Workers: 8

Heap:
 PSYoungGen      total 3072K, used 1396K [0x00000000d5580000, 0x00000000d5980000, 0x0000000100000000)
  eden space 2048K, 40% used [0x00000000d5580000,0x00000000d5651c78,0x00000000d5780000)
  from space 1024K, 55% used [0x00000000d5880000,0x00000000d590ef40,0x00000000d5980000)
  to   space 1024K, 0% used [0x00000000d5780000,0x00000000d5780000,0x00000000d5880000)
 ParOldGen       total 228352K, used 209010K [0x0000000080000000, 0x000000008df00000, 0x00000000d5580000)
  object space 228352K, 91% used [0x0000000080000000,0x000000008cc1c868,0x000000008df00000)
 Metaspace       used 62035K, committed 63360K, reserved 1114112K
  class space    used 6391K, committed 6976K, reserved 1048576K

Card table byte_map: [0x0000029a76700000,0x0000029a76b10000] _byte_map_base: 0x0000029a76300000

Marking Bits: (ParMarkBitMap*) 0x00007ffee94231f0
 Begin Bits: [0x0000029a7a200000, 0x0000029a7c200000)
 End Bits:   [0x0000029a7c200000, 0x0000029a7e200000)

Polling page: 0x0000029a74c20000

Metaspace:

Usage:
  Non-class:     54.34 MB used.
      Class:      6.24 MB used.
       Both:     60.58 MB used.

Virtual space:
  Non-class space:       64.00 MB reserved,      55.06 MB ( 86%) committed,  1 nodes.
      Class space:        1.00 GB reserved,       6.81 MB ( <1%) committed,  1 nodes.
             Both:        1.06 GB reserved,      61.88 MB (  6%) committed. 

Chunk freelists:
   Non-Class:  8.05 MB
       Class:  9.20 MB
        Both:  17.25 MB

MaxMetaspaceSize: unlimited
CompressedClassSpaceSize: 1.00 GB
Initial GC threshold: 21.00 MB
Current GC threshold: 103.12 MB
CDS: on
 - commit_granule_bytes: 65536.
 - commit_granule_words: 8192.
 - virtual_space_node_default_size: 8388608.
 - enlarge_chunks_in_place: 1.
 - use_allocation_guard: 0.


Internal statistics:

num_allocs_failed_limit: 9.
num_arena_births: 1206.
num_arena_deaths: 20.
num_vsnodes_births: 2.
num_vsnodes_deaths: 0.
num_space_committed: 990.
num_space_uncommitted: 0.
num_chunks_returned_to_freelist: 31.
num_chunks_taken_from_freelist: 4217.
num_chunk_merges: 17.
num_chunk_splits: 2534.
num_chunks_enlarged: 1350.
num_inconsistent_stats: 0.

CodeHeap 'non-profiled nmethods': size=120000Kb used=6516Kb max_used=7260Kb free=113483Kb
 bounds [0x0000029a07ad0000, 0x0000029a081f0000, 0x0000029a0f000000]
CodeHeap 'profiled nmethods': size=120000Kb used=20045Kb max_used=23592Kb free=99954Kb
 bounds [0x0000029a00000000, 0x0000029a01710000, 0x0000029a07530000]
CodeHeap 'non-nmethods': size=5760Kb used=1423Kb max_used=1486Kb free=4336Kb
 bounds [0x0000029a07530000, 0x0000029a077a0000, 0x0000029a07ad0000]
 total_blobs=10298 nmethods=9564 adapters=640
 compilation: enabled
              stopped_count=0, restarted_count=0
 full_count=0

Compilation events (20 events):
Event: 20.186 Thread 0x0000029a7e7d68c0 nmethod 11427 0x0000029a081e6810 code [0x0000029a081e6a00, 0x0000029a081e6ef0]
Event: 20.187 Thread 0x0000029a7e7e7d70 11428       3       sun.nio.fs.WindowsException::rethrowAsIOException (39 bytes)
Event: 20.187 Thread 0x0000029a7e7e7d70 nmethod 11428 0x0000029a01709d10 code [0x0000029a01709ec0, 0x0000029a0170a1c0]
Event: 20.427 Thread 0x0000029a7e7e7d70 11429       3       java.nio.file.Path::resolve (21 bytes)
Event: 20.428 Thread 0x0000029a7e7e7d70 nmethod 11429 0x0000029a0004ac10 code [0x0000029a0004ade0, 0x0000029a0004b1f0]
Event: 20.430 Thread 0x0000029a7e7e7d70 11430       3       sun.nio.fs.WindowsException::translateToIOException (109 bytes)
Event: 20.431 Thread 0x0000029a7e7e7d70 nmethod 11430 0x0000029a00407310 code [0x0000029a004075e0, 0x0000029a004083b0]
Event: 20.435 Thread 0x0000029a7e7d68c0 11431   !   4       java.util.concurrent.ConcurrentHashMap::computeIfAbsent (576 bytes)
Event: 20.456 Thread 0x0000029a7e7d68c0 nmethod 11431 0x0000029a07ce1f90 code [0x0000029a07ce21c0, 0x0000029a07ce32a8]
Event: 20.457 Thread 0x0000029a7e7d68c0 11432       4       java.lang.String::regionMatches (150 bytes)
Event: 20.457 Thread 0x0000029a7e7e7d70 11433 % !   3       java.nio.file.Files::walkFileTree @ 19 (297 bytes)
Event: 20.461 Thread 0x0000029a7e7e7d70 nmethod 11433% 0x0000029a00e48010 code [0x0000029a00e48460, 0x0000029a00e4a4b0]
Event: 20.463 Thread 0x0000029a7e7d68c0 nmethod 11432 0x0000029a07df9010 code [0x0000029a07df91e0, 0x0000029a07df9660]
Event: 20.463 Thread 0x0000029a7e7d68c0 11434       4       sun.nio.fs.WindowsNativeDispatcher::asNativeBuffer (103 bytes)
Event: 20.478 Thread 0x0000029a7e7d68c0 nmethod 11434 0x0000029a07add510 code [0x0000029a07add740, 0x0000029a07addef8]
Event: 20.478 Thread 0x0000029a7e7d68c0 11435       4       org.eclipse.jdt.internal.compiler.parser.Scanner::internalScanIdentifierOrKeyword (5041 bytes)
Event: 20.559 Thread 0x0000029a7e7d68c0 nmethod 11435 0x0000029a07f9e990 code [0x0000029a07f9ef00, 0x0000029a07fa1a68]
Event: 20.560 Thread 0x0000029a7e7d68c0 11437       4       sun.nio.fs.Globs::toRegexPattern (745 bytes)
Event: 20.600 Thread 0x0000029a7e7e7d70 11439       3       org.eclipse.jdt.internal.compiler.parser.Scanner::internalScanIdentifierOrKeyword (5041 bytes)
Event: 20.620 Thread 0x0000029a7e7e7d70 nmethod 11439 0x0000029a0107aa90 code [0x0000029a0107ba00, 0x0000029a01086b18]

GC Heap History (20 events):
Event: 20.446 GC heap before
{Heap before GC invocations=386 (full 4):
 PSYoungGen      total 3072K, used 2541K [0x00000000d5580000, 0x00000000d5980000, 0x0000000100000000)
  eden space 2048K, 100% used [0x00000000d5580000,0x00000000d5780000,0x00000000d5780000)
  from space 1024K, 48% used [0x00000000d5780000,0x00000000d57fb7a0,0x00000000d5880000)
  to   space 1024K, 0% used [0x00000000d5880000,0x00000000d5880000,0x00000000d5980000)
 ParOldGen       total 228352K, used 203239K [0x0000000080000000, 0x000000008df00000, 0x00000000d5580000)
  object space 228352K, 89% used [0x0000000080000000,0x000000008c679c50,0x000000008df00000)
 Metaspace       used 62031K, committed 63360K, reserved 1114112K
  class space    used 6391K, committed 6976K, reserved 1048576K
}
Event: 20.447 GC heap after
{Heap after GC invocations=386 (full 4):
 PSYoungGen      total 2560K, used 446K [0x00000000d5580000, 0x00000000d5900000, 0x0000000100000000)
  eden space 2048K, 0% used [0x00000000d5580000,0x00000000d5580000,0x00000000d5780000)
  from space 512K, 87% used [0x00000000d5880000,0x00000000d58efb70,0x00000000d5900000)
  to   space 512K, 0% used [0x00000000d5800000,0x00000000d5800000,0x00000000d5880000)
 ParOldGen       total 228352K, used 203649K [0x0000000080000000, 0x000000008df00000, 0x00000000d5580000)
  object space 228352K, 89% used [0x0000000080000000,0x000000008c6e07c8,0x000000008df00000)
 Metaspace       used 62031K, committed 63360K, reserved 1114112K
  class space    used 6391K, committed 6976K, reserved 1048576K
}
Event: 20.459 GC heap before
{Heap before GC invocations=387 (full 4):
 PSYoungGen      total 2560K, used 2494K [0x00000000d5580000, 0x00000000d5900000, 0x0000000100000000)
  eden space 2048K, 100% used [0x00000000d5580000,0x00000000d5780000,0x00000000d5780000)
  from space 512K, 87% used [0x00000000d5880000,0x00000000d58efb70,0x00000000d5900000)
  to   space 512K, 0% used [0x00000000d5800000,0x00000000d5800000,0x00000000d5880000)
 ParOldGen       total 228352K, used 203649K [0x0000000080000000, 0x000000008df00000, 0x00000000d5580000)
  object space 228352K, 89% used [0x0000000080000000,0x000000008c6e07c8,0x000000008df00000)
 Metaspace       used 62031K, committed 63360K, reserved 1114112K
  class space    used 6391K, committed 6976K, reserved 1048576K
}
Event: 20.460 GC heap after
{Heap after GC invocations=387 (full 4):
 PSYoungGen      total 2560K, used 481K [0x00000000d5580000, 0x00000000d5980000, 0x0000000100000000)
  eden space 2048K, 0% used [0x00000000d5580000,0x00000000d5580000,0x00000000d5780000)
  from space 512K, 94% used [0x00000000d5800000,0x00000000d5878780,0x00000000d5880000)
  to   space 1024K, 0% used [0x00000000d5880000,0x00000000d5880000,0x00000000d5980000)
 ParOldGen       total 228352K, used 204041K [0x0000000080000000, 0x000000008df00000, 0x00000000d5580000)
  object space 228352K, 89% used [0x0000000080000000,0x000000008c7427e8,0x000000008df00000)
 Metaspace       used 62031K, committed 63360K, reserved 1114112K
  class space    used 6391K, committed 6976K, reserved 1048576K
}
Event: 20.467 GC heap before
{Heap before GC invocations=388 (full 4):
 PSYoungGen      total 2560K, used 2529K [0x00000000d5580000, 0x00000000d5980000, 0x0000000100000000)
  eden space 2048K, 100% used [0x00000000d5580000,0x00000000d5780000,0x00000000d5780000)
  from space 512K, 94% used [0x00000000d5800000,0x00000000d5878780,0x00000000d5880000)
  to   space 1024K, 0% used [0x00000000d5880000,0x00000000d5880000,0x00000000d5980000)
 ParOldGen       total 228352K, used 204041K [0x0000000080000000, 0x000000008df00000, 0x00000000d5580000)
  object space 228352K, 89% used [0x0000000080000000,0x000000008c7427e8,0x000000008df00000)
 Metaspace       used 62031K, committed 63360K, reserved 1114112K
  class space    used 6391K, committed 6976K, reserved 1048576K
}
Event: 20.470 GC heap after
{Heap after GC invocations=388 (full 4):
 PSYoungGen      total 3072K, used 637K [0x00000000d5580000, 0x00000000d5a00000, 0x0000000100000000)
  eden space 2048K, 0% used [0x00000000d5580000,0x00000000d5580000,0x00000000d5780000)
  from space 1024K, 62% used [0x00000000d5880000,0x00000000d591f4d8,0x00000000d5980000)
  to   space 1024K, 0% used [0x00000000d5780000,0x00000000d5780000,0x00000000d5880000)
 ParOldGen       total 228352K, used 204471K [0x0000000080000000, 0x000000008df00000, 0x00000000d5580000)
  object space 228352K, 89% used [0x0000000080000000,0x000000008c7adda0,0x000000008df00000)
 Metaspace       used 62031K, committed 63360K, reserved 1114112K
  class space    used 6391K, committed 6976K, reserved 1048576K
}
Event: 20.481 GC heap before
{Heap before GC invocations=389 (full 4):
 PSYoungGen      total 3072K, used 2685K [0x00000000d5580000, 0x00000000d5a00000, 0x0000000100000000)
  eden space 2048K, 100% used [0x00000000d5580000,0x00000000d5780000,0x00000000d5780000)
  from space 1024K, 62% used [0x00000000d5880000,0x00000000d591f4d8,0x00000000d5980000)
  to   space 1024K, 0% used [0x00000000d5780000,0x00000000d5780000,0x00000000d5880000)
 ParOldGen       total 228352K, used 204471K [0x0000000080000000, 0x000000008df00000, 0x00000000d5580000)
  object space 228352K, 89% used [0x0000000080000000,0x000000008c7adda0,0x000000008df00000)
 Metaspace       used 62031K, committed 63360K, reserved 1114112K
  class space    used 6391K, committed 6976K, reserved 1048576K
}
Event: 20.482 GC heap after
{Heap after GC invocations=389 (full 4):
 PSYoungGen      total 3072K, used 480K [0x00000000d5580000, 0x00000000d5a00000, 0x0000000100000000)
  eden space 2048K, 0% used [0x00000000d5580000,0x00000000d5580000,0x00000000d5780000)
  from space 1024K, 46% used [0x00000000d5780000,0x00000000d57f8000,0x00000000d5880000)
  to   space 1024K, 0% used [0x00000000d5900000,0x00000000d5900000,0x00000000d5a00000)
 ParOldGen       total 228352K, used 204962K [0x0000000080000000, 0x000000008df00000, 0x00000000d5580000)
  object space 228352K, 89% used [0x0000000080000000,0x000000008c828bb8,0x000000008df00000)
 Metaspace       used 62031K, committed 63360K, reserved 1114112K
  class space    used 6391K, committed 6976K, reserved 1048576K
}
Event: 20.499 GC heap before
{Heap before GC invocations=390 (full 4):
 PSYoungGen      total 3072K, used 2527K [0x00000000d5580000, 0x00000000d5a00000, 0x0000000100000000)
  eden space 2048K, 99% used [0x00000000d5580000,0x00000000d577ff80,0x00000000d5780000)
  from space 1024K, 46% used [0x00000000d5780000,0x00000000d57f8000,0x00000000d5880000)
  to   space 1024K, 0% used [0x00000000d5900000,0x00000000d5900000,0x00000000d5a00000)
 ParOldGen       total 228352K, used 204962K [0x0000000080000000, 0x000000008df00000, 0x00000000d5580000)
  object space 228352K, 89% used [0x0000000080000000,0x000000008c828bb8,0x000000008df00000)
 Metaspace       used 62031K, committed 63360K, reserved 1114112K
  class space    used 6391K, committed 6976K, reserved 1048576K
}
Event: 20.502 GC heap after
{Heap after GC invocations=390 (full 4):
 PSYoungGen      total 3072K, used 607K [0x00000000d5580000, 0x00000000d5a00000, 0x0000000100000000)
  eden space 2048K, 0% used [0x00000000d5580000,0x00000000d5580000,0x00000000d5780000)
  from space 1024K, 59% used [0x00000000d5900000,0x00000000d5997fe0,0x00000000d5a00000)
  to   space 1024K, 0% used [0x00000000d5780000,0x00000000d5780000,0x00000000d5880000)
 ParOldGen       total 228352K, used 205365K [0x0000000080000000, 0x000000008df00000, 0x00000000d5580000)
  object space 228352K, 89% used [0x0000000080000000,0x000000008c88d5c8,0x000000008df00000)
 Metaspace       used 62031K, committed 63360K, reserved 1114112K
  class space    used 6391K, committed 6976K, reserved 1048576K
}
Event: 20.513 GC heap before
{Heap before GC invocations=391 (full 4):
 PSYoungGen      total 3072K, used 2655K [0x00000000d5580000, 0x00000000d5a00000, 0x0000000100000000)
  eden space 2048K, 100% used [0x00000000d5580000,0x00000000d5780000,0x00000000d5780000)
  from space 1024K, 59% used [0x00000000d5900000,0x00000000d5997fe0,0x00000000d5a00000)
  to   space 1024K, 0% used [0x00000000d5780000,0x00000000d5780000,0x00000000d5880000)
 ParOldGen       total 228352K, used 205365K [0x0000000080000000, 0x000000008df00000, 0x00000000d5580000)
  object space 228352K, 89% used [0x0000000080000000,0x000000008c88d5c8,0x000000008df00000)
 Metaspace       used 62031K, committed 63360K, reserved 1114112K
  class space    used 6391K, committed 6976K, reserved 1048576K
}
Event: 20.515 GC heap after
{Heap after GC invocations=391 (full 4):
 PSYoungGen      total 3072K, used 696K [0x00000000d5580000, 0x00000000d5980000, 0x0000000100000000)
  eden space 2048K, 0% used [0x00000000d5580000,0x00000000d5580000,0x00000000d5780000)
  from space 1024K, 67% used [0x00000000d5780000,0x00000000d582e068,0x00000000d5880000)
  to   space 1024K, 0% used [0x00000000d5880000,0x00000000d5880000,0x00000000d5980000)
 ParOldGen       total 228352K, used 205777K [0x0000000080000000, 0x000000008df00000, 0x00000000d5580000)
  object space 228352K, 90% used [0x0000000080000000,0x000000008c8f47a8,0x000000008df00000)
 Metaspace       used 62031K, committed 63360K, reserved 1114112K
  class space    used 6391K, committed 6976K, reserved 1048576K
}
Event: 20.525 GC heap before
{Heap before GC invocations=392 (full 4):
 PSYoungGen      total 3072K, used 2744K [0x00000000d5580000, 0x00000000d5980000, 0x0000000100000000)
  eden space 2048K, 100% used [0x00000000d5580000,0x00000000d5780000,0x00000000d5780000)
  from space 1024K, 67% used [0x00000000d5780000,0x00000000d582e068,0x00000000d5880000)
  to   space 1024K, 0% used [0x00000000d5880000,0x00000000d5880000,0x00000000d5980000)
 ParOldGen       total 228352K, used 205777K [0x0000000080000000, 0x000000008df00000, 0x00000000d5580000)
  object space 228352K, 90% used [0x0000000080000000,0x000000008c8f47a8,0x000000008df00000)
 Metaspace       used 62031K, committed 63360K, reserved 1114112K
  class space    used 6391K, committed 6976K, reserved 1048576K
}
Event: 20.527 GC heap after
{Heap after GC invocations=392 (full 4):
 PSYoungGen      total 3072K, used 667K [0x00000000d5580000, 0x00000000d5980000, 0x0000000100000000)
  eden space 2048K, 0% used [0x00000000d5580000,0x00000000d5580000,0x00000000d5780000)
  from space 1024K, 65% used [0x00000000d5880000,0x00000000d5926f28,0x00000000d5980000)
  to   space 1024K, 0% used [0x00000000d5780000,0x00000000d5780000,0x00000000d5880000)
 ParOldGen       total 228352K, used 206302K [0x0000000080000000, 0x000000008df00000, 0x00000000d5580000)
  object space 228352K, 90% used [0x0000000080000000,0x000000008c977be0,0x000000008df00000)
 Metaspace       used 62031K, committed 63360K, reserved 1114112K
  class space    used 6391K, committed 6976K, reserved 1048576K
}
Event: 20.581 GC heap before
{Heap before GC invocations=393 (full 4):
 PSYoungGen      total 3072K, used 2715K [0x00000000d5580000, 0x00000000d5980000, 0x0000000100000000)
  eden space 2048K, 99% used [0x00000000d5580000,0x00000000d577ffc0,0x00000000d5780000)
  from space 1024K, 65% used [0x00000000d5880000,0x00000000d5926f28,0x00000000d5980000)
  to   space 1024K, 0% used [0x00000000d5780000,0x00000000d5780000,0x00000000d5880000)
 ParOldGen       total 228352K, used 206302K [0x0000000080000000, 0x000000008df00000, 0x00000000d5580000)
  object space 228352K, 90% used [0x0000000080000000,0x000000008c977be0,0x000000008df00000)
 Metaspace       used 62031K, committed 63360K, reserved 1114112K
  class space    used 6391K, committed 6976K, reserved 1048576K
}
Event: 20.582 GC heap after
{Heap after GC invocations=393 (full 4):
 PSYoungGen      total 3072K, used 672K [0x00000000d5580000, 0x00000000d5980000, 0x0000000100000000)
  eden space 2048K, 0% used [0x00000000d5580000,0x00000000d5580000,0x00000000d5780000)
  from space 1024K, 65% used [0x00000000d5780000,0x00000000d58283d8,0x00000000d5880000)
  to   space 1024K, 0% used [0x00000000d5880000,0x00000000d5880000,0x00000000d5980000)
 ParOldGen       total 228352K, used 206834K [0x0000000080000000, 0x000000008df00000, 0x00000000d5580000)
  object space 228352K, 90% used [0x0000000080000000,0x000000008c9fcb08,0x000000008df00000)
 Metaspace       used 62031K, committed 63360K, reserved 1114112K
  class space    used 6391K, committed 6976K, reserved 1048576K
}
Event: 20.600 GC heap before
{Heap before GC invocations=394 (full 4):
 PSYoungGen      total 3072K, used 2720K [0x00000000d5580000, 0x00000000d5980000, 0x0000000100000000)
  eden space 2048K, 100% used [0x00000000d5580000,0x00000000d5780000,0x00000000d5780000)
  from space 1024K, 65% used [0x00000000d5780000,0x00000000d58283d8,0x00000000d5880000)
  to   space 1024K, 0% used [0x00000000d5880000,0x00000000d5880000,0x00000000d5980000)
 ParOldGen       total 228352K, used 206834K [0x0000000080000000, 0x000000008df00000, 0x00000000d5580000)
  object space 228352K, 90% used [0x0000000080000000,0x000000008c9fcb08,0x000000008df00000)
 Metaspace       used 62031K, committed 63360K, reserved 1114112K
  class space    used 6391K, committed 6976K, reserved 1048576K
}
Event: 20.605 GC heap after
{Heap after GC invocations=394 (full 4):
 PSYoungGen      total 3072K, used 659K [0x00000000d5580000, 0x00000000d5980000, 0x0000000100000000)
  eden space 2048K, 0% used [0x00000000d5580000,0x00000000d5580000,0x00000000d5780000)
  from space 1024K, 64% used [0x00000000d5880000,0x00000000d5924e80,0x00000000d5980000)
  to   space 1024K, 0% used [0x00000000d5780000,0x00000000d5780000,0x00000000d5880000)
 ParOldGen       total 228352K, used 207278K [0x0000000080000000, 0x000000008df00000, 0x00000000d5580000)
  object space 228352K, 90% used [0x0000000080000000,0x000000008ca6b8d0,0x000000008df00000)
 Metaspace       used 62031K, committed 63360K, reserved 1114112K
  class space    used 6391K, committed 6976K, reserved 1048576K
}
Event: 20.633 GC heap before
{Heap before GC invocations=395 (full 4):
 PSYoungGen      total 3072K, used 2707K [0x00000000d5580000, 0x00000000d5980000, 0x0000000100000000)
  eden space 2048K, 100% used [0x00000000d5580000,0x00000000d5780000,0x00000000d5780000)
  from space 1024K, 64% used [0x00000000d5880000,0x00000000d5924e80,0x00000000d5980000)
  to   space 1024K, 0% used [0x00000000d5780000,0x00000000d5780000,0x00000000d5880000)
 ParOldGen       total 228352K, used 207278K [0x0000000080000000, 0x000000008df00000, 0x00000000d5580000)
  object space 228352K, 90% used [0x0000000080000000,0x000000008ca6b8d0,0x000000008df00000)
 Metaspace       used 62031K, committed 63360K, reserved 1114112K
  class space    used 6391K, committed 6976K, reserved 1048576K
}
Event: 20.635 GC heap after
{Heap after GC invocations=395 (full 4):
 PSYoungGen      total 3072K, used 558K [0x00000000d5580000, 0x00000000d5980000, 0x0000000100000000)
  eden space 2048K, 0% used [0x00000000d5580000,0x00000000d5580000,0x00000000d5780000)
  from space 1024K, 54% used [0x00000000d5780000,0x00000000d580b9e0,0x00000000d5880000)
  to   space 1024K, 0% used [0x00000000d5880000,0x00000000d5880000,0x00000000d5980000)
 ParOldGen       total 228352K, used 207808K [0x0000000080000000, 0x000000008df00000, 0x00000000d5580000)
  object space 228352K, 91% used [0x0000000080000000,0x000000008caf01a8,0x000000008df00000)
 Metaspace       used 62031K, committed 63360K, reserved 1114112K
  class space    used 6391K, committed 6976K, reserved 1048576K
}

Dll operation events (10 events):
Event: 0.029 Loaded shared library c:\Users\obeng\.cursor\extensions\redhat.java-1.43.1-win32-x64\jre\21.0.7-win32-x86_64\bin\java.dll
Event: 0.197 Loaded shared library c:\Users\obeng\.cursor\extensions\redhat.java-1.43.1-win32-x64\jre\21.0.7-win32-x86_64\bin\zip.dll
Event: 0.263 Loaded shared library C:\Users\obeng\.cursor\extensions\redhat.java-1.43.1-win32-x64\jre\21.0.7-win32-x86_64\bin\instrument.dll
Event: 0.269 Loaded shared library C:\Users\obeng\.cursor\extensions\redhat.java-1.43.1-win32-x64\jre\21.0.7-win32-x86_64\bin\net.dll
Event: 0.280 Loaded shared library C:\Users\obeng\.cursor\extensions\redhat.java-1.43.1-win32-x64\jre\21.0.7-win32-x86_64\bin\nio.dll
Event: 0.285 Loaded shared library C:\Users\obeng\.cursor\extensions\redhat.java-1.43.1-win32-x64\jre\21.0.7-win32-x86_64\bin\zip.dll
Event: 0.326 Loaded shared library C:\Users\obeng\.cursor\extensions\redhat.java-1.43.1-win32-x64\jre\21.0.7-win32-x86_64\bin\jimage.dll
Event: 0.486 Loaded shared library c:\Users\obeng\.cursor\extensions\redhat.java-1.43.1-win32-x64\jre\21.0.7-win32-x86_64\bin\verify.dll
Event: 3.664 Loaded shared library C:\Users\obeng\AppData\Roaming\Cursor\User\globalStorage\redhat.java\1.43.1\config_win\org.eclipse.equinox.launcher\org.eclipse.equinox.launcher.win32.win32.x86_64_1.2.1300.v20250331-1702\eclipse_11911.dll
Event: 6.030 Loaded shared library C:\Users\obeng\AppData\Local\Temp\jna-2331414\jna18224268085571088683.dll

Deoptimization events (20 events):
Event: 19.831 Thread 0x0000029a58ab8cb0 Uncommon trap: trap_request=0xffffff45 fr.pc=0x0000029a081ccc10 relative=0x00000000000001b0
Event: 19.831 Thread 0x0000029a58ab8cb0 Uncommon trap: reason=unstable_if action=reinterpret pc=0x0000029a081ccc10 method=java.util.regex.Pattern$SliceU.match(Ljava/util/regex/Matcher;ILjava/lang/CharSequence;)Z @ 18 c2
Event: 19.831 Thread 0x0000029a58ab8cb0 DEOPT PACKING pc=0x0000029a081ccc10 sp=0x000000aecfbfe950
Event: 19.831 Thread 0x0000029a58ab8cb0 DEOPT UNPACKING pc=0x0000029a07583aa2 sp=0x000000aecfbfe8d8 mode 2
Event: 20.164 Thread 0x0000029a58ab8cb0 Uncommon trap: trap_request=0xffffff45 fr.pc=0x0000029a081df458 relative=0x00000000000002b8
Event: 20.164 Thread 0x0000029a58ab8cb0 Uncommon trap: reason=unstable_if action=reinterpret pc=0x0000029a081df458 method=sun.nio.fs.Globs.toRegexPattern(Ljava/lang/String;Z)Ljava/lang/String; @ 37 c2
Event: 20.164 Thread 0x0000029a58ab8cb0 DEOPT PACKING pc=0x0000029a081df458 sp=0x000000aecfbfe8b0
Event: 20.164 Thread 0x0000029a58ab8cb0 DEOPT UNPACKING pc=0x0000029a07583aa2 sp=0x000000aecfbfe888 mode 2
Event: 20.164 Thread 0x0000029a58ab8cb0 Uncommon trap: trap_request=0xffffff45 fr.pc=0x0000029a081d3590 relative=0x0000000000000410
Event: 20.164 Thread 0x0000029a58ab8cb0 Uncommon trap: reason=unstable_if action=reinterpret pc=0x0000029a081d3590 method=java.util.regex.Pattern$SliceU.match(Ljava/util/regex/Matcher;ILjava/lang/CharSequence;)Z @ 74 c2
Event: 20.164 Thread 0x0000029a58ab8cb0 DEOPT PACKING pc=0x0000029a081d3590 sp=0x000000aecfbfe950
Event: 20.164 Thread 0x0000029a58ab8cb0 DEOPT UNPACKING pc=0x0000029a07583aa2 sp=0x000000aecfbfe8e8 mode 2
Event: 20.186 Thread 0x0000029a58ab8cb0 Uncommon trap: trap_request=0xffffffde fr.pc=0x0000029a081e6e30 relative=0x0000000000000430
Event: 20.186 Thread 0x0000029a58ab8cb0 Uncommon trap: reason=class_check action=maybe_recompile pc=0x0000029a081e6e30 method=java.util.regex.Pattern$SliceU.match(Ljava/util/regex/Matcher;ILjava/lang/CharSequence;)Z @ 95 c2
Event: 20.186 Thread 0x0000029a58ab8cb0 DEOPT PACKING pc=0x0000029a081e6e30 sp=0x000000aecfbfe950
Event: 20.186 Thread 0x0000029a58ab8cb0 DEOPT UNPACKING pc=0x0000029a07583aa2 sp=0x000000aecfbfe8d8 mode 2
Event: 20.592 Thread 0x0000029a5578a440 Uncommon trap: trap_request=0xffffff45 fr.pc=0x0000029a07fa1648 relative=0x0000000000002748
Event: 20.592 Thread 0x0000029a5578a440 Uncommon trap: reason=unstable_if action=reinterpret pc=0x0000029a07fa1648 method=org.eclipse.jdt.internal.compiler.parser.Scanner.internalScanIdentifierOrKeyword(II[C)Lorg/eclipse/jdt/internal/compiler/parser/TerminalToken; @ 4637 c2
Event: 20.592 Thread 0x0000029a5578a440 DEOPT PACKING pc=0x0000029a07fa1648 sp=0x000000aece9fe9b0
Event: 20.592 Thread 0x0000029a5578a440 DEOPT UNPACKING pc=0x0000029a07583aa2 sp=0x000000aece9fe958 mode 2

Classes loaded (20 events):
Event: 18.917 Loading class java/util/stream/DistinctOps$1
Event: 18.917 Loading class java/util/stream/DistinctOps$1 done
Event: 18.933 Loading class java/util/stream/DistinctOps$1$2
Event: 18.934 Loading class java/util/stream/DistinctOps$1$2 done
Event: 19.519 Loading class java/io/CharArrayWriter
Event: 19.519 Loading class java/io/CharArrayWriter done
Event: 19.740 Loading class java/util/TreeMap$ValueSpliterator
Event: 19.740 Loading class java/util/TreeMap$TreeMapSpliterator
Event: 19.741 Loading class java/util/TreeMap$TreeMapSpliterator done
Event: 19.741 Loading class java/util/TreeMap$ValueSpliterator done
Event: 19.772 Loading class java/nio/file/FileTreeWalker$1
Event: 19.772 Loading class java/nio/file/FileTreeWalker$1 done
Event: 19.773 Loading class sun/nio/fs/Globs
Event: 19.773 Loading class sun/nio/fs/Globs done
Event: 19.773 Loading class java/util/regex/Pattern$SliceU
Event: 19.774 Loading class java/util/regex/Pattern$SliceU done
Event: 19.774 Loading class sun/nio/fs/WindowsFileSystem$2
Event: 19.774 Loading class java/nio/file/PathMatcher
Event: 19.774 Loading class java/nio/file/PathMatcher done
Event: 19.774 Loading class sun/nio/fs/WindowsFileSystem$2 done

Classes unloaded (10 events):
Event: 7.120 Thread 0x0000029a74b5e950 Unloading class 0x0000029a1019d000 'java/lang/invoke/LambdaForm$MH+0x0000029a1019d000'
Event: 7.120 Thread 0x0000029a74b5e950 Unloading class 0x0000029a1019cc00 'java/lang/invoke/LambdaForm$MH+0x0000029a1019cc00'
Event: 7.120 Thread 0x0000029a74b5e950 Unloading class 0x0000029a1019c800 'java/lang/invoke/LambdaForm$MH+0x0000029a1019c800'
Event: 7.120 Thread 0x0000029a74b5e950 Unloading class 0x0000029a1019c400 'java/lang/invoke/LambdaForm$MH+0x0000029a1019c400'
Event: 7.120 Thread 0x0000029a74b5e950 Unloading class 0x0000029a1019c000 'java/lang/invoke/LambdaForm$BMH+0x0000029a1019c000'
Event: 7.120 Thread 0x0000029a74b5e950 Unloading class 0x0000029a1019bc00 'java/lang/invoke/LambdaForm$DMH+0x0000029a1019bc00'
Event: 7.120 Thread 0x0000029a74b5e950 Unloading class 0x0000029a1019a800 'java/lang/invoke/LambdaForm$DMH+0x0000029a1019a800'
Event: 20.227 Thread 0x0000029a74b5e950 Unloading class 0x0000029a10689400 'java/lang/invoke/LambdaForm$DMH+0x0000029a10689400'
Event: 20.227 Thread 0x0000029a74b5e950 Unloading class 0x0000029a10689000 'java/lang/invoke/LambdaForm$DMH+0x0000029a10689000'
Event: 20.227 Thread 0x0000029a74b5e950 Unloading class 0x0000029a10688c00 'java/lang/invoke/LambdaForm$DMH+0x0000029a10688c00'

Classes redefined (0 events):
No events

Internal exceptions (20 events):
Event: 20.427 Thread 0x0000029a58ab8cb0 Exception <a 'sun/nio/fs/WindowsException'{0x00000000d559e060}> (0x00000000d559e060) 
thrown [s\src\hotspot\share\prims\jni.cpp, line 520]
Event: 20.427 Thread 0x0000029a58ab8cb0 Exception <a 'sun/nio/fs/WindowsException'{0x00000000d559e718}> (0x00000000d559e718) 
thrown [s\src\hotspot\share\prims\jni.cpp, line 520]
Event: 20.427 Thread 0x0000029a58ab8cb0 Exception <a 'sun/nio/fs/WindowsException'{0x00000000d559edd8}> (0x00000000d559edd8) 
thrown [s\src\hotspot\share\prims\jni.cpp, line 520]
Event: 20.427 Thread 0x0000029a58ab8cb0 Exception <a 'sun/nio/fs/WindowsException'{0x00000000d55b03c0}> (0x00000000d55b03c0) 
thrown [s\src\hotspot\share\prims\jni.cpp, line 520]
Event: 20.428 Thread 0x0000029a58ab8cb0 Exception <a 'sun/nio/fs/WindowsException'{0x00000000d55e2820}> (0x00000000d55e2820) 
thrown [s\src\hotspot\share\prims\jni.cpp, line 520]
Event: 20.428 Thread 0x0000029a58ab8cb0 Exception <a 'sun/nio/fs/WindowsException'{0x00000000d55e2e70}> (0x00000000d55e2e70) 
thrown [s\src\hotspot\share\prims\jni.cpp, line 520]
Event: 20.428 Thread 0x0000029a58ab8cb0 Exception <a 'sun/nio/fs/WindowsException'{0x00000000d55e34c0}> (0x00000000d55e34c0) 
thrown [s\src\hotspot\share\prims\jni.cpp, line 520]
Event: 20.428 Thread 0x0000029a58ab8cb0 Exception <a 'sun/nio/fs/WindowsException'{0x00000000d55fcce8}> (0x00000000d55fcce8) 
thrown [s\src\hotspot\share\prims\jni.cpp, line 520]
Event: 20.429 Thread 0x0000029a58ab8cb0 Exception <a 'sun/nio/fs/WindowsException'{0x00000000d5622850}> (0x00000000d5622850) 
thrown [s\src\hotspot\share\prims\jni.cpp, line 520]
Event: 20.429 Thread 0x0000029a58ab8cb0 Exception <a 'sun/nio/fs/WindowsException'{0x00000000d562b5d0}> (0x00000000d562b5d0) 
thrown [s\src\hotspot\share\prims\jni.cpp, line 520]
Event: 20.429 Thread 0x0000029a58ab8cb0 Exception <a 'sun/nio/fs/WindowsException'{0x00000000d562bc80}> (0x00000000d562bc80) 
thrown [s\src\hotspot\share\prims\jni.cpp, line 520]
Event: 20.429 Thread 0x0000029a58ab8cb0 Exception <a 'sun/nio/fs/WindowsException'{0x00000000d562c348}> (0x00000000d562c348) 
thrown [s\src\hotspot\share\prims\jni.cpp, line 520]
Event: 20.430 Thread 0x0000029a58ab8cb0 Exception <a 'sun/nio/fs/WindowsException'{0x00000000d565b5e8}> (0x00000000d565b5e8) 
thrown [s\src\hotspot\share\prims\jni.cpp, line 520]
Event: 20.430 Thread 0x0000029a58ab8cb0 Exception <a 'sun/nio/fs/WindowsException'{0x00000000d565bc18}> (0x00000000d565bc18) 
thrown [s\src\hotspot\share\prims\jni.cpp, line 520]
Event: 20.430 Thread 0x0000029a58ab8cb0 Exception <a 'sun/nio/fs/WindowsException'{0x00000000d565c248}> (0x00000000d565c248) 
thrown [s\src\hotspot\share\prims\jni.cpp, line 520]
Event: 20.430 Thread 0x0000029a58ab8cb0 Exception <a 'sun/nio/fs/WindowsException'{0x00000000d565c898}> (0x00000000d565c898) 
thrown [s\src\hotspot\share\prims\jni.cpp, line 520]
Event: 20.431 Thread 0x0000029a58ab8cb0 Exception <a 'sun/nio/fs/WindowsException'{0x00000000d56985e8}> (0x00000000d56985e8) 
thrown [s\src\hotspot\share\prims\jni.cpp, line 520]
Event: 20.431 Thread 0x0000029a58ab8cb0 Exception <a 'sun/nio/fs/WindowsException'{0x00000000d5698c48}> (0x00000000d5698c48) 
thrown [s\src\hotspot\share\prims\jni.cpp, line 520]
Event: 20.431 Thread 0x0000029a58ab8cb0 Exception <a 'sun/nio/fs/WindowsException'{0x00000000d56992a8}> (0x00000000d56992a8) 
thrown [s\src\hotspot\share\prims\jni.cpp, line 520]
Event: 20.431 Thread 0x0000029a58ab8cb0 Exception <a 'sun/nio/fs/WindowsException'{0x00000000d5699870}> (0x00000000d5699870) 
thrown [s\src\hotspot\share\prims\jni.cpp, line 520]

ZGC Phase Switch (0 events):
No events

VM Operations (20 events):
Event: 20.446 Executing VM operation: ParallelGCFailedAllocation (Allocation Failure)
Event: 20.447 Executing VM operation: ParallelGCFailedAllocation (Allocation Failure) done
Event: 20.459 Executing VM operation: ParallelGCFailedAllocation (Allocation Failure)
Event: 20.460 Executing VM operation: ParallelGCFailedAllocation (Allocation Failure) done
Event: 20.467 Executing VM operation: ParallelGCFailedAllocation (Allocation Failure)
Event: 20.470 Executing VM operation: ParallelGCFailedAllocation (Allocation Failure) done
Event: 20.481 Executing VM operation: ParallelGCFailedAllocation (Allocation Failure)
Event: 20.483 Executing VM operation: ParallelGCFailedAllocation (Allocation Failure) done
Event: 20.498 Executing VM operation: ParallelGCFailedAllocation (Allocation Failure)
Event: 20.502 Executing VM operation: ParallelGCFailedAllocation (Allocation Failure) done
Event: 20.513 Executing VM operation: ParallelGCFailedAllocation (Allocation Failure)
Event: 20.515 Executing VM operation: ParallelGCFailedAllocation (Allocation Failure) done
Event: 20.525 Executing VM operation: ParallelGCFailedAllocation (Allocation Failure)
Event: 20.527 Executing VM operation: ParallelGCFailedAllocation (Allocation Failure) done
Event: 20.566 Executing VM operation: ParallelGCFailedAllocation (Allocation Failure)
Event: 20.582 Executing VM operation: ParallelGCFailedAllocation (Allocation Failure) done
Event: 20.600 Executing VM operation: ParallelGCFailedAllocation (Allocation Failure)
Event: 20.605 Executing VM operation: ParallelGCFailedAllocation (Allocation Failure) done
Event: 20.633 Executing VM operation: ParallelGCFailedAllocation (Allocation Failure)
Event: 20.635 Executing VM operation: ParallelGCFailedAllocation (Allocation Failure) done

Memory protections (0 events):
No events

Nmethod flushes (20 events):
Event: 20.258 Thread 0x0000029a74b5e950 flushing  nmethod 0x0000029a0108a790
Event: 20.258 Thread 0x0000029a74b5e950 flushing  nmethod 0x0000029a0108c110
Event: 20.258 Thread 0x0000029a74b5e950 flushing  nmethod 0x0000029a0109d990
Event: 20.258 Thread 0x0000029a74b5e950 flushing  nmethod 0x0000029a010ac810
Event: 20.258 Thread 0x0000029a74b5e950 flushing  nmethod 0x0000029a010ae390
Event: 20.258 Thread 0x0000029a74b5e950 flushing  nmethod 0x0000029a010c5e90
Event: 20.258 Thread 0x0000029a74b5e950 flushing  nmethod 0x0000029a010c7690
Event: 20.258 Thread 0x0000029a74b5e950 flushing  nmethod 0x0000029a010cd010
Event: 20.258 Thread 0x0000029a74b5e950 flushing  nmethod 0x0000029a010d0290
Event: 20.258 Thread 0x0000029a74b5e950 flushing  nmethod 0x0000029a010dc910
Event: 20.258 Thread 0x0000029a74b5e950 flushing  nmethod 0x0000029a010dea90
Event: 20.258 Thread 0x0000029a74b5e950 flushing  nmethod 0x0000029a010f4d90
Event: 20.258 Thread 0x0000029a74b5e950 flushing  nmethod 0x0000029a010f7390
Event: 20.258 Thread 0x0000029a74b5e950 flushing  nmethod 0x0000029a01118d90
Event: 20.258 Thread 0x0000029a74b5e950 flushing  nmethod 0x0000029a01152090
Event: 20.258 Thread 0x0000029a74b5e950 flushing  nmethod 0x0000029a011af290
Event: 20.258 Thread 0x0000029a74b5e950 flushing  nmethod 0x0000029a011e7290
Event: 20.258 Thread 0x0000029a74b5e950 flushing  nmethod 0x0000029a0124bb90
Event: 20.258 Thread 0x0000029a74b5e950 flushing  nmethod 0x0000029a01250890
Event: 20.258 Thread 0x0000029a74b5e950 flushing  nmethod 0x0000029a0130de90

Events (20 events):
Event: 18.198 Thread 0x0000029a58abc7c0 Thread added: 0x0000029a571280e0
Event: 18.198 Thread 0x0000029a58abc7c0 Thread added: 0x0000029a57124c60
Event: 18.199 Thread 0x0000029a58abc7c0 Thread added: 0x0000029a57123f40
Event: 18.199 Thread 0x0000029a58abc7c0 Thread added: 0x0000029a57125980
Event: 18.596 Thread 0x0000029a571280e0 Thread exited: 0x0000029a571280e0
Event: 18.596 Thread 0x0000029a57123f40 Thread exited: 0x0000029a57123f40
Event: 18.596 Thread 0x0000029a57124c60 Thread exited: 0x0000029a57124c60
Event: 18.596 Thread 0x0000029a57126d30 Thread exited: 0x0000029a57126d30
Event: 18.596 Thread 0x0000029a57125980 Thread exited: 0x0000029a57125980
Event: 19.243 Thread 0x0000029a58abc7c0 Thread added: 0x0000029a571266a0
Event: 19.243 Thread 0x0000029a58abc7c0 Thread added: 0x0000029a57122500
Event: 19.244 Thread 0x0000029a58abc7c0 Thread added: 0x0000029a57125980
Event: 19.244 Thread 0x0000029a58abc7c0 Thread added: 0x0000029a571280e0
Event: 19.244 Thread 0x0000029a58abc7c0 Thread added: 0x0000029a571238b0
Event: 19.290 Thread 0x0000029a571238b0 Thread exited: 0x0000029a571238b0
Event: 19.290 Thread 0x0000029a57122500 Thread exited: 0x0000029a57122500
Event: 19.290 Thread 0x0000029a57125980 Thread exited: 0x0000029a57125980
Event: 19.290 Thread 0x0000029a571266a0 Thread exited: 0x0000029a571266a0
Event: 19.290 Thread 0x0000029a571280e0 Thread exited: 0x0000029a571280e0
Event: 20.163 Thread 0x0000029a50171f50 Thread exited: 0x0000029a50171f50


Dynamic libraries:
0x00007ff6ce540000 - 0x00007ff6ce54e000 	c:\Users\obeng\.cursor\extensions\redhat.java-1.43.1-win32-x64\jre\21.0.7-win32-x86_64\bin\java.exe
0x00007fff63b10000 - 0x00007fff63d27000 	C:\Windows\SYSTEM32\ntdll.dll
0x00007fff62740000 - 0x00007fff62804000 	C:\Windows\System32\KERNEL32.DLL
0x00007fff60d20000 - 0x00007fff610f2000 	C:\Windows\System32\KERNELBASE.dll
0x00007fff60c00000 - 0x00007fff60d11000 	C:\Windows\System32\ucrtbase.dll
0x00007fff12f10000 - 0x00007fff12f28000 	c:\Users\obeng\.cursor\extensions\redhat.java-1.43.1-win32-x64\jre\21.0.7-win32-x86_64\bin\jli.dll
0x00007fff62ca0000 - 0x00007fff62e51000 	C:\Windows\System32\USER32.dll
0x00007fff61390000 - 0x00007fff613b6000 	C:\Windows\System32\win32u.dll
0x00007fff62410000 - 0x00007fff62439000 	C:\Windows\System32\GDI32.dll
0x00007fff615f0000 - 0x00007fff61713000 	C:\Windows\System32\gdi32full.dll
0x00007fff61270000 - 0x00007fff6130a000 	C:\Windows\System32\msvcp_win.dll
0x00007fff12ef0000 - 0x00007fff12f0e000 	c:\Users\obeng\.cursor\extensions\redhat.java-1.43.1-win32-x64\jre\21.0.7-win32-x86_64\bin\VCRUNTIME140.dll
0x00007fff441e0000 - 0x00007fff4447b000 	C:\Windows\WinSxS\amd64_microsoft.windows.common-controls_6595b64144ccf1df_6.0.22621.5547_none_27104afb73855772\COMCTL32.dll
0x00007fff618c0000 - 0x00007fff61967000 	C:\Windows\System32\msvcrt.dll
0x00007fff624e0000 - 0x00007fff62511000 	C:\Windows\System32\IMM32.DLL
0x00007fff42fd0000 - 0x00007fff42fdc000 	c:\Users\obeng\.cursor\extensions\redhat.java-1.43.1-win32-x64\jre\21.0.7-win32-x86_64\bin\vcruntime140_1.dll
0x00007ffef8760000 - 0x00007ffef87ed000 	c:\Users\obeng\.cursor\extensions\redhat.java-1.43.1-win32-x64\jre\21.0.7-win32-x86_64\bin\msvcp140.dll
0x00007ffee8770000 - 0x00007ffee9500000 	c:\Users\obeng\.cursor\extensions\redhat.java-1.43.1-win32-x64\jre\21.0.7-win32-x86_64\bin\server\jvm.dll
0x00007fff61aa0000 - 0x00007fff61b51000 	C:\Windows\System32\ADVAPI32.dll
0x00007fff61970000 - 0x00007fff61a18000 	C:\Windows\System32\sechost.dll
0x00007fff613c0000 - 0x00007fff613e8000 	C:\Windows\System32\bcrypt.dll
0x00007fff617a0000 - 0x00007fff618b4000 	C:\Windows\System32\RPCRT4.dll
0x00007fff62520000 - 0x00007fff62591000 	C:\Windows\System32\WS2_32.dll
0x00007fff60ad0000 - 0x00007fff60b1d000 	C:\Windows\SYSTEM32\POWRPROF.dll
0x00007fff57bc0000 - 0x00007fff57bf4000 	C:\Windows\SYSTEM32\WINMM.dll
0x00007fff58aa0000 - 0x00007fff58aaa000 	C:\Windows\SYSTEM32\VERSION.dll
0x00007fff60ab0000 - 0x00007fff60ac3000 	C:\Windows\SYSTEM32\UMPDC.dll
0x00007fff5fbf0000 - 0x00007fff5fc08000 	C:\Windows\SYSTEM32\kernel.appcore.dll
0x00007fff40490000 - 0x00007fff4049a000 	c:\Users\obeng\.cursor\extensions\redhat.java-1.43.1-win32-x64\jre\21.0.7-win32-x86_64\bin\jimage.dll
0x00007fff5e500000 - 0x00007fff5e733000 	C:\Windows\SYSTEM32\DBGHELP.DLL
0x00007fff62070000 - 0x00007fff62403000 	C:\Windows\System32\combase.dll
0x00007fff62fc0000 - 0x00007fff63097000 	C:\Windows\System32\OLEAUT32.dll
0x00007fff55820000 - 0x00007fff55852000 	C:\Windows\SYSTEM32\dbgcore.DLL
0x00007fff61720000 - 0x00007fff6179b000 	C:\Windows\System32\bcryptPrimitives.dll
0x00007fff400f0000 - 0x00007fff400ff000 	c:\Users\obeng\.cursor\extensions\redhat.java-1.43.1-win32-x64\jre\21.0.7-win32-x86_64\bin\instrument.dll
0x00007fff10450000 - 0x00007fff1046f000 	c:\Users\obeng\.cursor\extensions\redhat.java-1.43.1-win32-x64\jre\21.0.7-win32-x86_64\bin\java.dll
0x00007fff63220000 - 0x00007fff63ac2000 	C:\Windows\System32\SHELL32.dll
0x00007fff613f0000 - 0x00007fff6152f000 	C:\Windows\System32\wintypes.dll
0x00007fff5eae0000 - 0x00007fff5f3fd000 	C:\Windows\SYSTEM32\windows.storage.dll
0x00007fff62b90000 - 0x00007fff62c9c000 	C:\Windows\System32\SHCORE.dll
0x00007fff631b0000 - 0x00007fff63219000 	C:\Windows\System32\shlwapi.dll
0x00007fff60b30000 - 0x00007fff60b5b000 	C:\Windows\SYSTEM32\profapi.dll
0x00007fff0fd90000 - 0x00007fff0fda8000 	c:\Users\obeng\.cursor\extensions\redhat.java-1.43.1-win32-x64\jre\21.0.7-win32-x86_64\bin\zip.dll
0x00007fff3a730000 - 0x00007fff3a740000 	C:\Users\obeng\.cursor\extensions\redhat.java-1.43.1-win32-x64\jre\21.0.7-win32-x86_64\bin\net.dll
0x00007fff58c30000 - 0x00007fff58d5c000 	C:\Windows\SYSTEM32\WINHTTP.dll
0x00007fff60060000 - 0x00007fff600c9000 	C:\Windows\system32\mswsock.dll
0x00007fff0cd10000 - 0x00007fff0cd26000 	C:\Users\obeng\.cursor\extensions\redhat.java-1.43.1-win32-x64\jre\21.0.7-win32-x86_64\bin\nio.dll
0x00007fff393e0000 - 0x00007fff393f0000 	c:\Users\obeng\.cursor\extensions\redhat.java-1.43.1-win32-x64\jre\21.0.7-win32-x86_64\bin\verify.dll
0x00007ffee8720000 - 0x00007ffee8765000 	C:\Users\obeng\AppData\Roaming\Cursor\User\globalStorage\redhat.java\1.43.1\config_win\org.eclipse.equinox.launcher\org.eclipse.equinox.launcher.win32.win32.x86_64_1.2.1300.v20250331-1702\eclipse_11911.dll
0x00007fff625a0000 - 0x00007fff62740000 	C:\Windows\System32\ole32.dll
0x00007fff603b0000 - 0x00007fff603cb000 	C:\Windows\SYSTEM32\CRYPTSP.dll
0x00007fff5fb50000 - 0x00007fff5fb87000 	C:\Windows\system32\rsaenh.dll
0x00007fff60100000 - 0x00007fff60128000 	C:\Windows\SYSTEM32\USERENV.dll
0x00007fff60390000 - 0x00007fff6039c000 	C:\Windows\SYSTEM32\CRYPTBASE.dll
0x00007fff5f660000 - 0x00007fff5f68d000 	C:\Windows\SYSTEM32\IPHLPAPI.DLL
0x00007fff62870000 - 0x00007fff62879000 	C:\Windows\System32\NSI.dll
0x00007fff12f70000 - 0x00007fff12fb9000 	C:\Users\obeng\AppData\Local\Temp\jna-2331414\jna18224268085571088683.dll
0x00007fff62460000 - 0x00007fff62468000 	C:\Windows\System32\PSAPI.DLL
0x00007fff57b50000 - 0x00007fff57b69000 	C:\Windows\SYSTEM32\dhcpcsvc6.DLL
0x00007fff57b30000 - 0x00007fff57b4f000 	C:\Windows\SYSTEM32\dhcpcsvc.DLL

dbghelp: loaded successfully - version: 4.0.5 - missing functions: none
symbol engine: initialized successfully - sym options: 0x614 - pdb path: .;c:\Users\obeng\.cursor\extensions\redhat.java-1.43.1-win32-x64\jre\21.0.7-win32-x86_64\bin;C:\Windows\SYSTEM32;C:\Windows\WinSxS\amd64_microsoft.windows.common-controls_6595b64144ccf1df_6.0.22621.5547_none_27104afb73855772;c:\Users\obeng\.cursor\extensions\redhat.java-1.43.1-win32-x64\jre\21.0.7-win32-x86_64\bin\server;C:\Users\obeng\AppData\Roaming\Cursor\User\globalStorage\redhat.java\1.43.1\config_win\org.eclipse.equinox.launcher\org.eclipse.equinox.launcher.win32.win32.x86_64_1.2.1300.v20250331-1702;C:\Users\obeng\AppData\Local\Temp\jna-2331414

VM Arguments:
jvm_args: --add-modules=ALL-SYSTEM --add-opens=java.base/java.util=ALL-UNNAMED --add-opens=java.base/java.lang=ALL-UNNAMED --add-opens=java.base/sun.nio.fs=ALL-UNNAMED -Declipse.application=org.eclipse.jdt.ls.core.id1 -Dosgi.bundles.defaultStartLevel=4 -Declipse.product=org.eclipse.jdt.ls.core.product -Djava.import.generatesMetadataFilesAtProjectRoot=false -DDetectVMInstallationsJob.disabled=true -Dfile.encoding=utf8 -XX:+UseParallelGC -XX:GCTimeRatio=4 -XX:AdaptiveSizePolicyWeight=90 -Dsun.zip.disableMemoryMapping=true -Xmx2G -Xms100m -Xlog:disable -javaagent:c:\Users\obeng\.cursor\extensions\redhat.java-1.43.1-win32-x64\lombok\lombok-1.18.39-4050.jar -XX:+HeapDumpOnOutOfMemoryError -XX:HeapDumpPath=c:\Users\obeng\AppData\Roaming\Cursor\User\workspaceStorage\4be39bfb5b72430ab5bd4ea52db2d53c\redhat.java -Daether.dependencyCollector.impl=bf 
java_command: c:\Users\obeng\.cursor\extensions\redhat.java-1.43.1-win32-x64\server\plugins\org.eclipse.equinox.launcher_1.7.0.v20250519-0528.jar -configuration c:\Users\obeng\AppData\Roaming\Cursor\User\globalStorage\redhat.java\1.43.1\config_win -data c:\Users\obeng\AppData\Roaming\Cursor\User\workspaceStorage\4be39bfb5b72430ab5bd4ea52db2d53c\redhat.java\jdt_ws --pipe=\\.\pipe\lsp-a9062fe795370f519c6b4c9b35fa882c-sock
java_class_path (initial): c:\Users\obeng\.cursor\extensions\redhat.java-1.43.1-win32-x64\server\plugins\org.eclipse.equinox.launcher_1.7.0.v20250519-0528.jar
Launcher Type: SUN_STANDARD

[Global flags]
    uintx AdaptiveSizePolicyWeight                 = 90                                        {product} {command line}
     intx CICompilerCount                          = 4                                         {product} {ergonomic}
    uintx GCTimeRatio                              = 4                                         {product} {command line}
     bool HeapDumpOnOutOfMemoryError               = true                                   {manageable} {command line}
    ccstr HeapDumpPath                             = c:\Users\obeng\AppData\Roaming\Cursor\User\workspaceStorage\4be39bfb5b72430ab5bd4ea52db2d53c\redhat.java         {manageable} {command line}
   size_t InitialHeapSize                          = 104857600                                 {product} {command line}
   size_t MaxHeapSize                              = 2147483648                                {product} {command line}
   size_t MaxNewSize                               = 715653120                                 {product} {ergonomic}
   size_t MinHeapDeltaBytes                        = 524288                                    {product} {ergonomic}
   size_t MinHeapSize                              = 104857600                                 {product} {command line}
   size_t NewSize                                  = 34603008                                  {product} {ergonomic}
    uintx NonNMethodCodeHeapSize                   = 5839372                                {pd product} {ergonomic}
    uintx NonProfiledCodeHeapSize                  = 122909434                              {pd product} {ergonomic}
   size_t OldSize                                  = 70254592                                  {product} {ergonomic}
    uintx ProfiledCodeHeapSize                     = 122909434                              {pd product} {ergonomic}
    uintx ReservedCodeCacheSize                    = 251658240                              {pd product} {ergonomic}
     bool SegmentedCodeCache                       = true                                      {product} {ergonomic}
   size_t SoftMaxHeapSize                          = 2147483648                             {manageable} {ergonomic}
     bool UseCompressedOops                        = true                           {product lp64_product} {ergonomic}
     bool UseLargePagesIndividualAllocation        = false                                  {pd product} {ergonomic}
     bool UseParallelGC                            = true                                      {product} {command line}

Logging:
Log output configuration:
 #0: stdout all=off uptime,level,tags foldmultilines=false
 #1: stderr all=off uptime,level,tags foldmultilines=false

Environment Variables:
PATH=C:\Program Files\Eclipse Adoptium\jdk-21.0.6.7-hotspot\bin;C:\Windows\system32;C:\Windows;C:\Windows\System32\Wbem;C:\Windows\System32\WindowsPowerShell\v1.0\;C:\Windows\System32\OpenSSH\;C:\Program Files (x86)\Microsoft SQL Server\160\Tools\Binn\;C:\Program Files\Microsoft SQL Server\160\Tools\Binn\;C:\Program Files\Microsoft SQL Server\Client SDK\ODBC\170\Tools\Binn\;C:\Program Files\Microsoft SQL Server\160\DTS\Binn\;C:\Program Files (x86)\Microsoft SQL Server\160\DTS\Binn\;C:\Program Files\nodejs\;C:\ProgramData\chocolatey\bin;C:\Program Files\Git\cmd;C:\Program Files\dotnet\;C:\Program Files\PostgreSQL\17\bin;;c:\Users\obeng\AppData\Local\Programs\cursor\resources\app\bin;C:\Users\obeng\AppData\Local\Programs\Python\Python39\;C:\Users\obeng\AppData\Local\Programs\Python\Python39\Scripts\;C:\Users\obeng\Downloads\Python-3.9.21.tgz\Python-3.9.21;C:\Users\obeng\AppData\Local\Microsoft\WindowsApps;C:\Users\obeng\AppData\Local\Programs\Microsoft VS Code\bin;C:\Users\obeng\AppData\Roaming\npm;C:\Users\obeng\Downloads\Compressed\node-v22.14.0-win-x64.zip\node-v22.14.0-win-x64\node_modules\npm\bin;C:\Users\obeng\Downloads\Compressed\node-v22.14.0-win-x64.zip\node-v22.14.0-win-x64;C:\Users\obeng\AppData\Local\Android\sdk\platform-tools;C:\Users\obeng\.dotnet\tools;C:\Program Files\maven\mvn\bin;C:\Program Files\spring-3.5.0\bin;C:\Program Files\NASM;C:\mingw32\bin;C:\Program Files\PostgreSQL\17\bin;C:\Users\obeng\AppData\Local\Programs\cursor\resources\app\bin;C:\Program Files\MySQL\MySQL Server 8.0\bin;
USERNAME=Kayy
OS=Windows_NT
PROCESSOR_IDENTIFIER=Intel64 Family 6 Model 154 Stepping 4, GenuineIntel
TMP=C:\Users\obeng\AppData\Local\Temp
TEMP=C:\Users\obeng\AppData\Local\Temp




Periodic native trim disabled

---------------  S Y S T E M  ---------------

OS:
 Windows 11 , 64 bit Build 22621 (10.0.22621.5415)
OS uptime: 1 days 4:24 hours
Hyper-V role detected

CPU: total 8 (initial active 8) (4 cores per cpu, 2 threads per core) family 6 model 154 stepping 4 microcode 0x432, cx8, cmov, fxsr, ht, mmx, 3dnowpref, sse, sse2, sse3, ssse3, sse4.1, sse4.2, popcnt, lzcnt, tsc, tscinvbit, avx, avx2, aes, erms, clmul, bmi1, bmi2, adx, sha, fma, vzeroupper, clflush, clflushopt, clwb, hv, serialize, rdtscp, rdpid, fsrm, f16c, cet_ibt, cet_ss
Processor Information for processor 0
  Max Mhz: 1200, Current Mhz: 1200, Mhz Limit: 1200
Processor Information for processor 1
  Max Mhz: 1200, Current Mhz: 1200, Mhz Limit: 1200
Processor Information for processor 2
  Max Mhz: 1200, Current Mhz: 1200, Mhz Limit: 1200
Processor Information for processor 3
  Max Mhz: 1200, Current Mhz: 1200, Mhz Limit: 1200
Processor Information for processor 4
  Max Mhz: 1200, Current Mhz: 900, Mhz Limit: 900
Processor Information for processor 5
  Max Mhz: 1200, Current Mhz: 900, Mhz Limit: 900
Processor Information for processor 6
  Max Mhz: 1200, Current Mhz: 900, Mhz Limit: 900
Processor Information for processor 7
  Max Mhz: 1200, Current Mhz: 900, Mhz Limit: 900

Memory: 4k page, system-wide physical 7865M (455M free)
TotalPageFile size 15791M (AvailPageFile size 6M)
current process WorkingSet (physical memory assigned to process): 485M, peak: 508M
current process commit charge ("private bytes"): 528M, peak: 1669M

vm_info: OpenJDK 64-Bit Server VM (21.0.7+6-LTS) for windows-amd64 JRE (21.0.7+6-LTS), built on 2025-04-15T00:00:00Z by "admin" with MS VC++ 17.7 (VS2022)

END.
