#
# There is insufficient memory for the Java Runtime Environment to continue.
# Native memory allocation (malloc) failed to allocate 2194560 bytes. Error detail: Chunk::new
# Possible reasons:
#   The system is out of physical RAM or swap space
#   This process is running with CompressedOops enabled, and the Java Heap may be blocking the growth of the native heap
# Possible solutions:
#   Reduce memory load on the system
#   Increase physical memory or swap space
#   Check if swap backing store is full
#   Decrease Java heap size (-Xmx/-Xms)
#   Decrease number of Java threads
#   Decrease Java thread stack sizes (-Xss)
#   Set larger code cache with -XX:ReservedCodeCacheSize=
#   JVM is running with Unscaled Compressed Oops mode in which the Java heap is
#     placed in the first 4GB address space. The Java Heap base address is the
#     maximum limit for the native heap growth. Please use -XX:HeapBaseMinAddress
#     to set the Java Heap base and to place the Java Heap above 4GB virtual address.
# This output file may be truncated or incomplete.
#
#  Out of Memory Error (arena.cpp:168), pid=7876, tid=7172
#
# JRE version: OpenJDK Runtime Environment Temurin-21.0.7+6 (21.0.7+6) (build 21.0.7+6-LTS)
# Java VM: OpenJDK 64-Bit Server VM Temurin-21.0.7+6 (21.0.7+6-LTS, mixed mode, sharing, tiered, compressed oops, compressed class ptrs, parallel gc, windows-amd64)
# No core dump will be written. Minidumps are not enabled by default on client versions of Windows
#

---------------  S U M M A R Y ------------

Command Line: --add-modules=ALL-SYSTEM --add-opens=java.base/java.util=ALL-UNNAMED --add-opens=java.base/java.lang=ALL-UNNAMED --add-opens=java.base/sun.nio.fs=ALL-UNNAMED -Declipse.application=org.eclipse.jdt.ls.core.id1 -Dosgi.bundles.defaultStartLevel=4 -Declipse.product=org.eclipse.jdt.ls.core.product -Djava.import.generatesMetadataFilesAtProjectRoot=false -DDetectVMInstallationsJob.disabled=true -Dfile.encoding=utf8 -XX:+UseParallelGC -XX:GCTimeRatio=4 -XX:AdaptiveSizePolicyWeight=90 -Dsun.zip.disableMemoryMapping=true -Xmx2G -Xms100m -Xlog:disable -javaagent:c:\Users\obeng\.cursor\extensions\redhat.java-1.43.1-win32-x64\lombok\lombok-1.18.39-4050.jar -XX:+HeapDumpOnOutOfMemoryError -XX:HeapDumpPath=c:\Users\obeng\AppData\Roaming\Cursor\User\workspaceStorage\4be39bfb5b72430ab5bd4ea52db2d53c\redhat.java -Daether.dependencyCollector.impl=bf c:\Users\obeng\.cursor\extensions\redhat.java-1.43.1-win32-x64\server\plugins\org.eclipse.equinox.launcher_1.7.0.v20250519-0528.jar -configuration c:\Users\obeng\AppData\Roaming\Cursor\User\globalStorage\redhat.java\1.43.1\config_win -data c:\Users\obeng\AppData\Roaming\Cursor\User\workspaceStorage\4be39bfb5b72430ab5bd4ea52db2d53c\redhat.java\jdt_ws --pipe=\\.\pipe\lsp-12ca746f3168ca391b86614db117dd86-sock

Host: 12th Gen Intel(R) Core(TM) i3-1215U, 8 cores, 7G,  Windows 11 , 64 bit Build 22621 (10.0.22621.5415)
Time: Fri Jul 25 21:04:30 2025 Greenwich Standard Time elapsed time: 24.225302 seconds (0d 0h 0m 24s)

---------------  T H R E A D  ---------------

Current thread (0x00000234467ce8a0):  JavaThread "C2 CompilerThread1" daemon [_thread_in_native, id=7172, stack(0x0000004639700000,0x0000004639800000) (1024K)]


Current CompileTask:
C2:24225 13559       4       org.lombokweb.asm.SymbolTable::<init> (554 bytes)

Stack: [0x0000004639700000,0x0000004639800000]
Native frames: (J=compiled Java code, j=interpreted, Vv=VM code, C=native code)
V  [jvm.dll+0x6ce119]
V  [jvm.dll+0x8a84a1]
V  [jvm.dll+0x8aa9ce]
V  [jvm.dll+0x8ab0b3]
V  [jvm.dll+0x27f8a6]
V  [jvm.dll+0xc507d]
V  [jvm.dll+0xc55b3]
V  [jvm.dll+0x3b692c]
V  [jvm.dll+0x1e0029]
V  [jvm.dll+0x247c42]
V  [jvm.dll+0x2470cf]
V  [jvm.dll+0x1c760e]
V  [jvm.dll+0x25695a]
V  [jvm.dll+0x254efa]
V  [jvm.dll+0x3f03f6]
V  [jvm.dll+0x851f6b]
V  [jvm.dll+0x6cc7dd]
C  [ucrtbase.dll+0x29333]
C  [KERNEL32.DLL+0x1259d]
C  [ntdll.dll+0x5af78]


---------------  P R O C E S S  ---------------

Threads class SMR info:
_java_thread_list=0x0000023447cc4300, length=62, elements={
0x00000234676afa40, 0x000002346776bb00, 0x000002346776d300, 0x0000023467624210,
0x00000234676254d0, 0x00000234676263e0, 0x0000023467629f50, 0x000002346762ad80,
0x000002347f912980, 0x000002346771d140, 0x000002347fbec9c0, 0x0000023445338790,
0x0000023445724b60, 0x00000234458a4c90, 0x00000234458a52f0, 0x0000023445c824a0,
0x0000023445c83ee0, 0x0000023445c80a60, 0x0000023445c81780, 0x0000023445c82b30,
0x0000023445c81e10, 0x00000234467ce8a0, 0x0000023445abe560, 0x0000023445abc490,
0x0000023445abbe00, 0x0000023445abcb20, 0x0000023445abd1b0, 0x0000023445abd840,
0x0000023445abded0, 0x0000023445abf280, 0x0000023445abebf0, 0x00000234492800a0,
0x0000023449280730, 0x000002344927ab50, 0x000002344927b1e0, 0x000002344927f380,
0x000002344927d2b0, 0x000002344927ecf0, 0x0000023449280dc0, 0x000002344918ef20,
0x000002344927d940, 0x000002344927fa10, 0x000002344927dfd0, 0x000002344927a4c0,
0x0000023445c831c0, 0x0000023445c83850, 0x0000023449cf0080, 0x0000023449cedfb0,
0x0000023449ced290, 0x0000023449cee640, 0x0000023449ceecd0, 0x0000023449cef360,
0x0000023449cf0710, 0x0000023449cef9f0, 0x0000023449af7ad0, 0x0000023449afea60,
0x0000023449af8e80, 0x0000023449afc990, 0x0000023449af9510, 0x0000023449af8160,
0x0000023449af9ba0, 0x000002344751d260
}

Java Threads: ( => current thread )
  0x00000234676afa40 JavaThread "main"                              [_thread_blocked, id=7620, stack(0x0000004637700000,0x0000004637800000) (1024K)]
  0x000002346776bb00 JavaThread "Reference Handler"          daemon [_thread_blocked, id=10732, stack(0x0000004637b00000,0x0000004637c00000) (1024K)]
  0x000002346776d300 JavaThread "Finalizer"                  daemon [_thread_blocked, id=13980, stack(0x0000004637c00000,0x0000004637d00000) (1024K)]
  0x0000023467624210 JavaThread "Signal Dispatcher"          daemon [_thread_blocked, id=16280, stack(0x0000004637d00000,0x0000004637e00000) (1024K)]
  0x00000234676254d0 JavaThread "Attach Listener"            daemon [_thread_blocked, id=2536, stack(0x0000004637e00000,0x0000004637f00000) (1024K)]
  0x00000234676263e0 JavaThread "Service Thread"             daemon [_thread_blocked, id=4864, stack(0x0000004637f00000,0x0000004638000000) (1024K)]
  0x0000023467629f50 JavaThread "Monitor Deflation Thread"   daemon [_thread_blocked, id=7264, stack(0x0000004638000000,0x0000004638100000) (1024K)]
  0x000002346762ad80 JavaThread "C2 CompilerThread0"         daemon [_thread_blocked, id=8220, stack(0x0000004638100000,0x0000004638200000) (1024K)]
  0x000002347f912980 JavaThread "C1 CompilerThread0"         daemon [_thread_blocked, id=356, stack(0x0000004638200000,0x0000004638300000) (1024K)]
  0x000002346771d140 JavaThread "Common-Cleaner"             daemon [_thread_blocked, id=11356, stack(0x0000004638300000,0x0000004638400000) (1024K)]
  0x000002347fbec9c0 JavaThread "Notification Thread"        daemon [_thread_blocked, id=12124, stack(0x0000004638500000,0x0000004638600000) (1024K)]
  0x0000023445338790 JavaThread "Active Thread: Equinox Container: 254d5aa8-1ff4-4594-aea3-c3bc49269df5"        [_thread_blocked, id=7856, stack(0x0000004638d00000,0x0000004638e00000) (1024K)]
  0x0000023445724b60 JavaThread "Refresh Thread: Equinox Container: 254d5aa8-1ff4-4594-aea3-c3bc49269df5" daemon [_thread_blocked, id=4184, stack(0x0000004638e00000,0x0000004638f00000) (1024K)]
  0x00000234458a4c90 JavaThread "Framework Event Dispatcher: Equinox Container: 254d5aa8-1ff4-4594-aea3-c3bc49269df5" daemon [_thread_blocked, id=2528, stack(0x0000004639000000,0x0000004639100000) (1024K)]
  0x00000234458a52f0 JavaThread "Start Level: Equinox Container: 254d5aa8-1ff4-4594-aea3-c3bc49269df5" daemon [_thread_blocked, id=5784, stack(0x0000004639100000,0x0000004639200000) (1024K)]
  0x0000023445c824a0 JavaThread "Bundle File Closer"         daemon [_thread_blocked, id=8692, stack(0x0000004639200000,0x0000004639300000) (1024K)]
  0x0000023445c83ee0 JavaThread "SCR Component Actor"        daemon [_thread_blocked, id=3968, stack(0x0000004638400000,0x0000004638500000) (1024K)]
  0x0000023445c80a60 JavaThread "Worker-JM"                         [_thread_blocked, id=4412, stack(0x0000004639400000,0x0000004639500000) (1024K)]
  0x0000023445c81780 JavaThread "JNA Cleaner"                daemon [_thread_blocked, id=12240, stack(0x0000004639300000,0x0000004639400000) (1024K)]
  0x0000023445c82b30 JavaThread "Worker-0"                          [_thread_blocked, id=1960, stack(0x0000004639500000,0x0000004639600000) (1024K)]
  0x0000023445c81e10 JavaThread "Worker-1"                          [_thread_blocked, id=6312, stack(0x0000004639600000,0x0000004639700000) (1024K)]
=>0x00000234467ce8a0 JavaThread "C2 CompilerThread1"         daemon [_thread_in_native, id=7172, stack(0x0000004639700000,0x0000004639800000) (1024K)]
  0x0000023445abe560 JavaThread "Java indexing"              daemon [_thread_blocked, id=15908, stack(0x0000004639800000,0x0000004639900000) (1024K)]
  0x0000023445abc490 JavaThread "Worker-2: Java indexing... "        [_thread_blocked, id=2556, stack(0x0000004639900000,0x0000004639a00000) (1024K)]
  0x0000023445abbe00 JavaThread "Worker-3"                          [_thread_blocked, id=9232, stack(0x0000004639d00000,0x0000004639e00000) (1024K)]
  0x0000023445abcb20 JavaThread "Worker-4"                          [_thread_blocked, id=7352, stack(0x0000004639e00000,0x0000004639f00000) (1024K)]
  0x0000023445abd1b0 JavaThread "Thread-2"                   daemon [_thread_in_native, id=8740, stack(0x0000004639f00000,0x000000463a000000) (1024K)]
  0x0000023445abd840 JavaThread "Thread-3"                   daemon [_thread_in_native, id=16044, stack(0x000000463a000000,0x000000463a100000) (1024K)]
  0x0000023445abded0 JavaThread "Thread-4"                   daemon [_thread_in_native, id=1876, stack(0x000000463a100000,0x000000463a200000) (1024K)]
  0x0000023445abf280 JavaThread "Thread-5"                   daemon [_thread_in_native, id=8256, stack(0x000000463a200000,0x000000463a300000) (1024K)]
  0x0000023445abebf0 JavaThread "Thread-6"                   daemon [_thread_in_native, id=9288, stack(0x000000463a300000,0x000000463a400000) (1024K)]
  0x00000234492800a0 JavaThread "Thread-7"                   daemon [_thread_in_native, id=14984, stack(0x000000463a400000,0x000000463a500000) (1024K)]
  0x0000023449280730 JavaThread "Thread-8"                   daemon [_thread_in_native, id=13568, stack(0x000000463a500000,0x000000463a600000) (1024K)]
  0x000002344927ab50 JavaThread "Thread-9"                   daemon [_thread_in_native, id=8772, stack(0x000000463a600000,0x000000463a700000) (1024K)]
  0x000002344927b1e0 JavaThread "Thread-10"                  daemon [_thread_in_native, id=9532, stack(0x000000463a700000,0x000000463a800000) (1024K)]
  0x000002344927f380 JavaThread "pool-2-thread-1"                   [_thread_blocked, id=15980, stack(0x000000463a800000,0x000000463a900000) (1024K)]
  0x000002344927d2b0 JavaThread "WorkspaceEventsHandler"            [_thread_blocked, id=14748, stack(0x000000463a900000,0x000000463aa00000) (1024K)]
  0x000002344927ecf0 JavaThread "pool-1-thread-1"                   [_thread_blocked, id=7592, stack(0x000000463aa00000,0x000000463ab00000) (1024K)]
  0x0000023449280dc0 JavaThread "Worker-5: Check JDK Index"         [_thread_blocked, id=1344, stack(0x000000463ab00000,0x000000463ac00000) (1024K)]
  0x000002344918ef20 JavaThread "C2 CompilerThread2"         daemon [_thread_blocked, id=10076, stack(0x0000004638600000,0x0000004638700000) (1024K)]
  0x000002344927d940 JavaThread "LocalFile Deleter"          daemon [_thread_blocked, id=16376, stack(0x0000004639a00000,0x0000004639b00000) (1024K)]
  0x000002344927fa10 JavaThread "LocalFile Deleter"          daemon [_thread_blocked, id=3972, stack(0x000000463ac00000,0x000000463ad00000) (1024K)]
  0x000002344927dfd0 JavaThread "LocalFile Deleter"          daemon [_thread_blocked, id=15544, stack(0x000000463ad00000,0x000000463ae00000) (1024K)]
  0x000002344927a4c0 JavaThread "LocalFile Deleter"          daemon [_thread_blocked, id=1196, stack(0x000000463ae00000,0x000000463af00000) (1024K)]
  0x0000023445c831c0 JavaThread "LocalFile Deleter"          daemon [_thread_blocked, id=10944, stack(0x000000463af00000,0x000000463b000000) (1024K)]
  0x0000023445c83850 JavaThread "LocalFile Deleter"          daemon [_thread_blocked, id=7192, stack(0x000000463b000000,0x000000463b100000) (1024K)]
  0x0000023449cf0080 JavaThread "LocalFile Deleter"          daemon [_thread_blocked, id=14560, stack(0x000000463b100000,0x000000463b200000) (1024K)]
  0x0000023449cedfb0 JavaThread "LocalFile Deleter"          daemon [_thread_blocked, id=5144, stack(0x000000463b200000,0x000000463b300000) (1024K)]
  0x0000023449ced290 JavaThread "Compiler Source File Reader" daemon [_thread_blocked, id=1364, stack(0x000000463b300000,0x000000463b400000) (1024K)]
  0x0000023449cee640 JavaThread "Compiler Source File Reader" daemon [_thread_blocked, id=13580, stack(0x000000463b400000,0x000000463b500000) (1024K)]
  0x0000023449ceecd0 JavaThread "Compiler Source File Reader" daemon [_thread_blocked, id=11388, stack(0x000000463b500000,0x000000463b600000) (1024K)]
  0x0000023449cef360 JavaThread "Compiler Source File Reader" daemon [_thread_blocked, id=5468, stack(0x000000463b600000,0x000000463b700000) (1024K)]
  0x0000023449cf0710 JavaThread "Compiler Source File Reader" daemon [_thread_blocked, id=15452, stack(0x000000463b700000,0x000000463b800000) (1024K)]
  0x0000023449cef9f0 JavaThread "Compiler Source File Reader" daemon [_thread_blocked, id=5812, stack(0x000000463b800000,0x000000463b900000) (1024K)]
  0x0000023449af7ad0 JavaThread "Compiler Processing Task"   daemon [_thread_blocked, id=652, stack(0x000000463b900000,0x000000463ba00000) (1024K)]
  0x0000023449afea60 JavaThread "Compiler Class File Writer" daemon [_thread_blocked, id=648, stack(0x000000463ba00000,0x000000463bb00000) (1024K)]
  0x0000023449af8e80 JavaThread "Compiler Class File Writer" daemon [_thread_blocked, id=1852, stack(0x000000463bb00000,0x000000463bc00000) (1024K)]
  0x0000023449afc990 JavaThread "Compiler Class File Writer" daemon [_thread_blocked, id=1884, stack(0x000000463bc00000,0x000000463bd00000) (1024K)]
  0x0000023449af9510 JavaThread "Compiler Class File Writer" daemon [_thread_blocked, id=5780, stack(0x000000463bd00000,0x000000463be00000) (1024K)]
  0x0000023449af8160 
[error occurred during error reporting (printing all threads), id 0xc0000005, EXCEPTION_ACCESS_VIOLATION (0xc0000005) at pc=0x00007ffc1f942c70]
VM state: at safepoint (normal execution)

VM Mutex/Monitor currently owned by a thread:  ([mutex/lock_event])
[0x00007ffc204ae308] Threads_lock - owner thread: 0x0000023467751610
[0x00007ffc204ae408] Heap_lock - owner thread: 0x0000023445abe560

Heap address: 0x0000000080000000, size: 2048 MB, Compressed Oops mode: 32-bit

CDS archive(s) mapped at: [0x0000023400000000-0x0000023400ba0000-0x0000023400ba0000), size 12189696, SharedBaseAddress: 0x0000023400000000, ArchiveRelocationMode: 1.
Compressed class space mapped at: 0x0000023401000000-0x0000023441000000, reserved size: 1073741824
Narrow klass base: 0x0000023400000000, Narrow klass shift: 0, Narrow klass range: 0x100000000

GC Precious Log:
 CardTable entry size: 512
 CPUs: 8 total, 8 available
 Memory: 7865M
 Large Page Support: Disabled
 NUMA Support: Disabled
 Compressed Oops: Enabled (32-bit)
 Alignments: Space 512K, Generation 512K, Heap 2M
 Heap Min Capacity: 100M
 Heap Initial Capacity: 100M
 Heap Max Capacity: 2G
 Pre-touch: Disabled
 Parallel Workers: 8

Heap:
 PSYoungGen      total 4096K, used 4027K [0x00000000d5580000, 0x00000000d5a80000, 0x0000000100000000)
  eden space 3072K, 100% used [0x00000000d5580000,0x00000000d5880000,0x00000000d5880000)
  from space 1024K, 93% used [0x00000000d5980000,0x00000000d5a6ef20,0x00000000d5a80000)
  to   space 1024K, 96% used [0x00000000d5880000,0x00000000d59769d0,0x00000000d5980000)
 ParOldGen       total 364032K, used 363816K [0x0000000080000000, 0x0000000096380000, 0x00000000d5580000)
  object space 364032K, 99% used [0x0000000080000000,0x000000009634a208,0x0000000096380000)
 Metaspace       used 65778K, committed 67328K, reserved 1114112K
  class space    used 6638K, committed 7360K, reserved 1048576K

Card table byte_map: [0x0000023467050000,0x0000023467460000] _byte_map_base: 0x0000023466c50000

Marking Bits: (ParMarkBitMap*) 0x00007ffc204b31f0
 Begin Bits: [0x0000023479b50000, 0x000002347bb50000)
 End Bits:   [0x000002347bb50000, 0x000002347db50000)

Polling page: 0x0000023465540000

Metaspace:

Usage:
  Non-class:     57.75 MB used.
      Class:      6.48 MB used.
       Both:     64.24 MB used.

Virtual space:
  Non-class space:       64.00 MB reserved,      58.56 MB ( 92%) committed,  1 nodes.
      Class space:        1.00 GB reserved,       7.19 MB ( <1%) committed,  1 nodes.
             Both:        1.06 GB reserved,      65.75 MB (  6%) committed. 

Chunk freelists:
   Non-Class:  5.06 MB
       Class:  8.84 MB
        Both:  13.91 MB

MaxMetaspaceSize: unlimited
CompressedClassSpaceSize: 1.00 GB
Initial GC threshold: 21.00 MB
Current GC threshold: 97.31 MB
CDS: on
 - commit_granule_bytes: 65536.
 - commit_granule_words: 8192.
 - virtual_space_node_default_size: 8388608.
 - enlarge_chunks_in_place: 1.
 - use_allocation_guard: 0.


Internal statistics:

num_allocs_failed_limit: 9.
num_arena_births: 1268.
num_arena_deaths: 14.
num_vsnodes_births: 2.
num_vsnodes_deaths: 0.
num_space_committed: 1052.
num_space_uncommitted: 0.
num_chunks_returned_to_freelist: 23.
num_chunks_taken_from_freelist: 4461.
num_chunk_merges: 13.
num_chunk_splits: 2694.
num_chunks_enlarged: 1500.
num_inconsistent_stats: 0.

CodeHeap 'non-profiled nmethods': size=120000Kb used=8696Kb max_used=9905Kb free=111303Kb
 bounds [0x0000023472370000, 0x0000023472d20000, 0x00000234798a0000]
CodeHeap 'profiled nmethods': size=120000Kb used=26778Kb max_used=31289Kb free=93221Kb
 bounds [0x000002346a8a0000, 0x000002346c730000, 0x0000023471dd0000]
CodeHeap 'non-nmethods': size=5760Kb used=1440Kb max_used=1527Kb free=4319Kb
 bounds [0x0000023471dd0000, 0x0000023472040000, 0x0000023472370000]
 total_blobs=12443 nmethods=11695 adapters=649
 compilation: enabled
              stopped_count=0, restarted_count=0
 full_count=0

Compilation events (20 events):
Event: 24.012 Thread 0x000002347f912980 13665       3       java.lang.invoke.DelegatingMethodHandle::chooseDelegatingForm (24 bytes)
Event: 24.012 Thread 0x000002347f912980 nmethod 13665 0x000002346c72cc90 code [0x000002346c72ce60, 0x000002346c72d180]
Event: 24.018 Thread 0x000002347f912980 13667       1       com.google.gson.FormattingStyle::usesSpaceAfterSeparators (5 bytes)
Event: 24.018 Thread 0x000002347f912980 nmethod 13667 0x0000023472d14310 code [0x0000023472d144a0, 0x0000023472d14570]
Event: 24.018 Thread 0x000002347f912980 13668       1       com.google.gson.FormattingStyle::getNewline (5 bytes)
Event: 24.018 Thread 0x000002347f912980 nmethod 13668 0x0000023472d14610 code [0x0000023472d147a0, 0x0000023472d14868]
Event: 24.018 Thread 0x000002347f912980 13669       1       com.google.gson.FormattingStyle::getIndent (5 bytes)
Event: 24.018 Thread 0x000002347f912980 nmethod 13669 0x0000023472d14910 code [0x0000023472d14aa0, 0x0000023472d14b68]
Event: 24.018 Thread 0x000002347f912980 13670       1       org.eclipse.lsp4j.jsonrpc.messages.Message::getJsonrpc (5 bytes)
Event: 24.018 Thread 0x000002347f912980 nmethod 13670 0x0000023472d14c10 code [0x0000023472d14da0, 0x0000023472d14e68]
Event: 24.021 Thread 0x000002346762ad80 nmethod 13656 0x0000023472d14f10 code [0x0000023472d150e0, 0x0000023472d15a18]
Event: 24.024 Thread 0x000002347f912980 13671       3       java.util.concurrent.locks.AbstractQueuedSynchronizer$ConditionObject::enableWait (84 bytes)
Event: 24.024 Thread 0x000002346762ad80 13674       4       org.eclipse.jdt.internal.core.index.FileIndexLocation::hashCode (8 bytes)
Event: 24.024 Thread 0x000002347f912980 nmethod 13671 0x000002346c72d290 code [0x000002346c72d4a0, 0x000002346c72dad8]
Event: 24.025 Thread 0x000002347f912980 13672       3       java.util.concurrent.locks.AbstractQueuedSynchronizer$Node::setStatusRelaxed (12 bytes)
Event: 24.025 Thread 0x000002347f912980 nmethod 13672 0x000002346c72dd10 code [0x000002346c72dea0, 0x000002346c72dfb8]
Event: 24.025 Thread 0x000002347f912980 13673       3       java.util.concurrent.locks.LockSupport::setCurrentBlocker (14 bytes)
Event: 24.025 Thread 0x000002347f912980 nmethod 13673 0x000002346c72e090 code [0x000002346c72e240, 0x000002346c72e468]
Event: 24.041 Thread 0x000002346762ad80 nmethod 13674 0x0000023472d15e90 code [0x0000023472d16080, 0x0000023472d169f0]
Event: 24.088 Thread 0x000002344918ef20 nmethod 13619 0x0000023472d16e90 code [0x0000023472d17300, 0x0000023472d1ac20]

GC Heap History (20 events):
Event: 24.078 GC heap after
{Heap after GC invocations=503 (full 3):
 PSYoungGen      total 3072K, used 808K [0x00000000d5580000, 0x00000000d5a00000, 0x0000000100000000)
  eden space 2048K, 0% used [0x00000000d5580000,0x00000000d5580000,0x00000000d5780000)
  from space 1024K, 78% used [0x00000000d5900000,0x00000000d59ca108,0x00000000d5a00000)
  to   space 1024K, 0% used [0x00000000d5780000,0x00000000d5780000,0x00000000d5880000)
 ParOldGen       total 356864K, used 356829K [0x0000000080000000, 0x0000000095c80000, 0x00000000d5580000)
  object space 356864K, 99% used [0x0000000080000000,0x0000000095c77630,0x0000000095c80000)
 Metaspace       used 65778K, committed 67328K, reserved 1114112K
  class space    used 6638K, committed 7360K, reserved 1048576K
}
Event: 24.085 GC heap before
{Heap before GC invocations=504 (full 3):
 PSYoungGen      total 3072K, used 2856K [0x00000000d5580000, 0x00000000d5a00000, 0x0000000100000000)
  eden space 2048K, 100% used [0x00000000d5580000,0x00000000d5780000,0x00000000d5780000)
  from space 1024K, 78% used [0x00000000d5900000,0x00000000d59ca108,0x00000000d5a00000)
  to   space 1024K, 0% used [0x00000000d5780000,0x00000000d5780000,0x00000000d5880000)
 ParOldGen       total 356864K, used 356829K [0x0000000080000000, 0x0000000095c80000, 0x00000000d5580000)
  object space 356864K, 99% used [0x0000000080000000,0x0000000095c77630,0x0000000095c80000)
 Metaspace       used 65778K, committed 67328K, reserved 1114112K
  class space    used 6638K, committed 7360K, reserved 1048576K
}
Event: 24.086 GC heap after
{Heap after GC invocations=504 (full 3):
 PSYoungGen      total 3072K, used 738K [0x00000000d5580000, 0x00000000d5980000, 0x0000000100000000)
  eden space 2048K, 0% used [0x00000000d5580000,0x00000000d5580000,0x00000000d5780000)
  from space 1024K, 72% used [0x00000000d5780000,0x00000000d5838978,0x00000000d5880000)
  to   space 1024K, 0% used [0x00000000d5880000,0x00000000d5880000,0x00000000d5980000)
 ParOldGen       total 357888K, used 357484K [0x0000000080000000, 0x0000000095d80000, 0x00000000d5580000)
  object space 357888K, 99% used [0x0000000080000000,0x0000000095d1b380,0x0000000095d80000)
 Metaspace       used 65778K, committed 67328K, reserved 1114112K
  class space    used 6638K, committed 7360K, reserved 1048576K
}
Event: 24.090 GC heap before
{Heap before GC invocations=505 (full 3):
 PSYoungGen      total 3072K, used 2767K [0x00000000d5580000, 0x00000000d5980000, 0x0000000100000000)
  eden space 2048K, 99% used [0x00000000d5580000,0x00000000d577b5b0,0x00000000d5780000)
  from space 1024K, 72% used [0x00000000d5780000,0x00000000d5838978,0x00000000d5880000)
  to   space 1024K, 0% used [0x00000000d5880000,0x00000000d5880000,0x00000000d5980000)
 ParOldGen       total 357888K, used 357484K [0x0000000080000000, 0x0000000095d80000, 0x00000000d5580000)
  object space 357888K, 99% used [0x0000000080000000,0x0000000095d1b380,0x0000000095d80000)
 Metaspace       used 65778K, committed 67328K, reserved 1114112K
  class space    used 6638K, committed 7360K, reserved 1048576K
}
Event: 24.092 GC heap after
{Heap after GC invocations=505 (full 3):
 PSYoungGen      total 3072K, used 759K [0x00000000d5580000, 0x00000000d5a00000, 0x0000000100000000)
  eden space 2048K, 0% used [0x00000000d5580000,0x00000000d5580000,0x00000000d5780000)
  from space 1024K, 74% used [0x00000000d5880000,0x00000000d593dcb8,0x00000000d5980000)
  to   space 1024K, 0% used [0x00000000d5780000,0x00000000d5780000,0x00000000d5880000)
 ParOldGen       total 358400K, used 358148K [0x0000000080000000, 0x0000000095e00000, 0x00000000d5580000)
  object space 358400K, 99% used [0x0000000080000000,0x0000000095dc1270,0x0000000095e00000)
 Metaspace       used 65778K, committed 67328K, reserved 1114112K
  class space    used 6638K, committed 7360K, reserved 1048576K
}
Event: 24.103 GC heap before
{Heap before GC invocations=506 (full 3):
 PSYoungGen      total 3072K, used 2807K [0x00000000d5580000, 0x00000000d5a00000, 0x0000000100000000)
  eden space 2048K, 100% used [0x00000000d5580000,0x00000000d5780000,0x00000000d5780000)
  from space 1024K, 74% used [0x00000000d5880000,0x00000000d593dcb8,0x00000000d5980000)
  to   space 1024K, 0% used [0x00000000d5780000,0x00000000d5780000,0x00000000d5880000)
 ParOldGen       total 358400K, used 358148K [0x0000000080000000, 0x0000000095e00000, 0x00000000d5580000)
  object space 358400K, 99% used [0x0000000080000000,0x0000000095dc1270,0x0000000095e00000)
 Metaspace       used 65778K, committed 67328K, reserved 1114112K
  class space    used 6638K, committed 7360K, reserved 1048576K
}
Event: 24.104 GC heap after
{Heap after GC invocations=506 (full 3):
 PSYoungGen      total 3072K, used 845K [0x00000000d5580000, 0x00000000d5980000, 0x0000000100000000)
  eden space 2048K, 0% used [0x00000000d5580000,0x00000000d5580000,0x00000000d5780000)
  from space 1024K, 82% used [0x00000000d5780000,0x00000000d58536c8,0x00000000d5880000)
  to   space 1024K, 0% used [0x00000000d5880000,0x00000000d5880000,0x00000000d5980000)
 ParOldGen       total 358912K, used 358776K [0x0000000080000000, 0x0000000095e80000, 0x00000000d5580000)
  object space 358912K, 99% used [0x0000000080000000,0x0000000095e5e290,0x0000000095e80000)
 Metaspace       used 65778K, committed 67328K, reserved 1114112K
  class space    used 6638K, committed 7360K, reserved 1048576K
}
Event: 24.116 GC heap before
{Heap before GC invocations=507 (full 3):
 PSYoungGen      total 3072K, used 2838K [0x00000000d5580000, 0x00000000d5980000, 0x0000000100000000)
  eden space 2048K, 97% used [0x00000000d5580000,0x00000000d5772208,0x00000000d5780000)
  from space 1024K, 82% used [0x00000000d5780000,0x00000000d58536c8,0x00000000d5880000)
  to   space 1024K, 0% used [0x00000000d5880000,0x00000000d5880000,0x00000000d5980000)
 ParOldGen       total 358912K, used 358776K [0x0000000080000000, 0x0000000095e80000, 0x00000000d5580000)
  object space 358912K, 99% used [0x0000000080000000,0x0000000095e5e290,0x0000000095e80000)
 Metaspace       used 65778K, committed 67328K, reserved 1114112K
  class space    used 6638K, committed 7360K, reserved 1048576K
}
Event: 24.121 GC heap after
{Heap after GC invocations=507 (full 3):
 PSYoungGen      total 3072K, used 903K [0x00000000d5580000, 0x00000000d5a00000, 0x0000000100000000)
  eden space 2048K, 0% used [0x00000000d5580000,0x00000000d5580000,0x00000000d5780000)
  from space 1024K, 88% used [0x00000000d5880000,0x00000000d5961c68,0x00000000d5980000)
  to   space 1024K, 0% used [0x00000000d5780000,0x00000000d5780000,0x00000000d5880000)
 ParOldGen       total 359936K, used 359491K [0x0000000080000000, 0x0000000095f80000, 0x00000000d5580000)
  object space 359936K, 99% used [0x0000000080000000,0x0000000095f10ec8,0x0000000095f80000)
 Metaspace       used 65778K, committed 67328K, reserved 1114112K
  class space    used 6638K, committed 7360K, reserved 1048576K
}
Event: 24.126 GC heap before
{Heap before GC invocations=508 (full 3):
 PSYoungGen      total 3072K, used 2951K [0x00000000d5580000, 0x00000000d5a00000, 0x0000000100000000)
  eden space 2048K, 100% used [0x00000000d5580000,0x00000000d5780000,0x00000000d5780000)
  from space 1024K, 88% used [0x00000000d5880000,0x00000000d5961c68,0x00000000d5980000)
  to   space 1024K, 0% used [0x00000000d5780000,0x00000000d5780000,0x00000000d5880000)
 ParOldGen       total 359936K, used 359491K [0x0000000080000000, 0x0000000095f80000, 0x00000000d5580000)
  object space 359936K, 99% used [0x0000000080000000,0x0000000095f10ec8,0x0000000095f80000)
 Metaspace       used 65778K, committed 67328K, reserved 1114112K
  class space    used 6638K, committed 7360K, reserved 1048576K
}
Event: 24.127 GC heap after
{Heap after GC invocations=508 (full 3):
 PSYoungGen      total 3072K, used 872K [0x00000000d5580000, 0x00000000d5a00000, 0x0000000100000000)
  eden space 2048K, 0% used [0x00000000d5580000,0x00000000d5580000,0x00000000d5780000)
  from space 1024K, 85% used [0x00000000d5780000,0x00000000d585a2f0,0x00000000d5880000)
  to   space 1024K, 0% used [0x00000000d5900000,0x00000000d5900000,0x00000000d5a00000)
 ParOldGen       total 360448K, used 360263K [0x0000000080000000, 0x0000000096000000, 0x00000000d5580000)
  object space 360448K, 99% used [0x0000000080000000,0x0000000095fd1e40,0x0000000096000000)
 Metaspace       used 65778K, committed 67328K, reserved 1114112K
  class space    used 6638K, committed 7360K, reserved 1048576K
}
Event: 24.131 GC heap before
{Heap before GC invocations=509 (full 3):
 PSYoungGen      total 3072K, used 2876K [0x00000000d5580000, 0x00000000d5a00000, 0x0000000100000000)
  eden space 2048K, 97% used [0x00000000d5580000,0x00000000d5774d88,0x00000000d5780000)
  from space 1024K, 85% used [0x00000000d5780000,0x00000000d585a2f0,0x00000000d5880000)
  to   space 1024K, 0% used [0x00000000d5900000,0x00000000d5900000,0x00000000d5a00000)
 ParOldGen       total 360448K, used 360263K [0x0000000080000000, 0x0000000096000000, 0x00000000d5580000)
  object space 360448K, 99% used [0x0000000080000000,0x0000000095fd1e40,0x0000000096000000)
 Metaspace       used 65778K, committed 67328K, reserved 1114112K
  class space    used 6638K, committed 7360K, reserved 1048576K
}
Event: 24.133 GC heap after
{Heap after GC invocations=509 (full 3):
 PSYoungGen      total 3584K, used 864K [0x00000000d5580000, 0x00000000d5a00000, 0x0000000100000000)
  eden space 2560K, 0% used [0x00000000d5580000,0x00000000d5580000,0x00000000d5800000)
  from space 1024K, 84% used [0x00000000d5900000,0x00000000d59d82b8,0x00000000d5a00000)
  to   space 1024K, 0% used [0x00000000d5800000,0x00000000d5800000,0x00000000d5900000)
 ParOldGen       total 361472K, used 361058K [0x0000000080000000, 0x0000000096100000, 0x00000000d5580000)
  object space 361472K, 99% used [0x0000000080000000,0x0000000096098b80,0x0000000096100000)
 Metaspace       used 65778K, committed 67328K, reserved 1114112K
  class space    used 6638K, committed 7360K, reserved 1048576K
}
Event: 24.138 GC heap before
{Heap before GC invocations=510 (full 3):
 PSYoungGen      total 3584K, used 3415K [0x00000000d5580000, 0x00000000d5a00000, 0x0000000100000000)
  eden space 2560K, 99% used [0x00000000d5580000,0x00000000d57fdca8,0x00000000d5800000)
  from space 1024K, 84% used [0x00000000d5900000,0x00000000d59d82b8,0x00000000d5a00000)
  to   space 1024K, 0% used [0x00000000d5800000,0x00000000d5800000,0x00000000d5900000)
 ParOldGen       total 361472K, used 361058K [0x0000000080000000, 0x0000000096100000, 0x00000000d5580000)
  object space 361472K, 99% used [0x0000000080000000,0x0000000096098b80,0x0000000096100000)
 Metaspace       used 65778K, committed 67328K, reserved 1114112K
  class space    used 6638K, committed 7360K, reserved 1048576K
}
Event: 24.140 GC heap after
{Heap after GC invocations=510 (full 3):
 PSYoungGen      total 3584K, used 997K [0x00000000d5580000, 0x00000000d5a80000, 0x0000000100000000)
  eden space 2560K, 0% used [0x00000000d5580000,0x00000000d5580000,0x00000000d5800000)
  from space 1024K, 97% used [0x00000000d5800000,0x00000000d58f96a8,0x00000000d5900000)
  to   space 1024K, 0% used [0x00000000d5980000,0x00000000d5980000,0x00000000d5a80000)
 ParOldGen       total 361984K, used 361923K [0x0000000080000000, 0x0000000096180000, 0x00000000d5580000)
  object space 361984K, 99% used [0x0000000080000000,0x0000000096170e30,0x0000000096180000)
 Metaspace       used 65778K, committed 67328K, reserved 1114112K
  class space    used 6638K, committed 7360K, reserved 1048576K
}
Event: 24.145 GC heap before
{Heap before GC invocations=511 (full 3):
 PSYoungGen      total 3584K, used 3557K [0x00000000d5580000, 0x00000000d5a80000, 0x0000000100000000)
  eden space 2560K, 99% used [0x00000000d5580000,0x00000000d57fff38,0x00000000d5800000)
  from space 1024K, 97% used [0x00000000d5800000,0x00000000d58f96a8,0x00000000d5900000)
  to   space 1024K, 0% used [0x00000000d5980000,0x00000000d5980000,0x00000000d5a80000)
 ParOldGen       total 361984K, used 361923K [0x0000000080000000, 0x0000000096180000, 0x00000000d5580000)
  object space 361984K, 99% used [0x0000000080000000,0x0000000096170e30,0x0000000096180000)
 Metaspace       used 65778K, committed 67328K, reserved 1114112K
  class space    used 6638K, committed 7360K, reserved 1048576K
}
Event: 24.147 GC heap after
{Heap after GC invocations=511 (full 3):
 PSYoungGen      total 4096K, used 955K [0x00000000d5580000, 0x00000000d5a80000, 0x0000000100000000)
  eden space 3072K, 0% used [0x00000000d5580000,0x00000000d5580000,0x00000000d5880000)
  from space 1024K, 93% used [0x00000000d5980000,0x00000000d5a6ef20,0x00000000d5a80000)
  to   space 1024K, 0% used [0x00000000d5880000,0x00000000d5880000,0x00000000d5980000)
 ParOldGen       total 363008K, used 362913K [0x0000000080000000, 0x0000000096280000, 0x00000000d5580000)
  object space 363008K, 99% used [0x0000000080000000,0x0000000096268518,0x0000000096280000)
 Metaspace       used 65778K, committed 67328K, reserved 1114112K
  class space    used 6638K, committed 7360K, reserved 1048576K
}
Event: 24.164 GC heap before
{Heap before GC invocations=512 (full 3):
 PSYoungGen      total 4096K, used 4027K [0x00000000d5580000, 0x00000000d5a80000, 0x0000000100000000)
  eden space 3072K, 100% used [0x00000000d5580000,0x00000000d5880000,0x00000000d5880000)
  from space 1024K, 93% used [0x00000000d5980000,0x00000000d5a6ef20,0x00000000d5a80000)
  to   space 1024K, 0% used [0x00000000d5880000,0x00000000d5880000,0x00000000d5980000)
 ParOldGen       total 363008K, used 362913K [0x0000000080000000, 0x0000000096280000, 0x00000000d5580000)
  object space 363008K, 99% used [0x0000000080000000,0x0000000096268518,0x0000000096280000)
 Metaspace       used 65778K, committed 67328K, reserved 1114112K
  class space    used 6638K, committed 7360K, reserved 1048576K
}
Event: 24.169 GC heap after
{Heap after GC invocations=512 (full 3):
 PSYoungGen      total 4096K, used 4027K [0x00000000d5580000, 0x00000000d5a80000, 0x0000000100000000)
  eden space 3072K, 100% used [0x00000000d5580000,0x00000000d5880000,0x00000000d5880000)
  from space 1024K, 93% used [0x00000000d5980000,0x00000000d5a6ef20,0x00000000d5a80000)
  to   space 1024K, 96% used [0x00000000d5880000,0x00000000d59769d0,0x00000000d5980000)
 ParOldGen       total 364032K, used 363816K [0x0000000080000000, 0x0000000096380000, 0x00000000d5580000)
  object space 364032K, 99% used [0x0000000080000000,0x000000009634a208,0x0000000096380000)
 Metaspace       used 65778K, committed 67328K, reserved 1114112K
  class space    used 6638K, committed 7360K, reserved 1048576K
}
Event: 24.169 GC heap before
{Heap before GC invocations=513 (full 4):
 PSYoungGen      total 4096K, used 4027K [0x00000000d5580000, 0x00000000d5a80000, 0x0000000100000000)
  eden space 3072K, 100% used [0x00000000d5580000,0x00000000d5880000,0x00000000d5880000)
  from space 1024K, 93% used [0x00000000d5980000,0x00000000d5a6ef20,0x00000000d5a80000)
  to   space 1024K, 96% used [0x00000000d5880000,0x00000000d59769d0,0x00000000d5980000)
 ParOldGen       total 364032K, used 363816K [0x0000000080000000, 0x0000000096380000, 0x00000000d5580000)
  object space 364032K, 99% used [0x0000000080000000,0x000000009634a208,0x0000000096380000)
 Metaspace       used 65778K, committed 67328K, reserved 1114112K
  class space    used 6638K, committed 7360K, reserved 1048576K
}

Dll operation events (10 events):
Event: 0.020 Loaded shared library c:\Users\obeng\.cursor\extensions\redhat.java-1.43.1-win32-x64\jre\21.0.7-win32-x86_64\bin\java.dll
Event: 0.121 Loaded shared library c:\Users\obeng\.cursor\extensions\redhat.java-1.43.1-win32-x64\jre\21.0.7-win32-x86_64\bin\zip.dll
Event: 0.143 Loaded shared library C:\Users\obeng\.cursor\extensions\redhat.java-1.43.1-win32-x64\jre\21.0.7-win32-x86_64\bin\instrument.dll
Event: 0.147 Loaded shared library C:\Users\obeng\.cursor\extensions\redhat.java-1.43.1-win32-x64\jre\21.0.7-win32-x86_64\bin\net.dll
Event: 0.151 Loaded shared library C:\Users\obeng\.cursor\extensions\redhat.java-1.43.1-win32-x64\jre\21.0.7-win32-x86_64\bin\nio.dll
Event: 0.155 Loaded shared library C:\Users\obeng\.cursor\extensions\redhat.java-1.43.1-win32-x64\jre\21.0.7-win32-x86_64\bin\zip.dll
Event: 0.177 Loaded shared library C:\Users\obeng\.cursor\extensions\redhat.java-1.43.1-win32-x64\jre\21.0.7-win32-x86_64\bin\jimage.dll
Event: 0.280 Loaded shared library c:\Users\obeng\.cursor\extensions\redhat.java-1.43.1-win32-x64\jre\21.0.7-win32-x86_64\bin\verify.dll
Event: 1.999 Loaded shared library C:\Users\obeng\AppData\Roaming\Cursor\User\globalStorage\redhat.java\1.43.1\config_win\org.eclipse.equinox.launcher\org.eclipse.equinox.launcher.win32.win32.x86_64_1.2.1300.v20250331-1702\eclipse_11911.dll
Event: 4.597 Loaded shared library C:\Users\obeng\AppData\Local\Temp\jna-2331414\jna8884697288538956591.dll

Deoptimization events (20 events):
Event: 23.939 Thread 0x0000023445abe560 DEOPT PACKING pc=0x000002346c6a319a sp=0x00000046398fe980
Event: 23.939 Thread 0x0000023445abe560 DEOPT UNPACKING pc=0x0000023471e24242 sp=0x00000046398fdf08 mode 0
Event: 23.942 Thread 0x0000023445abe560 DEOPT PACKING pc=0x000002346c6a319a sp=0x00000046398fe980
Event: 23.942 Thread 0x0000023445abe560 DEOPT UNPACKING pc=0x0000023471e24242 sp=0x00000046398fdf08 mode 0
Event: 23.943 Thread 0x0000023445abe560 DEOPT PACKING pc=0x000002346c6a319a sp=0x00000046398fe980
Event: 23.943 Thread 0x0000023445abe560 DEOPT UNPACKING pc=0x0000023471e24242 sp=0x00000046398fdf08 mode 0
Event: 23.948 Thread 0x0000023445abe560 DEOPT PACKING pc=0x000002346c6a319a sp=0x00000046398fe980
Event: 23.948 Thread 0x0000023445abe560 DEOPT UNPACKING pc=0x0000023471e24242 sp=0x00000046398fdf08 mode 0
Event: 23.954 Thread 0x0000023445abe560 DEOPT PACKING pc=0x000002346c6a319a sp=0x00000046398fe980
Event: 23.954 Thread 0x0000023445abe560 DEOPT UNPACKING pc=0x0000023471e24242 sp=0x00000046398fdf08 mode 0
Event: 23.955 Thread 0x0000023445abe560 DEOPT PACKING pc=0x000002346c6a319a sp=0x00000046398fe980
Event: 23.955 Thread 0x0000023445abe560 DEOPT UNPACKING pc=0x0000023471e24242 sp=0x00000046398fdf08 mode 0
Event: 23.956 Thread 0x0000023445abe560 DEOPT PACKING pc=0x000002346c6a319a sp=0x00000046398fe980
Event: 23.956 Thread 0x0000023445abe560 DEOPT UNPACKING pc=0x0000023471e24242 sp=0x00000046398fdf08 mode 0
Event: 23.959 Thread 0x0000023445abe560 DEOPT PACKING pc=0x000002346c6a319a sp=0x00000046398fe980
Event: 23.959 Thread 0x0000023445abe560 DEOPT UNPACKING pc=0x0000023471e24242 sp=0x00000046398fdf08 mode 0
Event: 23.971 Thread 0x000002344751d260 Uncommon trap: trap_request=0xffffff45 fr.pc=0x0000023472aba0dc relative=0x000000000000035c
Event: 23.971 Thread 0x000002344751d260 Uncommon trap: reason=unstable_if action=reinterpret pc=0x0000023472aba0dc method=java.util.stream.SortedOps$SizedRefSortingSink.end()V @ 34 c2
Event: 23.971 Thread 0x000002344751d260 DEOPT PACKING pc=0x0000023472aba0dc sp=0x000000463c0fe700
Event: 23.971 Thread 0x000002344751d260 DEOPT UNPACKING pc=0x0000023471e23aa2 sp=0x000000463c0fe6a0 mode 2

Classes loaded (20 events):
Event: 23.506 Loading class java/util/Collections$SynchronizedRandomAccessList
Event: 23.506 Loading class java/util/Collections$SynchronizedList
Event: 23.506 Loading class java/util/Collections$SynchronizedList done
Event: 23.506 Loading class java/util/Collections$SynchronizedRandomAccessList done
Event: 23.548 Loading class java/util/concurrent/CompletableFuture$Signaller
Event: 23.548 Loading class java/util/concurrent/CompletableFuture$Signaller done
Event: 23.858 Loading class java/nio/charset/CharacterCodingException
Event: 23.858 Loading class java/nio/charset/CharacterCodingException done
Event: 23.858 Loading class java/io/SequenceInputStream
Event: 23.859 Loading class java/io/SequenceInputStream done
Event: 23.957 Loading class java/util/concurrent/CompletableFuture$UniApply
Event: 23.957 Loading class java/util/concurrent/CompletableFuture$UniCompletion
Event: 23.959 Loading class java/util/concurrent/CompletableFuture$UniCompletion done
Event: 23.960 Loading class java/util/concurrent/CompletableFuture$UniApply done
Event: 23.968 Loading class java/util/concurrent/CompletableFuture$UniAccept
Event: 23.969 Loading class java/util/concurrent/CompletableFuture$UniAccept done
Event: 23.969 Loading class java/util/concurrent/CompletableFuture$UniExceptionally
Event: 23.969 Loading class java/util/concurrent/CompletableFuture$UniExceptionally done
Event: 23.977 Loading class java/util/HashMap$EntrySpliterator
Event: 23.977 Loading class java/util/HashMap$EntrySpliterator done

Classes unloaded (7 events):
Event: 5.871 Thread 0x0000023467751610 Unloading class 0x00000234011a0800 'java/lang/invoke/LambdaForm$MH+0x00000234011a0800'
Event: 5.871 Thread 0x0000023467751610 Unloading class 0x00000234011a0400 'java/lang/invoke/LambdaForm$MH+0x00000234011a0400'
Event: 5.871 Thread 0x0000023467751610 Unloading class 0x00000234011a0000 'java/lang/invoke/LambdaForm$MH+0x00000234011a0000'
Event: 5.871 Thread 0x0000023467751610 Unloading class 0x000002340119fc00 'java/lang/invoke/LambdaForm$MH+0x000002340119fc00'
Event: 5.871 Thread 0x0000023467751610 Unloading class 0x000002340119f800 'java/lang/invoke/LambdaForm$BMH+0x000002340119f800'
Event: 5.871 Thread 0x0000023467751610 Unloading class 0x000002340119f400 'java/lang/invoke/LambdaForm$DMH+0x000002340119f400'
Event: 5.871 Thread 0x0000023467751610 Unloading class 0x000002340119e000 'java/lang/invoke/LambdaForm$DMH+0x000002340119e000'

Classes redefined (0 events):
No events

Internal exceptions (20 events):
Event: 23.235 Thread 0x0000023445c82b30 Exception <a 'sun/nio/fs/WindowsException'{0x00000000d55b45d8}> (0x00000000d55b45d8) 
thrown [s\src\hotspot\share\prims\jni.cpp, line 520]
Event: 23.235 Thread 0x0000023445c82b30 Exception <a 'sun/nio/fs/WindowsException'{0x00000000d55dfce8}> (0x00000000d55dfce8) 
thrown [s\src\hotspot\share\prims\jni.cpp, line 520]
Event: 23.235 Thread 0x0000023445c82b30 Exception <a 'sun/nio/fs/WindowsException'{0x00000000d55efcf8}> (0x00000000d55efcf8) 
thrown [s\src\hotspot\share\prims\jni.cpp, line 520]
Event: 23.236 Thread 0x0000023445c82b30 Exception <a 'sun/nio/fs/WindowsException'{0x00000000d55ffa50}> (0x00000000d55ffa50) 
thrown [s\src\hotspot\share\prims\jni.cpp, line 520]
Event: 23.236 Thread 0x0000023445c82b30 Exception <a 'sun/nio/fs/WindowsException'{0x00000000d5604018}> (0x00000000d5604018) 
thrown [s\src\hotspot\share\prims\jni.cpp, line 520]
Event: 23.236 Thread 0x0000023445c82b30 Exception <a 'sun/nio/fs/WindowsException'{0x00000000d561e298}> (0x00000000d561e298) 
thrown [s\src\hotspot\share\prims\jni.cpp, line 520]
Event: 23.236 Thread 0x0000023445c82b30 Exception <a 'sun/nio/fs/WindowsException'{0x00000000d562fd58}> (0x00000000d562fd58) 
thrown [s\src\hotspot\share\prims\jni.cpp, line 520]
Event: 23.391 Thread 0x0000023445c82b30 Exception <a 'sun/nio/fs/WindowsException'{0x00000000d5759530}> (0x00000000d5759530) 
thrown [s\src\hotspot\share\prims\jni.cpp, line 520]
Event: 23.391 Thread 0x0000023445c82b30 Exception <a 'sun/nio/fs/WindowsException'{0x00000000d576ee70}> (0x00000000d576ee70) 
thrown [s\src\hotspot\share\prims\jni.cpp, line 520]
Event: 23.392 Thread 0x0000023445c82b30 Exception <a 'sun/nio/fs/WindowsException'{0x00000000d5786ee8}> (0x00000000d5786ee8) 
thrown [s\src\hotspot\share\prims\jni.cpp, line 520]
Event: 23.392 Thread 0x0000023445c82b30 Exception <a 'sun/nio/fs/WindowsException'{0x00000000d578b0e8}> (0x00000000d578b0e8) 
thrown [s\src\hotspot\share\prims\jni.cpp, line 520]
Event: 23.543 Thread 0x0000023445c81e10 Implicit null exception at 0x00000234728582ff to 0x0000023472858638
Event: 23.902 Thread 0x000002344927ecf0 Exception <a 'java/io/FileNotFoundException'{0x00000000d57bde68}> (0x00000000d57bde68) 
thrown [s\src\hotspot\share\prims\jni.cpp, line 520]
Event: 23.902 Thread 0x000002344927ecf0 Exception <a 'java/io/FileNotFoundException'{0x00000000d57bee80}> (0x00000000d57bee80) 
thrown [s\src\hotspot\share\prims\jni.cpp, line 520]
Event: 23.938 Thread 0x000002344927ecf0 Exception <a 'sun/nio/fs/WindowsException'{0x00000000d5697df8}> (0x00000000d5697df8) 
thrown [s\src\hotspot\share\prims\jni.cpp, line 520]
Event: 23.938 Thread 0x000002344927ecf0 Exception <a 'sun/nio/fs/WindowsException'{0x00000000d5698508}> (0x00000000d5698508) 
thrown [s\src\hotspot\share\prims\jni.cpp, line 520]
Event: 23.938 Thread 0x000002344927ecf0 Exception <a 'sun/nio/fs/WindowsException'{0x00000000d571aa10}> (0x00000000d571aa10) 
thrown [s\src\hotspot\share\prims\jni.cpp, line 520]
Event: 23.939 Thread 0x000002344927ecf0 Exception <a 'sun/nio/fs/WindowsException'{0x00000000d571b120}> (0x00000000d571b120) 
thrown [s\src\hotspot\share\prims\jni.cpp, line 520]
Event: 23.955 Thread 0x000002344927ecf0 Exception <a 'java/lang/IncompatibleClassChangeError'{0x00000000d563cb08}: Found class java.lang.Object, but interface was expected> (0x00000000d563cb08) 
thrown [s\src\hotspot\share\interpreter\linkResolver.cpp, line 840]
Event: 24.070 Thread 0x000002344927ecf0 Exception <a 'java/lang/IncompatibleClassChangeError'{0x00000000d56ab5e0}: Found class java.lang.Object, but interface was expected> (0x00000000d56ab5e0) 
thrown [s\src\hotspot\share\interpreter\linkResolver.cpp, line 840]

ZGC Phase Switch (0 events):
No events

VM Operations (20 events):
Event: 24.059 Executing VM operation: ParallelGCFailedAllocation (Allocation Failure) done
Event: 24.075 Executing VM operation: ParallelGCFailedAllocation (Allocation Failure)
Event: 24.078 Executing VM operation: ParallelGCFailedAllocation (Allocation Failure) done
Event: 24.084 Executing VM operation: ParallelGCFailedAllocation (Allocation Failure)
Event: 24.086 Executing VM operation: ParallelGCFailedAllocation (Allocation Failure) done
Event: 24.090 Executing VM operation: ParallelGCFailedAllocation (Allocation Failure)
Event: 24.092 Executing VM operation: ParallelGCFailedAllocation (Allocation Failure) done
Event: 24.103 Executing VM operation: ParallelGCFailedAllocation (Allocation Failure)
Event: 24.105 Executing VM operation: ParallelGCFailedAllocation (Allocation Failure) done
Event: 24.116 Executing VM operation: ParallelGCFailedAllocation (Allocation Failure)
Event: 24.121 Executing VM operation: ParallelGCFailedAllocation (Allocation Failure) done
Event: 24.125 Executing VM operation: ParallelGCFailedAllocation (Allocation Failure)
Event: 24.127 Executing VM operation: ParallelGCFailedAllocation (Allocation Failure) done
Event: 24.131 Executing VM operation: ParallelGCFailedAllocation (Allocation Failure)
Event: 24.133 Executing VM operation: ParallelGCFailedAllocation (Allocation Failure) done
Event: 24.138 Executing VM operation: ParallelGCFailedAllocation (Allocation Failure)
Event: 24.140 Executing VM operation: ParallelGCFailedAllocation (Allocation Failure) done
Event: 24.145 Executing VM operation: ParallelGCFailedAllocation (Allocation Failure)
Event: 24.147 Executing VM operation: ParallelGCFailedAllocation (Allocation Failure) done
Event: 24.164 Executing VM operation: ParallelGCFailedAllocation (Allocation Failure)

Memory protections (0 events):
No events

Nmethod flushes (20 events):
Event: 16.811 Thread 0x0000023467751610 flushing  nmethod 0x000002346b1f5790
Event: 16.811 Thread 0x0000023467751610 flushing  nmethod 0x000002346b1f9a90
Event: 16.811 Thread 0x0000023467751610 flushing  nmethod 0x000002346b20c110
Event: 16.811 Thread 0x0000023467751610 flushing  nmethod 0x000002346b222890
Event: 16.811 Thread 0x0000023467751610 flushing  nmethod 0x000002346b22e510
Event: 16.811 Thread 0x0000023467751610 flushing  nmethod 0x000002346b29ae90
Event: 16.811 Thread 0x0000023467751610 flushing  nmethod 0x000002346b29c090
Event: 16.811 Thread 0x0000023467751610 flushing  nmethod 0x000002346b29d010
Event: 16.811 Thread 0x0000023467751610 flushing  nmethod 0x000002346b29ef90
Event: 16.811 Thread 0x0000023467751610 flushing  nmethod 0x000002346b29f710
Event: 16.811 Thread 0x0000023467751610 flushing  nmethod 0x000002346b29fa90
Event: 16.811 Thread 0x0000023467751610 flushing  nmethod 0x000002346b29fe10
Event: 16.811 Thread 0x0000023467751610 flushing  nmethod 0x000002346b2a0390
Event: 16.811 Thread 0x0000023467751610 flushing  nmethod 0x000002346b2a0a10
Event: 16.811 Thread 0x0000023467751610 flushing  nmethod 0x000002346b2a1a90
Event: 16.811 Thread 0x0000023467751610 flushing  nmethod 0x000002346b2a7e10
Event: 16.811 Thread 0x0000023467751610 flushing  nmethod 0x000002346b2ae990
Event: 16.811 Thread 0x0000023467751610 flushing  nmethod 0x000002346b2b0890
Event: 16.811 Thread 0x0000023467751610 flushing  nmethod 0x000002346b2b1010
Event: 16.811 Thread 0x0000023467751610 flushing  nmethod 0x000002346b2b2690

Events (20 events):
Event: 20.666 Thread 0x0000023445abbe00 Thread added: 0x0000023449afdd40
Event: 20.667 Thread 0x0000023445abbe00 Thread added: 0x000002344751eca0
Event: 20.667 Thread 0x0000023445abbe00 Thread added: 0x000002344751df80
Event: 20.667 Thread 0x0000023445abbe00 Thread added: 0x000002344751cbd0
Event: 21.267 Thread 0x000002344751df80 Thread exited: 0x000002344751df80
Event: 21.267 Thread 0x0000023449afd6b0 Thread exited: 0x0000023449afd6b0
Event: 21.268 Thread 0x0000023449afdd40 Thread exited: 0x0000023449afdd40
Event: 21.268 Thread 0x000002344751cbd0 Thread exited: 0x000002344751cbd0
Event: 21.269 Thread 0x000002344751eca0 Thread exited: 0x000002344751eca0
Event: 21.995 Thread 0x0000023445abbe00 Thread added: 0x000002344751f330
Event: 21.995 Thread 0x0000023445abbe00 Thread added: 0x0000023447522e40
Event: 21.995 Thread 0x0000023445abbe00 Thread added: 0x000002344751eca0
Event: 21.996 Thread 0x0000023445abbe00 Thread added: 0x0000023447520050
Event: 21.996 Thread 0x0000023445abbe00 Thread added: 0x000002344751f9c0
Event: 22.042 Thread 0x0000023447520050 Thread exited: 0x0000023447520050
Event: 22.042 Thread 0x000002344751f9c0 Thread exited: 0x000002344751f9c0
Event: 22.042 Thread 0x000002344751f330 Thread exited: 0x000002344751f330
Event: 22.042 Thread 0x000002344751eca0 Thread exited: 0x000002344751eca0
Event: 22.042 Thread 0x0000023447522e40 Thread exited: 0x0000023447522e40
Event: 23.966 Thread 0x000002344927ecf0 Thread added: 0x000002344751d260


Dynamic libraries:
0x00007ff6aed20000 - 0x00007ff6aed2e000 	c:\Users\obeng\.cursor\extensions\redhat.java-1.43.1-win32-x64\jre\21.0.7-win32-x86_64\bin\java.exe
0x00007ffc78250000 - 0x00007ffc78467000 	C:\Windows\SYSTEM32\ntdll.dll
0x00007ffc77430000 - 0x00007ffc774f4000 	C:\Windows\System32\KERNEL32.DLL
0x00007ffc759e0000 - 0x00007ffc75db2000 	C:\Windows\System32\KERNELBASE.dll
0x00007ffc75760000 - 0x00007ffc75871000 	C:\Windows\System32\ucrtbase.dll
0x00007ffc6b5f0000 - 0x00007ffc6b60e000 	c:\Users\obeng\.cursor\extensions\redhat.java-1.43.1-win32-x64\jre\21.0.7-win32-x86_64\bin\VCRUNTIME140.dll
0x00007ffc69a10000 - 0x00007ffc69a28000 	c:\Users\obeng\.cursor\extensions\redhat.java-1.43.1-win32-x64\jre\21.0.7-win32-x86_64\bin\jli.dll
0x00007ffc77910000 - 0x00007ffc77ac1000 	C:\Windows\System32\USER32.dll
0x00007ffc75880000 - 0x00007ffc758a6000 	C:\Windows\System32\win32u.dll
0x00007ffc77620000 - 0x00007ffc77649000 	C:\Windows\System32\GDI32.dll
0x00007ffc55960000 - 0x00007ffc55bfb000 	C:\Windows\WinSxS\amd64_microsoft.windows.common-controls_6595b64144ccf1df_6.0.22621.5547_none_27104afb73855772\COMCTL32.dll
0x00007ffc758b0000 - 0x00007ffc759d3000 	C:\Windows\System32\gdi32full.dll
0x00007ffc75e40000 - 0x00007ffc75eda000 	C:\Windows\System32\msvcp_win.dll
0x00007ffc771f0000 - 0x00007ffc77297000 	C:\Windows\System32\msvcrt.dll
0x00007ffc76250000 - 0x00007ffc76281000 	C:\Windows\System32\IMM32.DLL
0x00007ffc6c4c0000 - 0x00007ffc6c4cc000 	c:\Users\obeng\.cursor\extensions\redhat.java-1.43.1-win32-x64\jre\21.0.7-win32-x86_64\bin\vcruntime140_1.dll
0x00007ffc3a600000 - 0x00007ffc3a68d000 	c:\Users\obeng\.cursor\extensions\redhat.java-1.43.1-win32-x64\jre\21.0.7-win32-x86_64\bin\msvcp140.dll
0x00007ffc1f800000 - 0x00007ffc20590000 	c:\Users\obeng\.cursor\extensions\redhat.java-1.43.1-win32-x64\jre\21.0.7-win32-x86_64\bin\server\jvm.dll
0x00007ffc77ad0000 - 0x00007ffc77b81000 	C:\Windows\System32\ADVAPI32.dll
0x00007ffc77140000 - 0x00007ffc771e8000 	C:\Windows\System32\sechost.dll
0x00007ffc75500000 - 0x00007ffc75528000 	C:\Windows\System32\bcrypt.dll
0x00007ffc772a0000 - 0x00007ffc773b4000 	C:\Windows\System32\RPCRT4.dll
0x00007ffc77b90000 - 0x00007ffc77c01000 	C:\Windows\System32\WS2_32.dll
0x00007ffc6a710000 - 0x00007ffc6a71a000 	C:\Windows\SYSTEM32\VERSION.dll
0x00007ffc75210000 - 0x00007ffc7525d000 	C:\Windows\SYSTEM32\POWRPROF.dll
0x00007ffc6b590000 - 0x00007ffc6b5c4000 	C:\Windows\SYSTEM32\WINMM.dll
0x00007ffc751f0000 - 0x00007ffc75203000 	C:\Windows\SYSTEM32\UMPDC.dll
0x00007ffc74330000 - 0x00007ffc74348000 	C:\Windows\SYSTEM32\kernel.appcore.dll
0x00007ffc69960000 - 0x00007ffc6996a000 	c:\Users\obeng\.cursor\extensions\redhat.java-1.43.1-win32-x64\jre\21.0.7-win32-x86_64\bin\jimage.dll
0x00007ffc72c90000 - 0x00007ffc72ec3000 	C:\Windows\SYSTEM32\DBGHELP.DLL
0x00007ffc77c10000 - 0x00007ffc77fa3000 	C:\Windows\System32\combase.dll
0x00007ffc76010000 - 0x00007ffc760e7000 	C:\Windows\System32\OLEAUT32.dll
0x00007ffc54f20000 - 0x00007ffc54f52000 	C:\Windows\SYSTEM32\dbgcore.DLL
0x00007ffc75dc0000 - 0x00007ffc75e3b000 	C:\Windows\System32\bcryptPrimitives.dll
0x00007ffc69950000 - 0x00007ffc6995f000 	c:\Users\obeng\.cursor\extensions\redhat.java-1.43.1-win32-x64\jre\21.0.7-win32-x86_64\bin\instrument.dll
0x00007ffc5b980000 - 0x00007ffc5b99f000 	c:\Users\obeng\.cursor\extensions\redhat.java-1.43.1-win32-x64\jre\21.0.7-win32-x86_64\bin\java.dll
0x00007ffc76890000 - 0x00007ffc77132000 	C:\Windows\System32\SHELL32.dll
0x00007ffc753c0000 - 0x00007ffc754ff000 	C:\Windows\System32\wintypes.dll
0x00007ffc73220000 - 0x00007ffc73b3d000 	C:\Windows\SYSTEM32\windows.storage.dll
0x00007ffc75f00000 - 0x00007ffc7600c000 	C:\Windows\System32\SHCORE.dll
0x00007ffc775b0000 - 0x00007ffc77619000 	C:\Windows\System32\shlwapi.dll
0x00007ffc75270000 - 0x00007ffc7529b000 	C:\Windows\SYSTEM32\profapi.dll
0x00007ffc4a160000 - 0x00007ffc4a178000 	c:\Users\obeng\.cursor\extensions\redhat.java-1.43.1-win32-x64\jre\21.0.7-win32-x86_64\bin\zip.dll
0x00007ffc57fe0000 - 0x00007ffc57ff0000 	C:\Users\obeng\.cursor\extensions\redhat.java-1.43.1-win32-x64\jre\21.0.7-win32-x86_64\bin\net.dll
0x00007ffc6fe10000 - 0x00007ffc6ff3c000 	C:\Windows\SYSTEM32\WINHTTP.dll
0x00007ffc747a0000 - 0x00007ffc74809000 	C:\Windows\system32\mswsock.dll
0x00007ffc4a140000 - 0x00007ffc4a156000 	C:\Users\obeng\.cursor\extensions\redhat.java-1.43.1-win32-x64\jre\21.0.7-win32-x86_64\bin\nio.dll
0x00007ffc571e0000 - 0x00007ffc571f0000 	c:\Users\obeng\.cursor\extensions\redhat.java-1.43.1-win32-x64\jre\21.0.7-win32-x86_64\bin\verify.dll
0x00007ffc3a540000 - 0x00007ffc3a585000 	C:\Users\obeng\AppData\Roaming\Cursor\User\globalStorage\redhat.java\1.43.1\config_win\org.eclipse.equinox.launcher\org.eclipse.equinox.launcher.win32.win32.x86_64_1.2.1300.v20250331-1702\eclipse_11911.dll
0x00007ffc77770000 - 0x00007ffc77910000 	C:\Windows\System32\ole32.dll
0x00007ffc74af0000 - 0x00007ffc74b0b000 	C:\Windows\SYSTEM32\CRYPTSP.dll
0x00007ffc74290000 - 0x00007ffc742c7000 	C:\Windows\system32\rsaenh.dll
0x00007ffc74840000 - 0x00007ffc74868000 	C:\Windows\SYSTEM32\USERENV.dll
0x00007ffc74ad0000 - 0x00007ffc74adc000 	C:\Windows\SYSTEM32\CRYPTBASE.dll
0x00007ffc73d90000 - 0x00007ffc73dbd000 	C:\Windows\SYSTEM32\IPHLPAPI.DLL
0x00007ffc75ef0000 - 0x00007ffc75ef9000 	C:\Windows\System32\NSI.dll
0x00007ffc34110000 - 0x00007ffc34159000 	C:\Users\obeng\AppData\Local\Temp\jna-2331414\jna8884697288538956591.dll
0x00007ffc75ee0000 - 0x00007ffc75ee8000 	C:\Windows\System32\PSAPI.DLL
0x00007ffc6be90000 - 0x00007ffc6bea9000 	C:\Windows\SYSTEM32\dhcpcsvc6.DLL
0x00007ffc6be70000 - 0x00007ffc6be8f000 	C:\Windows\SYSTEM32\dhcpcsvc.DLL

dbghelp: loaded successfully - version: 4.0.5 - missing functions: none
symbol engine: initialized successfully - sym options: 0x614 - pdb path: .;c:\Users\obeng\.cursor\extensions\redhat.java-1.43.1-win32-x64\jre\21.0.7-win32-x86_64\bin;C:\Windows\SYSTEM32;C:\Windows\WinSxS\amd64_microsoft.windows.common-controls_6595b64144ccf1df_6.0.22621.5547_none_27104afb73855772;c:\Users\obeng\.cursor\extensions\redhat.java-1.43.1-win32-x64\jre\21.0.7-win32-x86_64\bin\server;C:\Users\obeng\AppData\Roaming\Cursor\User\globalStorage\redhat.java\1.43.1\config_win\org.eclipse.equinox.launcher\org.eclipse.equinox.launcher.win32.win32.x86_64_1.2.1300.v20250331-1702;C:\Users\obeng\AppData\Local\Temp\jna-2331414

VM Arguments:
jvm_args: --add-modules=ALL-SYSTEM --add-opens=java.base/java.util=ALL-UNNAMED --add-opens=java.base/java.lang=ALL-UNNAMED --add-opens=java.base/sun.nio.fs=ALL-UNNAMED -Declipse.application=org.eclipse.jdt.ls.core.id1 -Dosgi.bundles.defaultStartLevel=4 -Declipse.product=org.eclipse.jdt.ls.core.product -Djava.import.generatesMetadataFilesAtProjectRoot=false -DDetectVMInstallationsJob.disabled=true -Dfile.encoding=utf8 -XX:+UseParallelGC -XX:GCTimeRatio=4 -XX:AdaptiveSizePolicyWeight=90 -Dsun.zip.disableMemoryMapping=true -Xmx2G -Xms100m -Xlog:disable -javaagent:c:\Users\obeng\.cursor\extensions\redhat.java-1.43.1-win32-x64\lombok\lombok-1.18.39-4050.jar -XX:+HeapDumpOnOutOfMemoryError -XX:HeapDumpPath=c:\Users\obeng\AppData\Roaming\Cursor\User\workspaceStorage\4be39bfb5b72430ab5bd4ea52db2d53c\redhat.java -Daether.dependencyCollector.impl=bf 
java_command: c:\Users\obeng\.cursor\extensions\redhat.java-1.43.1-win32-x64\server\plugins\org.eclipse.equinox.launcher_1.7.0.v20250519-0528.jar -configuration c:\Users\obeng\AppData\Roaming\Cursor\User\globalStorage\redhat.java\1.43.1\config_win -data c:\Users\obeng\AppData\Roaming\Cursor\User\workspaceStorage\4be39bfb5b72430ab5bd4ea52db2d53c\redhat.java\jdt_ws --pipe=\\.\pipe\lsp-12ca746f3168ca391b86614db117dd86-sock
java_class_path (initial): c:\Users\obeng\.cursor\extensions\redhat.java-1.43.1-win32-x64\server\plugins\org.eclipse.equinox.launcher_1.7.0.v20250519-0528.jar
Launcher Type: SUN_STANDARD

[Global flags]
    uintx AdaptiveSizePolicyWeight                 = 90                                        {product} {command line}
     intx CICompilerCount                          = 4                                         {product} {ergonomic}
    uintx GCTimeRatio                              = 4                                         {product} {command line}
     bool HeapDumpOnOutOfMemoryError               = true                                   {manageable} {command line}
    ccstr HeapDumpPath                             = c:\Users\obeng\AppData\Roaming\Cursor\User\workspaceStorage\4be39bfb5b72430ab5bd4ea52db2d53c\redhat.java         {manageable} {command line}
   size_t InitialHeapSize                          = 104857600                                 {product} {command line}
   size_t MaxHeapSize                              = 2147483648                                {product} {command line}
   size_t MaxNewSize                               = 715653120                                 {product} {ergonomic}
   size_t MinHeapDeltaBytes                        = 524288                                    {product} {ergonomic}
   size_t MinHeapSize                              = 104857600                                 {product} {command line}
   size_t NewSize                                  = 34603008                                  {product} {ergonomic}
    uintx NonNMethodCodeHeapSize                   = 5839372                                {pd product} {ergonomic}
    uintx NonProfiledCodeHeapSize                  = 122909434                              {pd product} {ergonomic}
   size_t OldSize                                  = 70254592                                  {product} {ergonomic}
    uintx ProfiledCodeHeapSize                     = 122909434                              {pd product} {ergonomic}
    uintx ReservedCodeCacheSize                    = 251658240                              {pd product} {ergonomic}
     bool SegmentedCodeCache                       = true                                      {product} {ergonomic}
   size_t SoftMaxHeapSize                          = 2147483648                             {manageable} {ergonomic}
     bool UseCompressedOops                        = true                           {product lp64_product} {ergonomic}
     bool UseLargePagesIndividualAllocation        = false                                  {pd product} {ergonomic}
     bool UseParallelGC                            = true                                      {product} {command line}

Logging:
Log output configuration:
 #0: stdout all=off uptime,level,tags foldmultilines=false
 #1: stderr all=off uptime,level,tags foldmultilines=false

Environment Variables:
PATH=C:\Program Files\Eclipse Adoptium\jdk-21.0.6.7-hotspot\bin;C:\Windows\system32;C:\Windows;C:\Windows\System32\Wbem;C:\Windows\System32\WindowsPowerShell\v1.0\;C:\Windows\System32\OpenSSH\;C:\Program Files (x86)\Microsoft SQL Server\160\Tools\Binn\;C:\Program Files\Microsoft SQL Server\160\Tools\Binn\;C:\Program Files\Microsoft SQL Server\Client SDK\ODBC\170\Tools\Binn\;C:\Program Files\Microsoft SQL Server\160\DTS\Binn\;C:\Program Files (x86)\Microsoft SQL Server\160\DTS\Binn\;C:\Program Files\nodejs\;C:\ProgramData\chocolatey\bin;C:\Program Files\Git\cmd;C:\Program Files\dotnet\;C:\Program Files\PostgreSQL\17\bin;;c:\Users\obeng\AppData\Local\Programs\cursor\resources\app\bin;C:\Users\obeng\AppData\Local\Programs\Python\Python39\;C:\Users\obeng\AppData\Local\Programs\Python\Python39\Scripts\;C:\Users\obeng\Downloads\Python-3.9.21.tgz\Python-3.9.21;C:\Users\obeng\AppData\Local\Microsoft\WindowsApps;C:\Users\obeng\AppData\Roaming\npm;C:\Users\obeng\Downloads\Compressed\node-v22.14.0-win-x64.zip\node-v22.14.0-win-x64\node_modules\npm\bin;C:\Users\obeng\Downloads\Compressed\node-v22.14.0-win-x64.zip\node-v22.14.0-win-x64;C:\Users\obeng\AppData\Local\Android\sdk\platform-tools;C:\Users\obeng\.dotnet\tools;C:\Program Files\maven\mvn\bin;C:\Program Files\spring-3.5.0\bin;C:\Program Files\NASM;C:\mingw32\bin;C:\Program Files\PostgreSQL\17\bin;C:\Users\obeng\AppData\Local\Programs\cursor\resources\app\bin;C:\Program Files\MySQL\MySQL Server 8.0\bin
USERNAME=Kayy
OS=Windows_NT
PROCESSOR_IDENTIFIER=Intel64 Family 6 Model 154 Stepping 4, GenuineIntel
TMP=C:\Users\obeng\AppData\Local\Temp
TEMP=C:\Users\obeng\AppData\Local\Temp




Periodic native trim disabled

---------------  S Y S T E M  ---------------

OS:
 Windows 11 , 64 bit Build 22621 (10.0.22621.5415)
OS uptime: 0 days 2:09 hours
Hyper-V role detected

CPU: total 8 (initial active 8) (4 cores per cpu, 2 threads per core) family 6 model 154 stepping 4 microcode 0x432, cx8, cmov, fxsr, ht, mmx, 3dnowpref, sse, sse2, sse3, ssse3, sse4.1, sse4.2, popcnt, lzcnt, tsc, tscinvbit, avx, avx2, aes, erms, clmul, bmi1, bmi2, adx, sha, fma, vzeroupper, clflush, clflushopt, clwb, hv, serialize, rdtscp, rdpid, fsrm, f16c, cet_ibt, cet_ss
Processor Information for processor 0
  Max Mhz: 1200, Current Mhz: 1200, Mhz Limit: 1200
Processor Information for processor 1
  Max Mhz: 1200, Current Mhz: 1200, Mhz Limit: 1200
Processor Information for processor 2
  Max Mhz: 1200, Current Mhz: 1200, Mhz Limit: 1200
Processor Information for processor 3
  Max Mhz: 1200, Current Mhz: 1200, Mhz Limit: 1200
Processor Information for processor 4
  Max Mhz: 1200, Current Mhz: 900, Mhz Limit: 900
Processor Information for processor 5
  Max Mhz: 1200, Current Mhz: 900, Mhz Limit: 900
Processor Information for processor 6
  Max Mhz: 1200, Current Mhz: 900, Mhz Limit: 900
Processor Information for processor 7
  Max Mhz: 1200, Current Mhz: 900, Mhz Limit: 900

Memory: 4k page, system-wide physical 7865M (481M free)
TotalPageFile size 13902M (AvailPageFile size 2M)
current process WorkingSet (physical memory assigned to process): 738M, peak: 741M
current process commit charge ("private bytes"): 690M, peak: 1701M

vm_info: OpenJDK 64-Bit Server VM (21.0.7+6-LTS) for windows-amd64 JRE (21.0.7+6-LTS), built on 2025-04-15T00:00:00Z by "admin" with MS VC++ 17.7 (VS2022)

END.
