#
# There is insufficient memory for the Java Runtime Environment to continue.
# Native memory allocation (malloc) failed to allocate 935856 bytes. Error detail: Chunk::new
# Possible reasons:
#   The system is out of physical RAM or swap space
#   This process is running with CompressedOops enabled, and the Java Heap may be blocking the growth of the native heap
# Possible solutions:
#   Reduce memory load on the system
#   Increase physical memory or swap space
#   Check if swap backing store is full
#   Decrease Java heap size (-Xmx/-Xms)
#   Decrease number of Java threads
#   Decrease Java thread stack sizes (-Xss)
#   Set larger code cache with -XX:ReservedCodeCacheSize=
#   JVM is running with Unscaled Compressed Oops mode in which the Java heap is
#     placed in the first 4GB address space. The Java Heap base address is the
#     maximum limit for the native heap growth. Please use -XX:HeapBaseMinAddress
#     to set the Java Heap base and to place the Java Heap above 4GB virtual address.
# This output file may be truncated or incomplete.
#
#  Out of Memory Error (arena.cpp:168), pid=6668, tid=12928
#
# JRE version: OpenJDK Runtime Environment Temurin-21.0.7+6 (21.0.7+6) (build 21.0.7+6-LTS)
# Java VM: OpenJDK 64-Bit Server VM Temurin-21.0.7+6 (21.0.7+6-LTS, mixed mode, sharing, tiered, compressed oops, compressed class ptrs, parallel gc, windows-amd64)
# No core dump will be written. Minidumps are not enabled by default on client versions of Windows
#

---------------  S U M M A R Y ------------

Command Line: --add-modules=ALL-SYSTEM --add-opens=java.base/java.util=ALL-UNNAMED --add-opens=java.base/java.lang=ALL-UNNAMED --add-opens=java.base/sun.nio.fs=ALL-UNNAMED -Declipse.application=org.eclipse.jdt.ls.core.id1 -Dosgi.bundles.defaultStartLevel=4 -Declipse.product=org.eclipse.jdt.ls.core.product -Djava.import.generatesMetadataFilesAtProjectRoot=false -DDetectVMInstallationsJob.disabled=true -Dfile.encoding=utf8 -XX:+UseParallelGC -XX:GCTimeRatio=4 -XX:AdaptiveSizePolicyWeight=90 -Dsun.zip.disableMemoryMapping=true -Xmx2G -Xms100m -Xlog:disable -javaagent:c:\Users\obeng\.cursor\extensions\redhat.java-1.43.1-win32-x64\lombok\lombok-1.18.39-4050.jar -XX:+HeapDumpOnOutOfMemoryError -XX:HeapDumpPath=c:\Users\obeng\AppData\Roaming\Cursor\User\workspaceStorage\4be39bfb5b72430ab5bd4ea52db2d53c\redhat.java -Daether.dependencyCollector.impl=bf c:\Users\obeng\.cursor\extensions\redhat.java-1.43.1-win32-x64\server\plugins\org.eclipse.equinox.launcher_1.7.0.v20250519-0528.jar -configuration c:\Users\obeng\AppData\Roaming\Cursor\User\globalStorage\redhat.java\1.43.1\config_win -data c:\Users\obeng\AppData\Roaming\Cursor\User\workspaceStorage\4be39bfb5b72430ab5bd4ea52db2d53c\redhat.java\jdt_ws --pipe=\\.\pipe\lsp-daf0c130123108d0181523364093e7b8-sock

Host: 12th Gen Intel(R) Core(TM) i3-1215U, 8 cores, 7G,  Windows 11 , 64 bit Build 22621 (10.0.22621.5415)
Time: Wed Jul 16 23:16:28 2025 Greenwich Standard Time elapsed time: 362.271156 seconds (0d 0h 6m 2s)

---------------  T H R E A D  ---------------

Current thread (0x000001f71ee1f5d0):  JavaThread "C2 CompilerThread0" daemon [_thread_in_native, id=12928, stack(0x00000038d5700000,0x00000038d5800000) (1024K)]


Current CompileTask:
C2:362271 13032  s!   4       org.eclipse.jdt.internal.core.index.DiskIndex::readCategoryTable (743 bytes)

Stack: [0x00000038d5700000,0x00000038d5800000]
Native frames: (J=compiled Java code, j=interpreted, Vv=VM code, C=native code)
V  [jvm.dll+0x6ce119]
V  [jvm.dll+0x8a84a1]
V  [jvm.dll+0x8aa9ce]
V  [jvm.dll+0x8ab0b3]
V  [jvm.dll+0x27f8a6]
V  [jvm.dll+0xc507d]
V  [jvm.dll+0xc55b3]
V  [jvm.dll+0x2f2c6d]
V  [jvm.dll+0x5f6bca]
V  [jvm.dll+0x250cb2]
V  [jvm.dll+0x25106f]
V  [jvm.dll+0x249934]
V  [jvm.dll+0x246fc4]
V  [jvm.dll+0x1c760e]
V  [jvm.dll+0x25695a]
V  [jvm.dll+0x254efa]
V  [jvm.dll+0x3f03f6]
V  [jvm.dll+0x851f6b]
V  [jvm.dll+0x6cc7dd]
C  [ucrtbase.dll+0x29333]
C  [KERNEL32.DLL+0x1259d]
C  [ntdll.dll+0x5af78]


---------------  P R O C E S S  ---------------

Threads class SMR info:
_java_thread_list=0x000001f773db11c0, length=42, elements={
0x000001f7083b0de0, 0x000001f70846d650, 0x000001f71ee13fd0, 0x000001f71ee17980,
0x000001f71ee18010, 0x000001f71ee193c0, 0x000001f71ee165d0, 0x000001f71ee1f5d0,
0x000001f7617b15f0, 0x000001f71ee186a0, 0x000001f71ee18d30, 0x000001f71ee19a50,
0x000001f71ee16c60, 0x000001f766505230, 0x000001f7664ffce0, 0x000001f7665058c0,
0x000001f766502440, 0x000001f7665037f0, 0x000001f7665065e0, 0x000001f766500370,
0x000001f766504ba0, 0x000001f766503160, 0x000001f766503e80, 0x000001f766501090,
0x000001f766504510, 0x000001f766501720, 0x000001f766501db0, 0x000001f769cf66f0,
0x000001f769cf7410, 0x000001f769cf6d80, 0x000001f769cf4cb0, 0x000001f769cf5340,
0x000001f769cf8130, 0x000001f769cf9b70, 0x000001f769cf59d0, 0x000001f769cfa200,
0x000001f769cfa890, 0x000001f768f79870, 0x000001f768f763f0, 0x000001f768f756d0,
0x000001f768f749b0, 0x000001f768f7ac20
}

Java Threads: ( => current thread )
  0x000001f7083b0de0 JavaThread "main"                              [_thread_blocked, id=16732, stack(0x00000038d4d00000,0x00000038d4e00000) (1024K)]
  0x000001f70846d650 JavaThread "Reference Handler"          daemon [_thread_blocked, id=10724, stack(0x00000038d5100000,0x00000038d5200000) (1024K)]
  0x000001f71ee13fd0 JavaThread "Finalizer"                  daemon [_thread_blocked, id=16436, stack(0x00000038d5200000,0x00000038d5300000) (1024K)]
  0x000001f71ee17980 JavaThread "Signal Dispatcher"          daemon [_thread_blocked, id=9180, stack(0x00000038d5300000,0x00000038d5400000) (1024K)]
  0x000001f71ee18010 JavaThread "Attach Listener"            daemon [_thread_blocked, id=3920, stack(0x00000038d5400000,0x00000038d5500000) (1024K)]
  0x000001f71ee193c0 JavaThread "Service Thread"             daemon [_thread_blocked, id=9120, stack(0x00000038d5500000,0x00000038d5600000) (1024K)]
  0x000001f71ee165d0 JavaThread "Monitor Deflation Thread"   daemon [_thread_blocked, id=14568, stack(0x00000038d5600000,0x00000038d5700000) (1024K)]
=>0x000001f71ee1f5d0 JavaThread "C2 CompilerThread0"         daemon [_thread_in_native, id=12928, stack(0x00000038d5700000,0x00000038d5800000) (1024K)]
  0x000001f7617b15f0 JavaThread "C1 CompilerThread0"         daemon [_thread_blocked, id=17640, stack(0x00000038d5800000,0x00000038d5900000) (1024K)]
  0x000001f71ee186a0 JavaThread "Common-Cleaner"             daemon [_thread_blocked, id=11016, stack(0x00000038d5900000,0x00000038d5a00000) (1024K)]
  0x000001f71ee18d30 JavaThread "Notification Thread"        daemon [_thread_blocked, id=1456, stack(0x00000038d5b00000,0x00000038d5c00000) (1024K)]
  0x000001f71ee19a50 JavaThread "Active Thread: Equinox Container: 78555fa8-1abe-457d-b6d6-26fcfdd607ac"        [_thread_blocked, id=15324, stack(0x00000038d6200000,0x00000038d6300000) (1024K)]
  0x000001f71ee16c60 JavaThread "Refresh Thread: Equinox Container: 78555fa8-1abe-457d-b6d6-26fcfdd607ac" daemon [_thread_blocked, id=12460, stack(0x00000038d5a00000,0x00000038d5b00000) (1024K)]
  0x000001f766505230 JavaThread "Framework Event Dispatcher: Equinox Container: 78555fa8-1abe-457d-b6d6-26fcfdd607ac" daemon [_thread_blocked, id=13944, stack(0x00000038d6400000,0x00000038d6500000) (1024K)]
  0x000001f7664ffce0 JavaThread "Start Level: Equinox Container: 78555fa8-1abe-457d-b6d6-26fcfdd607ac" daemon [_thread_blocked, id=18148, stack(0x00000038d6500000,0x00000038d6600000) (1024K)]
  0x000001f7665058c0 JavaThread "Bundle File Closer"         daemon [_thread_blocked, id=16564, stack(0x00000038d6700000,0x00000038d6800000) (1024K)]
  0x000001f766502440 JavaThread "SCR Component Actor"        daemon [_thread_blocked, id=17908, stack(0x00000038d6600000,0x00000038d6700000) (1024K)]
  0x000001f7665037f0 JavaThread "Worker-JM"                         [_thread_blocked, id=10152, stack(0x00000038d6a00000,0x00000038d6b00000) (1024K)]
  0x000001f7665065e0 JavaThread "JNA Cleaner"                daemon [_thread_blocked, id=3504, stack(0x00000038d6b00000,0x00000038d6c00000) (1024K)]
  0x000001f766500370 JavaThread "Worker-1"                          [_thread_blocked, id=13008, stack(0x00000038d6d00000,0x00000038d6e00000) (1024K)]
  0x000001f766504ba0 JavaThread "Java indexing"              daemon [_thread_blocked, id=17776, stack(0x00000038d6f00000,0x00000038d7000000) (1024K)]
  0x000001f766503160 JavaThread "Thread-2"                   daemon [_thread_in_native, id=19808, stack(0x00000038d7400000,0x00000038d7500000) (1024K)]
  0x000001f766503e80 JavaThread "Thread-3"                   daemon [_thread_in_native, id=10232, stack(0x00000038d7500000,0x00000038d7600000) (1024K)]
  0x000001f766501090 JavaThread "Thread-4"                   daemon [_thread_in_native, id=2364, stack(0x00000038d7600000,0x00000038d7700000) (1024K)]
  0x000001f766504510 JavaThread "Thread-5"                   daemon [_thread_in_native, id=19232, stack(0x00000038d7700000,0x00000038d7800000) (1024K)]
  0x000001f766501720 JavaThread "Thread-6"                   daemon [_thread_in_native, id=1948, stack(0x00000038d7800000,0x00000038d7900000) (1024K)]
  0x000001f766501db0 JavaThread "Thread-7"                   daemon [_thread_in_native, id=10300, stack(0x00000038d7900000,0x00000038d7a00000) (1024K)]
  0x000001f769cf66f0 JavaThread "Thread-8"                   daemon [_thread_in_native, id=12892, stack(0x00000038d7a00000,0x00000038d7b00000) (1024K)]
  0x000001f769cf7410 JavaThread "Thread-9"                   daemon [_thread_in_native, id=3932, stack(0x00000038d7b00000,0x00000038d7c00000) (1024K)]
  0x000001f769cf6d80 JavaThread "Thread-10"                  daemon [_thread_in_native, id=7176, stack(0x00000038d7c00000,0x00000038d7d00000) (1024K)]
  0x000001f769cf4cb0 JavaThread "pool-2-thread-1"                   [_thread_blocked, id=14812, stack(0x00000038d7d00000,0x00000038d7e00000) (1024K)]
  0x000001f769cf5340 JavaThread "WorkspaceEventsHandler"            [_thread_blocked, id=14308, stack(0x00000038d7e00000,0x00000038d7f00000) (1024K)]
  0x000001f769cf8130 JavaThread "pool-1-thread-1"                   [_thread_blocked, id=14608, stack(0x00000038d7f00000,0x00000038d8000000) (1024K)]
  0x000001f769cf9b70 JavaThread "Worker-5"                          [_thread_blocked, id=1580, stack(0x00000038d8100000,0x00000038d8200000) (1024K)]
  0x000001f769cf59d0 JavaThread "LocalFile Deleter"          daemon [_thread_blocked, id=18208, stack(0x00000038d8300000,0x00000038d8400000) (1024K)]
  0x000001f769cfa200 JavaThread "LocalFile Deleter"          daemon [_thread_blocked, id=12524, stack(0x00000038d8600000,0x00000038d8700000) (1024K)]
  0x000001f769cfa890 JavaThread "LocalFile Deleter"          daemon [_thread_blocked, id=14428, stack(0x00000038d8700000,0x00000038d8800000) (1024K)]
  0x000001f768f79870 JavaThread "ForkJoinPool.commonPool-worker-1" daemon [_thread_blocked, id=6864, stack(0x00000038d6900000,0x00000038d6a00000) (1024K)]
  0x000001f768f763f0 JavaThread "ForkJoinPool.commonPool-worker-5" daemon [_thread_blocked, id=11680, stack(0x00000038d9800000,0x00000038d9900000) (1024K)]
  0x000001f768f756d0 JavaThread "Worker-6"                          [_thread_blocked, id=13712, stack(0x00000038d4b00000,0x00000038d4c00000) (1024K)]
  0x000001f768f749b0 JavaThread "Compiler Source File Reader" daemon [_thread_blocked, id=5688, stack(0x00000038d4c00000,0x00000038d4d00000) (1024K)]
  0x000001f768f7ac20 JavaThread "Compiler Processing Task"   daemon [_thread_blocked, id=14840, stack(0x00000038d6800000,0x00000038d6900000) (1024K)]
Total: 42

Other Threads:
  0x000001f70844f910 VMThread "VM Thread"                           [id=19148, stack(0x00000038d5000000,0x00000038d5100000) (1024K)]
  0x000001f71ed2ca00 WatcherThread "VM Periodic Task Thread"        [id=10492, stack(0x00000038d4f00000,0x00000038d5000000) (1024K)]
  0x000001f7083cdeb0 WorkerThread "GC Thread#0"                     [id=7944, stack(0x00000038d4e00000,0x00000038d4f00000) (1024K)]
  0x000001f766181260 WorkerThread "GC Thread#1"                     [id=15428, stack(0x00000038d5c00000,0x00000038d5d00000) (1024K)]
  0x000001f7661e8fa0 WorkerThread "GC Thread#2"                     [id=14080, stack(0x00000038d5d00000,0x00000038d5e00000) (1024K)]
  0x000001f7661e9340 WorkerThread "GC Thread#3"                     [id=9760, stack(0x00000038d5e00000,0x00000038d5f00000) (1024K)]
  0x000001f7661e96e0 WorkerThread "GC Thread#4"                     [id=18632, stack(0x00000038d5f00000,0x00000038d6000000) (1024K)]
  0x000001f7668002f0 WorkerThread "GC Thread#5"                     [id=8856, stack(0x00000038d6000000,0x00000038d6100000) (1024K)]
  0x000001f766800690 WorkerThread "GC Thread#6"                     [id=13788, stack(0x00000038d6100000,0x00000038d6200000) (1024K)]
  0x000001f761aa4ea0 WorkerThread "GC Thread#7"                     [id=18712, stack(0x00000038d6300000,0x00000038d6400000) (1024K)]
Total: 10

Threads with active compile tasks:
C2 CompilerThread0  362368 13032  s!   4       org.eclipse.jdt.internal.core.index.DiskIndex::readCategoryTable (743 bytes)
Total: 1

VM state: at safepoint (normal execution)

VM Mutex/Monitor currently owned by a thread:  ([mutex/lock_event])
[0x00007ffee941e308] Threads_lock - owner thread: 0x000001f70844f910
[0x00007ffee941e408] Heap_lock - owner thread: 0x000001f766504ba0

Heap address: 0x0000000080000000, size: 2048 MB, Compressed Oops mode: 32-bit

CDS archive(s) mapped at: [0x000001f71f000000-0x000001f71fba0000-0x000001f71fba0000), size 12189696, SharedBaseAddress: 0x000001f71f000000, ArchiveRelocationMode: 1.
Compressed class space mapped at: 0x000001f720000000-0x000001f760000000, reserved size: 1073741824
Narrow klass base: 0x000001f71f000000, Narrow klass shift: 0, Narrow klass range: 0x100000000

GC Precious Log:
 CardTable entry size: 512
 CPUs: 8 total, 8 available
 Memory: 7865M
 Large Page Support: Disabled
 NUMA Support: Disabled
 Compressed Oops: Enabled (32-bit)
 Alignments: Space 512K, Generation 512K, Heap 2M
 Heap Min Capacity: 100M
 Heap Initial Capacity: 100M
 Heap Max Capacity: 2G
 Pre-touch: Disabled
 Parallel Workers: 8

Heap:
 PSYoungGen      total 4608K, used 4608K [0x00000000d5580000, 0x00000000d6100000, 0x0000000100000000)
  eden space 2560K, 100% used [0x00000000d5580000,0x00000000d5800000,0x00000000d5800000)
  from space 2048K, 100% used [0x00000000d5800000,0x00000000d5a00000,0x00000000d5a00000)
  to   space 4608K, 41% used [0x00000000d5c80000,0x00000000d5e60000,0x00000000d6100000)
 ParOldGen       total 853504K, used 853313K [0x0000000080000000, 0x00000000b4180000, 0x00000000d5580000)
  object space 853504K, 99% used [0x0000000080000000,0x00000000b4150558,0x00000000b4180000)
 Metaspace       used 65649K, committed 67072K, reserved 1114112K
  class space    used 6766K, committed 7424K, reserved 1048576K

Card table byte_map: [0x000001f707d50000,0x000001f708160000] _byte_map_base: 0x000001f707950000

Marking Bits: (ParMarkBitMap*) 0x00007ffee94231f0
 Begin Bits: [0x000001f71a850000, 0x000001f71c850000)
 End Bits:   [0x000001f71c850000, 0x000001f71e850000)

Polling page: 0x000001f706390000

Metaspace:

Usage:
  Non-class:     57.50 MB used.
      Class:      6.61 MB used.
       Both:     64.11 MB used.

Virtual space:
  Non-class space:       64.00 MB reserved,      58.25 MB ( 91%) committed,  1 nodes.
      Class space:        1.00 GB reserved,       7.25 MB ( <1%) committed,  1 nodes.
             Both:        1.06 GB reserved,      65.50 MB (  6%) committed. 

Chunk freelists:
   Non-Class:  5.62 MB
       Class:  8.75 MB
        Both:  14.38 MB

MaxMetaspaceSize: unlimited
CompressedClassSpaceSize: 1.00 GB
Initial GC threshold: 21.00 MB
Current GC threshold: 97.31 MB
CDS: on
 - commit_granule_bytes: 65536.
 - commit_granule_words: 8192.
 - virtual_space_node_default_size: 8388608.
 - enlarge_chunks_in_place: 1.
 - use_allocation_guard: 0.


Internal statistics:

num_allocs_failed_limit: 9.
num_arena_births: 1252.
num_arena_deaths: 14.
num_vsnodes_births: 2.
num_vsnodes_deaths: 0.
num_space_committed: 1048.
num_space_uncommitted: 0.
num_chunks_returned_to_freelist: 23.
num_chunks_taken_from_freelist: 4398.
num_chunk_merges: 10.
num_chunk_splits: 2684.
num_chunks_enlarged: 1479.
num_inconsistent_stats: 0.

CodeHeap 'non-profiled nmethods': size=120000Kb used=10496Kb max_used=10496Kb free=109503Kb
 bounds [0x000001f713070000, 0x000001f713ac0000, 0x000001f71a5a0000]
CodeHeap 'profiled nmethods': size=120000Kb used=28009Kb max_used=28009Kb free=91991Kb
 bounds [0x000001f70b5a0000, 0x000001f70d100000, 0x000001f712ad0000]
CodeHeap 'non-nmethods': size=5760Kb used=1430Kb max_used=1498Kb free=4329Kb
 bounds [0x000001f712ad0000, 0x000001f712d40000, 0x000001f713070000]
 total_blobs=12996 nmethods=12250 adapters=652
 compilation: enabled
              stopped_count=0, restarted_count=0
 full_count=0

Compilation events (20 events):
Event: 361.947 Thread 0x000001f7617b15f0 nmethod 13029 0x000001f70d0ecc90 code [0x000001f70d0ece80, 0x000001f70d0ed368]
Event: 361.951 Thread 0x000001f7617b15f0 13030  s!   3       org.eclipse.jdt.internal.core.search.indexing.ReadWriteMonitor::enterRead (29 bytes)
Event: 361.951 Thread 0x000001f7617b15f0 nmethod 13030 0x000001f70d0ed510 code [0x000001f70d0ed6e0, 0x000001f70d0eda48]
Event: 361.951 Thread 0x000001f7617b15f0 13031  s    3       org.eclipse.jdt.internal.core.search.indexing.ReadWriteMonitor::exitRead (19 bytes)
Event: 361.952 Thread 0x000001f7617b15f0 nmethod 13031 0x000001f70d0edb90 code [0x000001f70d0edd40, 0x000001f70d0edf70]
Event: 361.959 Thread 0x000001f71ee1f5d0 13032  s!   4       org.eclipse.jdt.internal.core.index.DiskIndex::readCategoryTable (743 bytes)
Event: 362.112 Thread 0x000001f7617b15f0 13035       3       lombok.launch.ShadowClassLoader::partOfShadow (46 bytes)
Event: 362.113 Thread 0x000001f7617b15f0 nmethod 13035 0x000001f70d0ee010 code [0x000001f70d0ee200, 0x000001f70d0ee5e8]
Event: 362.151 Thread 0x000001f7617b15f0 13036   !   3       sun.net.www.protocol.jar.JarFileFactory::close (46 bytes)
Event: 362.151 Thread 0x000001f7617b15f0 nmethod 13036 0x000001f70d0ee790 code [0x000001f70d0ee980, 0x000001f70d0eee88]
Event: 362.196 Thread 0x000001f7617b15f0 13037       3       java.util.regex.Pattern::escape (1310 bytes)
Event: 362.205 Thread 0x000001f7617b15f0 nmethod 13037 0x000001f70d0ef090 code [0x000001f70d0efb60, 0x000001f70d0f5ec8]
Event: 362.205 Thread 0x000001f7617b15f0 13040       3       org.eclipse.core.internal.resources.ProjectPreferences::nodeExists (124 bytes)
Event: 362.207 Thread 0x000001f7617b15f0 nmethod 13040 0x000001f70d0f7610 code [0x000001f70d0f79e0, 0x000001f70d0f9190]
Event: 362.207 Thread 0x000001f7617b15f0 13039       3       org.eclipse.lsp4j.jsonrpc.util.Preconditions::checkNotNull (26 bytes)
Event: 362.208 Thread 0x000001f7617b15f0 nmethod 13039 0x000001f70d0f9990 code [0x000001f70d0f9b60, 0x000001f70d0f9e00]
Event: 362.208 Thread 0x000001f7617b15f0 13042   !   3       org.eclipse.core.internal.jobs.InternalJob::setRunCanceled (43 bytes)
Event: 362.208 Thread 0x000001f7617b15f0 nmethod 13042 0x000001f70d0f9f10 code [0x000001f70d0fa0c0, 0x000001f70d0fa328]
Event: 362.208 Thread 0x000001f7617b15f0 13038       1       org.eclipse.core.internal.events.ResourceChangeEvent::getType (5 bytes)
Event: 362.208 Thread 0x000001f7617b15f0 nmethod 13038 0x000001f713aaff10 code [0x000001f713ab00a0, 0x000001f713ab0168]

GC Heap History (20 events):
Event: 362.041 GC heap before
{Heap before GC invocations=1243 (full 3):
 PSYoungGen      total 2048K, used 1301K [0x00000000d5580000, 0x00000000d5980000, 0x0000000100000000)
  eden space 1536K, 65% used [0x00000000d5580000,0x00000000d567d610,0x00000000d5700000)
  from space 512K, 56% used [0x00000000d5880000,0x00000000d58c8010,0x00000000d5900000)
  to   space 512K, 0% used [0x00000000d5900000,0x00000000d5900000,0x00000000d5980000)
 ParOldGen       total 839680K, used 838749K [0x0000000080000000, 0x00000000b3400000, 0x00000000d5580000)
  object space 839680K, 99% used [0x0000000080000000,0x00000000b3317598,0x00000000b3400000)
 Metaspace       used 65499K, committed 66944K, reserved 1114112K
  class space    used 6764K, committed 7424K, reserved 1048576K
}
Event: 362.045 GC heap after
{Heap after GC invocations=1243 (full 3):
 PSYoungGen      total 2048K, used 192K [0x00000000d5580000, 0x00000000d5980000, 0x0000000100000000)
  eden space 1536K, 0% used [0x00000000d5580000,0x00000000d5580000,0x00000000d5700000)
  from space 512K, 37% used [0x00000000d5900000,0x00000000d5930000,0x00000000d5980000)
  to   space 512K, 0% used [0x00000000d5880000,0x00000000d5880000,0x00000000d5900000)
 ParOldGen       total 839680K, used 838813K [0x0000000080000000, 0x00000000b3400000, 0x00000000d5580000)
  object space 839680K, 99% used [0x0000000080000000,0x00000000b3327598,0x00000000b3400000)
 Metaspace       used 65499K, committed 66944K, reserved 1114112K
  class space    used 6764K, committed 7424K, reserved 1048576K
}
Event: 362.049 GC heap before
{Heap before GC invocations=1244 (full 3):
 PSYoungGen      total 2048K, used 1727K [0x00000000d5580000, 0x00000000d5980000, 0x0000000100000000)
  eden space 1536K, 99% used [0x00000000d5580000,0x00000000d56fffe8,0x00000000d5700000)
  from space 512K, 37% used [0x00000000d5900000,0x00000000d5930000,0x00000000d5980000)
  to   space 512K, 0% used [0x00000000d5880000,0x00000000d5880000,0x00000000d5900000)
 ParOldGen       total 839680K, used 838813K [0x0000000080000000, 0x00000000b3400000, 0x00000000d5580000)
  object space 839680K, 99% used [0x0000000080000000,0x00000000b3327598,0x00000000b3400000)
 Metaspace       used 65499K, committed 66944K, reserved 1114112K
  class space    used 6764K, committed 7424K, reserved 1048576K
}
Event: 362.052 GC heap after
{Heap after GC invocations=1244 (full 3):
 PSYoungGen      total 2048K, used 448K [0x00000000d5580000, 0x00000000d5980000, 0x0000000100000000)
  eden space 1536K, 0% used [0x00000000d5580000,0x00000000d5580000,0x00000000d5700000)
  from space 512K, 87% used [0x00000000d5880000,0x00000000d58f0000,0x00000000d5900000)
  to   space 512K, 0% used [0x00000000d5900000,0x00000000d5900000,0x00000000d5980000)
 ParOldGen       total 840704K, used 840031K [0x0000000080000000, 0x00000000b3500000, 0x00000000d5580000)
  object space 840704K, 99% used [0x0000000080000000,0x00000000b3457f68,0x00000000b3500000)
 Metaspace       used 65499K, committed 66944K, reserved 1114112K
  class space    used 6764K, committed 7424K, reserved 1048576K
}
Event: 362.066 GC heap before
{Heap before GC invocations=1245 (full 3):
 PSYoungGen      total 2048K, used 1984K [0x00000000d5580000, 0x00000000d5980000, 0x0000000100000000)
  eden space 1536K, 100% used [0x00000000d5580000,0x00000000d5700000,0x00000000d5700000)
  from space 512K, 87% used [0x00000000d5880000,0x00000000d58f0000,0x00000000d5900000)
  to   space 512K, 0% used [0x00000000d5900000,0x00000000d5900000,0x00000000d5980000)
 ParOldGen       total 840704K, used 840031K [0x0000000080000000, 0x00000000b3500000, 0x00000000d5580000)
  object space 840704K, 99% used [0x0000000080000000,0x00000000b3457f68,0x00000000b3500000)
 Metaspace       used 65580K, committed 67008K, reserved 1114112K
  class space    used 6764K, committed 7424K, reserved 1048576K
}
Event: 362.070 GC heap after
{Heap after GC invocations=1245 (full 3):
 PSYoungGen      total 2048K, used 512K [0x00000000d5580000, 0x00000000d5b00000, 0x0000000100000000)
  eden space 1536K, 0% used [0x00000000d5580000,0x00000000d5580000,0x00000000d5700000)
  from space 512K, 100% used [0x00000000d5900000,0x00000000d5980000,0x00000000d5980000)
  to   space 2048K, 0% used [0x00000000d5700000,0x00000000d5700000,0x00000000d5900000)
 ParOldGen       total 841216K, used 840983K [0x0000000080000000, 0x00000000b3580000, 0x00000000d5580000)
  object space 841216K, 99% used [0x0000000080000000,0x00000000b3545f78,0x00000000b3580000)
 Metaspace       used 65580K, committed 67008K, reserved 1114112K
  class space    used 6764K, committed 7424K, reserved 1048576K
}
Event: 362.082 GC heap before
{Heap before GC invocations=1246 (full 3):
 PSYoungGen      total 2048K, used 2048K [0x00000000d5580000, 0x00000000d5b00000, 0x0000000100000000)
  eden space 1536K, 100% used [0x00000000d5580000,0x00000000d5700000,0x00000000d5700000)
  from space 512K, 100% used [0x00000000d5900000,0x00000000d5980000,0x00000000d5980000)
  to   space 2048K, 0% used [0x00000000d5700000,0x00000000d5700000,0x00000000d5900000)
 ParOldGen       total 841216K, used 840983K [0x0000000080000000, 0x00000000b3580000, 0x00000000d5580000)
  object space 841216K, 99% used [0x0000000080000000,0x00000000b3545f78,0x00000000b3580000)
 Metaspace       used 65580K, committed 67008K, reserved 1114112K
  class space    used 6764K, committed 7424K, reserved 1048576K
}
Event: 362.085 GC heap after
{Heap after GC invocations=1246 (full 3):
 PSYoungGen      total 3584K, used 1568K [0x00000000d5580000, 0x00000000d5b00000, 0x0000000100000000)
  eden space 1536K, 0% used [0x00000000d5580000,0x00000000d5580000,0x00000000d5700000)
  from space 2048K, 76% used [0x00000000d5700000,0x00000000d5888000,0x00000000d5900000)
  to   space 2048K, 0% used [0x00000000d5900000,0x00000000d5900000,0x00000000d5b00000)
 ParOldGen       total 841728K, used 841527K [0x0000000080000000, 0x00000000b3600000, 0x00000000d5580000)
  object space 841728K, 99% used [0x0000000080000000,0x00000000b35cdf78,0x00000000b3600000)
 Metaspace       used 65580K, committed 67008K, reserved 1114112K
  class space    used 6764K, committed 7424K, reserved 1048576K
}
Event: 362.096 GC heap before
{Heap before GC invocations=1247 (full 3):
 PSYoungGen      total 3584K, used 3104K [0x00000000d5580000, 0x00000000d5b00000, 0x0000000100000000)
  eden space 1536K, 100% used [0x00000000d5580000,0x00000000d5700000,0x00000000d5700000)
  from space 2048K, 76% used [0x00000000d5700000,0x00000000d5888000,0x00000000d5900000)
  to   space 2048K, 0% used [0x00000000d5900000,0x00000000d5900000,0x00000000d5b00000)
 ParOldGen       total 841728K, used 841527K [0x0000000080000000, 0x00000000b3600000, 0x00000000d5580000)
  object space 841728K, 99% used [0x0000000080000000,0x00000000b35cdf78,0x00000000b3600000)
 Metaspace       used 65580K, committed 67008K, reserved 1114112K
  class space    used 6764K, committed 7424K, reserved 1048576K
}
Event: 362.102 GC heap after
{Heap after GC invocations=1247 (full 3):
 PSYoungGen      total 3584K, used 1600K [0x00000000d5580000, 0x00000000d5b80000, 0x0000000100000000)
  eden space 1536K, 0% used [0x00000000d5580000,0x00000000d5580000,0x00000000d5700000)
  from space 2048K, 78% used [0x00000000d5900000,0x00000000d5a90000,0x00000000d5b00000)
  to   space 2048K, 0% used [0x00000000d5700000,0x00000000d5700000,0x00000000d5900000)
 ParOldGen       total 843264K, used 843039K [0x0000000080000000, 0x00000000b3780000, 0x00000000d5580000)
  object space 843264K, 99% used [0x0000000080000000,0x00000000b3747f78,0x00000000b3780000)
 Metaspace       used 65580K, committed 67008K, reserved 1114112K
  class space    used 6764K, committed 7424K, reserved 1048576K
}
Event: 362.116 GC heap before
{Heap before GC invocations=1248 (full 3):
 PSYoungGen      total 3584K, used 3136K [0x00000000d5580000, 0x00000000d5b80000, 0x0000000100000000)
  eden space 1536K, 100% used [0x00000000d5580000,0x00000000d5700000,0x00000000d5700000)
  from space 2048K, 78% used [0x00000000d5900000,0x00000000d5a90000,0x00000000d5b00000)
  to   space 2048K, 0% used [0x00000000d5700000,0x00000000d5700000,0x00000000d5900000)
 ParOldGen       total 843264K, used 843039K [0x0000000080000000, 0x00000000b3780000, 0x00000000d5580000)
  object space 843264K, 99% used [0x0000000080000000,0x00000000b3747f78,0x00000000b3780000)
 Metaspace       used 65582K, committed 67008K, reserved 1114112K
  class space    used 6764K, committed 7424K, reserved 1048576K
}
Event: 362.122 GC heap after
{Heap after GC invocations=1248 (full 3):
 PSYoungGen      total 3584K, used 1568K [0x00000000d5580000, 0x00000000d5b80000, 0x0000000100000000)
  eden space 1536K, 0% used [0x00000000d5580000,0x00000000d5580000,0x00000000d5700000)
  from space 2048K, 76% used [0x00000000d5700000,0x00000000d5888000,0x00000000d5900000)
  to   space 2048K, 0% used [0x00000000d5980000,0x00000000d5980000,0x00000000d5b80000)
 ParOldGen       total 844800K, used 844535K [0x0000000080000000, 0x00000000b3900000, 0x00000000d5580000)
  object space 844800K, 99% used [0x0000000080000000,0x00000000b38bdf78,0x00000000b3900000)
 Metaspace       used 65582K, committed 67008K, reserved 1114112K
  class space    used 6764K, committed 7424K, reserved 1048576K
}
Event: 362.133 GC heap before
{Heap before GC invocations=1249 (full 3):
 PSYoungGen      total 3584K, used 3104K [0x00000000d5580000, 0x00000000d5b80000, 0x0000000100000000)
  eden space 1536K, 100% used [0x00000000d5580000,0x00000000d5700000,0x00000000d5700000)
  from space 2048K, 76% used [0x00000000d5700000,0x00000000d5888000,0x00000000d5900000)
  to   space 2048K, 0% used [0x00000000d5980000,0x00000000d5980000,0x00000000d5b80000)
 ParOldGen       total 844800K, used 844535K [0x0000000080000000, 0x00000000b3900000, 0x00000000d5580000)
  object space 844800K, 99% used [0x0000000080000000,0x00000000b38bdf78,0x00000000b3900000)
 Metaspace       used 65582K, committed 67008K, reserved 1114112K
  class space    used 6764K, committed 7424K, reserved 1048576K
}
Event: 362.139 GC heap after
{Heap after GC invocations=1249 (full 3):
 PSYoungGen      total 4096K, used 1600K [0x00000000d5580000, 0x00000000d5b80000, 0x0000000100000000)
  eden space 2048K, 0% used [0x00000000d5580000,0x00000000d5580000,0x00000000d5780000)
  from space 2048K, 78% used [0x00000000d5980000,0x00000000d5b10000,0x00000000d5b80000)
  to   space 2048K, 0% used [0x00000000d5780000,0x00000000d5780000,0x00000000d5980000)
 ParOldGen       total 846336K, used 846039K [0x0000000080000000, 0x00000000b3a80000, 0x00000000d5580000)
  object space 846336K, 99% used [0x0000000080000000,0x00000000b3a35f78,0x00000000b3a80000)
 Metaspace       used 65582K, committed 67008K, reserved 1114112K
  class space    used 6764K, committed 7424K, reserved 1048576K
}
Event: 362.156 GC heap before
{Heap before GC invocations=1250 (full 3):
 PSYoungGen      total 4096K, used 3648K [0x00000000d5580000, 0x00000000d5b80000, 0x0000000100000000)
  eden space 2048K, 100% used [0x00000000d5580000,0x00000000d5780000,0x00000000d5780000)
  from space 2048K, 78% used [0x00000000d5980000,0x00000000d5b10000,0x00000000d5b80000)
  to   space 2048K, 0% used [0x00000000d5780000,0x00000000d5780000,0x00000000d5980000)
 ParOldGen       total 846336K, used 846039K [0x0000000080000000, 0x00000000b3a80000, 0x00000000d5580000)
  object space 846336K, 99% used [0x0000000080000000,0x00000000b3a35f78,0x00000000b3a80000)
 Metaspace       used 65599K, committed 67072K, reserved 1114112K
  class space    used 6765K, committed 7424K, reserved 1048576K
}
Event: 362.160 GC heap after
{Heap after GC invocations=1250 (full 3):
 PSYoungGen      total 4096K, used 1941K [0x00000000d5580000, 0x00000000d5c00000, 0x0000000100000000)
  eden space 2048K, 0% used [0x00000000d5580000,0x00000000d5580000,0x00000000d5780000)
  from space 2048K, 94% used [0x00000000d5780000,0x00000000d59657e0,0x00000000d5980000)
  to   space 2048K, 0% used [0x00000000d5a00000,0x00000000d5a00000,0x00000000d5c00000)
 ParOldGen       total 847872K, used 847527K [0x0000000080000000, 0x00000000b3c00000, 0x00000000d5580000)
  object space 847872K, 99% used [0x0000000080000000,0x00000000b3ba9f78,0x00000000b3c00000)
 Metaspace       used 65599K, committed 67072K, reserved 1114112K
  class space    used 6765K, committed 7424K, reserved 1048576K
}
Event: 362.177 GC heap before
{Heap before GC invocations=1251 (full 3):
 PSYoungGen      total 4096K, used 3989K [0x00000000d5580000, 0x00000000d5c00000, 0x0000000100000000)
  eden space 2048K, 100% used [0x00000000d5580000,0x00000000d5780000,0x00000000d5780000)
  from space 2048K, 94% used [0x00000000d5780000,0x00000000d59657e0,0x00000000d5980000)
  to   space 2048K, 0% used [0x00000000d5a00000,0x00000000d5a00000,0x00000000d5c00000)
 ParOldGen       total 847872K, used 847527K [0x0000000080000000, 0x00000000b3c00000, 0x00000000d5580000)
  object space 847872K, 99% used [0x0000000080000000,0x00000000b3ba9f90,0x00000000b3c00000)
 Metaspace       used 65638K, committed 67072K, reserved 1114112K
  class space    used 6766K, committed 7424K, reserved 1048576K
}
Event: 362.181 GC heap after
{Heap after GC invocations=1251 (full 3):
 PSYoungGen      total 4608K, used 2016K [0x00000000d5580000, 0x00000000d5c00000, 0x0000000100000000)
  eden space 2560K, 0% used [0x00000000d5580000,0x00000000d5580000,0x00000000d5800000)
  from space 2048K, 98% used [0x00000000d5a00000,0x00000000d5bf8010,0x00000000d5c00000)
  to   space 2048K, 0% used [0x00000000d5800000,0x00000000d5800000,0x00000000d5a00000)
 ParOldGen       total 849408K, used 849287K [0x0000000080000000, 0x00000000b3d80000, 0x00000000d5580000)
  object space 849408K, 99% used [0x0000000080000000,0x00000000b3d61f90,0x00000000b3d80000)
 Metaspace       used 65638K, committed 67072K, reserved 1114112K
  class space    used 6766K, committed 7424K, reserved 1048576K
}
Event: 362.228 GC heap before
{Heap before GC invocations=1252 (full 3):
 PSYoungGen      total 4608K, used 4576K [0x00000000d5580000, 0x00000000d5c00000, 0x0000000100000000)
  eden space 2560K, 100% used [0x00000000d5580000,0x00000000d5800000,0x00000000d5800000)
  from space 2048K, 98% used [0x00000000d5a00000,0x00000000d5bf8010,0x00000000d5c00000)
  to   space 2048K, 0% used [0x00000000d5800000,0x00000000d5800000,0x00000000d5a00000)
 ParOldGen       total 849408K, used 849345K [0x0000000080000000, 0x00000000b3d80000, 0x00000000d5580000)
  object space 849408K, 99% used [0x0000000080000000,0x00000000b3d70558,0x00000000b3d80000)
 Metaspace       used 65649K, committed 67072K, reserved 1114112K
  class space    used 6766K, committed 7424K, reserved 1048576K
}
Event: 362.232 GC heap after
{Heap after GC invocations=1252 (full 3):
 PSYoungGen      total 4608K, used 2048K [0x00000000d5580000, 0x00000000d6100000, 0x0000000100000000)
  eden space 2560K, 0% used [0x00000000d5580000,0x00000000d5580000,0x00000000d5800000)
  from space 2048K, 100% used [0x00000000d5800000,0x00000000d5a00000,0x00000000d5a00000)
  to   space 4608K, 0% used [0x00000000d5c80000,0x00000000d5c80000,0x00000000d6100000)
 ParOldGen       total 851456K, used 851433K [0x0000000080000000, 0x00000000b3f80000, 0x00000000d5580000)
  object space 851456K, 99% used [0x0000000080000000,0x00000000b3f7a558,0x00000000b3f80000)
 Metaspace       used 65649K, committed 67072K, reserved 1114112K
  class space    used 6766K, committed 7424K, reserved 1048576K
}

Dll operation events (10 events):
Event: 0.041 Loaded shared library c:\Users\obeng\.cursor\extensions\redhat.java-1.43.1-win32-x64\jre\21.0.7-win32-x86_64\bin\java.dll
Event: 0.256 Loaded shared library c:\Users\obeng\.cursor\extensions\redhat.java-1.43.1-win32-x64\jre\21.0.7-win32-x86_64\bin\zip.dll
Event: 0.296 Loaded shared library C:\Users\obeng\.cursor\extensions\redhat.java-1.43.1-win32-x64\jre\21.0.7-win32-x86_64\bin\instrument.dll
Event: 0.306 Loaded shared library C:\Users\obeng\.cursor\extensions\redhat.java-1.43.1-win32-x64\jre\21.0.7-win32-x86_64\bin\net.dll
Event: 0.310 Loaded shared library C:\Users\obeng\.cursor\extensions\redhat.java-1.43.1-win32-x64\jre\21.0.7-win32-x86_64\bin\nio.dll
Event: 0.323 Loaded shared library C:\Users\obeng\.cursor\extensions\redhat.java-1.43.1-win32-x64\jre\21.0.7-win32-x86_64\bin\zip.dll
Event: 0.350 Loaded shared library C:\Users\obeng\.cursor\extensions\redhat.java-1.43.1-win32-x64\jre\21.0.7-win32-x86_64\bin\jimage.dll
Event: 0.509 Loaded shared library c:\Users\obeng\.cursor\extensions\redhat.java-1.43.1-win32-x64\jre\21.0.7-win32-x86_64\bin\verify.dll
Event: 10.346 Loaded shared library C:\Users\obeng\AppData\Roaming\Cursor\User\globalStorage\redhat.java\1.43.1\config_win\org.eclipse.equinox.launcher\org.eclipse.equinox.launcher.win32.win32.x86_64_1.2.1300.v20250331-1702\eclipse_11911.dll
Event: 24.048 Loaded shared library C:\Users\obeng\AppData\Local\Temp\jna-2331414\jna18268479441643313237.dll

Deoptimization events (20 events):
Event: 362.215 Thread 0x000001f766504ba0 DEOPT PACKING pc=0x000001f70d05bc73 sp=0x00000038d6ffeb50
Event: 362.215 Thread 0x000001f766504ba0 DEOPT UNPACKING pc=0x000001f712b24242 sp=0x00000038d6ffdfe8 mode 0
Event: 362.215 Thread 0x000001f766504ba0 DEOPT PACKING pc=0x000001f70d05bc73 sp=0x00000038d6ffeb50
Event: 362.215 Thread 0x000001f766504ba0 DEOPT UNPACKING pc=0x000001f712b24242 sp=0x00000038d6ffdfe8 mode 0
Event: 362.216 Thread 0x000001f766504ba0 DEOPT PACKING pc=0x000001f70d05bc73 sp=0x00000038d6ffeb50
Event: 362.216 Thread 0x000001f766504ba0 DEOPT UNPACKING pc=0x000001f712b24242 sp=0x00000038d6ffdfe8 mode 0
Event: 362.216 Thread 0x000001f766504ba0 DEOPT PACKING pc=0x000001f70d05bc73 sp=0x00000038d6ffeb50
Event: 362.216 Thread 0x000001f766504ba0 DEOPT UNPACKING pc=0x000001f712b24242 sp=0x00000038d6ffdfe8 mode 0
Event: 362.216 Thread 0x000001f766504ba0 DEOPT PACKING pc=0x000001f70d05bc73 sp=0x00000038d6ffeb50
Event: 362.217 Thread 0x000001f766504ba0 DEOPT UNPACKING pc=0x000001f712b24242 sp=0x00000038d6ffdfe8 mode 0
Event: 362.217 Thread 0x000001f766504ba0 DEOPT PACKING pc=0x000001f70d05bc73 sp=0x00000038d6ffeb50
Event: 362.217 Thread 0x000001f766504ba0 DEOPT UNPACKING pc=0x000001f712b24242 sp=0x00000038d6ffdfe8 mode 0
Event: 362.219 Thread 0x000001f766504ba0 DEOPT PACKING pc=0x000001f70d05bc73 sp=0x00000038d6ffeb50
Event: 362.219 Thread 0x000001f766504ba0 DEOPT UNPACKING pc=0x000001f712b24242 sp=0x00000038d6ffdfe8 mode 0
Event: 362.221 Thread 0x000001f766504ba0 DEOPT PACKING pc=0x000001f70d05bc73 sp=0x00000038d6ffeb50
Event: 362.221 Thread 0x000001f766504ba0 DEOPT UNPACKING pc=0x000001f712b24242 sp=0x00000038d6ffdfe8 mode 0
Event: 362.223 Thread 0x000001f766504ba0 DEOPT PACKING pc=0x000001f70d05bc73 sp=0x00000038d6ffeb50
Event: 362.223 Thread 0x000001f766504ba0 DEOPT UNPACKING pc=0x000001f712b24242 sp=0x00000038d6ffdfe8 mode 0
Event: 362.224 Thread 0x000001f766504ba0 DEOPT PACKING pc=0x000001f70d05bc73 sp=0x00000038d6ffeb50
Event: 362.224 Thread 0x000001f766504ba0 DEOPT UNPACKING pc=0x000001f712b24242 sp=0x00000038d6ffdfe8 mode 0

Classes loaded (20 events):
Event: 327.462 Loading class java/io/ObjectOutputStream$ReplaceTable
Event: 327.463 Loading class java/io/ObjectOutputStream$ReplaceTable done
Event: 327.478 Loading class java/nio/charset/CharacterCodingException
Event: 327.478 Loading class java/nio/charset/CharacterCodingException done
Event: 355.549 Loading class java/io/SequenceInputStream
Event: 355.552 Loading class java/io/SequenceInputStream done
Event: 355.660 Loading class org/xml/sax/SAXNotRecognizedException
Event: 355.661 Loading class org/xml/sax/SAXNotRecognizedException done
Event: 355.661 Loading class org/xml/sax/SAXNotSupportedException
Event: 355.661 Loading class org/xml/sax/SAXNotSupportedException done
Event: 355.685 Loading class com/sun/org/apache/xerces/internal/util/URI
Event: 355.709 Loading class com/sun/org/apache/xerces/internal/util/URI done
Event: 356.028 Loading class com/sun/org/apache/xerces/internal/xni/XNIException
Event: 356.030 Loading class com/sun/org/apache/xerces/internal/xni/XNIException done
Event: 356.032 Loading class com/sun/org/apache/xerces/internal/xni/parser/XMLParseException
Event: 356.037 Loading class com/sun/org/apache/xerces/internal/xni/parser/XMLParseException done
Event: 356.630 Loading class jdk/internal/module/IllegalAccessLogger
Event: 356.630 Loading class jdk/internal/module/IllegalAccessLogger done
Event: 357.253 Loading class java/nio/BufferMismatch
Event: 357.255 Loading class java/nio/BufferMismatch done

Classes unloaded (7 events):
Event: 24.578 Thread 0x000001f70844f910 Unloading class 0x000001f7201a5000 'java/lang/invoke/LambdaForm$MH+0x000001f7201a5000'
Event: 24.578 Thread 0x000001f70844f910 Unloading class 0x000001f7201a4c00 'java/lang/invoke/LambdaForm$MH+0x000001f7201a4c00'
Event: 24.578 Thread 0x000001f70844f910 Unloading class 0x000001f7201a4800 'java/lang/invoke/LambdaForm$MH+0x000001f7201a4800'
Event: 24.578 Thread 0x000001f70844f910 Unloading class 0x000001f7201a4400 'java/lang/invoke/LambdaForm$MH+0x000001f7201a4400'
Event: 24.578 Thread 0x000001f70844f910 Unloading class 0x000001f7201a4000 'java/lang/invoke/LambdaForm$BMH+0x000001f7201a4000'
Event: 24.578 Thread 0x000001f70844f910 Unloading class 0x000001f7201a3c00 'java/lang/invoke/LambdaForm$DMH+0x000001f7201a3c00'
Event: 24.578 Thread 0x000001f70844f910 Unloading class 0x000001f7201a2800 'java/lang/invoke/LambdaForm$DMH+0x000001f7201a2800'

Classes redefined (0 events):
No events

Internal exceptions (20 events):
Event: 58.437 Thread 0x000001f766504ba0 Exception <a 'sun/nio/fs/WindowsException'{0x00000000d5784790}> (0x00000000d5784790) 
thrown [s\src\hotspot\share\prims\jni.cpp, line 520]
Event: 58.466 Thread 0x000001f766504ba0 Exception <a 'sun/nio/fs/WindowsException'{0x00000000d56d8110}> (0x00000000d56d8110) 
thrown [s\src\hotspot\share\prims\jni.cpp, line 520]
Event: 59.320 Thread 0x000001f768f76a80 Exception <a 'sun/nio/fs/WindowsException'{0x00000000d563aff0}> (0x00000000d563aff0) 
thrown [s\src\hotspot\share\prims\jni.cpp, line 520]
Event: 59.321 Thread 0x000001f768f76a80 Exception <a 'sun/nio/fs/WindowsException'{0x00000000d563b9d0}> (0x00000000d563b9d0) 
thrown [s\src\hotspot\share\prims\jni.cpp, line 520]
Event: 59.321 Thread 0x000001f768f76a80 Exception <a 'sun/nio/fs/WindowsException'{0x00000000d563d268}> (0x00000000d563d268) 
thrown [s\src\hotspot\share\prims\jni.cpp, line 520]
Event: 59.321 Thread 0x000001f768f76a80 Exception <a 'sun/nio/fs/WindowsException'{0x00000000d563dc28}> (0x00000000d563dc28) 
thrown [s\src\hotspot\share\prims\jni.cpp, line 520]
Event: 59.335 Thread 0x000001f768f76a80 Exception <a 'java/io/FileNotFoundException'{0x00000000d5655ee8}> (0x00000000d5655ee8) 
thrown [s\src\hotspot\share\prims\jni.cpp, line 520]
Event: 59.336 Thread 0x000001f768f76a80 Exception <a 'java/io/FileNotFoundException'{0x00000000d5656f20}> (0x00000000d5656f20) 
thrown [s\src\hotspot\share\prims\jni.cpp, line 520]
Event: 59.366 Thread 0x000001f768f76a80 Exception <a 'sun/nio/fs/WindowsException'{0x00000000d5696a28}> (0x00000000d5696a28) 
thrown [s\src\hotspot\share\prims\jni.cpp, line 520]
Event: 59.366 Thread 0x000001f768f76a80 Exception <a 'sun/nio/fs/WindowsException'{0x00000000d56973e8}> (0x00000000d56973e8) 
thrown [s\src\hotspot\share\prims\jni.cpp, line 520]
Event: 59.427 Thread 0x000001f768f76a80 Exception <a 'sun/nio/fs/WindowsException'{0x00000000d56d4f40}> (0x00000000d56d4f40) 
thrown [s\src\hotspot\share\prims\jni.cpp, line 520]
Event: 59.427 Thread 0x000001f768f76a80 Exception <a 'sun/nio/fs/WindowsException'{0x00000000d56d5900}> (0x00000000d56d5900) 
thrown [s\src\hotspot\share\prims\jni.cpp, line 520]
Event: 327.516 Thread 0x000001f769cf9b70 Exception <a 'java/lang/NoSuchMethodError'{0x00000000d56a4ba0}: static [J.<clinit>()V> (0x00000000d56a4ba0) 
thrown [s\src\hotspot\share\prims\jni.cpp, line 1111]
Event: 327.546 Thread 0x000001f769cf9b70 Exception <a 'java/lang/NoSuchMethodError'{0x00000000d56da540}: 'java.lang.Object java.lang.invoke.DirectMethodHandle$Holder.newInvokeSpecial(java.lang.Object, java.lang.Object, java.lang.Object, java.lang.Object, java.lang.Object, java.lang.Object, java.lang.Object, java.lang.Object)'> (0x00000000d56da540) 
thrown [s\src\hotspot\share\interpreter\linkResolver.cpp, line 773]
Event: 356.211 Thread 0x000001f769cf5340 Exception <a 'java/io/FileNotFoundException'{0x00000000d5657f00}> (0x00000000d5657f00) 
thrown [s\src\hotspot\share\prims\jni.cpp, line 520]
Event: 356.212 Thread 0x000001f769cf5340 Exception <a 'java/io/FileNotFoundException'{0x00000000d56593b0}> (0x00000000d56593b0) 
thrown [s\src\hotspot\share\prims\jni.cpp, line 520]
Event: 356.401 Thread 0x000001f766504ba0 Exception <a 'sun/nio/fs/WindowsException'{0x00000000d565c5e0}> (0x00000000d565c5e0) 
thrown [s\src\hotspot\share\prims\jni.cpp, line 520]
Event: 356.491 Thread 0x000001f766504ba0 Implicit null exception at 0x000001f7134c5ae2 to 0x000001f7134c81f4
Event: 356.493 Thread 0x000001f766504ba0 Implicit null exception at 0x000001f71391d26a to 0x000001f71391f868
Event: 362.018 Thread 0x000001f766504ba0 Exception <a 'sun/nio/fs/WindowsException'{0x00000000d55a3360}> (0x00000000d55a3360) 
thrown [s\src\hotspot\share\prims\jni.cpp, line 520]

ZGC Phase Switch (0 events):
No events

VM Operations (20 events):
Event: 362.049 Executing VM operation: ParallelGCFailedAllocation (Allocation Failure)
Event: 362.052 Executing VM operation: ParallelGCFailedAllocation (Allocation Failure) done
Event: 362.057 Executing VM operation: ParallelGCFailedAllocation (Allocation Failure)
Event: 362.070 Executing VM operation: ParallelGCFailedAllocation (Allocation Failure) done
Event: 362.082 Executing VM operation: ParallelGCFailedAllocation (Allocation Failure)
Event: 362.085 Executing VM operation: ParallelGCFailedAllocation (Allocation Failure) done
Event: 362.096 Executing VM operation: ParallelGCFailedAllocation (Allocation Failure)
Event: 362.102 Executing VM operation: ParallelGCFailedAllocation (Allocation Failure) done
Event: 362.116 Executing VM operation: ParallelGCFailedAllocation (Allocation Failure)
Event: 362.122 Executing VM operation: ParallelGCFailedAllocation (Allocation Failure) done
Event: 362.132 Executing VM operation: ParallelGCFailedAllocation (Allocation Failure)
Event: 362.139 Executing VM operation: ParallelGCFailedAllocation (Allocation Failure) done
Event: 362.155 Executing VM operation: ParallelGCFailedAllocation (Allocation Failure)
Event: 362.160 Executing VM operation: ParallelGCFailedAllocation (Allocation Failure) done
Event: 362.177 Executing VM operation: ParallelGCFailedAllocation (Allocation Failure)
Event: 362.177 Executing VM operation: ParallelGCFailedAllocation (Allocation Failure) done
Event: 362.177 Executing VM operation: ParallelGCSystemGC (GCLocker Initiated GC)
Event: 362.181 Executing VM operation: ParallelGCSystemGC (GCLocker Initiated GC) done
Event: 362.228 Executing VM operation: ParallelGCFailedAllocation (Allocation Failure)
Event: 362.232 Executing VM operation: ParallelGCFailedAllocation (Allocation Failure) done

Memory protections (0 events):
No events

Nmethod flushes (20 events):
Event: 33.670 Thread 0x000001f70844f910 flushing osr nmethod 0x000001f70be32a10
Event: 33.670 Thread 0x000001f70844f910 flushing  nmethod 0x000001f70be3c090
Event: 33.670 Thread 0x000001f70844f910 flushing  nmethod 0x000001f70be55610
Event: 33.670 Thread 0x000001f70844f910 flushing  nmethod 0x000001f70be64990
Event: 33.670 Thread 0x000001f70844f910 flushing  nmethod 0x000001f70be6fa10
Event: 33.670 Thread 0x000001f70844f910 flushing  nmethod 0x000001f70be73490
Event: 33.670 Thread 0x000001f70844f910 flushing  nmethod 0x000001f70be80b90
Event: 33.670 Thread 0x000001f70844f910 flushing  nmethod 0x000001f70be83690
Event: 33.670 Thread 0x000001f70844f910 flushing  nmethod 0x000001f70be84b10
Event: 33.670 Thread 0x000001f70844f910 flushing  nmethod 0x000001f70be85690
Event: 33.670 Thread 0x000001f70844f910 flushing  nmethod 0x000001f70be85c90
Event: 33.670 Thread 0x000001f70844f910 flushing  nmethod 0x000001f70be86510
Event: 33.670 Thread 0x000001f70844f910 flushing  nmethod 0x000001f70be8a510
Event: 33.670 Thread 0x000001f70844f910 flushing  nmethod 0x000001f70bea1510
Event: 33.670 Thread 0x000001f70844f910 flushing  nmethod 0x000001f70bea7e90
Event: 33.670 Thread 0x000001f70844f910 flushing  nmethod 0x000001f70bead090
Event: 33.670 Thread 0x000001f70844f910 flushing osr nmethod 0x000001f70bed5910
Event: 33.670 Thread 0x000001f70844f910 flushing  nmethod 0x000001f70bf16110
Event: 33.670 Thread 0x000001f70844f910 flushing  nmethod 0x000001f70bf17f90
Event: 33.670 Thread 0x000001f70844f910 flushing  nmethod 0x000001f70bf33290

Events (20 events):
Event: 300.083 Thread 0x000001f768f75d60 Thread exited: 0x000001f768f75d60
Event: 327.112 Thread 0x000001f769cf9b70 Thread added: 0x000001f768f76a80
Event: 327.423 Thread 0x000001f768f76a80 Thread exited: 0x000001f768f76a80
Event: 328.512 Thread 0x000001f768e94a10 Thread exited: 0x000001f768e94a10
Event: 328.512 Thread 0x000001f768e97e90 Thread exited: 0x000001f768e97e90
Event: 328.514 Thread 0x000001f768e97800 Thread exited: 0x000001f768e97800
Event: 328.514 Thread 0x000001f768e96450 Thread exited: 0x000001f768e96450
Event: 328.515 Thread 0x000001f769cfbc40 Thread exited: 0x000001f769cfbc40
Event: 332.622 Thread 0x000001f768e96ae0 Thread exited: 0x000001f768e96ae0
Event: 332.625 Thread 0x000001f768f777a0 Thread exited: 0x000001f768f777a0
Event: 332.731 Thread 0x000001f768e97170 Thread exited: 0x000001f768e97170
Event: 332.796 Thread 0x000001f768f7ac20 Thread exited: 0x000001f768f7ac20
Event: 332.796 Thread 0x000001f768f749b0 Thread exited: 0x000001f768f749b0
Event: 332.883 Thread 0x000001f769cfb5b0 Thread exited: 0x000001f769cfb5b0
Event: 332.887 Thread 0x000001f769cf6060 Thread exited: 0x000001f769cf6060
Event: 333.202 Thread 0x000001f766505f50 Thread exited: 0x000001f766505f50
Event: 356.406 Thread 0x000001f766500370 Thread added: 0x000001f768f756d0
Event: 356.465 Thread 0x000001f769cf9b70 Thread added: 0x000001f768f749b0
Event: 356.635 Thread 0x000001f769cf9b70 Thread added: 0x000001f768f7ac20
Event: 360.092 Thread 0x000001f768f77110 Thread exited: 0x000001f768f77110


Dynamic libraries:
0x00007ff6ce540000 - 0x00007ff6ce54e000 	c:\Users\obeng\.cursor\extensions\redhat.java-1.43.1-win32-x64\jre\21.0.7-win32-x86_64\bin\java.exe
0x00007fff63b10000 - 0x00007fff63d27000 	C:\Windows\SYSTEM32\ntdll.dll
0x00007fff62740000 - 0x00007fff62804000 	C:\Windows\System32\KERNEL32.DLL
0x00007fff60d20000 - 0x00007fff610f2000 	C:\Windows\System32\KERNELBASE.dll
0x00007fff60c00000 - 0x00007fff60d11000 	C:\Windows\System32\ucrtbase.dll
0x00007fff12f10000 - 0x00007fff12f28000 	c:\Users\obeng\.cursor\extensions\redhat.java-1.43.1-win32-x64\jre\21.0.7-win32-x86_64\bin\jli.dll
0x00007fff62ca0000 - 0x00007fff62e51000 	C:\Windows\System32\USER32.dll
0x00007fff12ef0000 - 0x00007fff12f0e000 	c:\Users\obeng\.cursor\extensions\redhat.java-1.43.1-win32-x64\jre\21.0.7-win32-x86_64\bin\VCRUNTIME140.dll
0x00007fff61390000 - 0x00007fff613b6000 	C:\Windows\System32\win32u.dll
0x00007fff62410000 - 0x00007fff62439000 	C:\Windows\System32\GDI32.dll
0x00007fff615f0000 - 0x00007fff61713000 	C:\Windows\System32\gdi32full.dll
0x00007fff61270000 - 0x00007fff6130a000 	C:\Windows\System32\msvcp_win.dll
0x00007fff441e0000 - 0x00007fff4447b000 	C:\Windows\WinSxS\amd64_microsoft.windows.common-controls_6595b64144ccf1df_6.0.22621.5547_none_27104afb73855772\COMCTL32.dll
0x00007fff618c0000 - 0x00007fff61967000 	C:\Windows\System32\msvcrt.dll
0x00007fff624e0000 - 0x00007fff62511000 	C:\Windows\System32\IMM32.DLL
0x00007fff42fd0000 - 0x00007fff42fdc000 	c:\Users\obeng\.cursor\extensions\redhat.java-1.43.1-win32-x64\jre\21.0.7-win32-x86_64\bin\vcruntime140_1.dll
0x00007ffef8760000 - 0x00007ffef87ed000 	c:\Users\obeng\.cursor\extensions\redhat.java-1.43.1-win32-x64\jre\21.0.7-win32-x86_64\bin\msvcp140.dll
0x00007ffee8770000 - 0x00007ffee9500000 	c:\Users\obeng\.cursor\extensions\redhat.java-1.43.1-win32-x64\jre\21.0.7-win32-x86_64\bin\server\jvm.dll
0x00007fff61aa0000 - 0x00007fff61b51000 	C:\Windows\System32\ADVAPI32.dll
0x00007fff61970000 - 0x00007fff61a18000 	C:\Windows\System32\sechost.dll
0x00007fff613c0000 - 0x00007fff613e8000 	C:\Windows\System32\bcrypt.dll
0x00007fff617a0000 - 0x00007fff618b4000 	C:\Windows\System32\RPCRT4.dll
0x00007fff62520000 - 0x00007fff62591000 	C:\Windows\System32\WS2_32.dll
0x00007fff60ad0000 - 0x00007fff60b1d000 	C:\Windows\SYSTEM32\POWRPROF.dll
0x00007fff57bc0000 - 0x00007fff57bf4000 	C:\Windows\SYSTEM32\WINMM.dll
0x00007fff58aa0000 - 0x00007fff58aaa000 	C:\Windows\SYSTEM32\VERSION.dll
0x00007fff60ab0000 - 0x00007fff60ac3000 	C:\Windows\SYSTEM32\UMPDC.dll
0x00007fff5fbf0000 - 0x00007fff5fc08000 	C:\Windows\SYSTEM32\kernel.appcore.dll
0x00007fff40490000 - 0x00007fff4049a000 	c:\Users\obeng\.cursor\extensions\redhat.java-1.43.1-win32-x64\jre\21.0.7-win32-x86_64\bin\jimage.dll
0x00007fff5e500000 - 0x00007fff5e733000 	C:\Windows\SYSTEM32\DBGHELP.DLL
0x00007fff62070000 - 0x00007fff62403000 	C:\Windows\System32\combase.dll
0x00007fff62fc0000 - 0x00007fff63097000 	C:\Windows\System32\OLEAUT32.dll
0x00007fff55820000 - 0x00007fff55852000 	C:\Windows\SYSTEM32\dbgcore.DLL
0x00007fff61720000 - 0x00007fff6179b000 	C:\Windows\System32\bcryptPrimitives.dll
0x00007fff400f0000 - 0x00007fff400ff000 	c:\Users\obeng\.cursor\extensions\redhat.java-1.43.1-win32-x64\jre\21.0.7-win32-x86_64\bin\instrument.dll
0x00007fff10450000 - 0x00007fff1046f000 	c:\Users\obeng\.cursor\extensions\redhat.java-1.43.1-win32-x64\jre\21.0.7-win32-x86_64\bin\java.dll
0x00007fff63220000 - 0x00007fff63ac2000 	C:\Windows\System32\SHELL32.dll
0x00007fff613f0000 - 0x00007fff6152f000 	C:\Windows\System32\wintypes.dll
0x00007fff5eae0000 - 0x00007fff5f3fd000 	C:\Windows\SYSTEM32\windows.storage.dll
0x00007fff62b90000 - 0x00007fff62c9c000 	C:\Windows\System32\SHCORE.dll
0x00007fff631b0000 - 0x00007fff63219000 	C:\Windows\System32\shlwapi.dll
0x00007fff60b30000 - 0x00007fff60b5b000 	C:\Windows\SYSTEM32\profapi.dll
0x00007fff0fd90000 - 0x00007fff0fda8000 	c:\Users\obeng\.cursor\extensions\redhat.java-1.43.1-win32-x64\jre\21.0.7-win32-x86_64\bin\zip.dll
0x00007fff3a730000 - 0x00007fff3a740000 	C:\Users\obeng\.cursor\extensions\redhat.java-1.43.1-win32-x64\jre\21.0.7-win32-x86_64\bin\net.dll
0x00007fff58c30000 - 0x00007fff58d5c000 	C:\Windows\SYSTEM32\WINHTTP.dll
0x00007fff60060000 - 0x00007fff600c9000 	C:\Windows\system32\mswsock.dll
0x00007fff0cd10000 - 0x00007fff0cd26000 	C:\Users\obeng\.cursor\extensions\redhat.java-1.43.1-win32-x64\jre\21.0.7-win32-x86_64\bin\nio.dll
0x00007fff393e0000 - 0x00007fff393f0000 	c:\Users\obeng\.cursor\extensions\redhat.java-1.43.1-win32-x64\jre\21.0.7-win32-x86_64\bin\verify.dll
0x00007ffee8720000 - 0x00007ffee8765000 	C:\Users\obeng\AppData\Roaming\Cursor\User\globalStorage\redhat.java\1.43.1\config_win\org.eclipse.equinox.launcher\org.eclipse.equinox.launcher.win32.win32.x86_64_1.2.1300.v20250331-1702\eclipse_11911.dll
0x00007fff625a0000 - 0x00007fff62740000 	C:\Windows\System32\ole32.dll
0x00007fff603b0000 - 0x00007fff603cb000 	C:\Windows\SYSTEM32\CRYPTSP.dll
0x00007fff5fb50000 - 0x00007fff5fb87000 	C:\Windows\system32\rsaenh.dll
0x00007fff60100000 - 0x00007fff60128000 	C:\Windows\SYSTEM32\USERENV.dll
0x00007fff60390000 - 0x00007fff6039c000 	C:\Windows\SYSTEM32\CRYPTBASE.dll
0x00007fff5f660000 - 0x00007fff5f68d000 	C:\Windows\SYSTEM32\IPHLPAPI.DLL
0x00007fff62870000 - 0x00007fff62879000 	C:\Windows\System32\NSI.dll
0x00007fff016d0000 - 0x00007fff01719000 	C:\Users\obeng\AppData\Local\Temp\jna-2331414\jna18268479441643313237.dll
0x00007fff62460000 - 0x00007fff62468000 	C:\Windows\System32\PSAPI.DLL
0x00007fff57b50000 - 0x00007fff57b69000 	C:\Windows\SYSTEM32\dhcpcsvc6.DLL
0x00007fff57b30000 - 0x00007fff57b4f000 	C:\Windows\SYSTEM32\dhcpcsvc.DLL

dbghelp: loaded successfully - version: 4.0.5 - missing functions: none
symbol engine: initialized successfully - sym options: 0x614 - pdb path: .;c:\Users\obeng\.cursor\extensions\redhat.java-1.43.1-win32-x64\jre\21.0.7-win32-x86_64\bin;C:\Windows\SYSTEM32;C:\Windows\WinSxS\amd64_microsoft.windows.common-controls_6595b64144ccf1df_6.0.22621.5547_none_27104afb73855772;c:\Users\obeng\.cursor\extensions\redhat.java-1.43.1-win32-x64\jre\21.0.7-win32-x86_64\bin\server;C:\Users\obeng\AppData\Roaming\Cursor\User\globalStorage\redhat.java\1.43.1\config_win\org.eclipse.equinox.launcher\org.eclipse.equinox.launcher.win32.win32.x86_64_1.2.1300.v20250331-1702;C:\Users\obeng\AppData\Local\Temp\jna-2331414

VM Arguments:
jvm_args: --add-modules=ALL-SYSTEM --add-opens=java.base/java.util=ALL-UNNAMED --add-opens=java.base/java.lang=ALL-UNNAMED --add-opens=java.base/sun.nio.fs=ALL-UNNAMED -Declipse.application=org.eclipse.jdt.ls.core.id1 -Dosgi.bundles.defaultStartLevel=4 -Declipse.product=org.eclipse.jdt.ls.core.product -Djava.import.generatesMetadataFilesAtProjectRoot=false -DDetectVMInstallationsJob.disabled=true -Dfile.encoding=utf8 -XX:+UseParallelGC -XX:GCTimeRatio=4 -XX:AdaptiveSizePolicyWeight=90 -Dsun.zip.disableMemoryMapping=true -Xmx2G -Xms100m -Xlog:disable -javaagent:c:\Users\obeng\.cursor\extensions\redhat.java-1.43.1-win32-x64\lombok\lombok-1.18.39-4050.jar -XX:+HeapDumpOnOutOfMemoryError -XX:HeapDumpPath=c:\Users\obeng\AppData\Roaming\Cursor\User\workspaceStorage\4be39bfb5b72430ab5bd4ea52db2d53c\redhat.java -Daether.dependencyCollector.impl=bf 
java_command: c:\Users\obeng\.cursor\extensions\redhat.java-1.43.1-win32-x64\server\plugins\org.eclipse.equinox.launcher_1.7.0.v20250519-0528.jar -configuration c:\Users\obeng\AppData\Roaming\Cursor\User\globalStorage\redhat.java\1.43.1\config_win -data c:\Users\obeng\AppData\Roaming\Cursor\User\workspaceStorage\4be39bfb5b72430ab5bd4ea52db2d53c\redhat.java\jdt_ws --pipe=\\.\pipe\lsp-daf0c130123108d0181523364093e7b8-sock
java_class_path (initial): c:\Users\obeng\.cursor\extensions\redhat.java-1.43.1-win32-x64\server\plugins\org.eclipse.equinox.launcher_1.7.0.v20250519-0528.jar
Launcher Type: SUN_STANDARD

[Global flags]
    uintx AdaptiveSizePolicyWeight                 = 90                                        {product} {command line}
     intx CICompilerCount                          = 4                                         {product} {ergonomic}
    uintx GCTimeRatio                              = 4                                         {product} {command line}
     bool HeapDumpOnOutOfMemoryError               = true                                   {manageable} {command line}
    ccstr HeapDumpPath                             = c:\Users\obeng\AppData\Roaming\Cursor\User\workspaceStorage\4be39bfb5b72430ab5bd4ea52db2d53c\redhat.java         {manageable} {command line}
   size_t InitialHeapSize                          = 104857600                                 {product} {command line}
   size_t MaxHeapSize                              = 2147483648                                {product} {command line}
   size_t MaxNewSize                               = 715653120                                 {product} {ergonomic}
   size_t MinHeapDeltaBytes                        = 524288                                    {product} {ergonomic}
   size_t MinHeapSize                              = 104857600                                 {product} {command line}
   size_t NewSize                                  = 34603008                                  {product} {ergonomic}
    uintx NonNMethodCodeHeapSize                   = 5839372                                {pd product} {ergonomic}
    uintx NonProfiledCodeHeapSize                  = 122909434                              {pd product} {ergonomic}
   size_t OldSize                                  = 70254592                                  {product} {ergonomic}
    uintx ProfiledCodeHeapSize                     = 122909434                              {pd product} {ergonomic}
    uintx ReservedCodeCacheSize                    = 251658240                              {pd product} {ergonomic}
     bool SegmentedCodeCache                       = true                                      {product} {ergonomic}
   size_t SoftMaxHeapSize                          = 2147483648                             {manageable} {ergonomic}
     bool UseCompressedOops                        = true                           {product lp64_product} {ergonomic}
     bool UseLargePagesIndividualAllocation        = false                                  {pd product} {ergonomic}
     bool UseParallelGC                            = true                                      {product} {command line}

Logging:
Log output configuration:
 #0: stdout all=off uptime,level,tags foldmultilines=false
 #1: stderr all=off uptime,level,tags foldmultilines=false

Environment Variables:
PATH=C:\Program Files\Eclipse Adoptium\jdk-21.0.6.7-hotspot\bin;C:\Windows\system32;C:\Windows;C:\Windows\System32\Wbem;C:\Windows\System32\WindowsPowerShell\v1.0\;C:\Windows\System32\OpenSSH\;C:\Program Files (x86)\Microsoft SQL Server\160\Tools\Binn\;C:\Program Files\Microsoft SQL Server\160\Tools\Binn\;C:\Program Files\Microsoft SQL Server\Client SDK\ODBC\170\Tools\Binn\;C:\Program Files\Microsoft SQL Server\160\DTS\Binn\;C:\Program Files (x86)\Microsoft SQL Server\160\DTS\Binn\;C:\Program Files\nodejs\;C:\ProgramData\chocolatey\bin;C:\Program Files\Git\cmd;C:\Program Files\dotnet\;C:\Program Files\PostgreSQL\17\bin;;c:\Users\obeng\AppData\Local\Programs\cursor\resources\app\bin;C:\Users\obeng\AppData\Local\Programs\Python\Python39\;C:\Users\obeng\AppData\Local\Programs\Python\Python39\Scripts\;C:\Users\obeng\Downloads\Python-3.9.21.tgz\Python-3.9.21;C:\Users\obeng\AppData\Local\Microsoft\WindowsApps;C:\Users\obeng\AppData\Local\Programs\Microsoft VS Code\bin;C:\Users\obeng\AppData\Roaming\npm;C:\Users\obeng\Downloads\Compressed\node-v22.14.0-win-x64.zip\node-v22.14.0-win-x64\node_modules\npm\bin;C:\Users\obeng\Downloads\Compressed\node-v22.14.0-win-x64.zip\node-v22.14.0-win-x64;C:\Users\obeng\AppData\Local\Android\sdk\platform-tools;C:\Users\obeng\.dotnet\tools;C:\Program Files\maven\mvn\bin;C:\Program Files\spring-3.5.0\bin;C:\Program Files\NASM;C:\mingw32\bin;C:\Program Files\PostgreSQL\17\bin;C:\Users\obeng\AppData\Local\Programs\cursor\resources\app\bin;C:\Program Files\MySQL\MySQL Server 8.0\bin;
USERNAME=Kayy
OS=Windows_NT
PROCESSOR_IDENTIFIER=Intel64 Family 6 Model 154 Stepping 4, GenuineIntel
TMP=C:\Users\obeng\AppData\Local\Temp
TEMP=C:\Users\obeng\AppData\Local\Temp




Periodic native trim disabled

---------------  S Y S T E M  ---------------

OS:
 Windows 11 , 64 bit Build 22621 (10.0.22621.5415)
OS uptime: 1 days 8:20 hours
Hyper-V role detected

CPU: total 8 (initial active 8) (4 cores per cpu, 2 threads per core) family 6 model 154 stepping 4 microcode 0x432, cx8, cmov, fxsr, ht, mmx, 3dnowpref, sse, sse2, sse3, ssse3, sse4.1, sse4.2, popcnt, lzcnt, tsc, tscinvbit, avx, avx2, aes, erms, clmul, bmi1, bmi2, adx, sha, fma, vzeroupper, clflush, clflushopt, clwb, hv, serialize, rdtscp, rdpid, fsrm, f16c, cet_ibt, cet_ss
Processor Information for processor 0
  Max Mhz: 1200, Current Mhz: 1200, Mhz Limit: 1200
Processor Information for processor 1
  Max Mhz: 1200, Current Mhz: 1200, Mhz Limit: 1200
Processor Information for processor 2
  Max Mhz: 1200, Current Mhz: 1200, Mhz Limit: 1200
Processor Information for processor 3
  Max Mhz: 1200, Current Mhz: 1200, Mhz Limit: 1200
Processor Information for processor 4
  Max Mhz: 1200, Current Mhz: 900, Mhz Limit: 900
Processor Information for processor 5
  Max Mhz: 1200, Current Mhz: 900, Mhz Limit: 900
Processor Information for processor 6
  Max Mhz: 1200, Current Mhz: 900, Mhz Limit: 900
Processor Information for processor 7
  Max Mhz: 1200, Current Mhz: 900, Mhz Limit: 900

Memory: 4k page, system-wide physical 7865M (355M free)
TotalPageFile size 15791M (AvailPageFile size 27M)
current process WorkingSet (physical memory assigned to process): 349M, peak: 845M
current process commit charge ("private bytes"): 1133M, peak: 1665M

vm_info: OpenJDK 64-Bit Server VM (21.0.7+6-LTS) for windows-amd64 JRE (21.0.7+6-LTS), built on 2025-04-15T00:00:00Z by "admin" with MS VC++ 17.7 (VS2022)

END.
