#
# There is insufficient memory for the Java Runtime Environment to continue.
# Native memory allocation (malloc) failed to allocate 795536 bytes. Error detail: Chunk::new
# Possible reasons:
#   The system is out of physical RAM or swap space
#   This process is running with CompressedOops enabled, and the Java Heap may be blocking the growth of the native heap
# Possible solutions:
#   Reduce memory load on the system
#   Increase physical memory or swap space
#   Check if swap backing store is full
#   Decrease Java heap size (-Xmx/-Xms)
#   Decrease number of Java threads
#   Decrease Java thread stack sizes (-Xss)
#   Set larger code cache with -XX:ReservedCodeCacheSize=
#   JVM is running with Unscaled Compressed Oops mode in which the Java heap is
#     placed in the first 4GB address space. The Java Heap base address is the
#     maximum limit for the native heap growth. Please use -XX:HeapBaseMinAddress
#     to set the Java Heap base and to place the Java Heap above 4GB virtual address.
# This output file may be truncated or incomplete.
#
#  Out of Memory Error (arena.cpp:168), pid=9004, tid=3792
#
# JRE version: OpenJDK Runtime Environment Temurin-21.0.7+6 (21.0.7+6) (build 21.0.7+6-LTS)
# Java VM: OpenJDK 64-Bit Server VM Temurin-21.0.7+6 (21.0.7+6-LTS, mixed mode, sharing, tiered, compressed oops, compressed class ptrs, parallel gc, windows-amd64)
# No core dump will be written. Minidumps are not enabled by default on client versions of Windows
#

---------------  S U M M A R Y ------------

Command Line: --add-modules=ALL-SYSTEM --add-opens=java.base/java.util=ALL-UNNAMED --add-opens=java.base/java.lang=ALL-UNNAMED --add-opens=java.base/sun.nio.fs=ALL-UNNAMED -Declipse.application=org.eclipse.jdt.ls.core.id1 -Dosgi.bundles.defaultStartLevel=4 -Declipse.product=org.eclipse.jdt.ls.core.product -Djava.import.generatesMetadataFilesAtProjectRoot=false -DDetectVMInstallationsJob.disabled=true -Dfile.encoding=utf8 -XX:+UseParallelGC -XX:GCTimeRatio=4 -XX:AdaptiveSizePolicyWeight=90 -Dsun.zip.disableMemoryMapping=true -Xmx2G -Xms100m -Xlog:disable -javaagent:c:\Users\obeng\.cursor\extensions\redhat.java-1.43.1-win32-x64\lombok\lombok-1.18.39-4050.jar -XX:+HeapDumpOnOutOfMemoryError -XX:HeapDumpPath=c:\Users\obeng\AppData\Roaming\Cursor\User\workspaceStorage\4be39bfb5b72430ab5bd4ea52db2d53c\redhat.java -Daether.dependencyCollector.impl=bf c:\Users\obeng\.cursor\extensions\redhat.java-1.43.1-win32-x64\server\plugins\org.eclipse.equinox.launcher_1.7.0.v20250519-0528.jar -configuration c:\Users\obeng\AppData\Roaming\Cursor\User\globalStorage\redhat.java\1.43.1\config_win -data c:\Users\obeng\AppData\Roaming\Cursor\User\workspaceStorage\4be39bfb5b72430ab5bd4ea52db2d53c\redhat.java\jdt_ws --pipe=\\.\pipe\lsp-6341647ef11d6196343613d8e216b956-sock

Host: 12th Gen Intel(R) Core(TM) i3-1215U, 8 cores, 7G,  Windows 11 , 64 bit Build 22621 (10.0.22621.5415)
Time: Wed Jul 16 00:05:27 2025 Greenwich Standard Time elapsed time: 17172.234092 seconds (0d 4h 46m 12s)

---------------  T H R E A D  ---------------

Current thread (0x000001fb587f3090):  JavaThread "C2 CompilerThread0" daemon [_thread_in_native, id=3792, stack(0x0000002870c00000,0x0000002870d00000) (1024K)]


Current CompileTask:
C2:17172234 14882   !   4       org.codehaus.plexus.interpolation.StringSearchInterpolator::interpolate (668 bytes)

Stack: [0x0000002870c00000,0x0000002870d00000]
Native frames: (J=compiled Java code, j=interpreted, Vv=VM code, C=native code)
V  [jvm.dll+0x6ce119]
V  [jvm.dll+0x8a84a1]
V  [jvm.dll+0x8aa9ce]
V  [jvm.dll+0x8ab0b3]
V  [jvm.dll+0x27f8a6]
V  [jvm.dll+0xc507d]
V  [jvm.dll+0xc55b3]
V  [jvm.dll+0x2f2c6d]
V  [jvm.dll+0x5f6bca]
V  [jvm.dll+0x250cb2]
V  [jvm.dll+0x24947c]
V  [jvm.dll+0x246fc4]
V  [jvm.dll+0x1c760e]
V  [jvm.dll+0x25695a]
V  [jvm.dll+0x254efa]
V  [jvm.dll+0x3f03f6]
V  [jvm.dll+0x851f6b]
V  [jvm.dll+0x6cc7dd]
C  [ucrtbase.dll+0x29333]
C  [KERNEL32.DLL+0x1259d]
C  [ntdll.dll+0x5af78]


---------------  P R O C E S S  ---------------

Threads class SMR info:
_java_thread_list=0x000001fba1f4edb0, length=44, elements={
0x000001fb41d84d50, 0x000001fb41e3bbf0, 0x000001fb41e3d3f0, 0x000001fb587e4340,
0x000001fb587e5600, 0x000001fb587e8d40, 0x000001fb587f0a90, 0x000001fb587f3090,
0x000001fb587f4370, 0x000001fb9b1aca10, 0x000001fb9b63eb60, 0x000001fb9bc4e400,
0x000001fb9b8faec0, 0x000001fba01f8fe0, 0x000001fba01f9a10, 0x000001fb9ba6adf0,
0x000001fb9b446f80, 0x000001fb9b6a7450, 0x000001fb9b6a8170, 0x000001fb9b6a8e90,
0x000001fb9b6a5a10, 0x000001fba2e70d10, 0x000001fba2e720c0, 0x000001fba2e73470,
0x000001fba2e74820, 0x000001fba2e6f2d0, 0x000001fba2e6ec40, 0x000001fba2e6df20,
0x000001fba2e6e5b0, 0x000001fba2e6f960, 0x000001fba2e713a0, 0x000001fba2e6fff0,
0x000001fba2e71a30, 0x000001fb9bb44460, 0x000001fb9bb44af0, 0x000001fb9bb42390,
0x000001fb9bb42a20, 0x000001fb9bb41670, 0x000001fb9bb45ea0, 0x000001fb9bb478e0,
0x000001fb9bb430b0, 0x000001fb9bb40fe0, 0x000001fb9bb43740, 0x000001fb9bb46bc0
}

Java Threads: ( => current thread )
  0x000001fb41d84d50 JavaThread "main"                              [_thread_blocked, id=14856, stack(0x0000002870200000,0x0000002870300000) (1024K)]
  0x000001fb41e3bbf0 JavaThread "Reference Handler"          daemon [_thread_blocked, id=12248, stack(0x0000002870600000,0x0000002870700000) (1024K)]
  0x000001fb41e3d3f0 JavaThread "Finalizer"                  daemon [_thread_blocked, id=3236, stack(0x0000002870700000,0x0000002870800000) (1024K)]
  0x000001fb587e4340 JavaThread "Signal Dispatcher"          daemon [_thread_blocked, id=1908, stack(0x0000002870800000,0x0000002870900000) (1024K)]
  0x000001fb587e5600 JavaThread "Attach Listener"            daemon [_thread_blocked, id=12504, stack(0x0000002870900000,0x0000002870a00000) (1024K)]
  0x000001fb587e8d40 JavaThread "Service Thread"             daemon [_thread_blocked, id=9152, stack(0x0000002870a00000,0x0000002870b00000) (1024K)]
  0x000001fb587f0a90 JavaThread "Monitor Deflation Thread"   daemon [_thread_blocked, id=7772, stack(0x0000002870b00000,0x0000002870c00000) (1024K)]
=>0x000001fb587f3090 JavaThread "C2 CompilerThread0"         daemon [_thread_in_native, id=3792, stack(0x0000002870c00000,0x0000002870d00000) (1024K)]
  0x000001fb587f4370 JavaThread "C1 CompilerThread0"         daemon [_thread_blocked, id=6648, stack(0x0000002870d00000,0x0000002870e00000) (1024K)]
  0x000001fb9b1aca10 JavaThread "Common-Cleaner"             daemon [_thread_blocked, id=9724, stack(0x0000002870e00000,0x0000002870f00000) (1024K)]
  0x000001fb9b63eb60 JavaThread "Notification Thread"        daemon [_thread_blocked, id=4240, stack(0x0000002871000000,0x0000002871100000) (1024K)]
  0x000001fb9bc4e400 JavaThread "Active Thread: Equinox Container: 2cd0e0e3-d7d4-4b76-ab54-1d1e26bbce53"        [_thread_blocked, id=15312, stack(0x0000002871800000,0x0000002871900000) (1024K)]
  0x000001fb9b8faec0 JavaThread "Refresh Thread: Equinox Container: 2cd0e0e3-d7d4-4b76-ab54-1d1e26bbce53" daemon [_thread_blocked, id=14176, stack(0x0000002871100000,0x0000002871200000) (1024K)]
  0x000001fba01f8fe0 JavaThread "Framework Event Dispatcher: Equinox Container: 2cd0e0e3-d7d4-4b76-ab54-1d1e26bbce53" daemon [_thread_blocked, id=9084, stack(0x0000002871900000,0x0000002871a00000) (1024K)]
  0x000001fba01f9a10 JavaThread "Start Level: Equinox Container: 2cd0e0e3-d7d4-4b76-ab54-1d1e26bbce53" daemon [_thread_blocked, id=2212, stack(0x0000002871a00000,0x0000002871b00000) (1024K)]
  0x000001fb9ba6adf0 JavaThread "Bundle File Closer"         daemon [_thread_blocked, id=15236, stack(0x0000002871b00000,0x0000002871c00000) (1024K)]
  0x000001fb9b446f80 JavaThread "SCR Component Actor"        daemon [_thread_blocked, id=15512, stack(0x0000002871c00000,0x0000002871d00000) (1024K)]
  0x000001fb9b6a7450 JavaThread "Worker-JM"                         [_thread_blocked, id=15428, stack(0x0000002871e00000,0x0000002871f00000) (1024K)]
  0x000001fb9b6a8170 JavaThread "JNA Cleaner"                daemon [_thread_blocked, id=15260, stack(0x0000002871f00000,0x0000002872000000) (1024K)]
  0x000001fb9b6a8e90 JavaThread "Worker-1"                          [_thread_blocked, id=8232, stack(0x0000002872100000,0x0000002872200000) (1024K)]
  0x000001fb9b6a5a10 JavaThread "Java indexing"              daemon [_thread_blocked, id=3108, stack(0x0000002872400000,0x0000002872500000) (1024K)]
  0x000001fba2e70d10 JavaThread "Thread-2"                   daemon [_thread_in_native, id=14116, stack(0x0000002872a00000,0x0000002872b00000) (1024K)]
  0x000001fba2e720c0 JavaThread "Thread-3"                   daemon [_thread_in_native, id=14328, stack(0x0000002872b00000,0x0000002872c00000) (1024K)]
  0x000001fba2e73470 JavaThread "Thread-4"                   daemon [_thread_in_native, id=2988, stack(0x0000002872c00000,0x0000002872d00000) (1024K)]
  0x000001fba2e74820 JavaThread "Thread-5"                   daemon [_thread_in_native, id=9244, stack(0x0000002872d00000,0x0000002872e00000) (1024K)]
  0x000001fba2e6f2d0 JavaThread "Thread-6"                   daemon [_thread_in_native, id=14756, stack(0x0000002872e00000,0x0000002872f00000) (1024K)]
  0x000001fba2e6ec40 JavaThread "Thread-7"                   daemon [_thread_in_native, id=12016, stack(0x0000002872f00000,0x0000002873000000) (1024K)]
  0x000001fba2e6df20 JavaThread "Thread-8"                   daemon [_thread_in_native, id=11636, stack(0x0000002873000000,0x0000002873100000) (1024K)]
  0x000001fba2e6e5b0 JavaThread "Thread-9"                   daemon [_thread_in_native, id=16068, stack(0x0000002873100000,0x0000002873200000) (1024K)]
  0x000001fba2e6f960 JavaThread "Thread-10"                  daemon [_thread_in_native, id=10952, stack(0x0000002873200000,0x0000002873300000) (1024K)]
  0x000001fba2e713a0 JavaThread "pool-2-thread-1"                   [_thread_blocked, id=14548, stack(0x0000002873300000,0x0000002873400000) (1024K)]
  0x000001fba2e6fff0 JavaThread "WorkspaceEventsHandler"            [_thread_blocked, id=6028, stack(0x0000002873400000,0x0000002873500000) (1024K)]
  0x000001fba2e71a30 JavaThread "pool-1-thread-1"                   [_thread_blocked, id=1596, stack(0x0000002873500000,0x0000002873600000) (1024K)]
  0x000001fb9bb44460 JavaThread "Worker-7"                          [_thread_blocked, id=9352, stack(0x000000286ff00000,0x0000002870000000) (1024K)]
  0x000001fb9bb44af0 JavaThread "Compiler Source File Reader" daemon [_thread_blocked, id=12024, stack(0x0000002870000000,0x0000002870100000) (1024K)]
  0x000001fb9bb42390 JavaThread "Compiler Processing Task"   daemon [_thread_blocked, id=1904, stack(0x0000002870100000,0x0000002870200000) (1024K)]
  0x000001fb9bb42a20 JavaThread "Worker-8"                          [_thread_blocked, id=10840, stack(0x0000002871d00000,0x0000002871e00000) (1024K)]
  0x000001fb9bb41670 JavaThread "Compiler Source File Reader" daemon [_thread_blocked, id=6864, stack(0x0000002872000000,0x0000002872100000) (1024K)]
  0x000001fb9bb45ea0 JavaThread "Compiler Source File Reader" daemon [_thread_blocked, id=10824, stack(0x0000002872200000,0x0000002872300000) (1024K)]
  0x000001fb9bb478e0 JavaThread "Compiler Source File Reader" daemon [_thread_blocked, id=4908, stack(0x0000002872300000,0x0000002872400000) (1024K)]
  0x000001fb9bb430b0 JavaThread "Compiler Source File Reader" daemon [_thread_blocked, id=14212, stack(0x0000002872500000,0x0000002872600000) (1024K)]
  0x000001fb9bb40fe0 JavaThread "Compiler Source File Reader" daemon [_thread_blocked, id=17148, stack(0x0000002872600000,0x0000002872700000) (1024K)]
  0x000001fb9bb43740 JavaThread "ForkJoinPool.commonPool-worker-8" daemon [_thread_blocked, id=5392, stack(0x0000002872700000,0x0000002872800000) (1024K)]
  0x000001fb9bb46bc0 JavaThread "Worker-9: Building"                [_thread_in_Java, id=1780, stack(0x0000002872800000,0x0000002872900000) (1024K)]
Total: 44

Other Threads:
  0x000001fb3fb4e7b0 VMThread "VM Thread"                           [id=3596, stack(0x0000002870500000,0x0000002870600000) (1024K)]
  0x000001fb41df0c50 WatcherThread "VM Periodic Task Thread"        [id=9956, stack(0x0000002870400000,0x0000002870500000) (1024K)]
  0x000001fb41da2f20 WorkerThread "GC Thread#0"                     [id=10944, stack(0x0000002870300000,0x0000002870400000) (1024K)]
  0x000001fb9bbe2de0 WorkerThread "GC Thread#1"                     [id=2548, stack(0x0000002871200000,0x0000002871300000) (1024K)]
  0x000001fb9ba9ade0 WorkerThread "GC Thread#2"                     [id=7788, stack(0x0000002871300000,0x0000002871400000) (1024K)]
  0x000001fba01d8800 WorkerThread "GC Thread#3"                     [id=5564, stack(0x0000002871400000,0x0000002871500000) (1024K)]
  0x000001fba01d8ba0 WorkerThread "GC Thread#4"                     [id=3100, stack(0x0000002871500000,0x0000002871600000) (1024K)]
  0x000001fba0050100 WorkerThread "GC Thread#5"                     [id=12420, stack(0x0000002871600000,0x0000002871700000) (1024K)]
  0x000001fba00504a0 WorkerThread "GC Thread#6"                     [id=9256, stack(0x0000002871700000,0x0000002871800000) (1024K)]
  0x000001fb9b8fa850 WorkerThread "GC Thread#7"                     [id=10080, stack(0x0000002870f00000,0x0000002871000000) (1024K)]
Total: 10

Threads with active compile tasks:
C2 CompilerThread0  17172325 14882   !   4       org.codehaus.plexus.interpolation.StringSearchInterpolator::interpolate (668 bytes)
Total: 1

VM state: not at safepoint (normal execution)

VM Mutex/Monitor currently owned by a thread: None

Heap address: 0x0000000080000000, size: 2048 MB, Compressed Oops mode: 32-bit

CDS archive(s) mapped at: [0x000001fb59000000-0x000001fb59ba0000-0x000001fb59ba0000), size 12189696, SharedBaseAddress: 0x000001fb59000000, ArchiveRelocationMode: 1.
Compressed class space mapped at: 0x000001fb5a000000-0x000001fb9a000000, reserved size: 1073741824
Narrow klass base: 0x000001fb59000000, Narrow klass shift: 0, Narrow klass range: 0x100000000

GC Precious Log:
 CardTable entry size: 512
 CPUs: 8 total, 8 available
 Memory: 7865M
 Large Page Support: Disabled
 NUMA Support: Disabled
 Compressed Oops: Enabled (32-bit)
 Alignments: Space 512K, Generation 512K, Heap 2M
 Heap Min Capacity: 100M
 Heap Initial Capacity: 100M
 Heap Max Capacity: 2G
 Pre-touch: Disabled
 Parallel Workers: 8

Heap:
 PSYoungGen      total 5632K, used 4204K [0x00000000d5580000, 0x00000000d5f80000, 0x0000000100000000)
  eden space 4096K, 76% used [0x00000000d5580000,0x00000000d588b1e0,0x00000000d5980000)
  from space 1536K, 70% used [0x00000000d5e00000,0x00000000d5f10020,0x00000000d5f80000)
  to   space 1536K, 0% used [0x00000000d5c80000,0x00000000d5c80000,0x00000000d5e00000)
 ParOldGen       total 1344000K, used 1343686K [0x0000000080000000, 0x00000000d2080000, 0x00000000d5580000)
  object space 1344000K, 99% used [0x0000000080000000,0x00000000d2031978,0x00000000d2080000)
 Metaspace       used 67237K, committed 68736K, reserved 1114112K
  class space    used 6787K, committed 7424K, reserved 1048576K

Card table byte_map: [0x000001fb41720000,0x000001fb41b30000] _byte_map_base: 0x000001fb41320000

Marking Bits: (ParMarkBitMap*) 0x00007ffedabf31f0
 Begin Bits: [0x000001fb54220000, 0x000001fb56220000)
 End Bits:   [0x000001fb56220000, 0x000001fb58220000)

Polling page: 0x000001fb3fc30000

Metaspace:

Usage:
  Non-class:     59.03 MB used.
      Class:      6.63 MB used.
       Both:     65.66 MB used.

Virtual space:
  Non-class space:       64.00 MB reserved,      59.88 MB ( 94%) committed,  1 nodes.
      Class space:        1.00 GB reserved,       7.25 MB ( <1%) committed,  1 nodes.
             Both:        1.06 GB reserved,      67.12 MB (  6%) committed. 

Chunk freelists:
   Non-Class:  4.02 MB
       Class:  8.76 MB
        Both:  12.78 MB

MaxMetaspaceSize: unlimited
CompressedClassSpaceSize: 1.00 GB
Initial GC threshold: 21.00 MB
Current GC threshold: 97.31 MB
CDS: on
 - commit_granule_bytes: 65536.
 - commit_granule_words: 8192.
 - virtual_space_node_default_size: 8388608.
 - enlarge_chunks_in_place: 1.
 - use_allocation_guard: 0.


Internal statistics:

num_allocs_failed_limit: 9.
num_arena_births: 1270.
num_arena_deaths: 14.
num_vsnodes_births: 2.
num_vsnodes_deaths: 0.
num_space_committed: 1074.
num_space_uncommitted: 0.
num_chunks_returned_to_freelist: 23.
num_chunks_taken_from_freelist: 4535.
num_chunk_merges: 13.
num_chunk_splits: 2767.
num_chunks_enlarged: 1523.
num_inconsistent_stats: 0.

CodeHeap 'non-profiled nmethods': size=120000Kb used=12254Kb max_used=12254Kb free=107745Kb
 bounds [0x000001fb4ca40000, 0x000001fb4d640000, 0x000001fb53f70000]
CodeHeap 'profiled nmethods': size=120000Kb used=34115Kb max_used=34115Kb free=85884Kb
 bounds [0x000001fb44f70000, 0x000001fb470d0000, 0x000001fb4c4a0000]
CodeHeap 'non-nmethods': size=5760Kb used=1436Kb max_used=1491Kb free=4323Kb
 bounds [0x000001fb4c4a0000, 0x000001fb4c710000, 0x000001fb4ca40000]
 total_blobs=14847 nmethods=14098 adapters=653
 compilation: enabled
              stopped_count=0, restarted_count=0
 full_count=0

Compilation events (20 events):
Event: 17172.179 Thread 0x000001fb587f4370 14895       3       org.eclipse.aether.repository.LocalArtifactRequest::setContext (16 bytes)
Event: 17172.179 Thread 0x000001fb587f4370 nmethod 14895 0x000001fb470ad590 code [0x000001fb470ad740, 0x000001fb470ad8b8]
Event: 17172.179 Thread 0x000001fb587f4370 14896       3       org.eclipse.aether.internal.impl.EnhancedLocalRepositoryManager::find (163 bytes)
Event: 17172.183 Thread 0x000001fb587f4370 nmethod 14896 0x000001fb470ad990 code [0x000001fb470adce0, 0x000001fb470af108]
Event: 17172.183 Thread 0x000001fb587f4370 14897       3       org.eclipse.aether.repository.LocalArtifactResult::<init> (18 bytes)
Event: 17172.183 Thread 0x000001fb587f4370 nmethod 14897 0x000001fb470af910 code [0x000001fb470afae0, 0x000001fb470afdc8]
Event: 17172.183 Thread 0x000001fb587f4370 14898       3       org.eclipse.aether.internal.impl.EnhancedLocalRepositoryManager::getPathForLocalArtifact (20 bytes)
Event: 17172.184 Thread 0x000001fb587f4370 nmethod 14898 0x000001fb470aff10 code [0x000001fb470b0120, 0x000001fb470b05f0]
Event: 17172.184 Thread 0x000001fb587f4370 14899       3       org.eclipse.aether.internal.impl.LocalPathPrefixComposerFactorySupport$LocalPathPrefixComposerSupport::getPathPrefixForLocalArtifact (66 bytes)
Event: 17172.185 Thread 0x000001fb587f4370 nmethod 14899 0x000001fb470b0890 code [0x000001fb470b0b60, 0x000001fb470b17d8]
Event: 17172.185 Thread 0x000001fb587f4370 14892       3       org.eclipse.m2e.core.internal.project.registry.EclipseWorkspaceArtifactRepository::resolveAsEclipseProject (228 bytes)
Event: 17172.188 Thread 0x000001fb587f4370 nmethod 14892 0x000001fb470b1d10 code [0x000001fb470b22c0, 0x000001fb470b5738]
Event: 17172.188 Thread 0x000001fb587f4370 14900   !   3       org.apache.maven.model.MailingList::clone (105 bytes)
Event: 17172.190 Thread 0x000001fb587f4370 nmethod 14900 0x000001fb470b6790 code [0x000001fb470b6a80, 0x000001fb470b7a50]
Event: 17172.201 Thread 0x000001fb587f4370 14901       1       org.apache.maven.project.ReactorModelCache$CacheKey::hashCode (5 bytes)
Event: 17172.201 Thread 0x000001fb587f4370 nmethod 14901 0x000001fb4d637810 code [0x000001fb4d6379a0, 0x000001fb4d637a68]
Event: 17172.212 Thread 0x000001fb587f4370 14902       3       org.apache.maven.model.inheritance.DefaultInheritanceAssembler$InheritanceModelMerger::extrapolateChildUrl (59 bytes)
Event: 17172.212 Thread 0x000001fb587f4370 nmethod 14902 0x000001fb470b8110 code [0x000001fb470b8320, 0x000001fb470b8900]
Event: 17172.212 Thread 0x000001fb587f4370 14903       3       org.apache.maven.model.interpolation.StringVisitorModelInterpolator$ModelVisitor::visit (42 bytes)
Event: 17172.213 Thread 0x000001fb587f4370 nmethod 14903 0x000001fb470b8b10 code [0x000001fb470b8d40, 0x000001fb470b95f0]

GC Heap History (20 events):
Event: 17166.277 GC heap before
{Heap before GC invocations=1598 (full 3):
 PSYoungGen      total 4096K, used 3648K [0x00000000d5580000, 0x00000000d5b80000, 0x0000000100000000)
  eden space 2048K, 100% used [0x00000000d5580000,0x00000000d5780000,0x00000000d5780000)
  from space 2048K, 78% used [0x00000000d5980000,0x00000000d5b10000,0x00000000d5b80000)
  to   space 2048K, 0% used [0x00000000d5780000,0x00000000d5780000,0x00000000d5980000)
 ParOldGen       total 1296384K, used 1296243K [0x0000000080000000, 0x00000000cf200000, 0x00000000d5580000)
  object space 1296384K, 99% used [0x0000000080000000,0x00000000cf1dcd00,0x00000000cf200000)
 Metaspace       used 67067K, committed 68544K, reserved 1114112K
  class space    used 6777K, committed 7424K, reserved 1048576K
}
Event: 17166.284 GC heap after
{Heap after GC invocations=1598 (full 3):
 PSYoungGen      total 4096K, used 2048K [0x00000000d5580000, 0x00000000d6000000, 0x0000000100000000)
  eden space 2048K, 0% used [0x00000000d5580000,0x00000000d5580000,0x00000000d5780000)
  from space 2048K, 100% used [0x00000000d5780000,0x00000000d5980000,0x00000000d5980000)
  to   space 4096K, 0% used [0x00000000d5c00000,0x00000000d5c00000,0x00000000d6000000)
 ParOldGen       total 1297920K, used 1297747K [0x0000000080000000, 0x00000000cf380000, 0x00000000d5580000)
  object space 1297920K, 99% used [0x0000000080000000,0x00000000cf354d00,0x00000000cf380000)
 Metaspace       used 67067K, committed 68544K, reserved 1114112K
  class space    used 6777K, committed 7424K, reserved 1048576K
}
Event: 17166.289 GC heap before
{Heap before GC invocations=1599 (full 3):
 PSYoungGen      total 4096K, used 4096K [0x00000000d5580000, 0x00000000d6000000, 0x0000000100000000)
  eden space 2048K, 100% used [0x00000000d5580000,0x00000000d5780000,0x00000000d5780000)
  from space 2048K, 100% used [0x00000000d5780000,0x00000000d5980000,0x00000000d5980000)
  to   space 4096K, 0% used [0x00000000d5c00000,0x00000000d5c00000,0x00000000d6000000)
 ParOldGen       total 1297920K, used 1297747K [0x0000000080000000, 0x00000000cf380000, 0x00000000d5580000)
  object space 1297920K, 99% used [0x0000000080000000,0x00000000cf354d00,0x00000000cf380000)
 Metaspace       used 67070K, committed 68544K, reserved 1114112K
  class space    used 6777K, committed 7424K, reserved 1048576K
}
Event: 17166.298 GC heap after
{Heap after GC invocations=1599 (full 3):
 PSYoungGen      total 4608K, used 2048K [0x00000000d5580000, 0x00000000d5e00000, 0x0000000100000000)
  eden space 2560K, 0% used [0x00000000d5580000,0x00000000d5580000,0x00000000d5800000)
  from space 2048K, 100% used [0x00000000d5c00000,0x00000000d5e00000,0x00000000d5e00000)
  to   space 3072K, 0% used [0x00000000d5800000,0x00000000d5800000,0x00000000d5b00000)
 ParOldGen       total 1299968K, used 1299771K [0x0000000080000000, 0x00000000cf580000, 0x00000000d5580000)
  object space 1299968K, 99% used [0x0000000080000000,0x00000000cf54ed00,0x00000000cf580000)
 Metaspace       used 67070K, committed 68544K, reserved 1114112K
  class space    used 6777K, committed 7424K, reserved 1048576K
}
Event: 17166.314 GC heap before
{Heap before GC invocations=1600 (full 3):
 PSYoungGen      total 4608K, used 4584K [0x00000000d5580000, 0x00000000d5e00000, 0x0000000100000000)
  eden space 2560K, 99% used [0x00000000d5580000,0x00000000d57fa298,0x00000000d5800000)
  from space 2048K, 100% used [0x00000000d5c00000,0x00000000d5e00000,0x00000000d5e00000)
  to   space 3072K, 0% used [0x00000000d5800000,0x00000000d5800000,0x00000000d5b00000)
 ParOldGen       total 1299968K, used 1299771K [0x0000000080000000, 0x00000000cf580000, 0x00000000d5580000)
  object space 1299968K, 99% used [0x0000000080000000,0x00000000cf54ed00,0x00000000cf580000)
 Metaspace       used 67070K, committed 68544K, reserved 1114112K
  class space    used 6777K, committed 7424K, reserved 1048576K
}
Event: 17166.322 GC heap after
{Heap after GC invocations=1600 (full 3):
 PSYoungGen      total 5632K, used 2356K [0x00000000d5580000, 0x00000000d5d80000, 0x0000000100000000)
  eden space 2560K, 0% used [0x00000000d5580000,0x00000000d5580000,0x00000000d5800000)
  from space 3072K, 76% used [0x00000000d5800000,0x00000000d5a4d000,0x00000000d5b00000)
  to   space 2560K, 0% used [0x00000000d5b00000,0x00000000d5b00000,0x00000000d5d80000)
 ParOldGen       total 1302016K, used 1301711K [0x0000000080000000, 0x00000000cf780000, 0x00000000d5580000)
  object space 1302016K, 99% used [0x0000000080000000,0x00000000cf733d10,0x00000000cf780000)
 Metaspace       used 67070K, committed 68544K, reserved 1114112K
  class space    used 6777K, committed 7424K, reserved 1048576K
}
Event: 17166.357 GC heap before
{Heap before GC invocations=1601 (full 3):
 PSYoungGen      total 5632K, used 4916K [0x00000000d5580000, 0x00000000d5d80000, 0x0000000100000000)
  eden space 2560K, 100% used [0x00000000d5580000,0x00000000d5800000,0x00000000d5800000)
  from space 3072K, 76% used [0x00000000d5800000,0x00000000d5a4d000,0x00000000d5b00000)
  to   space 2560K, 0% used [0x00000000d5b00000,0x00000000d5b00000,0x00000000d5d80000)
 ParOldGen       total 1321984K, used 1320911K [0x0000000080000000, 0x00000000d0b00000, 0x00000000d5580000)
  object space 1321984K, 99% used [0x0000000080000000,0x00000000d09f3d30,0x00000000d0b00000)
 Metaspace       used 67071K, committed 68544K, reserved 1114112K
  class space    used 6777K, committed 7424K, reserved 1048576K
}
Event: 17166.363 GC heap after
{Heap after GC invocations=1601 (full 3):
 PSYoungGen      total 5120K, used 1776K [0x00000000d5580000, 0x00000000d5d00000, 0x0000000100000000)
  eden space 3072K, 0% used [0x00000000d5580000,0x00000000d5580000,0x00000000d5880000)
  from space 2048K, 86% used [0x00000000d5b00000,0x00000000d5cbc010,0x00000000d5d00000)
  to   space 2048K, 0% used [0x00000000d5900000,0x00000000d5900000,0x00000000d5b00000)
 ParOldGen       total 1323520K, used 1323055K [0x0000000080000000, 0x00000000d0c80000, 0x00000000d5580000)
  object space 1323520K, 99% used [0x0000000080000000,0x00000000d0c0bd50,0x00000000d0c80000)
 Metaspace       used 67071K, committed 68544K, reserved 1114112K
  class space    used 6777K, committed 7424K, reserved 1048576K
}
Event: 17166.563 GC heap before
{Heap before GC invocations=1602 (full 3):
 PSYoungGen      total 5120K, used 4848K [0x00000000d5580000, 0x00000000d5d00000, 0x0000000100000000)
  eden space 3072K, 100% used [0x00000000d5580000,0x00000000d5880000,0x00000000d5880000)
  from space 2048K, 86% used [0x00000000d5b00000,0x00000000d5cbc010,0x00000000d5d00000)
  to   space 2048K, 0% used [0x00000000d5900000,0x00000000d5900000,0x00000000d5b00000)
 ParOldGen       total 1335296K, used 1334575K [0x0000000080000000, 0x00000000d1800000, 0x00000000d5580000)
  object space 1335296K, 99% used [0x0000000080000000,0x00000000d174bd60,0x00000000d1800000)
 Metaspace       used 67075K, committed 68544K, reserved 1114112K
  class space    used 6778K, committed 7424K, reserved 1048576K
}
Event: 17166.567 GC heap after
{Heap after GC invocations=1602 (full 3):
 PSYoungGen      total 5632K, used 1728K [0x00000000d5580000, 0x00000000d5d80000, 0x0000000100000000)
  eden space 3584K, 0% used [0x00000000d5580000,0x00000000d5580000,0x00000000d5900000)
  from space 2048K, 84% used [0x00000000d5900000,0x00000000d5ab0000,0x00000000d5b00000)
  to   space 2048K, 0% used [0x00000000d5b80000,0x00000000d5b80000,0x00000000d5d80000)
 ParOldGen       total 1335808K, used 1335447K [0x0000000080000000, 0x00000000d1880000, 0x00000000d5580000)
  object space 1335808K, 99% used [0x0000000080000000,0x00000000d1825d60,0x00000000d1880000)
 Metaspace       used 67075K, committed 68544K, reserved 1114112K
  class space    used 6778K, committed 7424K, reserved 1048576K
}
Event: 17166.622 GC heap before
{Heap before GC invocations=1603 (full 3):
 PSYoungGen      total 5632K, used 5309K [0x00000000d5580000, 0x00000000d5d80000, 0x0000000100000000)
  eden space 3584K, 99% used [0x00000000d5580000,0x00000000d58ff4a0,0x00000000d5900000)
  from space 2048K, 84% used [0x00000000d5900000,0x00000000d5ab0000,0x00000000d5b00000)
  to   space 2048K, 0% used [0x00000000d5b80000,0x00000000d5b80000,0x00000000d5d80000)
 ParOldGen       total 1335808K, used 1335447K [0x0000000080000000, 0x00000000d1880000, 0x00000000d5580000)
  object space 1335808K, 99% used [0x0000000080000000,0x00000000d1825d60,0x00000000d1880000)
 Metaspace       used 67090K, committed 68544K, reserved 1114112K
  class space    used 6778K, committed 7424K, reserved 1048576K
}
Event: 17166.626 GC heap after
{Heap after GC invocations=1603 (full 3):
 PSYoungGen      total 6144K, used 1807K [0x00000000d5580000, 0x00000000d5e00000, 0x0000000100000000)
  eden space 4096K, 0% used [0x00000000d5580000,0x00000000d5580000,0x00000000d5980000)
  from space 2048K, 88% used [0x00000000d5b80000,0x00000000d5d43d70,0x00000000d5d80000)
  to   space 2048K, 0% used [0x00000000d5980000,0x00000000d5980000,0x00000000d5b80000)
 ParOldGen       total 1337856K, used 1337087K [0x0000000080000000, 0x00000000d1a80000, 0x00000000d5580000)
  object space 1337856K, 99% used [0x0000000080000000,0x00000000d19bfd60,0x00000000d1a80000)
 Metaspace       used 67090K, committed 68544K, reserved 1114112K
  class space    used 6778K, committed 7424K, reserved 1048576K
}
Event: 17166.676 GC heap before
{Heap before GC invocations=1604 (full 3):
 PSYoungGen      total 6144K, used 5903K [0x00000000d5580000, 0x00000000d5e00000, 0x0000000100000000)
  eden space 4096K, 100% used [0x00000000d5580000,0x00000000d5980000,0x00000000d5980000)
  from space 2048K, 88% used [0x00000000d5b80000,0x00000000d5d43d70,0x00000000d5d80000)
  to   space 2048K, 0% used [0x00000000d5980000,0x00000000d5980000,0x00000000d5b80000)
 ParOldGen       total 1337856K, used 1337087K [0x0000000080000000, 0x00000000d1a80000, 0x00000000d5580000)
  object space 1337856K, 99% used [0x0000000080000000,0x00000000d19bfd60,0x00000000d1a80000)
 Metaspace       used 67097K, committed 68544K, reserved 1114112K
  class space    used 6778K, committed 7424K, reserved 1048576K
}
Event: 17166.680 GC heap after
{Heap after GC invocations=1604 (full 3):
 PSYoungGen      total 6144K, used 2039K [0x00000000d5580000, 0x00000000d6580000, 0x0000000100000000)
  eden space 4096K, 0% used [0x00000000d5580000,0x00000000d5580000,0x00000000d5980000)
  from space 2048K, 99% used [0x00000000d5980000,0x00000000d5b7dfb8,0x00000000d5b80000)
  to   space 6144K, 0% used [0x00000000d5f80000,0x00000000d5f80000,0x00000000d6580000)
 ParOldGen       total 1340416K, used 1340122K [0x0000000080000000, 0x00000000d1d00000, 0x00000000d5580000)
  object space 1340416K, 99% used [0x0000000080000000,0x00000000d1cb6af0,0x00000000d1d00000)
 Metaspace       used 67097K, committed 68544K, reserved 1114112K
  class space    used 6778K, committed 7424K, reserved 1048576K
}
Event: 17166.739 GC heap before
{Heap before GC invocations=1605 (full 3):
 PSYoungGen      total 6144K, used 6135K [0x00000000d5580000, 0x00000000d6580000, 0x0000000100000000)
  eden space 4096K, 100% used [0x00000000d5580000,0x00000000d5980000,0x00000000d5980000)
  from space 2048K, 99% used [0x00000000d5980000,0x00000000d5b7dfb8,0x00000000d5b80000)
  to   space 6144K, 0% used [0x00000000d5f80000,0x00000000d5f80000,0x00000000d6580000)
 ParOldGen       total 1340416K, used 1340122K [0x0000000080000000, 0x00000000d1d00000, 0x00000000d5580000)
  object space 1340416K, 99% used [0x0000000080000000,0x00000000d1cb6af0,0x00000000d1d00000)
 Metaspace       used 67102K, committed 68544K, reserved 1114112K
  class space    used 6778K, committed 7424K, reserved 1048576K
}
Event: 17166.746 GC heap after
{Heap after GC invocations=1605 (full 3):
 PSYoungGen      total 7168K, used 2712K [0x00000000d5580000, 0x00000000d6280000, 0x0000000100000000)
  eden space 4096K, 0% used [0x00000000d5580000,0x00000000d5580000,0x00000000d5980000)
  from space 3072K, 88% used [0x00000000d5f80000,0x00000000d6226268,0x00000000d6280000)
  to   space 3584K, 0% used [0x00000000d5b80000,0x00000000d5b80000,0x00000000d5f00000)
 ParOldGen       total 1342464K, used 1342114K [0x0000000080000000, 0x00000000d1f00000, 0x00000000d5580000)
  object space 1342464K, 99% used [0x0000000080000000,0x00000000d1ea8958,0x00000000d1f00000)
 Metaspace       used 67102K, committed 68544K, reserved 1114112K
  class space    used 6778K, committed 7424K, reserved 1048576K
}
Event: 17171.548 GC heap before
{Heap before GC invocations=1606 (full 3):
 PSYoungGen      total 7168K, used 6808K [0x00000000d5580000, 0x00000000d6280000, 0x0000000100000000)
  eden space 4096K, 100% used [0x00000000d5580000,0x00000000d5980000,0x00000000d5980000)
  from space 3072K, 88% used [0x00000000d5f80000,0x00000000d6226268,0x00000000d6280000)
  to   space 3584K, 0% used [0x00000000d5b80000,0x00000000d5b80000,0x00000000d5f00000)
 ParOldGen       total 1342464K, used 1342114K [0x0000000080000000, 0x00000000d1f00000, 0x00000000d5580000)
  object space 1342464K, 99% used [0x0000000080000000,0x00000000d1ea8958,0x00000000d1f00000)
 Metaspace       used 67146K, committed 68608K, reserved 1114112K
  class space    used 6778K, committed 7424K, reserved 1048576K
}
Event: 17171.552 GC heap after
{Heap after GC invocations=1606 (full 3):
 PSYoungGen      total 5120K, used 736K [0x00000000d5580000, 0x00000000d6000000, 0x0000000100000000)
  eden space 4096K, 0% used [0x00000000d5580000,0x00000000d5580000,0x00000000d5980000)
  from space 1024K, 71% used [0x00000000d5b80000,0x00000000d5c38000,0x00000000d5c80000)
  to   space 2048K, 0% used [0x00000000d5e00000,0x00000000d5e00000,0x00000000d6000000)
 ParOldGen       total 1343488K, used 1343122K [0x0000000080000000, 0x00000000d2000000, 0x00000000d5580000)
  object space 1343488K, 99% used [0x0000000080000000,0x00000000d1fa4968,0x00000000d2000000)
 Metaspace       used 67146K, committed 68608K, reserved 1114112K
  class space    used 6778K, committed 7424K, reserved 1048576K
}
Event: 17172.164 GC heap before
{Heap before GC invocations=1607 (full 3):
 PSYoungGen      total 5120K, used 4832K [0x00000000d5580000, 0x00000000d6000000, 0x0000000100000000)
  eden space 4096K, 100% used [0x00000000d5580000,0x00000000d5980000,0x00000000d5980000)
  from space 1024K, 71% used [0x00000000d5b80000,0x00000000d5c38000,0x00000000d5c80000)
  to   space 2048K, 0% used [0x00000000d5e00000,0x00000000d5e00000,0x00000000d6000000)
 ParOldGen       total 1343488K, used 1343122K [0x0000000080000000, 0x00000000d2000000, 0x00000000d5580000)
  object space 1343488K, 99% used [0x0000000080000000,0x00000000d1fa4968,0x00000000d2000000)
 Metaspace       used 67216K, committed 68736K, reserved 1114112K
  class space    used 6787K, committed 7424K, reserved 1048576K
}
Event: 17172.171 GC heap after
{Heap after GC invocations=1607 (full 3):
 PSYoungGen      total 5632K, used 1088K [0x00000000d5580000, 0x00000000d5f80000, 0x0000000100000000)
  eden space 4096K, 0% used [0x00000000d5580000,0x00000000d5580000,0x00000000d5980000)
  from space 1536K, 70% used [0x00000000d5e00000,0x00000000d5f10020,0x00000000d5f80000)
  to   space 1536K, 0% used [0x00000000d5c80000,0x00000000d5c80000,0x00000000d5e00000)
 ParOldGen       total 1344000K, used 1343686K [0x0000000080000000, 0x00000000d2080000, 0x00000000d5580000)
  object space 1344000K, 99% used [0x0000000080000000,0x00000000d2031978,0x00000000d2080000)
 Metaspace       used 67216K, committed 68736K, reserved 1114112K
  class space    used 6787K, committed 7424K, reserved 1048576K
}

Dll operation events (10 events):
Event: 0.055 Loaded shared library c:\Users\obeng\.cursor\extensions\redhat.java-1.43.1-win32-x64\jre\21.0.7-win32-x86_64\bin\java.dll
Event: 0.153 Loaded shared library c:\Users\obeng\.cursor\extensions\redhat.java-1.43.1-win32-x64\jre\21.0.7-win32-x86_64\bin\zip.dll
Event: 0.178 Loaded shared library C:\Users\obeng\.cursor\extensions\redhat.java-1.43.1-win32-x64\jre\21.0.7-win32-x86_64\bin\instrument.dll
Event: 0.185 Loaded shared library C:\Users\obeng\.cursor\extensions\redhat.java-1.43.1-win32-x64\jre\21.0.7-win32-x86_64\bin\net.dll
Event: 0.190 Loaded shared library C:\Users\obeng\.cursor\extensions\redhat.java-1.43.1-win32-x64\jre\21.0.7-win32-x86_64\bin\nio.dll
Event: 0.195 Loaded shared library C:\Users\obeng\.cursor\extensions\redhat.java-1.43.1-win32-x64\jre\21.0.7-win32-x86_64\bin\zip.dll
Event: 0.225 Loaded shared library C:\Users\obeng\.cursor\extensions\redhat.java-1.43.1-win32-x64\jre\21.0.7-win32-x86_64\bin\jimage.dll
Event: 0.307 Loaded shared library c:\Users\obeng\.cursor\extensions\redhat.java-1.43.1-win32-x64\jre\21.0.7-win32-x86_64\bin\verify.dll
Event: 9.883 Loaded shared library C:\Users\obeng\AppData\Roaming\Cursor\User\globalStorage\redhat.java\1.43.1\config_win\org.eclipse.equinox.launcher\org.eclipse.equinox.launcher.win32.win32.x86_64_1.2.1300.v20250331-1702\eclipse_11911.dll
Event: 25.943 Loaded shared library C:\Users\obeng\AppData\Local\Temp\jna-2331414\jna4330908880194215865.dll

Deoptimization events (20 events):
Event: 17171.981 Thread 0x000001fb9bb46bc0 Uncommon trap: trap_request=0xffffff45 fr.pc=0x000001fb4d4575fc relative=0x000000000000057c
Event: 17171.981 Thread 0x000001fb9bb46bc0 Uncommon trap: reason=unstable_if action=reinterpret pc=0x000001fb4d4575fc method=java.util.IdentityHashMap.remove(Ljava/lang/Object;)Ljava/lang/Object; @ 85 c2
Event: 17171.981 Thread 0x000001fb9bb46bc0 DEOPT PACKING pc=0x000001fb4d4575fc sp=0x00000028728fe0c0
Event: 17171.981 Thread 0x000001fb9bb46bc0 DEOPT UNPACKING pc=0x000001fb4c4f3aa2 sp=0x00000028728fe050 mode 2
Event: 17171.997 Thread 0x000001fb9bb46bc0 Uncommon trap: trap_request=0xffffffde fr.pc=0x000001fb4ce4aeb0 relative=0x00000000000004d0
Event: 17171.997 Thread 0x000001fb9bb46bc0 Uncommon trap: reason=class_check action=maybe_recompile pc=0x000001fb4ce4aeb0 method=java.util.Collections$UnmodifiableMap.hashCode()I @ 4 c2
Event: 17171.997 Thread 0x000001fb9bb46bc0 DEOPT PACKING pc=0x000001fb4ce4aeb0 sp=0x00000028728fdd50
Event: 17171.997 Thread 0x000001fb9bb46bc0 DEOPT UNPACKING pc=0x000001fb4c4f3aa2 sp=0x00000028728fdd08 mode 2
Event: 17171.997 Thread 0x000001fb9bb46bc0 Uncommon trap: trap_request=0xffffffde fr.pc=0x000001fb4ce45b34 relative=0x00000000000004d4
Event: 17171.997 Thread 0x000001fb9bb46bc0 Uncommon trap: reason=class_check action=maybe_recompile pc=0x000001fb4ce45b34 method=java.util.AbstractMap.hashCode()I @ 3 c2
Event: 17171.997 Thread 0x000001fb9bb46bc0 DEOPT PACKING pc=0x000001fb4ce45b34 sp=0x00000028728fdce0
Event: 17171.997 Thread 0x000001fb9bb46bc0 DEOPT UNPACKING pc=0x000001fb4c4f3aa2 sp=0x00000028728fdc88 mode 2
Event: 17172.052 Thread 0x000001fb9bb46bc0 Uncommon trap: trap_request=0xffffff45 fr.pc=0x000001fb4d18e880 relative=0x00000000000004c0
Event: 17172.052 Thread 0x000001fb9bb46bc0 Uncommon trap: reason=unstable_if action=reinterpret pc=0x000001fb4d18e880 method=org.apache.maven.model.Dependency.setLocation(Ljava/lang/Object;Lorg/apache/maven/model/InputLocation;)V @ 19 c2
Event: 17172.052 Thread 0x000001fb9bb46bc0 DEOPT PACKING pc=0x000001fb4d18e880 sp=0x00000028728fd200
Event: 17172.052 Thread 0x000001fb9bb46bc0 DEOPT UNPACKING pc=0x000001fb4c4f3aa2 sp=0x00000028728fd198 mode 2
Event: 17172.203 Thread 0x000001fb9bb46bc0 Uncommon trap: trap_request=0xffffffbe fr.pc=0x000001fb4d51a8c8 relative=0x0000000000000e28
Event: 17172.203 Thread 0x000001fb9bb46bc0 Uncommon trap: reason=profile_predicate action=maybe_recompile pc=0x000001fb4d51a8c8 method=java.lang.StringLatin1.replace([BI[BI[BI)Ljava/lang/String; @ 180 c2
Event: 17172.203 Thread 0x000001fb9bb46bc0 DEOPT PACKING pc=0x000001fb4d51a8c8 sp=0x00000028728fd250
Event: 17172.203 Thread 0x000001fb9bb46bc0 DEOPT UNPACKING pc=0x000001fb4c4f3aa2 sp=0x00000028728fd1a0 mode 2

Classes loaded (20 events):
Event: 17099.071 Loading class jdk/internal/module/IllegalAccessLogger
Event: 17099.071 Loading class jdk/internal/module/IllegalAccessLogger done
Event: 17107.206 Loading class jdk/internal/module/IllegalAccessLogger
Event: 17107.206 Loading class jdk/internal/module/IllegalAccessLogger done
Event: 17109.596 Loading class jdk/internal/module/IllegalAccessLogger
Event: 17109.596 Loading class jdk/internal/module/IllegalAccessLogger done
Event: 17114.850 Loading class jdk/internal/module/IllegalAccessLogger
Event: 17114.850 Loading class jdk/internal/module/IllegalAccessLogger done
Event: 17117.247 Loading class jdk/internal/module/IllegalAccessLogger
Event: 17117.247 Loading class jdk/internal/module/IllegalAccessLogger done
Event: 17141.127 Loading class jdk/internal/module/IllegalAccessLogger
Event: 17141.127 Loading class jdk/internal/module/IllegalAccessLogger done
Event: 17154.791 Loading class jdk/internal/module/IllegalAccessLogger
Event: 17154.791 Loading class jdk/internal/module/IllegalAccessLogger done
Event: 17156.228 Loading class jdk/internal/module/IllegalAccessLogger
Event: 17156.228 Loading class jdk/internal/module/IllegalAccessLogger done
Event: 17162.266 Loading class jdk/internal/module/IllegalAccessLogger
Event: 17162.266 Loading class jdk/internal/module/IllegalAccessLogger done
Event: 17166.139 Loading class jdk/internal/module/IllegalAccessLogger
Event: 17166.139 Loading class jdk/internal/module/IllegalAccessLogger done

Classes unloaded (7 events):
Event: 26.498 Thread 0x000001fb3fb4e7b0 Unloading class 0x000001fb5a1a3000 'java/lang/invoke/LambdaForm$MH+0x000001fb5a1a3000'
Event: 26.498 Thread 0x000001fb3fb4e7b0 Unloading class 0x000001fb5a1a2c00 'java/lang/invoke/LambdaForm$MH+0x000001fb5a1a2c00'
Event: 26.498 Thread 0x000001fb3fb4e7b0 Unloading class 0x000001fb5a1a2800 'java/lang/invoke/LambdaForm$MH+0x000001fb5a1a2800'
Event: 26.498 Thread 0x000001fb3fb4e7b0 Unloading class 0x000001fb5a1a2400 'java/lang/invoke/LambdaForm$MH+0x000001fb5a1a2400'
Event: 26.498 Thread 0x000001fb3fb4e7b0 Unloading class 0x000001fb5a1a2000 'java/lang/invoke/LambdaForm$BMH+0x000001fb5a1a2000'
Event: 26.498 Thread 0x000001fb3fb4e7b0 Unloading class 0x000001fb5a1a1c00 'java/lang/invoke/LambdaForm$DMH+0x000001fb5a1a1c00'
Event: 26.498 Thread 0x000001fb3fb4e7b0 Unloading class 0x000001fb5a1a0800 'java/lang/invoke/LambdaForm$DMH+0x000001fb5a1a0800'

Classes redefined (0 events):
No events

Internal exceptions (20 events):
Event: 17099.289 Thread 0x000001fb9b6a5a10 Exception <a 'sun/nio/fs/WindowsException'{0x00000000d5668580}> (0x00000000d5668580) 
thrown [s\src\hotspot\share\prims\jni.cpp, line 520]
Event: 17107.002 Thread 0x000001fb9b6a5a10 Exception <a 'sun/nio/fs/WindowsException'{0x00000000d5808ae8}> (0x00000000d5808ae8) 
thrown [s\src\hotspot\share\prims\jni.cpp, line 520]
Event: 17107.459 Thread 0x000001fb9b6a5a10 Exception <a 'sun/nio/fs/WindowsException'{0x00000000d564e880}> (0x00000000d564e880) 
thrown [s\src\hotspot\share\prims\jni.cpp, line 520]
Event: 17109.413 Thread 0x000001fb9b6a5a10 Exception <a 'sun/nio/fs/WindowsException'{0x00000000d571c1e0}> (0x00000000d571c1e0) 
thrown [s\src\hotspot\share\prims\jni.cpp, line 520]
Event: 17109.858 Thread 0x000001fb9b6a5a10 Exception <a 'sun/nio/fs/WindowsException'{0x00000000d5a2c340}> (0x00000000d5a2c340) 
thrown [s\src\hotspot\share\prims\jni.cpp, line 520]
Event: 17114.637 Thread 0x000001fb9b6a5a10 Exception <a 'sun/nio/fs/WindowsException'{0x00000000d55817d8}> (0x00000000d55817d8) 
thrown [s\src\hotspot\share\prims\jni.cpp, line 520]
Event: 17114.768 Thread 0x000001fb9bb44460 Exception <a 'sun/nio/fs/WindowsException'{0x00000000d587fc10}> (0x00000000d587fc10) 
thrown [s\src\hotspot\share\prims\jni.cpp, line 520]
Event: 17115.256 Thread 0x000001fb9b6a5a10 Exception <a 'sun/nio/fs/WindowsException'{0x00000000d58d5c68}> (0x00000000d58d5c68) 
thrown [s\src\hotspot\share\prims\jni.cpp, line 520]
Event: 17116.999 Thread 0x000001fb9b6a5a10 Exception <a 'sun/nio/fs/WindowsException'{0x00000000d5b74bf0}> (0x00000000d5b74bf0) 
thrown [s\src\hotspot\share\prims\jni.cpp, line 520]
Event: 17117.336 Thread 0x000001fb9b6a5a10 Exception <a 'sun/nio/fs/WindowsException'{0x00000000d5655128}> (0x00000000d5655128) 
thrown [s\src\hotspot\share\prims\jni.cpp, line 520]
Event: 17140.802 Thread 0x000001fb9b6a5a10 Exception <a 'sun/nio/fs/WindowsException'{0x00000000d5767a78}> (0x00000000d5767a78) 
thrown [s\src\hotspot\share\prims\jni.cpp, line 520]
Event: 17141.568 Thread 0x000001fb9b6a5a10 Exception <a 'sun/nio/fs/WindowsException'{0x00000000d5758f68}> (0x00000000d5758f68) 
thrown [s\src\hotspot\share\prims\jni.cpp, line 520]
Event: 17154.587 Thread 0x000001fb9b6a5a10 Exception <a 'sun/nio/fs/WindowsException'{0x00000000d57d2c98}> (0x00000000d57d2c98) 
thrown [s\src\hotspot\share\prims\jni.cpp, line 520]
Event: 17155.128 Thread 0x000001fb9b6a5a10 Exception <a 'sun/nio/fs/WindowsException'{0x00000000d5599440}> (0x00000000d5599440) 
thrown [s\src\hotspot\share\prims\jni.cpp, line 520]
Event: 17160.942 Thread 0x000001fb9b6a5a10 Exception <a 'sun/nio/fs/WindowsException'{0x00000000d56bb108}> (0x00000000d56bb108) 
thrown [s\src\hotspot\share\prims\jni.cpp, line 520]
Event: 17161.933 Thread 0x000001fb9b6a5a10 Exception <a 'sun/nio/fs/WindowsException'{0x00000000d55eb468}> (0x00000000d55eb468) 
thrown [s\src\hotspot\share\prims\jni.cpp, line 520]
Event: 17165.940 Thread 0x000001fb9b6a5a10 Exception <a 'sun/nio/fs/WindowsException'{0x00000000d58cc4e8}> (0x00000000d58cc4e8) 
thrown [s\src\hotspot\share\prims\jni.cpp, line 520]
Event: 17166.561 Thread 0x000001fb9b6a5a10 Exception <a 'sun/nio/fs/WindowsException'{0x00000000d572a6b0}> (0x00000000d572a6b0) 
thrown [s\src\hotspot\share\prims\jni.cpp, line 520]
Event: 17166.581 Thread 0x000001fb9b6a5a10 Implicit null exception at 0x000001fb4d11fabd to 0x000001fb4d120250
Event: 17171.835 Thread 0x000001fb9bb46bc0 Exception <a 'java/lang/NoSuchMethodError'{0x00000000d5745a30}: 'void java.lang.invoke.DirectMethodHandle$Holder.invokeStatic(java.lang.Object, java.lang.Object, java.lang.Object, java.lang.Object, java.lang.Object, java.lang.Object, java.lang.Object, java.lang.Object)'> (0x00000000d5745a30) 
thrown [s\src\hotspot\share\interpreter\linkResolver.cpp, line 773]

ZGC Phase Switch (0 events):
No events

VM Operations (20 events):
Event: 17166.289 Executing VM operation: ParallelGCFailedAllocation (Allocation Failure)
Event: 17166.298 Executing VM operation: ParallelGCFailedAllocation (Allocation Failure) done
Event: 17166.314 Executing VM operation: ParallelGCFailedAllocation (Allocation Failure)
Event: 17166.322 Executing VM operation: ParallelGCFailedAllocation (Allocation Failure) done
Event: 17166.351 Executing VM operation: ParallelGCFailedAllocation (Allocation Failure)
Event: 17166.363 Executing VM operation: ParallelGCFailedAllocation (Allocation Failure) done
Event: 17166.563 Executing VM operation: ParallelGCFailedAllocation (Allocation Failure)
Event: 17166.567 Executing VM operation: ParallelGCFailedAllocation (Allocation Failure) done
Event: 17166.622 Executing VM operation: ParallelGCFailedAllocation (Allocation Failure)
Event: 17166.626 Executing VM operation: ParallelGCFailedAllocation (Allocation Failure) done
Event: 17166.676 Executing VM operation: ParallelGCFailedAllocation (Allocation Failure)
Event: 17166.680 Executing VM operation: ParallelGCFailedAllocation (Allocation Failure) done
Event: 17166.739 Executing VM operation: ParallelGCFailedAllocation (Allocation Failure)
Event: 17166.746 Executing VM operation: ParallelGCFailedAllocation (Allocation Failure) done
Event: 17167.747 Executing VM operation: Cleanup
Event: 17167.747 Executing VM operation: Cleanup done
Event: 17171.547 Executing VM operation: ParallelGCFailedAllocation (Allocation Failure)
Event: 17171.552 Executing VM operation: ParallelGCFailedAllocation (Allocation Failure) done
Event: 17172.163 Executing VM operation: ParallelGCFailedAllocation (Allocation Failure)
Event: 17172.171 Executing VM operation: ParallelGCFailedAllocation (Allocation Failure) done

Memory protections (0 events):
No events

Nmethod flushes (20 events):
Event: 51.145 Thread 0x000001fb3fb4e7b0 flushing  nmethod 0x000001fb4583cb10
Event: 51.145 Thread 0x000001fb3fb4e7b0 flushing  nmethod 0x000001fb45843c90
Event: 51.145 Thread 0x000001fb3fb4e7b0 flushing  nmethod 0x000001fb45846790
Event: 51.145 Thread 0x000001fb3fb4e7b0 flushing  nmethod 0x000001fb45847690
Event: 51.145 Thread 0x000001fb3fb4e7b0 flushing  nmethod 0x000001fb45847c90
Event: 51.145 Thread 0x000001fb3fb4e7b0 flushing  nmethod 0x000001fb45848510
Event: 51.145 Thread 0x000001fb3fb4e7b0 flushing  nmethod 0x000001fb4584ba10
Event: 51.145 Thread 0x000001fb3fb4e7b0 flushing  nmethod 0x000001fb4584c110
Event: 51.145 Thread 0x000001fb3fb4e7b0 flushing  nmethod 0x000001fb45850510
Event: 51.145 Thread 0x000001fb3fb4e7b0 flushing  nmethod 0x000001fb45859190
Event: 51.145 Thread 0x000001fb3fb4e7b0 flushing  nmethod 0x000001fb45879b10
Event: 51.145 Thread 0x000001fb3fb4e7b0 flushing  nmethod 0x000001fb45881990
Event: 51.145 Thread 0x000001fb3fb4e7b0 flushing  nmethod 0x000001fb45899310
Event: 51.145 Thread 0x000001fb3fb4e7b0 flushing  nmethod 0x000001fb45899610
Event: 51.145 Thread 0x000001fb3fb4e7b0 flushing osr nmethod 0x000001fb458d0290
Event: 51.145 Thread 0x000001fb3fb4e7b0 flushing  nmethod 0x000001fb458f6f90
Event: 51.145 Thread 0x000001fb3fb4e7b0 flushing  nmethod 0x000001fb458fa690
Event: 51.145 Thread 0x000001fb3fb4e7b0 flushing  nmethod 0x000001fb45900910
Event: 51.145 Thread 0x000001fb3fb4e7b0 flushing  nmethod 0x000001fb45901090
Event: 51.145 Thread 0x000001fb3fb4e7b0 flushing  nmethod 0x000001fb45903690

Events (20 events):
Event: 17095.311 Thread 0x000001fb9b6a8e90 Thread added: 0x000001fb9bb42a20
Event: 17095.524 Thread 0x000001fb9bb44460 Thread added: 0x000001fb9bb41670
Event: 17095.524 Thread 0x000001fb9bb44460 Thread added: 0x000001fb9bb45ea0
Event: 17096.124 Thread 0x000001fb587f4370 Thread added: 0x000001fba20ae040
Event: 17097.461 Thread 0x000001fba20ae040 Thread exited: 0x000001fba20ae040
Event: 17097.653 Thread 0x000001fb9bb44460 Thread added: 0x000001fb9bb478e0
Event: 17099.040 Thread 0x000001fb9b6a8e90 Thread added: 0x000001fb9bb430b0
Event: 17107.136 Thread 0x000001fb9bb42a20 Thread added: 0x000001fb9bb40fe0
Event: 17109.629 Thread 0x000001fb587f4370 Thread added: 0x000001fba20ac500
Event: 17109.862 Thread 0x000001fba20ac500 Thread exited: 0x000001fba20ac500
Event: 17143.177 Thread 0x000001fb9b6a5a10 Thread added: 0x000001fb9bb43740
Event: 17143.193 Thread 0x000001fb587f4370 Thread added: 0x000001fba20ab090
Event: 17147.914 Thread 0x000001fba20ab090 Thread exited: 0x000001fba20ab090
Event: 17156.235 Thread 0x000001fb587f4370 Thread added: 0x000001fba20b0250
Event: 17160.414 Thread 0x000001fba20b0250 Thread exited: 0x000001fba20b0250
Event: 17162.162 Thread 0x000001fb9b6a8e90 Thread added: 0x000001fb9bb46bc0
Event: 17162.324 Thread 0x000001fb587f4370 Thread added: 0x000001fba20b0250
Event: 17165.303 Thread 0x000001fba20b0250 Thread exited: 0x000001fba20b0250
Event: 17166.188 Thread 0x000001fb587f4370 Thread added: 0x000001fba20b0250
Event: 17166.526 Thread 0x000001fba20b0250 Thread exited: 0x000001fba20b0250


Dynamic libraries:
0x00007ff72a960000 - 0x00007ff72a96e000 	c:\Users\obeng\.cursor\extensions\redhat.java-1.43.1-win32-x64\jre\21.0.7-win32-x86_64\bin\java.exe
0x00007fff63b10000 - 0x00007fff63d27000 	C:\Windows\SYSTEM32\ntdll.dll
0x00007fff62740000 - 0x00007fff62804000 	C:\Windows\System32\KERNEL32.DLL
0x00007fff60d20000 - 0x00007fff610f2000 	C:\Windows\System32\KERNELBASE.dll
0x00007fff60c00000 - 0x00007fff60d11000 	C:\Windows\System32\ucrtbase.dll
0x00007fff41020000 - 0x00007fff41038000 	c:\Users\obeng\.cursor\extensions\redhat.java-1.43.1-win32-x64\jre\21.0.7-win32-x86_64\bin\jli.dll
0x00007fff345e0000 - 0x00007fff345fe000 	c:\Users\obeng\.cursor\extensions\redhat.java-1.43.1-win32-x64\jre\21.0.7-win32-x86_64\bin\VCRUNTIME140.dll
0x00007fff62ca0000 - 0x00007fff62e51000 	C:\Windows\System32\USER32.dll
0x00007fff61390000 - 0x00007fff613b6000 	C:\Windows\System32\win32u.dll
0x00007fff62410000 - 0x00007fff62439000 	C:\Windows\System32\GDI32.dll
0x00007fff615f0000 - 0x00007fff61713000 	C:\Windows\System32\gdi32full.dll
0x00007fff441e0000 - 0x00007fff4447b000 	C:\Windows\WinSxS\amd64_microsoft.windows.common-controls_6595b64144ccf1df_6.0.22621.5547_none_27104afb73855772\COMCTL32.dll
0x00007fff61270000 - 0x00007fff6130a000 	C:\Windows\System32\msvcp_win.dll
0x00007fff618c0000 - 0x00007fff61967000 	C:\Windows\System32\msvcrt.dll
0x00007fff624e0000 - 0x00007fff62511000 	C:\Windows\System32\IMM32.DLL
0x00007fff56870000 - 0x00007fff5687c000 	c:\Users\obeng\.cursor\extensions\redhat.java-1.43.1-win32-x64\jre\21.0.7-win32-x86_64\bin\vcruntime140_1.dll
0x00007fff102b0000 - 0x00007fff1033d000 	c:\Users\obeng\.cursor\extensions\redhat.java-1.43.1-win32-x64\jre\21.0.7-win32-x86_64\bin\msvcp140.dll
0x00007ffed9f40000 - 0x00007ffedacd0000 	c:\Users\obeng\.cursor\extensions\redhat.java-1.43.1-win32-x64\jre\21.0.7-win32-x86_64\bin\server\jvm.dll
0x00007fff61aa0000 - 0x00007fff61b51000 	C:\Windows\System32\ADVAPI32.dll
0x00007fff61970000 - 0x00007fff61a18000 	C:\Windows\System32\sechost.dll
0x00007fff613c0000 - 0x00007fff613e8000 	C:\Windows\System32\bcrypt.dll
0x00007fff617a0000 - 0x00007fff618b4000 	C:\Windows\System32\RPCRT4.dll
0x00007fff62520000 - 0x00007fff62591000 	C:\Windows\System32\WS2_32.dll
0x00007fff60ad0000 - 0x00007fff60b1d000 	C:\Windows\SYSTEM32\POWRPROF.dll
0x00007fff57bc0000 - 0x00007fff57bf4000 	C:\Windows\SYSTEM32\WINMM.dll
0x00007fff58aa0000 - 0x00007fff58aaa000 	C:\Windows\SYSTEM32\VERSION.dll
0x00007fff60ab0000 - 0x00007fff60ac3000 	C:\Windows\SYSTEM32\UMPDC.dll
0x00007fff5fbf0000 - 0x00007fff5fc08000 	C:\Windows\SYSTEM32\kernel.appcore.dll
0x00007fff4b180000 - 0x00007fff4b18a000 	c:\Users\obeng\.cursor\extensions\redhat.java-1.43.1-win32-x64\jre\21.0.7-win32-x86_64\bin\jimage.dll
0x00007fff5e500000 - 0x00007fff5e733000 	C:\Windows\SYSTEM32\DBGHELP.DLL
0x00007fff62070000 - 0x00007fff62403000 	C:\Windows\System32\combase.dll
0x00007fff62fc0000 - 0x00007fff63097000 	C:\Windows\System32\OLEAUT32.dll
0x00007fff55820000 - 0x00007fff55852000 	C:\Windows\SYSTEM32\dbgcore.DLL
0x00007fff61720000 - 0x00007fff6179b000 	C:\Windows\System32\bcryptPrimitives.dll
0x00007fff449f0000 - 0x00007fff449ff000 	c:\Users\obeng\.cursor\extensions\redhat.java-1.43.1-win32-x64\jre\21.0.7-win32-x86_64\bin\instrument.dll
0x00007fff29400000 - 0x00007fff2941f000 	c:\Users\obeng\.cursor\extensions\redhat.java-1.43.1-win32-x64\jre\21.0.7-win32-x86_64\bin\java.dll
0x00007fff63220000 - 0x00007fff63ac2000 	C:\Windows\System32\SHELL32.dll
0x00007fff613f0000 - 0x00007fff6152f000 	C:\Windows\System32\wintypes.dll
0x00007fff5eae0000 - 0x00007fff5f3fd000 	C:\Windows\SYSTEM32\windows.storage.dll
0x00007fff62b90000 - 0x00007fff62c9c000 	C:\Windows\System32\SHCORE.dll
0x00007fff631b0000 - 0x00007fff63219000 	C:\Windows\System32\shlwapi.dll
0x00007fff60b30000 - 0x00007fff60b5b000 	C:\Windows\SYSTEM32\profapi.dll
0x00007fff29130000 - 0x00007fff29148000 	c:\Users\obeng\.cursor\extensions\redhat.java-1.43.1-win32-x64\jre\21.0.7-win32-x86_64\bin\zip.dll
0x00007fff40f80000 - 0x00007fff40f90000 	C:\Users\obeng\.cursor\extensions\redhat.java-1.43.1-win32-x64\jre\21.0.7-win32-x86_64\bin\net.dll
0x00007fff58c30000 - 0x00007fff58d5c000 	C:\Windows\SYSTEM32\WINHTTP.dll
0x00007fff60060000 - 0x00007fff600c9000 	C:\Windows\system32\mswsock.dll
0x00007fff23310000 - 0x00007fff23326000 	C:\Users\obeng\.cursor\extensions\redhat.java-1.43.1-win32-x64\jre\21.0.7-win32-x86_64\bin\nio.dll
0x00007fff3a6d0000 - 0x00007fff3a6e0000 	c:\Users\obeng\.cursor\extensions\redhat.java-1.43.1-win32-x64\jre\21.0.7-win32-x86_64\bin\verify.dll
0x00007fff11a90000 - 0x00007fff11ad5000 	C:\Users\obeng\AppData\Roaming\Cursor\User\globalStorage\redhat.java\1.43.1\config_win\org.eclipse.equinox.launcher\org.eclipse.equinox.launcher.win32.win32.x86_64_1.2.1300.v20250331-1702\eclipse_11911.dll
0x00007fff625a0000 - 0x00007fff62740000 	C:\Windows\System32\ole32.dll
0x00007fff603b0000 - 0x00007fff603cb000 	C:\Windows\SYSTEM32\CRYPTSP.dll
0x00007fff5fb50000 - 0x00007fff5fb87000 	C:\Windows\system32\rsaenh.dll
0x00007fff60100000 - 0x00007fff60128000 	C:\Windows\SYSTEM32\USERENV.dll
0x00007fff60390000 - 0x00007fff6039c000 	C:\Windows\SYSTEM32\CRYPTBASE.dll
0x00007fff5f660000 - 0x00007fff5f68d000 	C:\Windows\SYSTEM32\IPHLPAPI.DLL
0x00007fff62870000 - 0x00007fff62879000 	C:\Windows\System32\NSI.dll
0x00007fff140e0000 - 0x00007fff14129000 	C:\Users\obeng\AppData\Local\Temp\jna-2331414\jna4330908880194215865.dll
0x00007fff62460000 - 0x00007fff62468000 	C:\Windows\System32\PSAPI.DLL
0x00007fff57b50000 - 0x00007fff57b69000 	C:\Windows\SYSTEM32\dhcpcsvc6.DLL
0x00007fff57b30000 - 0x00007fff57b4f000 	C:\Windows\SYSTEM32\dhcpcsvc.DLL

dbghelp: loaded successfully - version: 4.0.5 - missing functions: none
symbol engine: initialized successfully - sym options: 0x614 - pdb path: .;c:\Users\obeng\.cursor\extensions\redhat.java-1.43.1-win32-x64\jre\21.0.7-win32-x86_64\bin;C:\Windows\SYSTEM32;C:\Windows\WinSxS\amd64_microsoft.windows.common-controls_6595b64144ccf1df_6.0.22621.5547_none_27104afb73855772;c:\Users\obeng\.cursor\extensions\redhat.java-1.43.1-win32-x64\jre\21.0.7-win32-x86_64\bin\server;C:\Users\obeng\AppData\Roaming\Cursor\User\globalStorage\redhat.java\1.43.1\config_win\org.eclipse.equinox.launcher\org.eclipse.equinox.launcher.win32.win32.x86_64_1.2.1300.v20250331-1702;C:\Users\obeng\AppData\Local\Temp\jna-2331414

VM Arguments:
jvm_args: --add-modules=ALL-SYSTEM --add-opens=java.base/java.util=ALL-UNNAMED --add-opens=java.base/java.lang=ALL-UNNAMED --add-opens=java.base/sun.nio.fs=ALL-UNNAMED -Declipse.application=org.eclipse.jdt.ls.core.id1 -Dosgi.bundles.defaultStartLevel=4 -Declipse.product=org.eclipse.jdt.ls.core.product -Djava.import.generatesMetadataFilesAtProjectRoot=false -DDetectVMInstallationsJob.disabled=true -Dfile.encoding=utf8 -XX:+UseParallelGC -XX:GCTimeRatio=4 -XX:AdaptiveSizePolicyWeight=90 -Dsun.zip.disableMemoryMapping=true -Xmx2G -Xms100m -Xlog:disable -javaagent:c:\Users\obeng\.cursor\extensions\redhat.java-1.43.1-win32-x64\lombok\lombok-1.18.39-4050.jar -XX:+HeapDumpOnOutOfMemoryError -XX:HeapDumpPath=c:\Users\obeng\AppData\Roaming\Cursor\User\workspaceStorage\4be39bfb5b72430ab5bd4ea52db2d53c\redhat.java -Daether.dependencyCollector.impl=bf 
java_command: c:\Users\obeng\.cursor\extensions\redhat.java-1.43.1-win32-x64\server\plugins\org.eclipse.equinox.launcher_1.7.0.v20250519-0528.jar -configuration c:\Users\obeng\AppData\Roaming\Cursor\User\globalStorage\redhat.java\1.43.1\config_win -data c:\Users\obeng\AppData\Roaming\Cursor\User\workspaceStorage\4be39bfb5b72430ab5bd4ea52db2d53c\redhat.java\jdt_ws --pipe=\\.\pipe\lsp-6341647ef11d6196343613d8e216b956-sock
java_class_path (initial): c:\Users\obeng\.cursor\extensions\redhat.java-1.43.1-win32-x64\server\plugins\org.eclipse.equinox.launcher_1.7.0.v20250519-0528.jar
Launcher Type: SUN_STANDARD

[Global flags]
    uintx AdaptiveSizePolicyWeight                 = 90                                        {product} {command line}
     intx CICompilerCount                          = 4                                         {product} {ergonomic}
    uintx GCTimeRatio                              = 4                                         {product} {command line}
     bool HeapDumpOnOutOfMemoryError               = true                                   {manageable} {command line}
    ccstr HeapDumpPath                             = c:\Users\obeng\AppData\Roaming\Cursor\User\workspaceStorage\4be39bfb5b72430ab5bd4ea52db2d53c\redhat.java         {manageable} {command line}
   size_t InitialHeapSize                          = 104857600                                 {product} {command line}
   size_t MaxHeapSize                              = 2147483648                                {product} {command line}
   size_t MaxNewSize                               = 715653120                                 {product} {ergonomic}
   size_t MinHeapDeltaBytes                        = 524288                                    {product} {ergonomic}
   size_t MinHeapSize                              = 104857600                                 {product} {command line}
   size_t NewSize                                  = 34603008                                  {product} {ergonomic}
    uintx NonNMethodCodeHeapSize                   = 5839372                                {pd product} {ergonomic}
    uintx NonProfiledCodeHeapSize                  = 122909434                              {pd product} {ergonomic}
   size_t OldSize                                  = 70254592                                  {product} {ergonomic}
    uintx ProfiledCodeHeapSize                     = 122909434                              {pd product} {ergonomic}
    uintx ReservedCodeCacheSize                    = 251658240                              {pd product} {ergonomic}
     bool SegmentedCodeCache                       = true                                      {product} {ergonomic}
   size_t SoftMaxHeapSize                          = 2147483648                             {manageable} {ergonomic}
     bool UseCompressedOops                        = true                           {product lp64_product} {ergonomic}
     bool UseLargePagesIndividualAllocation        = false                                  {pd product} {ergonomic}
     bool UseParallelGC                            = true                                      {product} {command line}

Logging:
Log output configuration:
 #0: stdout all=off uptime,level,tags foldmultilines=false
 #1: stderr all=off uptime,level,tags foldmultilines=false

Environment Variables:
PATH=C:\Program Files\Eclipse Adoptium\jdk-21.0.6.7-hotspot\bin;C:\Windows\system32;C:\Windows;C:\Windows\System32\Wbem;C:\Windows\System32\WindowsPowerShell\v1.0\;C:\Windows\System32\OpenSSH\;C:\Program Files (x86)\Microsoft SQL Server\160\Tools\Binn\;C:\Program Files\Microsoft SQL Server\160\Tools\Binn\;C:\Program Files\Microsoft SQL Server\Client SDK\ODBC\170\Tools\Binn\;C:\Program Files\Microsoft SQL Server\160\DTS\Binn\;C:\Program Files (x86)\Microsoft SQL Server\160\DTS\Binn\;C:\Program Files\nodejs\;C:\ProgramData\chocolatey\bin;C:\Program Files\Git\cmd;C:\Program Files\dotnet\;C:\Program Files\PostgreSQL\17\bin;;c:\Users\obeng\AppData\Local\Programs\cursor\resources\app\bin;C:\Users\obeng\AppData\Local\Programs\Python\Python39\;C:\Users\obeng\AppData\Local\Programs\Python\Python39\Scripts\;C:\Users\obeng\Downloads\Python-3.9.21.tgz\Python-3.9.21;C:\Users\obeng\AppData\Local\Microsoft\WindowsApps;C:\Users\obeng\AppData\Local\Programs\Microsoft VS Code\bin;C:\Users\obeng\AppData\Roaming\npm;C:\Users\obeng\Downloads\Compressed\node-v22.14.0-win-x64.zip\node-v22.14.0-win-x64\node_modules\npm\bin;C:\Users\obeng\Downloads\Compressed\node-v22.14.0-win-x64.zip\node-v22.14.0-win-x64;C:\Users\obeng\AppData\Local\Android\sdk\platform-tools;C:\Users\obeng\.dotnet\tools;C:\Program Files\maven\mvn\bin;C:\Program Files\spring-3.5.0\bin;C:\Program Files\NASM;C:\mingw32\bin;C:\Program Files\PostgreSQL\17\bin;C:\Users\obeng\AppData\Local\Programs\cursor\resources\app\bin;C:\Program Files\MySQL\MySQL Server 8.0\bin;
USERNAME=Kayy
OS=Windows_NT
PROCESSOR_IDENTIFIER=Intel64 Family 6 Model 154 Stepping 4, GenuineIntel
TMP=C:\Users\obeng\AppData\Local\Temp
TEMP=C:\Users\obeng\AppData\Local\Temp




Periodic native trim disabled

---------------  S Y S T E M  ---------------

OS:
 Windows 11 , 64 bit Build 22621 (10.0.22621.5415)
OS uptime: 0 days 9:09 hours
Hyper-V role detected

CPU: total 8 (initial active 8) (4 cores per cpu, 2 threads per core) family 6 model 154 stepping 4 microcode 0x432, cx8, cmov, fxsr, ht, mmx, 3dnowpref, sse, sse2, sse3, ssse3, sse4.1, sse4.2, popcnt, lzcnt, tsc, tscinvbit, avx, avx2, aes, erms, clmul, bmi1, bmi2, adx, sha, fma, vzeroupper, clflush, clflushopt, clwb, hv, serialize, rdtscp, rdpid, fsrm, f16c, cet_ibt, cet_ss
Processor Information for processor 0
  Max Mhz: 1200, Current Mhz: 1200, Mhz Limit: 1200
Processor Information for processor 1
  Max Mhz: 1200, Current Mhz: 1200, Mhz Limit: 1200
Processor Information for processor 2
  Max Mhz: 1200, Current Mhz: 1200, Mhz Limit: 1200
Processor Information for processor 3
  Max Mhz: 1200, Current Mhz: 1200, Mhz Limit: 1200
Processor Information for processor 4
  Max Mhz: 1200, Current Mhz: 900, Mhz Limit: 900
Processor Information for processor 5
  Max Mhz: 1200, Current Mhz: 900, Mhz Limit: 900
Processor Information for processor 6
  Max Mhz: 1200, Current Mhz: 900, Mhz Limit: 900
Processor Information for processor 7
  Max Mhz: 1200, Current Mhz: 900, Mhz Limit: 900

Memory: 4k page, system-wide physical 7865M (358M free)
TotalPageFile size 15608M (AvailPageFile size 0M)
current process WorkingSet (physical memory assigned to process): 675M, peak: 740M
current process commit charge ("private bytes"): 1621M, peak: 1649M

vm_info: OpenJDK 64-Bit Server VM (21.0.7+6-LTS) for windows-amd64 JRE (21.0.7+6-LTS), built on 2025-04-15T00:00:00Z by "admin" with MS VC++ 17.7 (VS2022)

END.
