#
# There is insufficient memory for the Java Runtime Environment to continue.
# Native memory allocation (malloc) failed to allocate 503904 bytes. Error detail: Chunk::new
# Possible reasons:
#   The system is out of physical RAM or swap space
#   This process is running with CompressedOops enabled, and the Java Heap may be blocking the growth of the native heap
# Possible solutions:
#   Reduce memory load on the system
#   Increase physical memory or swap space
#   Check if swap backing store is full
#   Decrease Java heap size (-Xmx/-Xms)
#   Decrease number of Java threads
#   Decrease Java thread stack sizes (-Xss)
#   Set larger code cache with -XX:ReservedCodeCacheSize=
#   JVM is running with Unscaled Compressed Oops mode in which the Java heap is
#     placed in the first 4GB address space. The Java Heap base address is the
#     maximum limit for the native heap growth. Please use -XX:HeapBaseMinAddress
#     to set the Java Heap base and to place the Java Heap above 4GB virtual address.
# This output file may be truncated or incomplete.
#
#  Out of Memory Error (arena.cpp:168), pid=1072, tid=9324
#
# JRE version: OpenJDK Runtime Environment Temurin-21.0.6+7 (21.0.6+7) (build 21.0.6+7-LTS)
# Java VM: OpenJDK 64-Bit Server VM Temurin-21.0.6+7 (21.0.6+7-LTS, mixed mode, sharing, tiered, compressed oops, compressed class ptrs, g1 gc, windows-amd64)
# No core dump will be written. Minidumps are not enabled by default on client versions of Windows
#

---------------  S U M M A R Y ------------

Command Line: -Dclassworlds.conf=C:\Program Files\maven\mvn\bin\m2.conf -Dmaven.home=C:\Program Files\maven\mvn -Dlibrary.jansi.path=C:\Program Files\maven\mvn\lib\jansi-native -Dmaven.multiModuleProjectDirectory=C:\Users\obeng\Desktop\Cine Vault\project - Copy\CineVault-backend\cinevault org.codehaus.plexus.classworlds.launcher.Launcher spring-boot:run

Host: 12th Gen Intel(R) Core(TM) i3-1215U, 8 cores, 7G,  Windows 11 , 64 bit Build 22621 (10.0.22621.5415)
Time: Sat Jul 19 17:32:24 2025 Greenwich Standard Time elapsed time: 1.555425 seconds (0d 0h 0m 1s)

---------------  T H R E A D  ---------------

Current thread (0x000001c7fd2a9d10):  JavaThread "C2 CompilerThread0" daemon [_thread_in_native, id=9324, stack(0x0000002fc9000000,0x0000002fc9100000) (1024K)]


Current CompileTask:
C2:1555 1132   !   4       sun.nio.cs.StreamDecoder::read (78 bytes)

Stack: [0x0000002fc9000000,0x0000002fc9100000]
Native frames: (J=compiled Java code, j=interpreted, Vv=VM code, C=native code)
V  [jvm.dll+0x6cdee9]
V  [jvm.dll+0x8a83d1]
V  [jvm.dll+0x8aa8fe]
V  [jvm.dll+0x8aafe3]
V  [jvm.dll+0x27f706]
V  [jvm.dll+0xc500d]
V  [jvm.dll+0xc5543]
V  [jvm.dll+0x3b678c]
V  [jvm.dll+0x382935]
V  [jvm.dll+0x381d9a]
V  [jvm.dll+0x2479f0]
V  [jvm.dll+0x246fcf]
V  [jvm.dll+0x1c75ee]
V  [jvm.dll+0x25685a]
V  [jvm.dll+0x254dfa]
V  [jvm.dll+0x3f0256]
V  [jvm.dll+0x851f8b]
V  [jvm.dll+0x6cc5ed]
C  [ucrtbase.dll+0x29333]
C  [KERNEL32.DLL+0x1259d]
C  [ntdll.dll+0x5af78]


---------------  P R O C E S S  ---------------

Threads class SMR info:
_java_thread_list=0x000001c7fde90e60, length=13, elements={
0x000001c7ed4b26e0, 0x000001c7fd29e670, 0x000001c7fd2a0390, 0x000001c7fd2a47c0,
0x000001c7fd2a5210, 0x000001c7fd2a6530, 0x000001c7fd2a6f80, 0x000001c7fd2a9d10,
0x000001c7fd2e0060, 0x000001c7fd3ee230, 0x000001c7fd3eea50, 0x000001c7fde58e90,
0x000001c7fef0fe00
}

Java Threads: ( => current thread )
  0x000001c7ed4b26e0 JavaThread "main"                              [_thread_in_Java, id=17628, stack(0x0000002fc8200000,0x0000002fc8300000) (1024K)]
  0x000001c7fd29e670 JavaThread "Reference Handler"          daemon [_thread_blocked, id=13396, stack(0x0000002fc8a00000,0x0000002fc8b00000) (1024K)]
  0x000001c7fd2a0390 JavaThread "Finalizer"                  daemon [_thread_blocked, id=14216, stack(0x0000002fc8b00000,0x0000002fc8c00000) (1024K)]
  0x000001c7fd2a47c0 JavaThread "Signal Dispatcher"          daemon [_thread_blocked, id=16796, stack(0x0000002fc8c00000,0x0000002fc8d00000) (1024K)]
  0x000001c7fd2a5210 JavaThread "Attach Listener"            daemon [_thread_blocked, id=17660, stack(0x0000002fc8d00000,0x0000002fc8e00000) (1024K)]
  0x000001c7fd2a6530 JavaThread "Service Thread"             daemon [_thread_blocked, id=11304, stack(0x0000002fc8e00000,0x0000002fc8f00000) (1024K)]
  0x000001c7fd2a6f80 JavaThread "Monitor Deflation Thread"   daemon [_thread_blocked, id=13724, stack(0x0000002fc8f00000,0x0000002fc9000000) (1024K)]
=>0x000001c7fd2a9d10 JavaThread "C2 CompilerThread0"         daemon [_thread_in_native, id=9324, stack(0x0000002fc9000000,0x0000002fc9100000) (1024K)]
  0x000001c7fd2e0060 JavaThread "C1 CompilerThread0"         daemon [_thread_blocked, id=5300, stack(0x0000002fc9100000,0x0000002fc9200000) (1024K)]
  0x000001c7fd3ee230 JavaThread "Notification Thread"        daemon [_thread_blocked, id=3068, stack(0x0000002fc9200000,0x0000002fc9300000) (1024K)]
  0x000001c7fd3eea50 JavaThread "Common-Cleaner"             daemon [_thread_blocked, id=548, stack(0x0000002fc9300000,0x0000002fc9400000) (1024K)]
  0x000001c7fde58e90 JavaThread "C2 CompilerThread1"         daemon [_thread_in_native, id=18976, stack(0x0000002fc9400000,0x0000002fc9500000) (1024K)]
  0x000001c7fef0fe00 JavaThread "C2 CompilerThread2"         daemon [_thread_in_native, id=2580, stack(0x0000002fc9500000,0x0000002fc9600000) (1024K)]
Total: 13

Other Threads:
  0x000001c7fd285760 VMThread "VM Thread"                           [id=18460, stack(0x0000002fc8900000,0x0000002fc8a00000) (1024K)]
  0x000001c7fd271dc0 WatcherThread "VM Periodic Task Thread"        [id=18192, stack(0x0000002fc8800000,0x0000002fc8900000) (1024K)]
  0x000001c7ef801e70 WorkerThread "GC Thread#0"                     [id=14028, stack(0x0000002fc8300000,0x0000002fc8400000) (1024K)]
  0x000001c7ef812450 ConcurrentGCThread "G1 Main Marker"            [id=4108, stack(0x0000002fc8400000,0x0000002fc8500000) (1024K)]
  0x000001c7ef8138a0 WorkerThread "G1 Conc#0"                       [id=11488, stack(0x0000002fc8500000,0x0000002fc8600000) (1024K)]
  0x000001c7fd142e80 ConcurrentGCThread "G1 Refine#0"               [id=16668, stack(0x0000002fc8600000,0x0000002fc8700000) (1024K)]
  0x000001c7fd1439f0 ConcurrentGCThread "G1 Service"                [id=6668, stack(0x0000002fc8700000,0x0000002fc8800000) (1024K)]
Total: 7

Threads with active compile tasks:
C2 CompilerThread0  1615 1132   !   4       sun.nio.cs.StreamDecoder::read (78 bytes)
C2 CompilerThread1  1615 1134       4       sun.nio.cs.StreamDecoder::lockedRead (189 bytes)
C2 CompilerThread2  1615 1153       4       java.io.InputStreamReader::read (11 bytes)
Total: 3

VM state: not at safepoint (normal execution)

VM Mutex/Monitor currently owned by a thread: None

Heap address: 0x0000000085000000, size: 1968 MB, Compressed Oops mode: 32-bit

CDS archive(s) mapped at: [0x000001c78f000000-0x000001c78fc80000-0x000001c78fc80000), size 13107200, SharedBaseAddress: 0x000001c78f000000, ArchiveRelocationMode: 1.
Compressed class space mapped at: 0x000001c790000000-0x000001c7d0000000, reserved size: 1073741824
Narrow klass base: 0x000001c78f000000, Narrow klass shift: 0, Narrow klass range: 0x100000000

GC Precious Log:
 CardTable entry size: 512
 Card Set container configuration: InlinePtr #cards 5 size 8 Array Of Cards #cards 12 size 40 Howl #buckets 4 coarsen threshold 1843 Howl Bitmap #cards 512 size 80 coarsen threshold 460 Card regions per heap region 1 cards per card region 2048
 CPUs: 8 total, 8 available
 Memory: 7865M
 Large Page Support: Disabled
 NUMA Support: Disabled
 Compressed Oops: Enabled (32-bit)
 Heap Region Size: 1M
 Heap Min Capacity: 8M
 Heap Initial Capacity: 124M
 Heap Max Capacity: 1968M
 Pre-touch: Disabled
 Parallel Workers: 8
 Concurrent Workers: 2
 Concurrent Refinement Workers: 8
 Periodic GC: Disabled

Heap:
 garbage-first heap   total 126976K, used 21504K [0x0000000085000000, 0x0000000100000000)
  region size 1024K, 23 young (23552K), 0 survivors (0K)
 Metaspace       used 5640K, committed 5824K, reserved 1114112K
  class space    used 652K, committed 768K, reserved 1048576K

Heap Regions: E=young(eden), S=young(survivor), O=old, HS=humongous(starts), HC=humongous(continues), CS=collection set, F=free, TAMS=top-at-mark-start, PB=parsable bottom
|   0|0x0000000085000000, 0x0000000085000000, 0x0000000085100000|  0%| F|  |TAMS 0x0000000085000000| PB 0x0000000085000000| Untracked 
|   1|0x0000000085100000, 0x0000000085100000, 0x0000000085200000|  0%| F|  |TAMS 0x0000000085100000| PB 0x0000000085100000| Untracked 
|   2|0x0000000085200000, 0x0000000085200000, 0x0000000085300000|  0%| F|  |TAMS 0x0000000085200000| PB 0x0000000085200000| Untracked 
|   3|0x0000000085300000, 0x0000000085300000, 0x0000000085400000|  0%| F|  |TAMS 0x0000000085300000| PB 0x0000000085300000| Untracked 
|   4|0x0000000085400000, 0x0000000085400000, 0x0000000085500000|  0%| F|  |TAMS 0x0000000085400000| PB 0x0000000085400000| Untracked 
|   5|0x0000000085500000, 0x0000000085500000, 0x0000000085600000|  0%| F|  |TAMS 0x0000000085500000| PB 0x0000000085500000| Untracked 
|   6|0x0000000085600000, 0x0000000085600000, 0x0000000085700000|  0%| F|  |TAMS 0x0000000085600000| PB 0x0000000085600000| Untracked 
|   7|0x0000000085700000, 0x0000000085700000, 0x0000000085800000|  0%| F|  |TAMS 0x0000000085700000| PB 0x0000000085700000| Untracked 
|   8|0x0000000085800000, 0x0000000085800000, 0x0000000085900000|  0%| F|  |TAMS 0x0000000085800000| PB 0x0000000085800000| Untracked 
|   9|0x0000000085900000, 0x0000000085900000, 0x0000000085a00000|  0%| F|  |TAMS 0x0000000085900000| PB 0x0000000085900000| Untracked 
|  10|0x0000000085a00000, 0x0000000085a00000, 0x0000000085b00000|  0%| F|  |TAMS 0x0000000085a00000| PB 0x0000000085a00000| Untracked 
|  11|0x0000000085b00000, 0x0000000085b00000, 0x0000000085c00000|  0%| F|  |TAMS 0x0000000085b00000| PB 0x0000000085b00000| Untracked 
|  12|0x0000000085c00000, 0x0000000085c00000, 0x0000000085d00000|  0%| F|  |TAMS 0x0000000085c00000| PB 0x0000000085c00000| Untracked 
|  13|0x0000000085d00000, 0x0000000085d00000, 0x0000000085e00000|  0%| F|  |TAMS 0x0000000085d00000| PB 0x0000000085d00000| Untracked 
|  14|0x0000000085e00000, 0x0000000085e00000, 0x0000000085f00000|  0%| F|  |TAMS 0x0000000085e00000| PB 0x0000000085e00000| Untracked 
|  15|0x0000000085f00000, 0x0000000085f00000, 0x0000000086000000|  0%| F|  |TAMS 0x0000000085f00000| PB 0x0000000085f00000| Untracked 
|  16|0x0000000086000000, 0x0000000086000000, 0x0000000086100000|  0%| F|  |TAMS 0x0000000086000000| PB 0x0000000086000000| Untracked 
|  17|0x0000000086100000, 0x0000000086100000, 0x0000000086200000|  0%| F|  |TAMS 0x0000000086100000| PB 0x0000000086100000| Untracked 
|  18|0x0000000086200000, 0x0000000086200000, 0x0000000086300000|  0%| F|  |TAMS 0x0000000086200000| PB 0x0000000086200000| Untracked 
|  19|0x0000000086300000, 0x0000000086300000, 0x0000000086400000|  0%| F|  |TAMS 0x0000000086300000| PB 0x0000000086300000| Untracked 
|  20|0x0000000086400000, 0x0000000086400000, 0x0000000086500000|  0%| F|  |TAMS 0x0000000086400000| PB 0x0000000086400000| Untracked 
|  21|0x0000000086500000, 0x0000000086500000, 0x0000000086600000|  0%| F|  |TAMS 0x0000000086500000| PB 0x0000000086500000| Untracked 
|  22|0x0000000086600000, 0x0000000086600000, 0x0000000086700000|  0%| F|  |TAMS 0x0000000086600000| PB 0x0000000086600000| Untracked 
|  23|0x0000000086700000, 0x0000000086700000, 0x0000000086800000|  0%| F|  |TAMS 0x0000000086700000| PB 0x0000000086700000| Untracked 
|  24|0x0000000086800000, 0x0000000086800000, 0x0000000086900000|  0%| F|  |TAMS 0x0000000086800000| PB 0x0000000086800000| Untracked 
|  25|0x0000000086900000, 0x0000000086900000, 0x0000000086a00000|  0%| F|  |TAMS 0x0000000086900000| PB 0x0000000086900000| Untracked 
|  26|0x0000000086a00000, 0x0000000086a00000, 0x0000000086b00000|  0%| F|  |TAMS 0x0000000086a00000| PB 0x0000000086a00000| Untracked 
|  27|0x0000000086b00000, 0x0000000086b00000, 0x0000000086c00000|  0%| F|  |TAMS 0x0000000086b00000| PB 0x0000000086b00000| Untracked 
|  28|0x0000000086c00000, 0x0000000086c00000, 0x0000000086d00000|  0%| F|  |TAMS 0x0000000086c00000| PB 0x0000000086c00000| Untracked 
|  29|0x0000000086d00000, 0x0000000086d00000, 0x0000000086e00000|  0%| F|  |TAMS 0x0000000086d00000| PB 0x0000000086d00000| Untracked 
|  30|0x0000000086e00000, 0x0000000086e00000, 0x0000000086f00000|  0%| F|  |TAMS 0x0000000086e00000| PB 0x0000000086e00000| Untracked 
|  31|0x0000000086f00000, 0x0000000086f00000, 0x0000000087000000|  0%| F|  |TAMS 0x0000000086f00000| PB 0x0000000086f00000| Untracked 
|  32|0x0000000087000000, 0x0000000087000000, 0x0000000087100000|  0%| F|  |TAMS 0x0000000087000000| PB 0x0000000087000000| Untracked 
|  33|0x0000000087100000, 0x0000000087100000, 0x0000000087200000|  0%| F|  |TAMS 0x0000000087100000| PB 0x0000000087100000| Untracked 
|  34|0x0000000087200000, 0x0000000087200000, 0x0000000087300000|  0%| F|  |TAMS 0x0000000087200000| PB 0x0000000087200000| Untracked 
|  35|0x0000000087300000, 0x0000000087300000, 0x0000000087400000|  0%| F|  |TAMS 0x0000000087300000| PB 0x0000000087300000| Untracked 
|  36|0x0000000087400000, 0x0000000087400000, 0x0000000087500000|  0%| F|  |TAMS 0x0000000087400000| PB 0x0000000087400000| Untracked 
|  37|0x0000000087500000, 0x0000000087500000, 0x0000000087600000|  0%| F|  |TAMS 0x0000000087500000| PB 0x0000000087500000| Untracked 
|  38|0x0000000087600000, 0x0000000087600000, 0x0000000087700000|  0%| F|  |TAMS 0x0000000087600000| PB 0x0000000087600000| Untracked 
|  39|0x0000000087700000, 0x0000000087700000, 0x0000000087800000|  0%| F|  |TAMS 0x0000000087700000| PB 0x0000000087700000| Untracked 
|  40|0x0000000087800000, 0x0000000087800000, 0x0000000087900000|  0%| F|  |TAMS 0x0000000087800000| PB 0x0000000087800000| Untracked 
|  41|0x0000000087900000, 0x0000000087900000, 0x0000000087a00000|  0%| F|  |TAMS 0x0000000087900000| PB 0x0000000087900000| Untracked 
|  42|0x0000000087a00000, 0x0000000087a00000, 0x0000000087b00000|  0%| F|  |TAMS 0x0000000087a00000| PB 0x0000000087a00000| Untracked 
|  43|0x0000000087b00000, 0x0000000087b00000, 0x0000000087c00000|  0%| F|  |TAMS 0x0000000087b00000| PB 0x0000000087b00000| Untracked 
|  44|0x0000000087c00000, 0x0000000087c00000, 0x0000000087d00000|  0%| F|  |TAMS 0x0000000087c00000| PB 0x0000000087c00000| Untracked 
|  45|0x0000000087d00000, 0x0000000087d00000, 0x0000000087e00000|  0%| F|  |TAMS 0x0000000087d00000| PB 0x0000000087d00000| Untracked 
|  46|0x0000000087e00000, 0x0000000087e00000, 0x0000000087f00000|  0%| F|  |TAMS 0x0000000087e00000| PB 0x0000000087e00000| Untracked 
|  47|0x0000000087f00000, 0x0000000087f00000, 0x0000000088000000|  0%| F|  |TAMS 0x0000000087f00000| PB 0x0000000087f00000| Untracked 
|  48|0x0000000088000000, 0x0000000088000000, 0x0000000088100000|  0%| F|  |TAMS 0x0000000088000000| PB 0x0000000088000000| Untracked 
|  49|0x0000000088100000, 0x0000000088100000, 0x0000000088200000|  0%| F|  |TAMS 0x0000000088100000| PB 0x0000000088100000| Untracked 
|  50|0x0000000088200000, 0x0000000088200000, 0x0000000088300000|  0%| F|  |TAMS 0x0000000088200000| PB 0x0000000088200000| Untracked 
|  51|0x0000000088300000, 0x0000000088300000, 0x0000000088400000|  0%| F|  |TAMS 0x0000000088300000| PB 0x0000000088300000| Untracked 
|  52|0x0000000088400000, 0x0000000088400000, 0x0000000088500000|  0%| F|  |TAMS 0x0000000088400000| PB 0x0000000088400000| Untracked 
|  53|0x0000000088500000, 0x0000000088500000, 0x0000000088600000|  0%| F|  |TAMS 0x0000000088500000| PB 0x0000000088500000| Untracked 
|  54|0x0000000088600000, 0x0000000088600000, 0x0000000088700000|  0%| F|  |TAMS 0x0000000088600000| PB 0x0000000088600000| Untracked 
|  55|0x0000000088700000, 0x0000000088700000, 0x0000000088800000|  0%| F|  |TAMS 0x0000000088700000| PB 0x0000000088700000| Untracked 
|  56|0x0000000088800000, 0x0000000088800000, 0x0000000088900000|  0%| F|  |TAMS 0x0000000088800000| PB 0x0000000088800000| Untracked 
|  57|0x0000000088900000, 0x0000000088900000, 0x0000000088a00000|  0%| F|  |TAMS 0x0000000088900000| PB 0x0000000088900000| Untracked 
|  58|0x0000000088a00000, 0x0000000088a00000, 0x0000000088b00000|  0%| F|  |TAMS 0x0000000088a00000| PB 0x0000000088a00000| Untracked 
|  59|0x0000000088b00000, 0x0000000088b00000, 0x0000000088c00000|  0%| F|  |TAMS 0x0000000088b00000| PB 0x0000000088b00000| Untracked 
|  60|0x0000000088c00000, 0x0000000088c00000, 0x0000000088d00000|  0%| F|  |TAMS 0x0000000088c00000| PB 0x0000000088c00000| Untracked 
|  61|0x0000000088d00000, 0x0000000088d00000, 0x0000000088e00000|  0%| F|  |TAMS 0x0000000088d00000| PB 0x0000000088d00000| Untracked 
|  62|0x0000000088e00000, 0x0000000088e00000, 0x0000000088f00000|  0%| F|  |TAMS 0x0000000088e00000| PB 0x0000000088e00000| Untracked 
|  63|0x0000000088f00000, 0x0000000088f00000, 0x0000000089000000|  0%| F|  |TAMS 0x0000000088f00000| PB 0x0000000088f00000| Untracked 
|  64|0x0000000089000000, 0x0000000089000000, 0x0000000089100000|  0%| F|  |TAMS 0x0000000089000000| PB 0x0000000089000000| Untracked 
|  65|0x0000000089100000, 0x0000000089100000, 0x0000000089200000|  0%| F|  |TAMS 0x0000000089100000| PB 0x0000000089100000| Untracked 
|  66|0x0000000089200000, 0x0000000089200000, 0x0000000089300000|  0%| F|  |TAMS 0x0000000089200000| PB 0x0000000089200000| Untracked 
|  67|0x0000000089300000, 0x0000000089300000, 0x0000000089400000|  0%| F|  |TAMS 0x0000000089300000| PB 0x0000000089300000| Untracked 
|  68|0x0000000089400000, 0x0000000089400000, 0x0000000089500000|  0%| F|  |TAMS 0x0000000089400000| PB 0x0000000089400000| Untracked 
|  69|0x0000000089500000, 0x0000000089500000, 0x0000000089600000|  0%| F|  |TAMS 0x0000000089500000| PB 0x0000000089500000| Untracked 
|  70|0x0000000089600000, 0x0000000089600000, 0x0000000089700000|  0%| F|  |TAMS 0x0000000089600000| PB 0x0000000089600000| Untracked 
|  71|0x0000000089700000, 0x0000000089700000, 0x0000000089800000|  0%| F|  |TAMS 0x0000000089700000| PB 0x0000000089700000| Untracked 
|  72|0x0000000089800000, 0x0000000089800000, 0x0000000089900000|  0%| F|  |TAMS 0x0000000089800000| PB 0x0000000089800000| Untracked 
|  73|0x0000000089900000, 0x0000000089900000, 0x0000000089a00000|  0%| F|  |TAMS 0x0000000089900000| PB 0x0000000089900000| Untracked 
|  74|0x0000000089a00000, 0x0000000089a00000, 0x0000000089b00000|  0%| F|  |TAMS 0x0000000089a00000| PB 0x0000000089a00000| Untracked 
|  75|0x0000000089b00000, 0x0000000089b00000, 0x0000000089c00000|  0%| F|  |TAMS 0x0000000089b00000| PB 0x0000000089b00000| Untracked 
|  76|0x0000000089c00000, 0x0000000089c00000, 0x0000000089d00000|  0%| F|  |TAMS 0x0000000089c00000| PB 0x0000000089c00000| Untracked 
|  77|0x0000000089d00000, 0x0000000089d00000, 0x0000000089e00000|  0%| F|  |TAMS 0x0000000089d00000| PB 0x0000000089d00000| Untracked 
|  78|0x0000000089e00000, 0x0000000089e00000, 0x0000000089f00000|  0%| F|  |TAMS 0x0000000089e00000| PB 0x0000000089e00000| Untracked 
|  79|0x0000000089f00000, 0x0000000089f00000, 0x000000008a000000|  0%| F|  |TAMS 0x0000000089f00000| PB 0x0000000089f00000| Untracked 
|  80|0x000000008a000000, 0x000000008a000000, 0x000000008a100000|  0%| F|  |TAMS 0x000000008a000000| PB 0x000000008a000000| Untracked 
|  81|0x000000008a100000, 0x000000008a100000, 0x000000008a200000|  0%| F|  |TAMS 0x000000008a100000| PB 0x000000008a100000| Untracked 
|  82|0x000000008a200000, 0x000000008a200000, 0x000000008a300000|  0%| F|  |TAMS 0x000000008a200000| PB 0x000000008a200000| Untracked 
|  83|0x000000008a300000, 0x000000008a300000, 0x000000008a400000|  0%| F|  |TAMS 0x000000008a300000| PB 0x000000008a300000| Untracked 
|  84|0x000000008a400000, 0x000000008a400000, 0x000000008a500000|  0%| F|  |TAMS 0x000000008a400000| PB 0x000000008a400000| Untracked 
|  85|0x000000008a500000, 0x000000008a500000, 0x000000008a600000|  0%| F|  |TAMS 0x000000008a500000| PB 0x000000008a500000| Untracked 
|  86|0x000000008a600000, 0x000000008a600000, 0x000000008a700000|  0%| F|  |TAMS 0x000000008a600000| PB 0x000000008a600000| Untracked 
|  87|0x000000008a700000, 0x000000008a700000, 0x000000008a800000|  0%| F|  |TAMS 0x000000008a700000| PB 0x000000008a700000| Untracked 
|  88|0x000000008a800000, 0x000000008a800000, 0x000000008a900000|  0%| F|  |TAMS 0x000000008a800000| PB 0x000000008a800000| Untracked 
|  89|0x000000008a900000, 0x000000008a900000, 0x000000008aa00000|  0%| F|  |TAMS 0x000000008a900000| PB 0x000000008a900000| Untracked 
|  90|0x000000008aa00000, 0x000000008aa00000, 0x000000008ab00000|  0%| F|  |TAMS 0x000000008aa00000| PB 0x000000008aa00000| Untracked 
|  91|0x000000008ab00000, 0x000000008ab00000, 0x000000008ac00000|  0%| F|  |TAMS 0x000000008ab00000| PB 0x000000008ab00000| Untracked 
|  92|0x000000008ac00000, 0x000000008ac00000, 0x000000008ad00000|  0%| F|  |TAMS 0x000000008ac00000| PB 0x000000008ac00000| Untracked 
|  93|0x000000008ad00000, 0x000000008ad00000, 0x000000008ae00000|  0%| F|  |TAMS 0x000000008ad00000| PB 0x000000008ad00000| Untracked 
|  94|0x000000008ae00000, 0x000000008ae00000, 0x000000008af00000|  0%| F|  |TAMS 0x000000008ae00000| PB 0x000000008ae00000| Untracked 
|  95|0x000000008af00000, 0x000000008af00000, 0x000000008b000000|  0%| F|  |TAMS 0x000000008af00000| PB 0x000000008af00000| Untracked 
|  96|0x000000008b000000, 0x000000008b000000, 0x000000008b100000|  0%| F|  |TAMS 0x000000008b000000| PB 0x000000008b000000| Untracked 
|  97|0x000000008b100000, 0x000000008b100000, 0x000000008b200000|  0%| F|  |TAMS 0x000000008b100000| PB 0x000000008b100000| Untracked 
|  98|0x000000008b200000, 0x000000008b200000, 0x000000008b300000|  0%| F|  |TAMS 0x000000008b200000| PB 0x000000008b200000| Untracked 
|  99|0x000000008b300000, 0x000000008b300000, 0x000000008b400000|  0%| F|  |TAMS 0x000000008b300000| PB 0x000000008b300000| Untracked 
| 100|0x000000008b400000, 0x000000008b400000, 0x000000008b500000|  0%| F|  |TAMS 0x000000008b400000| PB 0x000000008b400000| Untracked 
| 101|0x000000008b500000, 0x000000008b575c40, 0x000000008b600000| 46%| E|  |TAMS 0x000000008b500000| PB 0x000000008b500000| Complete 
| 102|0x000000008b600000, 0x000000008b700000, 0x000000008b700000|100%| E|CS|TAMS 0x000000008b600000| PB 0x000000008b600000| Complete 
| 103|0x000000008b700000, 0x000000008b800000, 0x000000008b800000|100%| E|CS|TAMS 0x000000008b700000| PB 0x000000008b700000| Complete 
| 104|0x000000008b800000, 0x000000008b900000, 0x000000008b900000|100%| E|  |TAMS 0x000000008b800000| PB 0x000000008b800000| Complete 
| 105|0x000000008b900000, 0x000000008ba00000, 0x000000008ba00000|100%| E|CS|TAMS 0x000000008b900000| PB 0x000000008b900000| Complete 
| 106|0x000000008ba00000, 0x000000008bb00000, 0x000000008bb00000|100%| E|CS|TAMS 0x000000008ba00000| PB 0x000000008ba00000| Complete 
| 107|0x000000008bb00000, 0x000000008bc00000, 0x000000008bc00000|100%| E|CS|TAMS 0x000000008bb00000| PB 0x000000008bb00000| Complete 
| 108|0x000000008bc00000, 0x000000008bd00000, 0x000000008bd00000|100%| E|CS|TAMS 0x000000008bc00000| PB 0x000000008bc00000| Complete 
| 109|0x000000008bd00000, 0x000000008be00000, 0x000000008be00000|100%| E|CS|TAMS 0x000000008bd00000| PB 0x000000008bd00000| Complete 
| 110|0x000000008be00000, 0x000000008bf00000, 0x000000008bf00000|100%| E|CS|TAMS 0x000000008be00000| PB 0x000000008be00000| Complete 
| 111|0x000000008bf00000, 0x000000008c000000, 0x000000008c000000|100%| E|CS|TAMS 0x000000008bf00000| PB 0x000000008bf00000| Complete 
| 112|0x000000008c000000, 0x000000008c100000, 0x000000008c100000|100%| E|CS|TAMS 0x000000008c000000| PB 0x000000008c000000| Complete 
| 113|0x000000008c100000, 0x000000008c200000, 0x000000008c200000|100%| E|CS|TAMS 0x000000008c100000| PB 0x000000008c100000| Complete 
| 114|0x000000008c200000, 0x000000008c300000, 0x000000008c300000|100%| E|CS|TAMS 0x000000008c200000| PB 0x000000008c200000| Complete 
| 115|0x000000008c300000, 0x000000008c400000, 0x000000008c400000|100%| E|CS|TAMS 0x000000008c300000| PB 0x000000008c300000| Complete 
| 116|0x000000008c400000, 0x000000008c500000, 0x000000008c500000|100%| E|CS|TAMS 0x000000008c400000| PB 0x000000008c400000| Complete 
| 117|0x000000008c500000, 0x000000008c600000, 0x000000008c600000|100%| E|CS|TAMS 0x000000008c500000| PB 0x000000008c500000| Complete 
| 118|0x000000008c600000, 0x000000008c700000, 0x000000008c700000|100%| E|CS|TAMS 0x000000008c600000| PB 0x000000008c600000| Complete 
| 119|0x000000008c700000, 0x000000008c800000, 0x000000008c800000|100%| E|CS|TAMS 0x000000008c700000| PB 0x000000008c700000| Complete 
| 120|0x000000008c800000, 0x000000008c900000, 0x000000008c900000|100%| E|CS|TAMS 0x000000008c800000| PB 0x000000008c800000| Complete 
| 121|0x000000008c900000, 0x000000008ca00000, 0x000000008ca00000|100%| E|CS|TAMS 0x000000008c900000| PB 0x000000008c900000| Complete 
| 122|0x000000008ca00000, 0x000000008cb00000, 0x000000008cb00000|100%| E|CS|TAMS 0x000000008ca00000| PB 0x000000008ca00000| Complete 
| 123|0x000000008cb00000, 0x000000008cc00000, 0x000000008cc00000|100%| E|CS|TAMS 0x000000008cb00000| PB 0x000000008cb00000| Complete 

Card table byte_map: [0x000001c7f85a0000,0x000001c7f8980000] _byte_map_base: 0x000001c7f8178000

Marking Bits: (CMBitMap*) 0x000001c7ef802570
 Bits: [0x000001c7f8980000, 0x000001c7fa840000)

Polling page: 0x000001c7ed5c0000

Metaspace:

Usage:
  Non-class:      4.87 MB used.
      Class:    653.70 KB used.
       Both:      5.51 MB used.

Virtual space:
  Non-class space:       64.00 MB reserved,       4.94 MB (  8%) committed,  1 nodes.
      Class space:        1.00 GB reserved,     768.00 KB ( <1%) committed,  1 nodes.
             Both:        1.06 GB reserved,       5.69 MB ( <1%) committed. 

Chunk freelists:
   Non-Class:  9.19 MB
       Class:  15.28 MB
        Both:  24.47 MB

MaxMetaspaceSize: unlimited
CompressedClassSpaceSize: 1.00 GB
Initial GC threshold: 21.00 MB
Current GC threshold: 21.00 MB
CDS: on
 - commit_granule_bytes: 65536.
 - commit_granule_words: 8192.
 - virtual_space_node_default_size: 8388608.
 - enlarge_chunks_in_place: 1.
 - use_allocation_guard: 0.


Internal statistics:

num_allocs_failed_limit: 0.
num_arena_births: 66.
num_arena_deaths: 0.
num_vsnodes_births: 2.
num_vsnodes_deaths: 0.
num_space_committed: 92.
num_space_uncommitted: 0.
num_chunks_returned_to_freelist: 0.
num_chunks_taken_from_freelist: 227.
num_chunk_merges: 0.
num_chunk_splits: 145.
num_chunks_enlarged: 117.
num_inconsistent_stats: 0.

CodeHeap 'non-profiled nmethods': size=120000Kb used=347Kb max_used=347Kb free=119652Kb
 bounds [0x000001c787ad0000, 0x000001c787d40000, 0x000001c78f000000]
CodeHeap 'profiled nmethods': size=120000Kb used=2235Kb max_used=2235Kb free=117764Kb
 bounds [0x000001c780000000, 0x000001c780270000, 0x000001c787530000]
CodeHeap 'non-nmethods': size=5760Kb used=1360Kb max_used=1378Kb free=4399Kb
 bounds [0x000001c787530000, 0x000001c7877a0000, 0x000001c787ad0000]
 total_blobs=1624 nmethods=1161 adapters=368
 compilation: enabled
              stopped_count=0, restarted_count=0
 full_count=0

Compilation events (20 events):
Event: 1.532 Thread 0x000001c7fd2e0060 nmethod 1113 0x000001c780216e90 code [0x000001c780217040, 0x000001c7802171c0]
Event: 1.532 Thread 0x000001c7fd2e0060 1138       3       org.codehaus.plexus.util.xml.pull.MXParser::more (106 bytes)
Event: 1.532 Thread 0x000001c7fd2e0060 nmethod 1138 0x000001c780217290 code [0x000001c7802174e0, 0x000001c780217c58]
Event: 1.532 Thread 0x000001c7fd2e0060 1139       3       org.codehaus.plexus.util.xml.pull.MXParser::isS (30 bytes)
Event: 1.533 Thread 0x000001c7fd2e0060 nmethod 1139 0x000001c780217f90 code [0x000001c780218140, 0x000001c780218310]
Event: 1.536 Thread 0x000001c7fd2e0060 1140       3       java.util.jar.Attributes::putValue (13 bytes)
Event: 1.537 Thread 0x000001c7fd2e0060 nmethod 1140 0x000001c780218390 code [0x000001c7802185c0, 0x000001c780218e00]
Event: 1.537 Thread 0x000001c7fd2e0060 1141       3       java.util.jar.Attributes$Name::of (28 bytes)
Event: 1.537 Thread 0x000001c7fd2e0060 nmethod 1141 0x000001c780219090 code [0x000001c7802192a0, 0x000001c780219810]
Event: 1.537 Thread 0x000001c7fd2e0060 1142       3       java.util.jar.Attributes::put (18 bytes)
Event: 1.538 Thread 0x000001c7fd2e0060 nmethod 1142 0x000001c780219a10 code [0x000001c780219be0, 0x000001c780219f98]
Event: 1.539 Thread 0x000001c7fd2e0060 1143       3       java.lang.StringLatin1::trim (76 bytes)
Event: 1.539 Thread 0x000001c7fd2e0060 nmethod 1143 0x000001c78021a090 code [0x000001c78021a260, 0x000001c78021a610]
Event: 1.540 Thread 0x000001c7fd2e0060 1145       3       org.codehaus.plexus.util.xml.pull.MXParser::getText (125 bytes)
Event: 1.540 Thread 0x000001c7fd2e0060 nmethod 1145 0x000001c78021a790 code [0x000001c78021a980, 0x000001c78021ae78]
Event: 1.540 Thread 0x000001c7fd2e0060 1146       3       org.codehaus.plexus.util.xml.pull.MXParser::parseEndTag (429 bytes)
Event: 1.542 Thread 0x000001c7fd2e0060 nmethod 1146 0x000001c78021af90 code [0x000001c78021b560, 0x000001c78021da90]
Event: 1.543 Thread 0x000001c7fd2e0060 1147       3       org.codehaus.plexus.util.xml.pull.MXParser::isNameStartChar (56 bytes)
Event: 1.544 Thread 0x000001c7fd2e0060 nmethod 1147 0x000001c78021eb90 code [0x000001c78021ed40, 0x000001c78021efc0]
Event: 1.547 Thread 0x000001c7fd2e0060 1148       3       org.codehaus.plexus.util.xml.pull.MXParser::parseStartTag (1190 bytes)

GC Heap History (0 events):
No events

Dll operation events (8 events):
Event: 0.013 Loaded shared library C:\Program Files\Eclipse Adoptium\jdk-21.0.6.7-hotspot\bin\java.dll
Event: 0.104 Loaded shared library C:\Program Files\Eclipse Adoptium\jdk-21.0.6.7-hotspot\bin\jsvml.dll
Event: 0.290 Loaded shared library C:\Program Files\Eclipse Adoptium\jdk-21.0.6.7-hotspot\bin\net.dll
Event: 0.299 Loaded shared library C:\Program Files\Eclipse Adoptium\jdk-21.0.6.7-hotspot\bin\nio.dll
Event: 0.312 Loaded shared library C:\Program Files\Eclipse Adoptium\jdk-21.0.6.7-hotspot\bin\zip.dll
Event: 0.589 Loaded shared library C:\Program Files\Eclipse Adoptium\jdk-21.0.6.7-hotspot\bin\jimage.dll
Event: 0.590 Loaded shared library C:\Program Files\maven\mvn\lib\jansi-native\Windows\x86_64\jansi.dll
Event: 0.620 Loaded shared library C:\Program Files\Eclipse Adoptium\jdk-21.0.6.7-hotspot\bin\verify.dll

Deoptimization events (20 events):
Event: 1.453 Thread 0x000001c7ed4b26e0 DEOPT PACKING pc=0x000001c787b1cdcc sp=0x0000002fc82fce10
Event: 1.453 Thread 0x000001c7ed4b26e0 DEOPT UNPACKING pc=0x000001c7875846a2 sp=0x0000002fc82fcd88 mode 2
Event: 1.456 Thread 0x000001c7ed4b26e0 DEOPT PACKING pc=0x000001c780049c5a sp=0x0000002fc82f6f80
Event: 1.456 Thread 0x000001c7ed4b26e0 DEOPT UNPACKING pc=0x000001c787584e42 sp=0x0000002fc82f6410 mode 0
Event: 1.506 Thread 0x000001c7ed4b26e0 Uncommon trap: trap_request=0xffffff6e fr.pc=0x000001c787b0fbf8 relative=0x0000000000000438
Event: 1.506 Thread 0x000001c7ed4b26e0 Uncommon trap: reason=loop_limit_check action=maybe_recompile pc=0x000001c787b0fbf8 method=java.lang.StringLatin1.indexOf([BI[BII)I @ 37 c2
Event: 1.506 Thread 0x000001c7ed4b26e0 DEOPT PACKING pc=0x000001c787b0fbf8 sp=0x0000002fc82fddc0
Event: 1.506 Thread 0x000001c7ed4b26e0 DEOPT UNPACKING pc=0x000001c7875846a2 sp=0x0000002fc82fdd20 mode 2
Event: 1.508 Thread 0x000001c7ed4b26e0 Uncommon trap: trap_request=0xffffffde fr.pc=0x000001c787b0b168 relative=0x00000000000006a8
Event: 1.508 Thread 0x000001c7ed4b26e0 Uncommon trap: reason=class_check action=maybe_recompile pc=0x000001c787b0b168 method=java.util.regex.Matcher.search(I)Z @ 121 c2
Event: 1.508 Thread 0x000001c7ed4b26e0 DEOPT PACKING pc=0x000001c787b0b168 sp=0x0000002fc82fe090
Event: 1.508 Thread 0x000001c7ed4b26e0 DEOPT UNPACKING pc=0x000001c7875846a2 sp=0x0000002fc82fe060 mode 2
Event: 1.508 Thread 0x000001c7ed4b26e0 Uncommon trap: trap_request=0xffffff76 fr.pc=0x000001c787b08e0c relative=0x000000000000032c
Event: 1.508 Thread 0x000001c7ed4b26e0 Uncommon trap: reason=predicate action=maybe_recompile pc=0x000001c787b08e0c method=java.util.regex.Pattern$BmpCharPropertyGreedy.match(Ljava/util/regex/Matcher;ILjava/lang/CharSequence;)Z @ 12 c2
Event: 1.508 Thread 0x000001c7ed4b26e0 DEOPT PACKING pc=0x000001c787b08e0c sp=0x0000002fc82fde60
Event: 1.508 Thread 0x000001c7ed4b26e0 DEOPT UNPACKING pc=0x000001c7875846a2 sp=0x0000002fc82fde18 mode 2
Event: 1.509 Thread 0x000001c7ed4b26e0 Uncommon trap: trap_request=0xffffff45 fr.pc=0x000001c787afd3e0 relative=0x00000000000000c0
Event: 1.509 Thread 0x000001c7ed4b26e0 Uncommon trap: reason=unstable_if action=reinterpret pc=0x000001c787afd3e0 method=org.codehaus.plexus.util.xml.pull.MXParser.more()C @ 8 c2
Event: 1.509 Thread 0x000001c7ed4b26e0 DEOPT PACKING pc=0x000001c787afd3e0 sp=0x0000002fc82fe250
Event: 1.509 Thread 0x000001c7ed4b26e0 DEOPT UNPACKING pc=0x000001c7875846a2 sp=0x0000002fc82fe1e0 mode 2

Classes loaded (20 events):
Event: 1.440 Loading class java/lang/annotation/Documented
Event: 1.440 Loading class java/lang/annotation/Documented done
Event: 1.458 Loading class java/util/concurrent/TimeoutException
Event: 1.458 Loading class java/util/concurrent/TimeoutException done
Event: 1.458 Loading class java/util/concurrent/CancellationException
Event: 1.458 Loading class java/util/concurrent/CancellationException done
Event: 1.462 Loading class java/security/PrivilegedActionException
Event: 1.462 Loading class java/security/PrivilegedActionException done
Event: 1.462 Loading class sun/misc/Unsafe
Event: 1.463 Loading class sun/misc/Unsafe done
Event: 1.465 Loading class java/lang/invoke/DirectMethodHandle$StaticAccessor
Event: 1.465 Loading class java/lang/invoke/DirectMethodHandle$StaticAccessor done
Event: 1.471 Loading class java/lang/reflect/ParameterizedType
Event: 1.471 Loading class java/lang/reflect/ParameterizedType done
Event: 1.473 Loading class java/lang/reflect/WildcardType
Event: 1.473 Loading class java/lang/reflect/WildcardType done
Event: 1.480 Loading class sun/reflect/generics/tree/TypeVariableSignature
Event: 1.480 Loading class sun/reflect/generics/tree/TypeVariableSignature done
Event: 1.504 Loading class java/lang/annotation/IncompleteAnnotationException
Event: 1.504 Loading class java/lang/annotation/IncompleteAnnotationException done

Classes unloaded (0 events):
No events

Classes redefined (0 events):
No events

Internal exceptions (20 events):
Event: 0.602 Thread 0x000001c7ed4b26e0 Exception <a 'java/lang/NullPointerException'{0x000000008c60e8b0}> (0x000000008c60e8b0) 
thrown [s\src\hotspot\share\interpreter\linkResolver.cpp, line 1372]
Event: 0.602 Thread 0x000001c7ed4b26e0 Exception <a 'java/lang/NullPointerException'{0x000000008c60eb90}> (0x000000008c60eb90) 
thrown [s\src\hotspot\share\interpreter\linkResolver.cpp, line 1372]
Event: 0.602 Thread 0x000001c7ed4b26e0 Exception <a 'java/lang/NullPointerException'{0x000000008c60ee70}> (0x000000008c60ee70) 
thrown [s\src\hotspot\share\interpreter\linkResolver.cpp, line 1372]
Event: 0.605 Thread 0x000001c7ed4b26e0 Exception <a 'java/lang/NullPointerException'{0x000000008c6148f0}> (0x000000008c6148f0) 
thrown [s\src\hotspot\share\interpreter\linkResolver.cpp, line 1372]
Event: 0.608 Thread 0x000001c7ed4b26e0 Exception <a 'java/lang/NullPointerException'{0x000000008c627a20}> (0x000000008c627a20) 
thrown [s\src\hotspot\share\interpreter\linkResolver.cpp, line 1372]
Event: 0.608 Thread 0x000001c7ed4b26e0 Exception <a 'java/lang/NullPointerException'{0x000000008c627d00}> (0x000000008c627d00) 
thrown [s\src\hotspot\share\interpreter\linkResolver.cpp, line 1372]
Event: 0.608 Thread 0x000001c7ed4b26e0 Exception <a 'java/lang/NullPointerException'{0x000000008c627fe0}> (0x000000008c627fe0) 
thrown [s\src\hotspot\share\interpreter\linkResolver.cpp, line 1372]
Event: 0.608 Thread 0x000001c7ed4b26e0 Exception <a 'java/lang/NullPointerException'{0x000000008c6282c0}> (0x000000008c6282c0) 
thrown [s\src\hotspot\share\interpreter\linkResolver.cpp, line 1372]
Event: 0.637 Thread 0x000001c7ed4b26e0 Exception <a 'java/lang/NoSuchMethodError'{0x000000008c512288}: 'void java.lang.invoke.DirectMethodHandle$Holder.invokeStatic(java.lang.Object, java.lang.Object)'> (0x000000008c512288) 
thrown [s\src\hotspot\share\interpreter\linkResolver.cpp, line 773]
Event: 0.638 Thread 0x000001c7ed4b26e0 Exception <a 'java/lang/NoSuchMethodError'{0x000000008c515698}: 'void java.lang.invoke.DirectMethodHandle$Holder.invokeStaticInit(java.lang.Object, java.lang.Object)'> (0x000000008c515698) 
thrown [s\src\hotspot\share\interpreter\linkResolver.cpp, line 773]
Event: 0.652 Thread 0x000001c7ed4b26e0 Exception <a 'java/lang/NoSuchMethodError'{0x000000008c549dc0}: 'void java.lang.invoke.DirectMethodHandle$Holder.invokeStatic(java.lang.Object, java.lang.Object, java.lang.Object)'> (0x000000008c549dc0) 
thrown [s\src\hotspot\share\interpreter\linkResolver.cpp, line 773]
Event: 0.766 Thread 0x000001c7ed4b26e0 Exception <a 'java/lang/NoSuchMethodError'{0x000000008c4b4698}: 'java.lang.Object java.lang.invoke.DirectMethodHandle$Holder.invokeSpecialIFC(java.lang.Object, java.lang.Object, java.lang.Object, java.lang.Object)'> (0x000000008c4b4698) 
thrown [s\src\hotspot\share\interpreter\linkResolver.cpp, line 773]
Event: 1.170 Thread 0x000001c7ed4b26e0 Exception <a 'java/lang/NoSuchMethodError'{0x000000008be28c20}: 'void java.lang.invoke.DirectMethodHandle$Holder.invokeSpecial(java.lang.Object, java.lang.Object, java.lang.Object)'> (0x000000008be28c20) 
thrown [s\src\hotspot\share\interpreter\linkResolver.cpp, line 773]
Event: 1.257 Thread 0x000001c7ed4b26e0 Exception <a 'java/lang/NoSuchMethodError'{0x000000008bd70360}: 'java.lang.Object java.lang.invoke.DirectMethodHandle$Holder.invokeInterface(java.lang.Object, java.lang.Object)'> (0x000000008bd70360) 
thrown [s\src\hotspot\share\interpreter\linkResolver.cpp, line 773]
Event: 1.300 Thread 0x000001c7ed4b26e0 Exception <a 'java/lang/NoSuchMethodError'{0x000000008bc079a8}: 'int java.lang.invoke.DirectMethodHandle$Holder.invokeStatic(java.lang.Object, java.lang.Object, java.lang.Object, java.lang.Object)'> (0x000000008bc079a8) 
thrown [s\src\hotspot\share\interpreter\linkResolver.cpp, line 773]
Event: 1.301 Thread 0x000001c7ed4b26e0 Exception <a 'java/lang/NoSuchMethodError'{0x000000008bc0b078}: 'java.lang.Object java.lang.invoke.Invokers$Holder.invokeExact_MT(java.lang.Object, java.lang.Object, java.lang.Object, java.lang.Object, java.lang.Object, java.lang.Object)'> (0x000000008bc0b078) 
thrown [s\src\hotspot\share\interpreter\linkResolver.cpp, line 773]
Event: 1.305 Thread 0x000001c7ed4b26e0 Exception <a 'java/lang/NoSuchMethodError'{0x000000008bc19a48}: 'int java.lang.invoke.DirectMethodHandle$Holder.invokeSpecialIFC(java.lang.Object, java.lang.Object, java.lang.Object, java.lang.Object, java.lang.Object)'> (0x000000008bc19a48) 
thrown [s\src\hotspot\share\interpreter\linkResolver.cpp, line 773]
Event: 1.442 Thread 0x000001c7ed4b26e0 Exception <a 'java/lang/NoSuchMethodError'{0x000000008bb99e98}: 'java.lang.Object java.lang.invoke.DirectMethodHandle$Holder.newInvokeSpecial(java.lang.Object, java.lang.Object, java.lang.Object, java.lang.Object, java.lang.Object)'> (0x000000008bb99e98) 
thrown [s\src\hotspot\share\interpreter\linkResolver.cpp, line 773]
Event: 1.489 Thread 0x000001c7ed4b26e0 Exception <a 'java/lang/NoSuchMethodError'{0x000000008ba95df0}: 'int java.lang.invoke.DirectMethodHandle$Holder.invokeStaticInit(java.lang.Object, java.lang.Object)'> (0x000000008ba95df0) 
thrown [s\src\hotspot\share\interpreter\linkResolver.cpp, line 773]
Event: 1.504 Thread 0x000001c7ed4b26e0 Exception <a 'java/lang/NoClassDefFoundError'{0x000000008bacabd8}: javax/enterprise/inject/Typed> (0x000000008bacabd8) 
thrown [s\src\hotspot\share\classfile\systemDictionary.cpp, line 301]

ZGC Phase Switch (0 events):
No events

VM Operations (8 events):
Event: 0.317 Executing VM operation: HandshakeAllThreads (Deoptimize)
Event: 0.317 Executing VM operation: HandshakeAllThreads (Deoptimize) done
Event: 0.581 Executing VM operation: HandshakeAllThreads (Deoptimize)
Event: 0.582 Executing VM operation: HandshakeAllThreads (Deoptimize) done
Event: 0.596 Executing VM operation: HandshakeAllThreads (Deoptimize)
Event: 0.596 Executing VM operation: HandshakeAllThreads (Deoptimize) done
Event: 1.489 Executing VM operation: ICBufferFull
Event: 1.489 Executing VM operation: ICBufferFull done

Memory protections (0 events):
No events

Nmethod flushes (0 events):
No events

Events (14 events):
Event: 0.045 Thread 0x000001c7ed4b26e0 Thread added: 0x000001c7ed4b26e0
Event: 0.098 Thread 0x000001c7ed4b26e0 Thread added: 0x000001c7fd29e670
Event: 0.099 Thread 0x000001c7ed4b26e0 Thread added: 0x000001c7fd2a0390
Event: 0.101 Thread 0x000001c7ed4b26e0 Thread added: 0x000001c7fd2a47c0
Event: 0.101 Thread 0x000001c7ed4b26e0 Thread added: 0x000001c7fd2a5210
Event: 0.101 Thread 0x000001c7ed4b26e0 Thread added: 0x000001c7fd2a6530
Event: 0.101 Thread 0x000001c7ed4b26e0 Thread added: 0x000001c7fd2a6f80
Event: 0.101 Thread 0x000001c7ed4b26e0 Thread added: 0x000001c7fd2a9d10
Event: 0.105 Thread 0x000001c7ed4b26e0 Thread added: 0x000001c7fd2e0060
Event: 0.269 Thread 0x000001c7ed4b26e0 Thread added: 0x000001c7fd3ee230
Event: 0.280 Thread 0x000001c7ed4b26e0 Thread added: 0x000001c7fd3eea50
Event: 0.587 Thread 0x000001c7ed4b26e0 Thread added: 0x000001c7fd647110
Event: 0.604 Thread 0x000001c7fd647110 Thread exited: 0x000001c7fd647110
Event: 1.526 Thread 0x000001c7fd2e0060 Thread added: 0x000001c7fde58e90


Dynamic libraries:
0x00007ff604fb0000 - 0x00007ff604fbe000 	C:\Program Files\Eclipse Adoptium\jdk-21.0.6.7-hotspot\bin\java.exe
0x00007ffd8b890000 - 0x00007ffd8baa7000 	C:\Windows\SYSTEM32\ntdll.dll
0x00007ffd8ab10000 - 0x00007ffd8abd4000 	C:\Windows\System32\KERNEL32.DLL
0x00007ffd88d10000 - 0x00007ffd890e2000 	C:\Windows\System32\KERNELBASE.dll
0x00007ffd890f0000 - 0x00007ffd89201000 	C:\Windows\System32\ucrtbase.dll
0x00007ffd7ff60000 - 0x00007ffd7ff7e000 	C:\Program Files\Eclipse Adoptium\jdk-21.0.6.7-hotspot\bin\VCRUNTIME140.dll
0x00007ffd7fb50000 - 0x00007ffd7fb68000 	C:\Program Files\Eclipse Adoptium\jdk-21.0.6.7-hotspot\bin\jli.dll
0x00007ffd8a6a0000 - 0x00007ffd8a851000 	C:\Windows\System32\USER32.dll
0x00007ffd88ce0000 - 0x00007ffd88d06000 	C:\Windows\System32\win32u.dll
0x00007ffd8a870000 - 0x00007ffd8a899000 	C:\Windows\System32\GDI32.dll
0x00007ffd88bb0000 - 0x00007ffd88cd3000 	C:\Windows\System32\gdi32full.dll
0x00007ffd893d0000 - 0x00007ffd8946a000 	C:\Windows\System32\msvcp_win.dll
0x00007ffd69f20000 - 0x00007ffd6a1bb000 	C:\Windows\WinSxS\amd64_microsoft.windows.common-controls_6595b64144ccf1df_6.0.22621.5547_none_27104afb73855772\COMCTL32.dll
0x00007ffd8afa0000 - 0x00007ffd8b047000 	C:\Windows\System32\msvcrt.dll
0x00007ffd8b530000 - 0x00007ffd8b561000 	C:\Windows\System32\IMM32.DLL
0x00007ffd7ff50000 - 0x00007ffd7ff5c000 	C:\Program Files\Eclipse Adoptium\jdk-21.0.6.7-hotspot\bin\vcruntime140_1.dll
0x00007ffd7f920000 - 0x00007ffd7f9ad000 	C:\Program Files\Eclipse Adoptium\jdk-21.0.6.7-hotspot\bin\msvcp140.dll
0x00007ffd08df0000 - 0x00007ffd09b80000 	C:\Program Files\Eclipse Adoptium\jdk-21.0.6.7-hotspot\bin\server\jvm.dll
0x00007ffd8a050000 - 0x00007ffd8a101000 	C:\Windows\System32\ADVAPI32.dll
0x00007ffd8a410000 - 0x00007ffd8a4b8000 	C:\Windows\System32\sechost.dll
0x00007ffd894f0000 - 0x00007ffd89518000 	C:\Windows\System32\bcrypt.dll
0x00007ffd89600000 - 0x00007ffd89714000 	C:\Windows\System32\RPCRT4.dll
0x00007ffd89720000 - 0x00007ffd89791000 	C:\Windows\System32\WS2_32.dll
0x00007ffd88850000 - 0x00007ffd8889d000 	C:\Windows\SYSTEM32\POWRPROF.dll
0x00007ffd7e130000 - 0x00007ffd7e13a000 	C:\Windows\SYSTEM32\VERSION.dll
0x00007ffd7eb10000 - 0x00007ffd7eb44000 	C:\Windows\SYSTEM32\WINMM.dll
0x00007ffd88830000 - 0x00007ffd88843000 	C:\Windows\SYSTEM32\UMPDC.dll
0x00007ffd87970000 - 0x00007ffd87988000 	C:\Windows\SYSTEM32\kernel.appcore.dll
0x00007ffd7fb40000 - 0x00007ffd7fb4a000 	C:\Program Files\Eclipse Adoptium\jdk-21.0.6.7-hotspot\bin\jimage.dll
0x00007ffd862d0000 - 0x00007ffd86503000 	C:\Windows\SYSTEM32\DBGHELP.DLL
0x00007ffd8ac00000 - 0x00007ffd8af93000 	C:\Windows\System32\combase.dll
0x00007ffd89520000 - 0x00007ffd895f7000 	C:\Windows\System32\OLEAUT32.dll
0x00007ffd68100000 - 0x00007ffd68132000 	C:\Windows\SYSTEM32\dbgcore.DLL
0x00007ffd89470000 - 0x00007ffd894eb000 	C:\Windows\System32\bcryptPrimitives.dll
0x00007ffd6a830000 - 0x00007ffd6a84f000 	C:\Program Files\Eclipse Adoptium\jdk-21.0.6.7-hotspot\bin\java.dll
0x00007ffd897a0000 - 0x00007ffd8a042000 	C:\Windows\System32\SHELL32.dll
0x00007ffd89290000 - 0x00007ffd893cf000 	C:\Windows\System32\wintypes.dll
0x00007ffd86860000 - 0x00007ffd8717d000 	C:\Windows\SYSTEM32\windows.storage.dll
0x00007ffd8a190000 - 0x00007ffd8a29c000 	C:\Windows\System32\SHCORE.dll
0x00007ffd8a2a0000 - 0x00007ffd8a309000 	C:\Windows\System32\shlwapi.dll
0x00007ffd888b0000 - 0x00007ffd888db000 	C:\Windows\SYSTEM32\profapi.dll
0x00007ffd39f90000 - 0x00007ffd3a067000 	C:\Program Files\Eclipse Adoptium\jdk-21.0.6.7-hotspot\bin\jsvml.dll
0x00007ffd7fb30000 - 0x00007ffd7fb40000 	C:\Program Files\Eclipse Adoptium\jdk-21.0.6.7-hotspot\bin\net.dll
0x00007ffd83270000 - 0x00007ffd8339c000 	C:\Windows\SYSTEM32\WINHTTP.dll
0x00007ffd87de0000 - 0x00007ffd87e49000 	C:\Windows\system32\mswsock.dll
0x00007ffd5f370000 - 0x00007ffd5f386000 	C:\Program Files\Eclipse Adoptium\jdk-21.0.6.7-hotspot\bin\nio.dll
0x00007ffd5d8f0000 - 0x00007ffd5d908000 	C:\Program Files\Eclipse Adoptium\jdk-21.0.6.7-hotspot\bin\zip.dll
0x00007ffd50fe0000 - 0x00007ffd51004000 	C:\Program Files\maven\mvn\lib\jansi-native\Windows\x86_64\jansi.dll
0x00007ffd7f910000 - 0x00007ffd7f920000 	C:\Program Files\Eclipse Adoptium\jdk-21.0.6.7-hotspot\bin\verify.dll

dbghelp: loaded successfully - version: 4.0.5 - missing functions: none
symbol engine: initialized successfully - sym options: 0x614 - pdb path: .;C:\Program Files\Eclipse Adoptium\jdk-21.0.6.7-hotspot\bin;C:\Windows\SYSTEM32;C:\Windows\WinSxS\amd64_microsoft.windows.common-controls_6595b64144ccf1df_6.0.22621.5547_none_27104afb73855772;C:\Program Files\Eclipse Adoptium\jdk-21.0.6.7-hotspot\bin\server;C:\Program Files\maven\mvn\lib\jansi-native\Windows\x86_64

VM Arguments:
jvm_args: -Dclassworlds.conf=C:\Program Files\maven\mvn\bin\m2.conf -Dmaven.home=C:\Program Files\maven\mvn -Dlibrary.jansi.path=C:\Program Files\maven\mvn\lib\jansi-native -Dmaven.multiModuleProjectDirectory=C:\Users\obeng\Desktop\Cine Vault\project - Copy\CineVault-backend\cinevault 
java_command: org.codehaus.plexus.classworlds.launcher.Launcher spring-boot:run
java_class_path (initial): C:\Program Files\maven\mvn\boot\plexus-classworlds-2.8.0.jar
Launcher Type: SUN_STANDARD

[Global flags]
     intx CICompilerCount                          = 4                                         {product} {ergonomic}
     uint ConcGCThreads                            = 2                                         {product} {ergonomic}
     uint G1ConcRefinementThreads                  = 8                                         {product} {ergonomic}
   size_t G1HeapRegionSize                         = 1048576                                   {product} {ergonomic}
    uintx GCDrainStackTargetSize                   = 64                                        {product} {ergonomic}
   size_t InitialHeapSize                          = 130023424                                 {product} {ergonomic}
   size_t MarkStackSize                            = 4194304                                   {product} {ergonomic}
   size_t MaxHeapSize                              = 2063597568                                {product} {ergonomic}
   size_t MaxNewSize                               = 1237319680                                {product} {ergonomic}
   size_t MinHeapDeltaBytes                        = 1048576                                   {product} {ergonomic}
   size_t MinHeapSize                              = 8388608                                   {product} {ergonomic}
    uintx NonNMethodCodeHeapSize                   = 5839372                                {pd product} {ergonomic}
    uintx NonProfiledCodeHeapSize                  = 122909434                              {pd product} {ergonomic}
    uintx ProfiledCodeHeapSize                     = 122909434                              {pd product} {ergonomic}
    uintx ReservedCodeCacheSize                    = 251658240                              {pd product} {ergonomic}
     bool SegmentedCodeCache                       = true                                      {product} {ergonomic}
   size_t SoftMaxHeapSize                          = 2063597568                             {manageable} {ergonomic}
     bool UseCompressedOops                        = true                           {product lp64_product} {ergonomic}
     bool UseG1GC                                  = true                                      {product} {ergonomic}
     bool UseLargePagesIndividualAllocation        = false                                  {pd product} {ergonomic}

Logging:
Log output configuration:
 #0: stdout all=warning uptime,level,tags foldmultilines=false
 #1: stderr all=off uptime,level,tags foldmultilines=false

Environment Variables:
PATH=C:\Program Files\Eclipse Adoptium\jdk-21.0.6.7-hotspot\bin;C:\Windows\system32;C:\Windows;C:\Windows\System32\Wbem;C:\Windows\System32\WindowsPowerShell\v1.0\;C:\Windows\System32\OpenSSH\;C:\Program Files (x86)\Microsoft SQL Server\160\Tools\Binn\;C:\Program Files\Microsoft SQL Server\160\Tools\Binn\;C:\Program Files\Microsoft SQL Server\Client SDK\ODBC\170\Tools\Binn\;C:\Program Files\Microsoft SQL Server\160\DTS\Binn\;C:\Program Files (x86)\Microsoft SQL Server\160\DTS\Binn\;C:\Program Files\nodejs\;C:\ProgramData\chocolatey\bin;C:\Program Files\Git\cmd;C:\Program Files\dotnet\;C:\Program Files\PostgreSQL\17\bin;;c:\Users\obeng\AppData\Local\Programs\cursor\resources\app\bin;C:\Users\obeng\AppData\Local\Programs\Python\Python39\;C:\Users\obeng\AppData\Local\Programs\Python\Python39\Scripts\;C:\Users\obeng\Downloads\Python-3.9.21.tgz\Python-3.9.21;C:\Users\obeng\AppData\Local\Microsoft\WindowsApps;C:\Users\obeng\AppData\Roaming\npm;C:\Users\obeng\Downloads\Compressed\node-v22.14.0-win-x64.zip\node-v22.14.0-win-x64\node_modules\npm\bin;C:\Users\obeng\Downloads\Compressed\node-v22.14.0-win-x64.zip\node-v22.14.0-win-x64;C:\Users\obeng\AppData\Local\Android\sdk\platform-tools;C:\Users\obeng\.dotnet\tools;C:\Program Files\maven\mvn\bin;C:\Program Files\spring-3.5.0\bin;C:\Program Files\NASM;C:\mingw32\bin;C:\Program Files\PostgreSQL\17\bin;C:\Users\obeng\AppData\Local\Programs\cursor\resources\app\bin;C:\Program Files\MySQL\MySQL Server 8.0\bin
USERNAME=Kayy
LANG=en_US.UTF-8
OS=Windows_NT
PROCESSOR_IDENTIFIER=Intel64 Family 6 Model 154 Stepping 4, GenuineIntel
TMP=C:\Users\obeng\AppData\Local\Temp
TEMP=C:\Users\obeng\AppData\Local\Temp




Periodic native trim disabled

---------------  S Y S T E M  ---------------

OS:
 Windows 11 , 64 bit Build 22621 (10.0.22621.5415)
OS uptime: 1 days 3:25 hours
Hyper-V role detected

CPU: total 8 (initial active 8) (4 cores per cpu, 2 threads per core) family 6 model 154 stepping 4 microcode 0x432, cx8, cmov, fxsr, ht, mmx, 3dnowpref, sse, sse2, sse3, ssse3, sse4.1, sse4.2, popcnt, lzcnt, tsc, tscinvbit, avx, avx2, aes, erms, clmul, bmi1, bmi2, adx, sha, fma, vzeroupper, clflush, clflushopt, clwb, hv, serialize, rdtscp, rdpid, fsrm, f16c, cet_ibt, cet_ss
Processor Information for processor 0
  Max Mhz: 1200, Current Mhz: 1200, Mhz Limit: 1200
Processor Information for processor 1
  Max Mhz: 1200, Current Mhz: 1200, Mhz Limit: 1200
Processor Information for processor 2
  Max Mhz: 1200, Current Mhz: 1200, Mhz Limit: 1200
Processor Information for processor 3
  Max Mhz: 1200, Current Mhz: 1200, Mhz Limit: 1200
Processor Information for processor 4
  Max Mhz: 1200, Current Mhz: 900, Mhz Limit: 900
Processor Information for processor 5
  Max Mhz: 1200, Current Mhz: 900, Mhz Limit: 900
Processor Information for processor 6
  Max Mhz: 1200, Current Mhz: 900, Mhz Limit: 900
Processor Information for processor 7
  Max Mhz: 1200, Current Mhz: 900, Mhz Limit: 900

Memory: 4k page, system-wide physical 7865M (894M free)
TotalPageFile size 18474M (AvailPageFile size 0M)
current process WorkingSet (physical memory assigned to process): 83M, peak: 83M
current process commit charge ("private bytes"): 224M, peak: 224M

vm_info: OpenJDK 64-Bit Server VM (21.0.6+7-LTS) for windows-amd64 JRE (21.0.6+7-LTS), built on 2025-01-21T00:00:00Z by "admin" with MS VC++ 17.7 (VS2022)

END.
