#
# There is insufficient memory for the Java Runtime Environment to continue.
# Native memory allocation (malloc) failed to allocate 1755440 bytes. Error detail: Chunk::new
# Possible reasons:
#   The system is out of physical RAM or swap space
#   This process is running with CompressedOops enabled, and the Java Heap may be blocking the growth of the native heap
# Possible solutions:
#   Reduce memory load on the system
#   Increase physical memory or swap space
#   Check if swap backing store is full
#   Decrease Java heap size (-Xmx/-Xms)
#   Decrease number of Java threads
#   Decrease Java thread stack sizes (-Xss)
#   Set larger code cache with -XX:ReservedCodeCacheSize=
#   JVM is running with Unscaled Compressed Oops mode in which the Java heap is
#     placed in the first 4GB address space. The Java Heap base address is the
#     maximum limit for the native heap growth. Please use -XX:HeapBaseMinAddress
#     to set the Java Heap base and to place the Java Heap above 4GB virtual address.
# This output file may be truncated or incomplete.
#
#  Out of Memory Error (arena.cpp:168), pid=6456, tid=10960
#
# JRE version: OpenJDK Runtime Environment Temurin-21.0.7+6 (21.0.7+6) (build 21.0.7+6-LTS)
# Java VM: OpenJDK 64-Bit Server VM Temurin-21.0.7+6 (21.0.7+6-LTS, mixed mode, sharing, tiered, compressed oops, compressed class ptrs, parallel gc, windows-amd64)
# No core dump will be written. Minidumps are not enabled by default on client versions of Windows
#

---------------  S U M M A R Y ------------

Command Line: --add-modules=ALL-SYSTEM --add-opens=java.base/java.util=ALL-UNNAMED --add-opens=java.base/java.lang=ALL-UNNAMED --add-opens=java.base/sun.nio.fs=ALL-UNNAMED -Declipse.application=org.eclipse.jdt.ls.core.id1 -Dosgi.bundles.defaultStartLevel=4 -Declipse.product=org.eclipse.jdt.ls.core.product -Djava.import.generatesMetadataFilesAtProjectRoot=false -DDetectVMInstallationsJob.disabled=true -Dfile.encoding=utf8 -XX:+UseParallelGC -XX:GCTimeRatio=4 -XX:AdaptiveSizePolicyWeight=90 -Dsun.zip.disableMemoryMapping=true -Xmx2G -Xms100m -Xlog:disable -javaagent:c:\Users\obeng\.cursor\extensions\redhat.java-1.43.1-win32-x64\lombok\lombok-1.18.39-4050.jar -XX:+HeapDumpOnOutOfMemoryError -XX:HeapDumpPath=c:\Users\obeng\AppData\Roaming\Cursor\User\workspaceStorage\f3ec195ff8a34f8d1f201de5db2cf3a5\redhat.java -Daether.dependencyCollector.impl=bf c:\Users\obeng\.cursor\extensions\redhat.java-1.43.1-win32-x64\server\plugins\org.eclipse.equinox.launcher_1.7.0.v20250519-0528.jar -configuration c:\Users\obeng\AppData\Roaming\Cursor\User\globalStorage\redhat.java\1.43.1\config_win -data c:\Users\obeng\AppData\Roaming\Cursor\User\workspaceStorage\f3ec195ff8a34f8d1f201de5db2cf3a5\redhat.java\jdt_ws --pipe=\\.\pipe\lsp-a1077c290e8e17406c74ff9ba4ed83d6-sock

Host: 12th Gen Intel(R) Core(TM) i3-1215U, 8 cores, 7G,  Windows 11 , 64 bit Build 22621 (10.0.22621.5415)
Time: Sun Jul 20 21:18:02 2025 Greenwich Standard Time elapsed time: 23.871349 seconds (0d 0h 0m 23s)

---------------  T H R E A D  ---------------

Current thread (0x000002757b8961a0):  JavaThread "C2 CompilerThread0" daemon [_thread_in_native, id=10960, stack(0x0000007ac7c00000,0x0000007ac7d00000) (1024K)]


Current CompileTask:
C2:23873 7677   !   4       org.eclipse.jdt.internal.core.search.indexing.BinaryIndexer::indexDocument (1168 bytes)

Stack: [0x0000007ac7c00000,0x0000007ac7d00000]
Native frames: (J=compiled Java code, j=interpreted, Vv=VM code, C=native code)
V  [jvm.dll+0x6ce119]
V  [jvm.dll+0x8a84a1]
V  [jvm.dll+0x8aa9ce]
V  [jvm.dll+0x8ab0b3]
V  [jvm.dll+0x27f8a6]
V  [jvm.dll+0xc507d]
V  [jvm.dll+0xc55b3]
V  [jvm.dll+0x3b692c]
V  [jvm.dll+0x1e0029]
V  [jvm.dll+0x247c42]
V  [jvm.dll+0x2470cf]
V  [jvm.dll+0x1c760e]
V  [jvm.dll+0x25695a]
V  [jvm.dll+0x254efa]
V  [jvm.dll+0x3f03f6]
V  [jvm.dll+0x851f6b]
V  [jvm.dll+0x6cc7dd]
C  [ucrtbase.dll+0x29333]
C  [KERNEL32.DLL+0x1259d]
C  [ntdll.dll+0x5af78]


---------------  P R O C E S S  ---------------

Threads class SMR info:
_java_thread_list=0x000002754673d250, length=38, elements={
0x0000027564e1e8b0, 0x000002757b881220, 0x000002757b883180, 0x000002757b887a20,
0x000002757b887390, 0x000002757b885fe0, 0x000002757b8880b0, 0x000002757b8961a0,
0x000002757b897520, 0x000002757b888740, 0x000002757b8852c0, 0x000002757b886670,
0x000002757b885950, 0x000002757dc52620, 0x000002757dc53340, 0x000002757dc54d80,
0x000002757dc4f1a0, 0x000002757dc50550, 0x000002757dc55aa0, 0x000002757dc50be0,
0x000002757dc51900, 0x000002757dc4eb10, 0x000002757dc51270, 0x000002757dc51f90,
0x000002757dc52cb0, 0x000002757dc56130, 0x000002757dc539d0, 0x000002757dc54060,
0x000002757dc4fec0, 0x000002757dc546f0, 0x000002757e958c40, 0x000002757e959ff0,
0x000002757e959960, 0x000002757e95d470, 0x000002757e95a680, 0x000002757e95e820,
0x000002757e95ad10, 0x000002757e9592d0
}

Java Threads: ( => current thread )
  0x0000027564e1e8b0 JavaThread "<un-named>"                
[error occurred during error reporting (printing all threads), id 0xc0000005, EXCEPTION_ACCESS_VIOLATION (0xc0000005) at pc=0x00007ffdf1d488ed]
VM state: at safepoint (normal execution)

VM Mutex/Monitor currently owned by a thread:  ([mutex/lock_event])
[0x00007ffdf260e308] Threads_lock - owner thread: 0x000002757b8644c0
[0x00007ffdf260e408] Heap_lock - owner thread: 0x000002757dc4eb10

Heap address: 0x0000000080000000, size: 2048 MB, Compressed Oops mode: 32-bit

CDS archive(s) mapped at: [0x0000027500000000-0x0000027500ba0000-0x0000027500ba0000), size 12189696, SharedBaseAddress: 0x0000027500000000, ArchiveRelocationMode: 1.
Compressed class space mapped at: 0x0000027501000000-0x0000027541000000, reserved size: 1073741824
Narrow klass base: 0x0000027500000000, Narrow klass shift: 0, Narrow klass range: 0x100000000

GC Precious Log:
 CardTable entry size: 512
 CPUs: 8 total, 8 available
 Memory: 7865M
 Large Page Support: Disabled
 NUMA Support: Disabled
 Compressed Oops: Enabled (32-bit)
 Alignments: Space 512K, Generation 512K, Heap 2M
 Heap Min Capacity: 100M
 Heap Initial Capacity: 100M
 Heap Max Capacity: 2G
 Pre-touch: Disabled
 Parallel Workers: 8

Heap:
 PSYoungGen      total 8704K, used 6104K [0x00000000d5580000, 0x00000000d6000000, 0x0000000100000000)
  eden space 6656K, 63% used [0x00000000d5580000,0x00000000d59a3d50,0x00000000d5c00000)
  from space 2048K, 91% used [0x00000000d5c00000,0x00000000d5dd2410,0x00000000d5e00000)
  to   space 2048K, 53% used [0x00000000d5e00000,0x00000000d5f11510,0x00000000d6000000)
 ParOldGen       total 181248K, used 180767K [0x0000000080000000, 0x000000008b100000, 0x00000000d5580000)
  object space 181248K, 99% used [0x0000000080000000,0x000000008b087e28,0x000000008b100000)
 Metaspace       used 48473K, committed 49728K, reserved 1114112K
  class space    used 5144K, committed 5760K, reserved 1048576K

Card table byte_map: [0x00000275647d0000,0x0000027564be0000] _byte_map_base: 0x00000275643d0000

Marking Bits: (ParMarkBitMap*) 0x00007ffdf26131f0
 Begin Bits: [0x00000275772c0000, 0x00000275792c0000)
 End Bits:   [0x00000275792c0000, 0x000002757b2c0000)

Polling page: 0x0000027562d00000

Metaspace:

Usage:
  Non-class:     42.31 MB used.
      Class:      5.02 MB used.
       Both:     47.34 MB used.

Virtual space:
  Non-class space:       64.00 MB reserved,      42.94 MB ( 67%) committed,  1 nodes.
      Class space:        1.00 GB reserved,       5.62 MB ( <1%) committed,  1 nodes.
             Both:        1.06 GB reserved,      48.56 MB (  4%) committed. 

Chunk freelists:
   Non-Class:  4.39 MB
       Class:  10.37 MB
        Both:  14.76 MB

MaxMetaspaceSize: unlimited
CompressedClassSpaceSize: 1.00 GB
Initial GC threshold: 21.00 MB
Current GC threshold: 58.38 MB
CDS: on
 - commit_granule_bytes: 65536.
 - commit_granule_words: 8192.
 - virtual_space_node_default_size: 8388608.
 - enlarge_chunks_in_place: 1.
 - use_allocation_guard: 0.


Internal statistics:

num_allocs_failed_limit: 6.
num_arena_births: 1004.
num_arena_deaths: 14.
num_vsnodes_births: 2.
num_vsnodes_deaths: 0.
num_space_committed: 777.
num_space_uncommitted: 0.
num_chunks_returned_to_freelist: 20.
num_chunks_taken_from_freelist: 3303.
num_chunk_merges: 10.
num_chunk_splits: 1982.
num_chunks_enlarged: 1049.
num_inconsistent_stats: 0.

CodeHeap 'non-profiled nmethods': size=120000Kb used=4666Kb max_used=4786Kb free=115333Kb
 bounds [0x000002756fae0000, 0x000002756ff90000, 0x0000027577010000]
CodeHeap 'profiled nmethods': size=120000Kb used=14157Kb max_used=14801Kb free=105842Kb
 bounds [0x0000027568010000, 0x0000027568e90000, 0x000002756f540000]
CodeHeap 'non-nmethods': size=5760Kb used=1387Kb max_used=1466Kb free=4372Kb
 bounds [0x000002756f540000, 0x000002756f7b0000, 0x000002756fae0000]
 total_blobs=7604 nmethods=6915 adapters=595
 compilation: enabled
              stopped_count=0, restarted_count=0
 full_count=0

Compilation events (20 events):
Event: 22.325 Thread 0x000002757b8961a0 nmethod 7670 0x000002756ff89110 code [0x000002756ff892a0, 0x000002756ff893a8]
Event: 22.346 Thread 0x000002757b897520 7671       1       org.eclipse.jdt.internal.compiler.classfmt.ModuleInfo$PackageExportInfo::name (5 bytes)
Event: 22.346 Thread 0x000002757b897520 nmethod 7671 0x000002756ff89510 code [0x000002756ff896a0, 0x000002756ff89768]
Event: 22.350 Thread 0x000002757b897520 7672   !   3       org.eclipse.jdt.internal.core.search.indexing.BinaryIndexer::indexDocument (1168 bytes)
Event: 22.362 Thread 0x000002757b897520 nmethod 7672 0x0000027568e72010 code [0x0000027568e729e0, 0x0000027568e78408]
Event: 22.480 Thread 0x000002757b8961a0 7673   !   4       org.eclipse.jdt.internal.core.search.JavaSearchDocument::getByteContents (41 bytes)
Event: 22.481 Thread 0x000002757b8961a0 nmethod 7673 0x000002756ff89810 code [0x000002756ff899a0, 0x000002756ff89a50]
Event: 22.481 Thread 0x000002757b8961a0 7674   !   4       org.eclipse.jdt.internal.core.search.indexing.BinaryIndexer::toUri (51 bytes)
Event: 22.530 Thread 0x000002757b897520 7675       3       org.eclipse.jdt.core.Signature::encodeTypeSignature (908 bytes)
Event: 22.538 Thread 0x000002757b897520 nmethod 7675 0x0000027568e7bf90 code [0x0000027568e7c6e0, 0x0000027568e7f4b8]
Event: 22.565 Thread 0x000002757b8961a0 nmethod 7674 0x000002756ff89b10 code [0x000002756ff89e20, 0x000002756ff8b8e8]
Event: 22.800 Thread 0x000002757b897520 7676   !   3       java.util.zip.ZipFile$Source::<init> (167 bytes)
Event: 22.801 Thread 0x000002757b897520 nmethod 7676 0x0000027568e80910 code [0x0000027568e80c40, 0x0000027568e81c90]
Event: 22.850 Thread 0x000002757b8961a0 7677   !   4       org.eclipse.jdt.internal.core.search.indexing.BinaryIndexer::indexDocument (1168 bytes)
Event: 22.853 Thread 0x000002757b897520 7678       3       java.util.zip.ZipFile$Source::close (50 bytes)
Event: 22.854 Thread 0x000002757b897520 nmethod 7678 0x0000027568e82490 code [0x0000027568e82640, 0x0000027568e82828]
Event: 22.994 Thread 0x000002757b897520 7680       3       org.eclipse.core.internal.resources.ProjectPreferences::getLoadLevel (59 bytes)
Event: 22.996 Thread 0x000002757b897520 nmethod 7680 0x0000027568e82910 code [0x0000027568e82b20, 0x0000027568e831a8]
Event: 23.532 Thread 0x000002757b897520 7683       3       org.eclipse.jdt.core.Signature::createCharArrayTypeSignature (102 bytes)
Event: 23.533 Thread 0x000002757b897520 nmethod 7683 0x0000027568e83410 code [0x0000027568e836a0, 0x0000027568e84230]

GC Heap History (20 events):
Event: 23.189 GC heap before
{Heap before GC invocations=84 (full 2):
 PSYoungGen      total 8704K, used 8311K [0x00000000d5580000, 0x00000000d6000000, 0x0000000100000000)
  eden space 6656K, 100% used [0x00000000d5580000,0x00000000d5c00000,0x00000000d5c00000)
  from space 2048K, 80% used [0x00000000d5c00000,0x00000000d5d9dd20,0x00000000d5e00000)
  to   space 2048K, 0% used [0x00000000d5e00000,0x00000000d5e00000,0x00000000d6000000)
 ParOldGen       total 163328K, used 163319K [0x0000000080000000, 0x0000000089f80000, 0x00000000d5580000)
  object space 163328K, 99% used [0x0000000080000000,0x0000000089f7dd60,0x0000000089f80000)
 Metaspace       used 48473K, committed 49728K, reserved 1114112K
  class space    used 5144K, committed 5760K, reserved 1048576K
}
Event: 23.195 GC heap after
{Heap after GC invocations=84 (full 2):
 PSYoungGen      total 8704K, used 1680K [0x00000000d5580000, 0x00000000d6000000, 0x0000000100000000)
  eden space 6656K, 0% used [0x00000000d5580000,0x00000000d5580000,0x00000000d5c00000)
  from space 2048K, 82% used [0x00000000d5e00000,0x00000000d5fa4128,0x00000000d6000000)
  to   space 2048K, 0% used [0x00000000d5c00000,0x00000000d5c00000,0x00000000d5e00000)
 ParOldGen       total 164864K, used 164799K [0x0000000080000000, 0x000000008a100000, 0x00000000d5580000)
  object space 164864K, 99% used [0x0000000080000000,0x000000008a0efec0,0x000000008a100000)
 Metaspace       used 48473K, committed 49728K, reserved 1114112K
  class space    used 5144K, committed 5760K, reserved 1048576K
}
Event: 23.316 GC heap before
{Heap before GC invocations=85 (full 2):
 PSYoungGen      total 8704K, used 8336K [0x00000000d5580000, 0x00000000d6000000, 0x0000000100000000)
  eden space 6656K, 100% used [0x00000000d5580000,0x00000000d5c00000,0x00000000d5c00000)
  from space 2048K, 82% used [0x00000000d5e00000,0x00000000d5fa4128,0x00000000d6000000)
  to   space 2048K, 0% used [0x00000000d5c00000,0x00000000d5c00000,0x00000000d5e00000)
 ParOldGen       total 164864K, used 164799K [0x0000000080000000, 0x000000008a100000, 0x00000000d5580000)
  object space 164864K, 99% used [0x0000000080000000,0x000000008a0efec0,0x000000008a100000)
 Metaspace       used 48473K, committed 49728K, reserved 1114112K
  class space    used 5144K, committed 5760K, reserved 1048576K
}
Event: 23.322 GC heap after
{Heap after GC invocations=85 (full 2):
 PSYoungGen      total 8704K, used 1704K [0x00000000d5580000, 0x00000000d6000000, 0x0000000100000000)
  eden space 6656K, 0% used [0x00000000d5580000,0x00000000d5580000,0x00000000d5c00000)
  from space 2048K, 83% used [0x00000000d5c00000,0x00000000d5daa3e8,0x00000000d5e00000)
  to   space 2048K, 0% used [0x00000000d5e00000,0x00000000d5e00000,0x00000000d6000000)
 ParOldGen       total 166400K, used 166281K [0x0000000080000000, 0x000000008a280000, 0x00000000d5580000)
  object space 166400K, 99% used [0x0000000080000000,0x000000008a262498,0x000000008a280000)
 Metaspace       used 48473K, committed 49728K, reserved 1114112K
  class space    used 5144K, committed 5760K, reserved 1048576K
}
Event: 23.394 GC heap before
{Heap before GC invocations=86 (full 2):
 PSYoungGen      total 8704K, used 8360K [0x00000000d5580000, 0x00000000d6000000, 0x0000000100000000)
  eden space 6656K, 100% used [0x00000000d5580000,0x00000000d5c00000,0x00000000d5c00000)
  from space 2048K, 83% used [0x00000000d5c00000,0x00000000d5daa3e8,0x00000000d5e00000)
  to   space 2048K, 0% used [0x00000000d5e00000,0x00000000d5e00000,0x00000000d6000000)
 ParOldGen       total 166400K, used 166281K [0x0000000080000000, 0x000000008a280000, 0x00000000d5580000)
  object space 166400K, 99% used [0x0000000080000000,0x000000008a262498,0x000000008a280000)
 Metaspace       used 48473K, committed 49728K, reserved 1114112K
  class space    used 5144K, committed 5760K, reserved 1048576K
}
Event: 23.398 GC heap after
{Heap after GC invocations=86 (full 2):
 PSYoungGen      total 8704K, used 1672K [0x00000000d5580000, 0x00000000d6000000, 0x0000000100000000)
  eden space 6656K, 0% used [0x00000000d5580000,0x00000000d5580000,0x00000000d5c00000)
  from space 2048K, 81% used [0x00000000d5e00000,0x00000000d5fa2118,0x00000000d6000000)
  to   space 2048K, 0% used [0x00000000d5c00000,0x00000000d5c00000,0x00000000d5e00000)
 ParOldGen       total 167936K, used 167851K [0x0000000080000000, 0x000000008a400000, 0x00000000d5580000)
  object space 167936K, 99% used [0x0000000080000000,0x000000008a3ead38,0x000000008a400000)
 Metaspace       used 48473K, committed 49728K, reserved 1114112K
  class space    used 5144K, committed 5760K, reserved 1048576K
}
Event: 23.448 GC heap before
{Heap before GC invocations=87 (full 2):
 PSYoungGen      total 8704K, used 8328K [0x00000000d5580000, 0x00000000d6000000, 0x0000000100000000)
  eden space 6656K, 100% used [0x00000000d5580000,0x00000000d5c00000,0x00000000d5c00000)
  from space 2048K, 81% used [0x00000000d5e00000,0x00000000d5fa2118,0x00000000d6000000)
  to   space 2048K, 0% used [0x00000000d5c00000,0x00000000d5c00000,0x00000000d5e00000)
 ParOldGen       total 167936K, used 167851K [0x0000000080000000, 0x000000008a400000, 0x00000000d5580000)
  object space 167936K, 99% used [0x0000000080000000,0x000000008a3ead38,0x000000008a400000)
 Metaspace       used 48473K, committed 49728K, reserved 1114112K
  class space    used 5144K, committed 5760K, reserved 1048576K
}
Event: 23.450 GC heap after
{Heap after GC invocations=87 (full 2):
 PSYoungGen      total 8704K, used 1676K [0x00000000d5580000, 0x00000000d6000000, 0x0000000100000000)
  eden space 6656K, 0% used [0x00000000d5580000,0x00000000d5580000,0x00000000d5c00000)
  from space 2048K, 81% used [0x00000000d5c00000,0x00000000d5da31d8,0x00000000d5e00000)
  to   space 2048K, 0% used [0x00000000d5e00000,0x00000000d5e00000,0x00000000d6000000)
 ParOldGen       total 169472K, used 169422K [0x0000000080000000, 0x000000008a580000, 0x00000000d5580000)
  object space 169472K, 99% used [0x0000000080000000,0x000000008a573af8,0x000000008a580000)
 Metaspace       used 48473K, committed 49728K, reserved 1114112K
  class space    used 5144K, committed 5760K, reserved 1048576K
}
Event: 23.513 GC heap before
{Heap before GC invocations=88 (full 2):
 PSYoungGen      total 8704K, used 8332K [0x00000000d5580000, 0x00000000d6000000, 0x0000000100000000)
  eden space 6656K, 99% used [0x00000000d5580000,0x00000000d5bffe58,0x00000000d5c00000)
  from space 2048K, 81% used [0x00000000d5c00000,0x00000000d5da31d8,0x00000000d5e00000)
  to   space 2048K, 0% used [0x00000000d5e00000,0x00000000d5e00000,0x00000000d6000000)
 ParOldGen       total 169472K, used 169422K [0x0000000080000000, 0x000000008a580000, 0x00000000d5580000)
  object space 169472K, 99% used [0x0000000080000000,0x000000008a573af8,0x000000008a580000)
 Metaspace       used 48473K, committed 49728K, reserved 1114112K
  class space    used 5144K, committed 5760K, reserved 1048576K
}
Event: 23.515 GC heap after
{Heap after GC invocations=88 (full 2):
 PSYoungGen      total 8704K, used 1678K [0x00000000d5580000, 0x00000000d6000000, 0x0000000100000000)
  eden space 6656K, 0% used [0x00000000d5580000,0x00000000d5580000,0x00000000d5c00000)
  from space 2048K, 81% used [0x00000000d5e00000,0x00000000d5fa3bf0,0x00000000d6000000)
  to   space 2048K, 0% used [0x00000000d5c00000,0x00000000d5c00000,0x00000000d5e00000)
 ParOldGen       total 171008K, used 170974K [0x0000000080000000, 0x000000008a700000, 0x00000000d5580000)
  object space 171008K, 99% used [0x0000000080000000,0x000000008a6f7ab0,0x000000008a700000)
 Metaspace       used 48473K, committed 49728K, reserved 1114112K
  class space    used 5144K, committed 5760K, reserved 1048576K
}
Event: 23.563 GC heap before
{Heap before GC invocations=89 (full 2):
 PSYoungGen      total 8704K, used 8334K [0x00000000d5580000, 0x00000000d6000000, 0x0000000100000000)
  eden space 6656K, 100% used [0x00000000d5580000,0x00000000d5c00000,0x00000000d5c00000)
  from space 2048K, 81% used [0x00000000d5e00000,0x00000000d5fa3bf0,0x00000000d6000000)
  to   space 2048K, 0% used [0x00000000d5c00000,0x00000000d5c00000,0x00000000d5e00000)
 ParOldGen       total 171008K, used 170974K [0x0000000080000000, 0x000000008a700000, 0x00000000d5580000)
  object space 171008K, 99% used [0x0000000080000000,0x000000008a6f7ab0,0x000000008a700000)
 Metaspace       used 48473K, committed 49728K, reserved 1114112K
  class space    used 5144K, committed 5760K, reserved 1048576K
}
Event: 23.566 GC heap after
{Heap after GC invocations=89 (full 2):
 PSYoungGen      total 8704K, used 1863K [0x00000000d5580000, 0x00000000d6000000, 0x0000000100000000)
  eden space 6656K, 0% used [0x00000000d5580000,0x00000000d5580000,0x00000000d5c00000)
  from space 2048K, 91% used [0x00000000d5c00000,0x00000000d5dd1f90,0x00000000d5e00000)
  to   space 2048K, 0% used [0x00000000d5e00000,0x00000000d5e00000,0x00000000d6000000)
 ParOldGen       total 172544K, used 172480K [0x0000000080000000, 0x000000008a880000, 0x00000000d5580000)
  object space 172544K, 99% used [0x0000000080000000,0x000000008a8700a0,0x000000008a880000)
 Metaspace       used 48473K, committed 49728K, reserved 1114112K
  class space    used 5144K, committed 5760K, reserved 1048576K
}
Event: 23.614 GC heap before
{Heap before GC invocations=90 (full 2):
 PSYoungGen      total 8704K, used 8519K [0x00000000d5580000, 0x00000000d6000000, 0x0000000100000000)
  eden space 6656K, 100% used [0x00000000d5580000,0x00000000d5c00000,0x00000000d5c00000)
  from space 2048K, 91% used [0x00000000d5c00000,0x00000000d5dd1f90,0x00000000d5e00000)
  to   space 2048K, 0% used [0x00000000d5e00000,0x00000000d5e00000,0x00000000d6000000)
 ParOldGen       total 172544K, used 172480K [0x0000000080000000, 0x000000008a880000, 0x00000000d5580000)
  object space 172544K, 99% used [0x0000000080000000,0x000000008a8700a0,0x000000008a880000)
 Metaspace       used 48473K, committed 49728K, reserved 1114112K
  class space    used 5144K, committed 5760K, reserved 1048576K
}
Event: 23.617 GC heap after
{Heap after GC invocations=90 (full 2):
 PSYoungGen      total 8704K, used 1769K [0x00000000d5580000, 0x00000000d6000000, 0x0000000100000000)
  eden space 6656K, 0% used [0x00000000d5580000,0x00000000d5580000,0x00000000d5c00000)
  from space 2048K, 86% used [0x00000000d5e00000,0x00000000d5fba578,0x00000000d6000000)
  to   space 2048K, 0% used [0x00000000d5c00000,0x00000000d5c00000,0x00000000d5e00000)
 ParOldGen       total 174592K, used 174193K [0x0000000080000000, 0x000000008aa80000, 0x00000000d5580000)
  object space 174592K, 99% used [0x0000000080000000,0x000000008aa1c7b0,0x000000008aa80000)
 Metaspace       used 48473K, committed 49728K, reserved 1114112K
  class space    used 5144K, committed 5760K, reserved 1048576K
}
Event: 23.665 GC heap before
{Heap before GC invocations=91 (full 2):
 PSYoungGen      total 8704K, used 8425K [0x00000000d5580000, 0x00000000d6000000, 0x0000000100000000)
  eden space 6656K, 100% used [0x00000000d5580000,0x00000000d5c00000,0x00000000d5c00000)
  from space 2048K, 86% used [0x00000000d5e00000,0x00000000d5fba578,0x00000000d6000000)
  to   space 2048K, 0% used [0x00000000d5c00000,0x00000000d5c00000,0x00000000d5e00000)
 ParOldGen       total 174592K, used 174193K [0x0000000080000000, 0x000000008aa80000, 0x00000000d5580000)
  object space 174592K, 99% used [0x0000000080000000,0x000000008aa1c7b0,0x000000008aa80000)
 Metaspace       used 48473K, committed 49728K, reserved 1114112K
  class space    used 5144K, committed 5760K, reserved 1048576K
}
Event: 23.667 GC heap after
{Heap after GC invocations=91 (full 2):
 PSYoungGen      total 8704K, used 1776K [0x00000000d5580000, 0x00000000d6000000, 0x0000000100000000)
  eden space 6656K, 0% used [0x00000000d5580000,0x00000000d5580000,0x00000000d5c00000)
  from space 2048K, 86% used [0x00000000d5c00000,0x00000000d5dbc0e0,0x00000000d5e00000)
  to   space 2048K, 0% used [0x00000000d5e00000,0x00000000d5e00000,0x00000000d6000000)
 ParOldGen       total 176128K, used 175849K [0x0000000080000000, 0x000000008ac00000, 0x00000000d5580000)
  object space 176128K, 99% used [0x0000000080000000,0x000000008abba7d8,0x000000008ac00000)
 Metaspace       used 48473K, committed 49728K, reserved 1114112K
  class space    used 5144K, committed 5760K, reserved 1048576K
}
Event: 23.715 GC heap before
{Heap before GC invocations=92 (full 2):
 PSYoungGen      total 8704K, used 8432K [0x00000000d5580000, 0x00000000d6000000, 0x0000000100000000)
  eden space 6656K, 100% used [0x00000000d5580000,0x00000000d5c00000,0x00000000d5c00000)
  from space 2048K, 86% used [0x00000000d5c00000,0x00000000d5dbc0e0,0x00000000d5e00000)
  to   space 2048K, 0% used [0x00000000d5e00000,0x00000000d5e00000,0x00000000d6000000)
 ParOldGen       total 176128K, used 175849K [0x0000000080000000, 0x000000008ac00000, 0x00000000d5580000)
  object space 176128K, 99% used [0x0000000080000000,0x000000008abba7d8,0x000000008ac00000)
 Metaspace       used 48473K, committed 49728K, reserved 1114112K
  class space    used 5144K, committed 5760K, reserved 1048576K
}
Event: 23.719 GC heap after
{Heap after GC invocations=92 (full 2):
 PSYoungGen      total 8704K, used 1731K [0x00000000d5580000, 0x00000000d6000000, 0x0000000100000000)
  eden space 6656K, 0% used [0x00000000d5580000,0x00000000d5580000,0x00000000d5c00000)
  from space 2048K, 84% used [0x00000000d5e00000,0x00000000d5fb0ed0,0x00000000d6000000)
  to   space 2048K, 0% used [0x00000000d5c00000,0x00000000d5c00000,0x00000000d5e00000)
 ParOldGen       total 177664K, used 177524K [0x0000000080000000, 0x000000008ad80000, 0x00000000d5580000)
  object space 177664K, 99% used [0x0000000080000000,0x000000008ad5d100,0x000000008ad80000)
 Metaspace       used 48473K, committed 49728K, reserved 1114112K
  class space    used 5144K, committed 5760K, reserved 1048576K
}
Event: 23.778 GC heap before
{Heap before GC invocations=93 (full 2):
 PSYoungGen      total 8704K, used 8387K [0x00000000d5580000, 0x00000000d6000000, 0x0000000100000000)
  eden space 6656K, 100% used [0x00000000d5580000,0x00000000d5c00000,0x00000000d5c00000)
  from space 2048K, 84% used [0x00000000d5e00000,0x00000000d5fb0ed0,0x00000000d6000000)
  to   space 2048K, 0% used [0x00000000d5c00000,0x00000000d5c00000,0x00000000d5e00000)
 ParOldGen       total 177664K, used 177524K [0x0000000080000000, 0x000000008ad80000, 0x00000000d5580000)
  object space 177664K, 99% used [0x0000000080000000,0x000000008ad5d100,0x000000008ad80000)
 Metaspace       used 48473K, committed 49728K, reserved 1114112K
  class space    used 5144K, committed 5760K, reserved 1048576K
}
Event: 23.783 GC heap after
{Heap after GC invocations=93 (full 2):
 PSYoungGen      total 8704K, used 1865K [0x00000000d5580000, 0x00000000d6000000, 0x0000000100000000)
  eden space 6656K, 0% used [0x00000000d5580000,0x00000000d5580000,0x00000000d5c00000)
  from space 2048K, 91% used [0x00000000d5c00000,0x00000000d5dd2410,0x00000000d5e00000)
  to   space 2048K, 0% used [0x00000000d5e00000,0x00000000d5e00000,0x00000000d6000000)
 ParOldGen       total 179200K, used 179178K [0x0000000080000000, 0x000000008af00000, 0x00000000d5580000)
  object space 179200K, 99% used [0x0000000080000000,0x000000008aefa920,0x000000008af00000)
 Metaspace       used 48473K, committed 49728K, reserved 1114112K
  class space    used 5144K, committed 5760K, reserved 1048576K
}

Dll operation events (10 events):
Event: 0.033 Loaded shared library c:\Users\obeng\.cursor\extensions\redhat.java-1.43.1-win32-x64\jre\21.0.7-win32-x86_64\bin\java.dll
Event: 0.201 Loaded shared library c:\Users\obeng\.cursor\extensions\redhat.java-1.43.1-win32-x64\jre\21.0.7-win32-x86_64\bin\zip.dll
Event: 0.253 Loaded shared library C:\Users\obeng\.cursor\extensions\redhat.java-1.43.1-win32-x64\jre\21.0.7-win32-x86_64\bin\instrument.dll
Event: 0.268 Loaded shared library C:\Users\obeng\.cursor\extensions\redhat.java-1.43.1-win32-x64\jre\21.0.7-win32-x86_64\bin\net.dll
Event: 0.273 Loaded shared library C:\Users\obeng\.cursor\extensions\redhat.java-1.43.1-win32-x64\jre\21.0.7-win32-x86_64\bin\nio.dll
Event: 0.286 Loaded shared library C:\Users\obeng\.cursor\extensions\redhat.java-1.43.1-win32-x64\jre\21.0.7-win32-x86_64\bin\zip.dll
Event: 0.328 Loaded shared library C:\Users\obeng\.cursor\extensions\redhat.java-1.43.1-win32-x64\jre\21.0.7-win32-x86_64\bin\jimage.dll
Event: 0.521 Loaded shared library c:\Users\obeng\.cursor\extensions\redhat.java-1.43.1-win32-x64\jre\21.0.7-win32-x86_64\bin\verify.dll
Event: 2.886 Loaded shared library C:\Users\obeng\AppData\Roaming\Cursor\User\globalStorage\redhat.java\1.43.1\config_win\org.eclipse.equinox.launcher\org.eclipse.equinox.launcher.win32.win32.x86_64_1.2.1300.v20250331-1702\eclipse_11911.dll
Event: 5.583 Loaded shared library C:\Users\obeng\AppData\Local\Temp\jna-2331414\jna14550638407182247671.dll

Deoptimization events (20 events):
Event: 20.400 Thread 0x000002757dc4eb10 DEOPT PACKING pc=0x000002756ff42128 sp=0x0000007ac93fe6c0
Event: 20.400 Thread 0x000002757dc4eb10 DEOPT UNPACKING pc=0x000002756f593aa2 sp=0x0000007ac93fe610 mode 2
Event: 20.484 Thread 0x000002757dc4eb10 DEOPT PACKING pc=0x0000027568e3ecba sp=0x0000007ac93fe5f0
Event: 20.485 Thread 0x000002757dc4eb10 DEOPT UNPACKING pc=0x000002756f594242 sp=0x0000007ac93fdb78 mode 0
Event: 20.583 Thread 0x000002757dc4eb10 DEOPT PACKING pc=0x0000027568e3ecba sp=0x0000007ac93fe5f0
Event: 20.583 Thread 0x000002757dc4eb10 DEOPT UNPACKING pc=0x000002756f594242 sp=0x0000007ac93fdb78 mode 0
Event: 20.652 Thread 0x000002757dc4eb10 DEOPT PACKING pc=0x0000027568e3ecba sp=0x0000007ac93fe5f0
Event: 20.652 Thread 0x000002757dc4eb10 DEOPT UNPACKING pc=0x000002756f594242 sp=0x0000007ac93fdb78 mode 0
Event: 20.684 Thread 0x000002757dc4eb10 DEOPT PACKING pc=0x0000027568e3ecba sp=0x0000007ac93fe5f0
Event: 20.684 Thread 0x000002757dc4eb10 DEOPT UNPACKING pc=0x000002756f594242 sp=0x0000007ac93fdb78 mode 0
Event: 20.752 Thread 0x000002757dc4eb10 DEOPT PACKING pc=0x0000027568e3f2ce sp=0x0000007ac93fe5f0
Event: 20.752 Thread 0x000002757dc4eb10 DEOPT UNPACKING pc=0x000002756f594242 sp=0x0000007ac93fdb78 mode 0
Event: 20.793 Thread 0x000002757dc4eb10 DEOPT PACKING pc=0x0000027568e3ecba sp=0x0000007ac93fe5f0
Event: 20.794 Thread 0x000002757dc4eb10 DEOPT UNPACKING pc=0x000002756f594242 sp=0x0000007ac93fdb78 mode 0
Event: 21.179 Thread 0x000002757dc52cb0 DEOPT PACKING pc=0x0000027568cebfe7 sp=0x0000007ac98fe240
Event: 21.180 Thread 0x000002757dc52cb0 DEOPT UNPACKING pc=0x000002756f594242 sp=0x0000007ac98fd7c0 mode 0
Event: 22.346 Thread 0x000002757dc4eb10 Uncommon trap: trap_request=0xffffff45 fr.pc=0x000002756feb9fa4 relative=0x0000000000007024
Event: 22.346 Thread 0x000002757dc4eb10 Uncommon trap: reason=unstable_if action=reinterpret pc=0x000002756feb9fa4 method=org.eclipse.jdt.internal.compiler.classfmt.ClassFileReader.<init>(Ljava/net/URI;[B[C)V @ 16 c2
Event: 22.346 Thread 0x000002757dc4eb10 DEOPT PACKING pc=0x000002756feb9fa4 sp=0x0000007ac93fea50
Event: 22.346 Thread 0x000002757dc4eb10 DEOPT UNPACKING pc=0x000002756f593aa2 sp=0x0000007ac93fe930 mode 2

Classes loaded (20 events):
Event: 12.292 Loading class java/util/concurrent/CompletableFuture$AltResult
Event: 12.292 Loading class java/util/concurrent/CompletableFuture$AltResult done
Event: 12.292 Loading class java/util/concurrent/CompletableFuture$Completion
Event: 12.292 Loading class java/util/concurrent/CompletableFuture$AsynchronousCompletionTask
Event: 12.292 Loading class java/util/concurrent/CompletableFuture$AsynchronousCompletionTask done
Event: 12.292 Loading class java/util/concurrent/CompletableFuture$Completion done
Event: 12.310 Loading class sun/nio/ch/WindowsAsynchronousFileChannelImpl$WriteTask
Event: 12.310 Loading class sun/nio/ch/WindowsAsynchronousFileChannelImpl$WriteTask done
Event: 12.324 Loading class java/lang/invoke/MethodHandleImpl$CountingWrapper
Event: 12.325 Loading class java/lang/invoke/MethodHandleImpl$CountingWrapper done
Event: 12.342 Loading class jdk/internal/math/FormattedFPDecimal
Event: 12.342 Loading class jdk/internal/math/FormattedFPDecimal done
Event: 12.441 Loading class java/lang/ProcessEnvironment$CheckedKeySet
Event: 12.442 Loading class java/lang/ProcessEnvironment$CheckedKeySet done
Event: 12.947 Loading class java/util/regex/Pattern$Pos
Event: 12.948 Loading class java/util/regex/Pattern$Pos done
Event: 12.998 Loading class sun/security/provider/MD5
Event: 12.999 Loading class sun/security/provider/MD5 done
Event: 13.000 Loading class sun/security/provider/ByteArrayAccess$LE
Event: 13.001 Loading class sun/security/provider/ByteArrayAccess$LE done

Classes unloaded (7 events):
Event: 6.682 Thread 0x000002757b8644c0 Unloading class 0x00000275011a2800 'java/lang/invoke/LambdaForm$MH+0x00000275011a2800'
Event: 6.682 Thread 0x000002757b8644c0 Unloading class 0x00000275011a2400 'java/lang/invoke/LambdaForm$MH+0x00000275011a2400'
Event: 6.682 Thread 0x000002757b8644c0 Unloading class 0x00000275011a2000 'java/lang/invoke/LambdaForm$MH+0x00000275011a2000'
Event: 6.682 Thread 0x000002757b8644c0 Unloading class 0x00000275011a1c00 'java/lang/invoke/LambdaForm$MH+0x00000275011a1c00'
Event: 6.682 Thread 0x000002757b8644c0 Unloading class 0x00000275011a1800 'java/lang/invoke/LambdaForm$BMH+0x00000275011a1800'
Event: 6.682 Thread 0x000002757b8644c0 Unloading class 0x00000275011a1400 'java/lang/invoke/LambdaForm$DMH+0x00000275011a1400'
Event: 6.682 Thread 0x000002757b8644c0 Unloading class 0x00000275011a0000 'java/lang/invoke/LambdaForm$DMH+0x00000275011a0000'

Classes redefined (0 events):
No events

Internal exceptions (20 events):
Event: 10.539 Thread 0x000002757dc4eb10 Exception <a 'java/lang/NoSuchMethodError'{0x00000000d55cd1a0}: 'java.lang.Object java.lang.invoke.Invokers$Holder.linkToTargetMethod(java.lang.Object, java.lang.Object, int, java.lang.Object)'> (0x00000000d55cd1a0) 
thrown [s\src\hotspot\share\interpreter\linkResolver.cpp, line 773]
Event: 10.544 Thread 0x000002757dc4eb10 Exception <a 'java/lang/NoSuchMethodError'{0x00000000d5861af0}: 'void java.lang.invoke.DirectMethodHandle$Holder.invokeStaticInit(java.lang.Object, java.lang.Object, java.lang.Object)'> (0x00000000d5861af0) 
thrown [s\src\hotspot\share\interpreter\linkResolver.cpp, line 773]
Event: 11.061 Thread 0x000002757dc50be0 Exception <a 'java/lang/ExceptionInInitializerError'{0x00000000d61b4478}> (0x00000000d61b4478) 
thrown [s\src\hotspot\share\oops\instanceKlass.cpp, line 1220]
Event: 11.162 Thread 0x000002757dc50be0 Implicit null exception at 0x000002756fc203fe to 0x000002756fc20670
Event: 11.162 Thread 0x000002757dc50be0 Implicit null exception at 0x000002756fb9129c to 0x000002756fb921b0
Event: 11.175 Thread 0x000002757dc50be0 Exception <a 'java/lang/NoSuchMethodError'{0x00000000d5db2900}: 'java.lang.Object java.lang.invoke.Invokers$Holder.invokeExact_MT(java.lang.Object, int, java.lang.Object)'> (0x00000000d5db2900) 
thrown [s\src\hotspot\share\interpreter\linkResolver.cpp, line 773]
Event: 12.072 Thread 0x000002757dc51270 Exception <a 'java/io/FileNotFoundException'{0x00000000d5f10c60}> (0x00000000d5f10c60) 
thrown [s\src\hotspot\share\prims\jni.cpp, line 520]
Event: 12.073 Thread 0x000002757dc51270 Exception <a 'java/io/FileNotFoundException'{0x00000000d5f11c78}> (0x00000000d5f11c78) 
thrown [s\src\hotspot\share\prims\jni.cpp, line 520]
Event: 12.073 Thread 0x000002757dc51270 Exception <a 'java/io/FileNotFoundException'{0x00000000d5f129e0}> (0x00000000d5f129e0) 
thrown [s\src\hotspot\share\prims\jni.cpp, line 520]
Event: 12.226 Thread 0x000002757e95ad10 Exception <a 'java/io/FileNotFoundException'{0x00000000d65d6710}> (0x00000000d65d6710) 
thrown [s\src\hotspot\share\prims\jni.cpp, line 520]
Event: 12.311 Thread 0x000002757e95ad10 Exception <a 'java/lang/NoSuchMethodError'{0x00000000d5611f98}: 'java.lang.Object java.lang.invoke.DirectMethodHandle$Holder.invokeStatic(java.lang.Object, int, java.lang.Object, java.lang.Object)'> (0x00000000d5611f98) 
thrown [s\src\hotspot\share\interpreter\linkResolver.cpp, line 773]
Event: 12.316 Thread 0x000002757e95ad10 Exception <a 'java/lang/NoSuchMethodError'{0x00000000d56377f8}: 'java.lang.Object java.lang.invoke.DelegatingMethodHandle$Holder.delegate(java.lang.Object, int, java.lang.Object, java.lang.Object)'> (0x00000000d56377f8) 
thrown [s\src\hotspot\share\interpreter\linkResolver.cpp, line 773]
Event: 12.327 Thread 0x000002757e95ad10 Exception <a 'java/lang/NoSuchMethodError'{0x00000000d56bae10}: 'int java.lang.invoke.Invokers$Holder.linkToTargetMethod(java.lang.Object, java.lang.Object, java.lang.Object)'> (0x00000000d56bae10) 
thrown [s\src\hotspot\share\interpreter\linkResolver.cpp, line 773]
Event: 12.332 Thread 0x000002757dc52cb0 Exception <a 'java/lang/NoSuchMethodError'{0x00000000d56f5580}: 'int java.lang.invoke.DirectMethodHandle$Holder.invokeSpecialIFC(java.lang.Object, java.lang.Object, java.lang.Object, java.lang.Object)'> (0x00000000d56f5580) 
thrown [s\src\hotspot\share\interpreter\linkResolver.cpp, line 773]
Event: 12.361 Thread 0x000002757dc52cb0 Exception <a 'sun/nio/fs/WindowsException'{0x00000000d58868a8}> (0x00000000d58868a8) 
thrown [s\src\hotspot\share\prims\jni.cpp, line 520]
Event: 12.361 Thread 0x000002757dc52cb0 Exception <a 'sun/nio/fs/WindowsException'{0x00000000d5886fd8}> (0x00000000d5886fd8) 
thrown [s\src\hotspot\share\prims\jni.cpp, line 520]
Event: 12.409 Thread 0x000002757dc50be0 Exception <a 'java/lang/NoClassDefFoundError'{0x00000000d5a8c348}: com/google/inject/servlet/ServletModuleTargetVisitor> (0x00000000d5a8c348) 
thrown [s\src\hotspot\share\classfile\systemDictionary.cpp, line 301]
Event: 12.838 Thread 0x000002757e95ad10 Exception <a 'java/lang/IncompatibleClassChangeError'{0x00000000d58f6770}: Found class java.lang.Object, but interface was expected> (0x00000000d58f6770) 
thrown [s\src\hotspot\share\interpreter\linkResolver.cpp, line 840]
Event: 12.873 Thread 0x000002757dc4eb10 Implicit null exception at 0x000002756fd87bda to 0x000002756fd87cd8
Event: 16.137 Thread 0x000002757dc4eb10 Implicit null exception at 0x000002756fe6f738 to 0x000002756fe74988

ZGC Phase Switch (0 events):
No events

VM Operations (20 events):
Event: 23.188 Executing VM operation: ParallelGCFailedAllocation (Allocation Failure)
Event: 23.195 Executing VM operation: ParallelGCFailedAllocation (Allocation Failure) done
Event: 23.316 Executing VM operation: ParallelGCFailedAllocation (Allocation Failure)
Event: 23.322 Executing VM operation: ParallelGCFailedAllocation (Allocation Failure) done
Event: 23.394 Executing VM operation: ParallelGCFailedAllocation (Allocation Failure)
Event: 23.398 Executing VM operation: ParallelGCFailedAllocation (Allocation Failure) done
Event: 23.448 Executing VM operation: ParallelGCFailedAllocation (Allocation Failure)
Event: 23.450 Executing VM operation: ParallelGCFailedAllocation (Allocation Failure) done
Event: 23.513 Executing VM operation: ParallelGCFailedAllocation (Allocation Failure)
Event: 23.516 Executing VM operation: ParallelGCFailedAllocation (Allocation Failure) done
Event: 23.563 Executing VM operation: ParallelGCFailedAllocation (Allocation Failure)
Event: 23.566 Executing VM operation: ParallelGCFailedAllocation (Allocation Failure) done
Event: 23.614 Executing VM operation: ParallelGCFailedAllocation (Allocation Failure)
Event: 23.617 Executing VM operation: ParallelGCFailedAllocation (Allocation Failure) done
Event: 23.665 Executing VM operation: ParallelGCFailedAllocation (Allocation Failure)
Event: 23.667 Executing VM operation: ParallelGCFailedAllocation (Allocation Failure) done
Event: 23.715 Executing VM operation: ParallelGCFailedAllocation (Allocation Failure)
Event: 23.719 Executing VM operation: ParallelGCFailedAllocation (Allocation Failure) done
Event: 23.778 Executing VM operation: ParallelGCFailedAllocation (Allocation Failure)
Event: 23.783 Executing VM operation: ParallelGCFailedAllocation (Allocation Failure) done

Memory protections (0 events):
No events

Nmethod flushes (20 events):
Event: 8.964 Thread 0x000002757b8644c0 flushing  nmethod 0x00000275686a1490
Event: 8.964 Thread 0x000002757b8644c0 flushing  nmethod 0x00000275686a2990
Event: 8.964 Thread 0x000002757b8644c0 flushing  nmethod 0x00000275686a4790
Event: 8.964 Thread 0x000002757b8644c0 flushing  nmethod 0x00000275686b0190
Event: 8.964 Thread 0x000002757b8644c0 flushing  nmethod 0x00000275686c5d90
Event: 8.964 Thread 0x000002757b8644c0 flushing  nmethod 0x00000275686cb610
Event: 8.964 Thread 0x000002757b8644c0 flushing  nmethod 0x00000275686e3590
Event: 8.964 Thread 0x000002757b8644c0 flushing  nmethod 0x00000275686e4f10
Event: 8.964 Thread 0x000002757b8644c0 flushing  nmethod 0x0000027568703910
Event: 8.964 Thread 0x000002757b8644c0 flushing  nmethod 0x0000027568703c90
Event: 8.964 Thread 0x000002757b8644c0 flushing  nmethod 0x0000027568747190
Event: 8.964 Thread 0x000002757b8644c0 flushing  nmethod 0x000002756874a390
Event: 8.964 Thread 0x000002757b8644c0 flushing  nmethod 0x000002756877fd10
Event: 8.964 Thread 0x000002757b8644c0 flushing  nmethod 0x0000027568792b90
Event: 8.964 Thread 0x000002757b8644c0 flushing  nmethod 0x00000275687b5210
Event: 8.964 Thread 0x000002757b8644c0 flushing  nmethod 0x00000275687c4490
Event: 8.964 Thread 0x000002757b8644c0 flushing  nmethod 0x00000275687c4910
Event: 8.964 Thread 0x000002757b8644c0 flushing  nmethod 0x00000275687ca310
Event: 8.964 Thread 0x000002757b8644c0 flushing  nmethod 0x00000275687e3310
Event: 8.964 Thread 0x000002757b8644c0 flushing  nmethod 0x0000027568802690

Events (20 events):
Event: 7.557 Thread 0x000002757b897520 Thread added: 0x000002757e964360
Event: 7.913 Thread 0x000002757dc53340 Thread added: 0x000002757dc4eb10
Event: 7.914 Thread 0x000002757dc50be0 Thread added: 0x000002757dc51270
Event: 8.628 Thread 0x000002757dc51900 Thread added: 0x000002757dc51f90
Event: 8.792 Thread 0x000002757dc51f90 Thread added: 0x000002757dc52cb0
Event: 8.880 Thread 0x0000027564e1e8b0 Thread added: 0x000002757dc56130
Event: 8.881 Thread 0x0000027564e1e8b0 Thread added: 0x000002757dc539d0
Event: 8.881 Thread 0x0000027564e1e8b0 Thread added: 0x000002757dc54060
Event: 8.881 Thread 0x0000027564e1e8b0 Thread added: 0x000002757dc4fec0
Event: 8.885 Thread 0x0000027564e1e8b0 Thread added: 0x000002757dc546f0
Event: 8.886 Thread 0x0000027564e1e8b0 Thread added: 0x000002757e958c40
Event: 8.889 Thread 0x0000027564e1e8b0 Thread added: 0x000002757e959ff0
Event: 8.890 Thread 0x0000027564e1e8b0 Thread added: 0x000002757e959960
Event: 8.891 Thread 0x0000027564e1e8b0 Thread added: 0x000002757e95d470
Event: 8.994 Thread 0x0000027564e1e8b0 Thread added: 0x000002757e95a680
Event: 9.494 Thread 0x0000027564e1e8b0 Thread added: 0x000002757e95e820
Event: 9.494 Thread 0x0000027564e1e8b0 Thread added: 0x000002757e95ad10
Event: 9.592 Thread 0x000002757dc51f90 Thread added: 0x000002757e9592d0
Event: 11.876 Thread 0x000002757dc4f830 Thread exited: 0x000002757dc4f830
Event: 21.693 Thread 0x000002757e964360 Thread exited: 0x000002757e964360


Dynamic libraries:
0x00007ff7617b0000 - 0x00007ff7617be000 	c:\Users\obeng\.cursor\extensions\redhat.java-1.43.1-win32-x64\jre\21.0.7-win32-x86_64\bin\java.exe
0x00007ffe70270000 - 0x00007ffe70487000 	C:\Windows\SYSTEM32\ntdll.dll
0x00007ffe6ff60000 - 0x00007ffe70024000 	C:\Windows\System32\KERNEL32.DLL
0x00007ffe6db20000 - 0x00007ffe6def2000 	C:\Windows\System32\KERNELBASE.dll
0x00007ffe6d910000 - 0x00007ffe6da21000 	C:\Windows\System32\ucrtbase.dll
0x00007ffe335b0000 - 0x00007ffe335c8000 	c:\Users\obeng\.cursor\extensions\redhat.java-1.43.1-win32-x64\jre\21.0.7-win32-x86_64\bin\jli.dll
0x00007ffe362c0000 - 0x00007ffe362de000 	c:\Users\obeng\.cursor\extensions\redhat.java-1.43.1-win32-x64\jre\21.0.7-win32-x86_64\bin\VCRUNTIME140.dll
0x00007ffe6ecf0000 - 0x00007ffe6eea1000 	C:\Windows\System32\USER32.dll
0x00007ffe6daf0000 - 0x00007ffe6db16000 	C:\Windows\System32\win32u.dll
0x00007ffe6f820000 - 0x00007ffe6f849000 	C:\Windows\System32\GDI32.dll
0x00007ffe6d740000 - 0x00007ffe6d863000 	C:\Windows\System32\gdi32full.dll
0x00007ffe6d870000 - 0x00007ffe6d90a000 	C:\Windows\System32\msvcp_win.dll
0x00007ffe4e280000 - 0x00007ffe4e51b000 	C:\Windows\WinSxS\amd64_microsoft.windows.common-controls_6595b64144ccf1df_6.0.22621.5547_none_27104afb73855772\COMCTL32.dll
0x00007ffe70100000 - 0x00007ffe701a7000 	C:\Windows\System32\msvcrt.dll
0x00007ffe6f8d0000 - 0x00007ffe6f901000 	C:\Windows\System32\IMM32.DLL
0x00007ffe673b0000 - 0x00007ffe673bc000 	c:\Users\obeng\.cursor\extensions\redhat.java-1.43.1-win32-x64\jre\21.0.7-win32-x86_64\bin\vcruntime140_1.dll
0x00007ffe224c0000 - 0x00007ffe2254d000 	c:\Users\obeng\.cursor\extensions\redhat.java-1.43.1-win32-x64\jre\21.0.7-win32-x86_64\bin\msvcp140.dll
0x00007ffdf1960000 - 0x00007ffdf26f0000 	c:\Users\obeng\.cursor\extensions\redhat.java-1.43.1-win32-x64\jre\21.0.7-win32-x86_64\bin\server\jvm.dll
0x00007ffe6e1b0000 - 0x00007ffe6e261000 	C:\Windows\System32\ADVAPI32.dll
0x00007ffe6eec0000 - 0x00007ffe6ef68000 	C:\Windows\System32\sechost.dll
0x00007ffe6d5a0000 - 0x00007ffe6d5c8000 	C:\Windows\System32\bcrypt.dll
0x00007ffe6eb30000 - 0x00007ffe6ec44000 	C:\Windows\System32\RPCRT4.dll
0x00007ffe6e800000 - 0x00007ffe6e871000 	C:\Windows\System32\WS2_32.dll
0x00007ffe66740000 - 0x00007ffe6674a000 	C:\Windows\SYSTEM32\VERSION.dll
0x00007ffe66510000 - 0x00007ffe66544000 	C:\Windows\SYSTEM32\WINMM.dll
0x00007ffe6d230000 - 0x00007ffe6d27d000 	C:\Windows\SYSTEM32\POWRPROF.dll
0x00007ffe6d210000 - 0x00007ffe6d223000 	C:\Windows\SYSTEM32\UMPDC.dll
0x00007ffe6c350000 - 0x00007ffe6c368000 	C:\Windows\SYSTEM32\kernel.appcore.dll
0x00007ffe672d0000 - 0x00007ffe672da000 	c:\Users\obeng\.cursor\extensions\redhat.java-1.43.1-win32-x64\jre\21.0.7-win32-x86_64\bin\jimage.dll
0x00007ffe6ac10000 - 0x00007ffe6ae43000 	C:\Windows\SYSTEM32\DBGHELP.DLL
0x00007ffe6f9b0000 - 0x00007ffe6fd43000 	C:\Windows\System32\combase.dll
0x00007ffe6ea50000 - 0x00007ffe6eb27000 	C:\Windows\System32\OLEAUT32.dll
0x00007ffe4cf50000 - 0x00007ffe4cf82000 	C:\Windows\SYSTEM32\dbgcore.DLL
0x00007ffe6d520000 - 0x00007ffe6d59b000 	C:\Windows\System32\bcryptPrimitives.dll
0x00007ffe53440000 - 0x00007ffe5344f000 	c:\Users\obeng\.cursor\extensions\redhat.java-1.43.1-win32-x64\jre\21.0.7-win32-x86_64\bin\instrument.dll
0x00007ffe2e650000 - 0x00007ffe2e66f000 	c:\Users\obeng\.cursor\extensions\redhat.java-1.43.1-win32-x64\jre\21.0.7-win32-x86_64\bin\java.dll
0x00007ffe6ef70000 - 0x00007ffe6f812000 	C:\Windows\System32\SHELL32.dll
0x00007ffe6d360000 - 0x00007ffe6d49f000 	C:\Windows\System32\wintypes.dll
0x00007ffe6b240000 - 0x00007ffe6bb5d000 	C:\Windows\SYSTEM32\windows.storage.dll
0x00007ffe6e6f0000 - 0x00007ffe6e7fc000 	C:\Windows\System32\SHCORE.dll
0x00007ffe6f850000 - 0x00007ffe6f8b9000 	C:\Windows\System32\shlwapi.dll
0x00007ffe6d290000 - 0x00007ffe6d2bb000 	C:\Windows\SYSTEM32\profapi.dll
0x00007ffe2e4b0000 - 0x00007ffe2e4c8000 	c:\Users\obeng\.cursor\extensions\redhat.java-1.43.1-win32-x64\jre\21.0.7-win32-x86_64\bin\zip.dll
0x00007ffe4ffb0000 - 0x00007ffe4ffc0000 	C:\Users\obeng\.cursor\extensions\redhat.java-1.43.1-win32-x64\jre\21.0.7-win32-x86_64\bin\net.dll
0x00007ffe67e70000 - 0x00007ffe67f9c000 	C:\Windows\SYSTEM32\WINHTTP.dll
0x00007ffe6c7c0000 - 0x00007ffe6c829000 	C:\Windows\system32\mswsock.dll
0x00007ffe2e220000 - 0x00007ffe2e236000 	C:\Users\obeng\.cursor\extensions\redhat.java-1.43.1-win32-x64\jre\21.0.7-win32-x86_64\bin\nio.dll
0x00007ffe41f30000 - 0x00007ffe41f40000 	c:\Users\obeng\.cursor\extensions\redhat.java-1.43.1-win32-x64\jre\21.0.7-win32-x86_64\bin\verify.dll
0x00007ffe41d00000 - 0x00007ffe41d45000 	C:\Users\obeng\AppData\Roaming\Cursor\User\globalStorage\redhat.java\1.43.1\config_win\org.eclipse.equinox.launcher\org.eclipse.equinox.launcher.win32.win32.x86_64_1.2.1300.v20250331-1702\eclipse_11911.dll
0x00007ffe6df00000 - 0x00007ffe6e0a0000 	C:\Windows\System32\ole32.dll
0x00007ffe6cb10000 - 0x00007ffe6cb2b000 	C:\Windows\SYSTEM32\CRYPTSP.dll
0x00007ffe6c2b0000 - 0x00007ffe6c2e7000 	C:\Windows\system32\rsaenh.dll
0x00007ffe6c860000 - 0x00007ffe6c888000 	C:\Windows\SYSTEM32\USERENV.dll
0x00007ffe6caf0000 - 0x00007ffe6cafc000 	C:\Windows\SYSTEM32\CRYPTBASE.dll
0x00007ffe6bdb0000 - 0x00007ffe6bddd000 	C:\Windows\SYSTEM32\IPHLPAPI.DLL
0x00007ffe6eeb0000 - 0x00007ffe6eeb9000 	C:\Windows\System32\NSI.dll
0x00007ffe41ac0000 - 0x00007ffe41b09000 	C:\Users\obeng\AppData\Local\Temp\jna-2331414\jna14550638407182247671.dll
0x00007ffe6f8c0000 - 0x00007ffe6f8c8000 	C:\Windows\System32\PSAPI.DLL
0x00007ffe66750000 - 0x00007ffe66769000 	C:\Windows\SYSTEM32\dhcpcsvc6.DLL
0x00007ffe663c0000 - 0x00007ffe663df000 	C:\Windows\SYSTEM32\dhcpcsvc.DLL

dbghelp: loaded successfully - version: 4.0.5 - missing functions: none
symbol engine: initialized successfully - sym options: 0x614 - pdb path: .;c:\Users\obeng\.cursor\extensions\redhat.java-1.43.1-win32-x64\jre\21.0.7-win32-x86_64\bin;C:\Windows\SYSTEM32;C:\Windows\WinSxS\amd64_microsoft.windows.common-controls_6595b64144ccf1df_6.0.22621.5547_none_27104afb73855772;c:\Users\obeng\.cursor\extensions\redhat.java-1.43.1-win32-x64\jre\21.0.7-win32-x86_64\bin\server;C:\Users\obeng\AppData\Roaming\Cursor\User\globalStorage\redhat.java\1.43.1\config_win\org.eclipse.equinox.launcher\org.eclipse.equinox.launcher.win32.win32.x86_64_1.2.1300.v20250331-1702;C:\Users\obeng\AppData\Local\Temp\jna-2331414

VM Arguments:
jvm_args: --add-modules=ALL-SYSTEM --add-opens=java.base/java.util=ALL-UNNAMED --add-opens=java.base/java.lang=ALL-UNNAMED --add-opens=java.base/sun.nio.fs=ALL-UNNAMED -Declipse.application=org.eclipse.jdt.ls.core.id1 -Dosgi.bundles.defaultStartLevel=4 -Declipse.product=org.eclipse.jdt.ls.core.product -Djava.import.generatesMetadataFilesAtProjectRoot=false -DDetectVMInstallationsJob.disabled=true -Dfile.encoding=utf8 -XX:+UseParallelGC -XX:GCTimeRatio=4 -XX:AdaptiveSizePolicyWeight=90 -Dsun.zip.disableMemoryMapping=true -Xmx2G -Xms100m -Xlog:disable -javaagent:c:\Users\obeng\.cursor\extensions\redhat.java-1.43.1-win32-x64\lombok\lombok-1.18.39-4050.jar -XX:+HeapDumpOnOutOfMemoryError -XX:HeapDumpPath=c:\Users\obeng\AppData\Roaming\Cursor\User\workspaceStorage\f3ec195ff8a34f8d1f201de5db2cf3a5\redhat.java -Daether.dependencyCollector.impl=bf 
java_command: c:\Users\obeng\.cursor\extensions\redhat.java-1.43.1-win32-x64\server\plugins\org.eclipse.equinox.launcher_1.7.0.v20250519-0528.jar -configuration c:\Users\obeng\AppData\Roaming\Cursor\User\globalStorage\redhat.java\1.43.1\config_win -data c:\Users\obeng\AppData\Roaming\Cursor\User\workspaceStorage\f3ec195ff8a34f8d1f201de5db2cf3a5\redhat.java\jdt_ws --pipe=\\.\pipe\lsp-a1077c290e8e17406c74ff9ba4ed83d6-sock
java_class_path (initial): c:\Users\obeng\.cursor\extensions\redhat.java-1.43.1-win32-x64\server\plugins\org.eclipse.equinox.launcher_1.7.0.v20250519-0528.jar
Launcher Type: SUN_STANDARD

[Global flags]
    uintx AdaptiveSizePolicyWeight                 = 90                                        {product} {command line}
     intx CICompilerCount                          = 4                                         {product} {ergonomic}
    uintx GCTimeRatio                              = 4                                         {product} {command line}
     bool HeapDumpOnOutOfMemoryError               = true                                   {manageable} {command line}
    ccstr HeapDumpPath                             = c:\Users\obeng\AppData\Roaming\Cursor\User\workspaceStorage\f3ec195ff8a34f8d1f201de5db2cf3a5\redhat.java         {manageable} {command line}
   size_t InitialHeapSize                          = 104857600                                 {product} {command line}
   size_t MaxHeapSize                              = 2147483648                                {product} {command line}
   size_t MaxNewSize                               = 715653120                                 {product} {ergonomic}
   size_t MinHeapDeltaBytes                        = 524288                                    {product} {ergonomic}
   size_t MinHeapSize                              = 104857600                                 {product} {command line}
   size_t NewSize                                  = 34603008                                  {product} {ergonomic}
    uintx NonNMethodCodeHeapSize                   = 5839372                                {pd product} {ergonomic}
    uintx NonProfiledCodeHeapSize                  = 122909434                              {pd product} {ergonomic}
   size_t OldSize                                  = 70254592                                  {product} {ergonomic}
    uintx ProfiledCodeHeapSize                     = 122909434                              {pd product} {ergonomic}
    uintx ReservedCodeCacheSize                    = 251658240                              {pd product} {ergonomic}
     bool SegmentedCodeCache                       = true                                      {product} {ergonomic}
   size_t SoftMaxHeapSize                          = 2147483648                             {manageable} {ergonomic}
     bool UseCompressedOops                        = true                           {product lp64_product} {ergonomic}
     bool UseLargePagesIndividualAllocation        = false                                  {pd product} {ergonomic}
     bool UseParallelGC                            = true                                      {product} {command line}

Logging:
Log output configuration:
 #0: stdout all=off uptime,level,tags foldmultilines=false
 #1: stderr all=off uptime,level,tags foldmultilines=false

Environment Variables:
PATH=C:\Program Files\Eclipse Adoptium\jdk-21.0.6.7-hotspot\bin;C:\Windows\system32;C:\Windows;C:\Windows\System32\Wbem;C:\Windows\System32\WindowsPowerShell\v1.0\;C:\Windows\System32\OpenSSH\;C:\Program Files (x86)\Microsoft SQL Server\160\Tools\Binn\;C:\Program Files\Microsoft SQL Server\160\Tools\Binn\;C:\Program Files\Microsoft SQL Server\Client SDK\ODBC\170\Tools\Binn\;C:\Program Files\Microsoft SQL Server\160\DTS\Binn\;C:\Program Files (x86)\Microsoft SQL Server\160\DTS\Binn\;C:\Program Files\nodejs\;C:\ProgramData\chocolatey\bin;C:\Program Files\Git\cmd;C:\Program Files\dotnet\;C:\Program Files\PostgreSQL\17\bin;;c:\Users\obeng\AppData\Local\Programs\cursor\resources\app\bin;C:\Users\obeng\AppData\Local\Programs\Python\Python39\;C:\Users\obeng\AppData\Local\Programs\Python\Python39\Scripts\;C:\Users\obeng\Downloads\Python-3.9.21.tgz\Python-3.9.21;C:\Users\obeng\AppData\Local\Microsoft\WindowsApps;C:\Users\obeng\AppData\Roaming\npm;C:\Users\obeng\Downloads\Compressed\node-v22.14.0-win-x64.zip\node-v22.14.0-win-x64\node_modules\npm\bin;C:\Users\obeng\Downloads\Compressed\node-v22.14.0-win-x64.zip\node-v22.14.0-win-x64;C:\Users\obeng\AppData\Local\Android\sdk\platform-tools;C:\Users\obeng\.dotnet\tools;C:\Program Files\maven\mvn\bin;C:\Program Files\spring-3.5.0\bin;C:\Program Files\NASM;C:\mingw32\bin;C:\Program Files\PostgreSQL\17\bin;C:\Users\obeng\AppData\Local\Programs\cursor\resources\app\bin;C:\Program Files\MySQL\MySQL Server 8.0\bin
USERNAME=Kayy
OS=Windows_NT
PROCESSOR_IDENTIFIER=Intel64 Family 6 Model 154 Stepping 4, GenuineIntel
TMP=C:\Users\obeng\AppData\Local\Temp
TEMP=C:\Users\obeng\AppData\Local\Temp




Periodic native trim disabled

---------------  S Y S T E M  ---------------

OS:
 Windows 11 , 64 bit Build 22621 (10.0.22621.5415)
OS uptime: 0 days 21:00 hours
Hyper-V role detected

CPU: total 8 (initial active 8) (4 cores per cpu, 2 threads per core) family 6 model 154 stepping 4 microcode 0x432, cx8, cmov, fxsr, ht, mmx, 3dnowpref, sse, sse2, sse3, ssse3, sse4.1, sse4.2, popcnt, lzcnt, tsc, tscinvbit, avx, avx2, aes, erms, clmul, bmi1, bmi2, adx, sha, fma, vzeroupper, clflush, clflushopt, clwb, hv, serialize, rdtscp, rdpid, fsrm, f16c, cet_ibt, cet_ss
Processor Information for processor 0
  Max Mhz: 1200, Current Mhz: 1200, Mhz Limit: 1200
Processor Information for processor 1
  Max Mhz: 1200, Current Mhz: 1200, Mhz Limit: 1200
Processor Information for processor 2
  Max Mhz: 1200, Current Mhz: 1200, Mhz Limit: 1200
Processor Information for processor 3
  Max Mhz: 1200, Current Mhz: 1200, Mhz Limit: 1200
Processor Information for processor 4
  Max Mhz: 1200, Current Mhz: 900, Mhz Limit: 900
Processor Information for processor 5
  Max Mhz: 1200, Current Mhz: 900, Mhz Limit: 900
Processor Information for processor 6
  Max Mhz: 1200, Current Mhz: 900, Mhz Limit: 900
Processor Information for processor 7
  Max Mhz: 1200, Current Mhz: 900, Mhz Limit: 900

Memory: 4k page, system-wide physical 7865M (300M free)
TotalPageFile size 18875M (AvailPageFile size 0M)
current process WorkingSet (physical memory assigned to process): 420M, peak: 420M
current process commit charge ("private bytes"): 432M, peak: 1621M

vm_info: OpenJDK 64-Bit Server VM (21.0.7+6-LTS) for windows-amd64 JRE (21.0.7+6-LTS), built on 2025-04-15T00:00:00Z by "admin" with MS VC++ 17.7 (VS2022)

END.
