#
# There is insufficient memory for the Java Runtime Environment to continue.
# Native memory allocation (malloc) failed to allocate 2071376 bytes. Error detail: Chunk::new
# Possible reasons:
#   The system is out of physical RAM or swap space
#   This process is running with CompressedOops enabled, and the Java Heap may be blocking the growth of the native heap
# Possible solutions:
#   Reduce memory load on the system
#   Increase physical memory or swap space
#   Check if swap backing store is full
#   Decrease Java heap size (-Xmx/-Xms)
#   Decrease number of Java threads
#   Decrease Java thread stack sizes (-Xss)
#   Set larger code cache with -XX:ReservedCodeCacheSize=
#   JVM is running with Unscaled Compressed Oops mode in which the Java heap is
#     placed in the first 4GB address space. The Java Heap base address is the
#     maximum limit for the native heap growth. Please use -XX:HeapBaseMinAddress
#     to set the Java Heap base and to place the Java Heap above 4GB virtual address.
# This output file may be truncated or incomplete.
#
#  Out of Memory Error (arena.cpp:168), pid=4164, tid=15780
#
# JRE version: OpenJDK Runtime Environment Temurin-21.0.7+6 (21.0.7+6) (build 21.0.7+6-LTS)
# Java VM: OpenJDK 64-Bit Server VM Temurin-21.0.7+6 (21.0.7+6-LTS, mixed mode, sharing, tiered, compressed oops, compressed class ptrs, parallel gc, windows-amd64)
# No core dump will be written. Minidumps are not enabled by default on client versions of Windows
#

---------------  S U M M A R Y ------------

Command Line: --add-modules=ALL-SYSTEM --add-opens=java.base/java.util=ALL-UNNAMED --add-opens=java.base/java.lang=ALL-UNNAMED --add-opens=java.base/sun.nio.fs=ALL-UNNAMED -Declipse.application=org.eclipse.jdt.ls.core.id1 -Dosgi.bundles.defaultStartLevel=4 -Declipse.product=org.eclipse.jdt.ls.core.product -Djava.import.generatesMetadataFilesAtProjectRoot=false -DDetectVMInstallationsJob.disabled=true -Dfile.encoding=utf8 -XX:+UseParallelGC -XX:GCTimeRatio=4 -XX:AdaptiveSizePolicyWeight=90 -Dsun.zip.disableMemoryMapping=true -Xmx2G -Xms100m -Xlog:disable -javaagent:c:\Users\obeng\.cursor\extensions\redhat.java-1.43.1-win32-x64\lombok\lombok-1.18.39-4050.jar -XX:+HeapDumpOnOutOfMemoryError -XX:HeapDumpPath=c:\Users\obeng\AppData\Roaming\Cursor\User\workspaceStorage\f3ec195ff8a34f8d1f201de5db2cf3a5\redhat.java -Daether.dependencyCollector.impl=bf c:\Users\obeng\.cursor\extensions\redhat.java-1.43.1-win32-x64\server\plugins\org.eclipse.equinox.launcher_1.7.0.v20250519-0528.jar -configuration c:\Users\obeng\AppData\Roaming\Cursor\User\globalStorage\redhat.java\1.43.1\config_win -data c:\Users\obeng\AppData\Roaming\Cursor\User\workspaceStorage\f3ec195ff8a34f8d1f201de5db2cf3a5\redhat.java\jdt_ws --pipe=\\.\pipe\lsp-5261f765223c294a025b1f017244b24c-sock

Host: 12th Gen Intel(R) Core(TM) i3-1215U, 8 cores, 7G,  Windows 11 , 64 bit Build 22621 (10.0.22621.5415)
Time: Sun Jul 20 21:18:30 2025 Greenwich Standard Time elapsed time: 14.302545 seconds (0d 0h 0m 14s)

---------------  T H R E A D  ---------------

Current thread (0x0000024ff12147c0):  JavaThread "C2 CompilerThread0" daemon [_thread_in_native, id=15780, stack(0x000000a58a600000,0x000000a58a700000) (1024K)]


Current CompileTask:
C2:14302 9283       4       org.eclipse.jdt.internal.compiler.lookup.BinaryTypeBinding::createMethod (1666 bytes)

Stack: [0x000000a58a600000,0x000000a58a700000]
Native frames: (J=compiled Java code, j=interpreted, Vv=VM code, C=native code)
V  [jvm.dll+0x6ce119]
V  [jvm.dll+0x8a84a1]
V  [jvm.dll+0x8aa9ce]
V  [jvm.dll+0x8ab0b3]
V  [jvm.dll+0x27f8a6]
V  [jvm.dll+0xc507d]
V  [jvm.dll+0xc55b3]
V  [jvm.dll+0x3b68f2]
V  [jvm.dll+0x1e0029]
V  [jvm.dll+0x247c42]
V  [jvm.dll+0x2470cf]
V  [jvm.dll+0x1c760e]
V  [jvm.dll+0x25695a]
V  [jvm.dll+0x254efa]
V  [jvm.dll+0x3f03f6]
V  [jvm.dll+0x851f6b]
V  [jvm.dll+0x6cc7dd]
C  [ucrtbase.dll+0x29333]
C  [KERNEL32.DLL+0x1259d]
C  [ntdll.dll+0x5af78]


---------------  P R O C E S S  ---------------

Threads class SMR info:
_java_thread_list=0x0000024ffd0a0b10, length=53, elements={
0x0000024fda7a39a0, 0x0000024fda85bdd0, 0x0000024fda85cd80, 0x0000024ff1205e80,
0x0000024ff1206510, 0x0000024ff1207f50, 0x0000024ff1206ba0, 0x0000024ff12147c0,
0x0000024ff12170b0, 0x0000024ff1207230, 0x0000024ff12057f0, 0x0000024ff12078c0,
0x0000024ff1204ad0, 0x0000024ff796f9c0, 0x0000024ff796df80, 0x0000024ff7971a90,
0x0000024ff7970d70, 0x0000024ff7970050, 0x0000024ff7972120, 0x0000024ff796b190,
0x0000024ff79727b0, 0x0000024ff796d8f0, 0x0000024ff796f330, 0x0000024ff796b820,
0x0000024ff796beb0, 0x0000024ff796c540, 0x0000024ff796cbd0, 0x0000024ff796d260,
0x0000024ff796e610, 0x0000024ff796eca0, 0x0000024ffab86270, 0x0000024ffab82760,
0x0000024ffab83480, 0x0000024ffab88340, 0x0000024ffab85be0, 0x0000024ffab86900,
0x0000024ffab86f90, 0x0000024ffab84830, 0x0000024ffab889d0, 0x0000024ffab83b10,
0x0000024ffab820d0, 0x0000024ffab89060, 0x0000024ffab841a0, 0x0000024ffab84ec0,
0x0000024ffab896f0, 0x0000024ffcf46310, 0x0000024ffcf448d0, 0x0000024ffcf43bb0,
0x0000024ffcf43520, 0x0000024ffcf476c0, 0x0000024ffcf42e90, 0x0000024ffcf44f60,
0x0000024ffcf49e20
}

Java Threads: ( => current thread )
  0x0000024fda7a39a0 JavaThread "main"                              [_thread_blocked, id=6780, stack(0x000000a589c00000,0x000000a589d00000) (1024K)]
  0x0000024fda85bdd0 JavaThread "Reference Handler"          daemon [_thread_blocked, id=9516, stack(0x000000a58a000000,0x000000a58a100000) (1024K)]
  0x0000024fda85cd80 JavaThread "Finalizer"                  daemon [_thread_blocked, id=17376, stack(0x000000a58a100000,0x000000a58a200000) (1024K)]
  0x0000024ff1205e80 JavaThread "Signal Dispatcher"          daemon [_thread_blocked, id=2844, stack(0x000000a58a200000,0x000000a58a300000) (1024K)]
  0x0000024ff1206510 JavaThread "Attach Listener"            daemon [_thread_blocked, id=15708, stack(0x000000a58a300000,0x000000a58a400000) (1024K)]
  0x0000024ff1207f50 JavaThread "Service Thread"             daemon [_thread_blocked, id=10336, stack(0x000000a58a400000,0x000000a58a500000) (1024K)]
  0x0000024ff1206ba0 JavaThread "Monitor Deflation Thread"   daemon [_thread_blocked, id=5372, stack(0x000000a58a500000,0x000000a58a600000) (1024K)]
=>0x0000024ff12147c0 JavaThread "C2 CompilerThread0"         daemon [_thread_in_native, id=15780, stack(0x000000a58a600000,0x000000a58a700000) (1024K)]
  0x0000024ff12170b0 JavaThread "C1 CompilerThread0"         daemon [_thread_in_native, id=9244, stack(0x000000a58a700000,0x000000a58a800000) (1024K)]
  0x0000024ff1207230 JavaThread "Common-Cleaner"             daemon [_thread_blocked, id=6588, stack(0x000000a58a800000,0x000000a58a900000) (1024K)]
  0x0000024ff12057f0 JavaThread "Notification Thread"        daemon [_thread_blocked, id=1788, stack(0x000000a58aa00000,0x000000a58ab00000) (1024K)]
  0x0000024ff12078c0 JavaThread "Active Thread: Equinox Container: 93a4762a-35f6-4862-bbe8-c25e71915f12"        [_thread_blocked, id=6244, stack(0x000000a58b200000,0x000000a58b300000) (1024K)]
  0x0000024ff1204ad0 JavaThread "Refresh Thread: Equinox Container: 93a4762a-35f6-4862-bbe8-c25e71915f12" daemon [_thread_blocked, id=10284, stack(0x000000a58b400000,0x000000a58b500000) (1024K)]
  0x0000024ff796f9c0 JavaThread "Framework Event Dispatcher: Equinox Container: 93a4762a-35f6-4862-bbe8-c25e71915f12" daemon [_thread_blocked, id=10636, stack(0x000000a58b500000,0x000000a58b600000) (1024K)]
  0x0000024ff796df80 JavaThread "Start Level: Equinox Container: 93a4762a-35f6-4862-bbe8-c25e71915f12" daemon [_thread_blocked, id=2320, stack(0x000000a58b600000,0x000000a58b700000) (1024K)]
  0x0000024ff7971a90 JavaThread "Bundle File Closer"         daemon [_thread_blocked, id=10188, stack(0x000000a58b700000,0x000000a58b800000) (1024K)]
  0x0000024ff7970d70 JavaThread "SCR Component Actor"        daemon [_thread_blocked, id=10596, stack(0x000000a58b800000,0x000000a58b900000) (1024K)]
  0x0000024ff7970050 JavaThread "Worker-JM"                         [_thread_blocked, id=11184, stack(0x000000a58ba00000,0x000000a58bb00000) (1024K)]
  0x0000024ff7972120 JavaThread "JNA Cleaner"                daemon [_thread_blocked, id=2188, stack(0x000000a58a900000,0x000000a58aa00000) (1024K)]
  0x0000024ff796b190 JavaThread "Worker-0"                          [_thread_blocked, id=11616, stack(0x000000a58ab00000,0x000000a58ac00000) (1024K)]
  0x0000024ff79727b0 JavaThread "Worker-1"                          [_thread_blocked, id=7904, stack(0x000000a58bb00000,0x000000a58bc00000) (1024K)]
  0x0000024ff796d8f0 JavaThread "Java indexing"              daemon [_thread_in_Java, id=2172, stack(0x000000a58be00000,0x000000a58bf00000) (1024K)]
  0x0000024ff796f330 JavaThread "Worker-2: Building"                [_thread_blocked, id=3580, stack(0x000000a58c100000,0x000000a58c200000) (1024K)]
  0x0000024ff796b820 JavaThread "Worker-3"                          [_thread_blocked, id=10324, stack(0x000000a58c200000,0x000000a58c300000) (1024K)]
  0x0000024ff796beb0 JavaThread "Thread-2"                   daemon [_thread_in_native, id=16352, stack(0x000000a58c300000,0x000000a58c400000) (1024K)]
  0x0000024ff796c540 JavaThread "Thread-3"                   daemon [_thread_in_native, id=2228, stack(0x000000a58c400000,0x000000a58c500000) (1024K)]
  0x0000024ff796cbd0 JavaThread "Thread-4"                   daemon [_thread_in_native, id=12156, stack(0x000000a58c500000,0x000000a58c600000) (1024K)]
  0x0000024ff796d260 JavaThread "Thread-5"                   daemon [_thread_in_native, id=7060, stack(0x000000a58c600000,0x000000a58c700000) (1024K)]
  0x0000024ff796e610 JavaThread "Thread-6"                   daemon [_thread_in_native, id=7932, stack(0x000000a58c700000,0x000000a58c800000) (1024K)]
  0x0000024ff796eca0 JavaThread "Thread-7"                   daemon [_thread_in_native, id=1508, stack(0x000000a58c800000,0x000000a58c900000) (1024K)]
  0x0000024ffab86270 JavaThread "Thread-8"                   daemon [_thread_in_native, id=12448, stack(0x000000a58c900000,0x000000a58ca00000) (1024K)]
  0x0000024ffab82760 JavaThread "Thread-9"                   daemon [_thread_in_native, id=6888, stack(0x000000a58ca00000,0x000000a58cb00000) (1024K)]
  0x0000024ffab83480 JavaThread "Thread-10"                  daemon [_thread_in_native, id=16204, stack(0x000000a58cb00000,0x000000a58cc00000) (1024K)]
  0x0000024ffab88340 JavaThread "pool-2-thread-1"                   [_thread_blocked, id=2284, stack(0x000000a58cc00000,0x000000a58cd00000) (1024K)]
  0x0000024ffab85be0 JavaThread "Worker-4: Java indexing... "        [_thread_blocked, id=13796, stack(0x000000a58cd00000,0x000000a58ce00000) (1024K)]
  0x0000024ffab86900 JavaThread "Worker-5"                          [_thread_blocked, id=10220, stack(0x000000a58ce00000,0x000000a58cf00000) (1024K)]
  0x0000024ffab86f90 JavaThread "WorkspaceEventsHandler"            [_thread_blocked, id=6572, stack(0x000000a58cf00000,0x000000a58d000000) (1024K)]
  0x0000024ffab84830 JavaThread "pool-1-thread-1"                   [_thread_blocked, id=17196, stack(0x000000a58d000000,0x000000a58d100000) (1024K)]
  0x0000024ffab889d0 JavaThread "LocalFile Deleter"          daemon [_thread_blocked, id=7072, stack(0x000000a58d100000,0x000000a58d200000) (1024K)]
  0x0000024ffab83b10 JavaThread "LocalFile Deleter"          daemon [_thread_blocked, id=9020, stack(0x000000a58d200000,0x000000a58d300000) (1024K)]
  0x0000024ffab820d0 JavaThread "LocalFile Deleter"          daemon [_thread_blocked, id=15244, stack(0x000000a58d300000,0x000000a58d400000) (1024K)]
  0x0000024ffab89060 JavaThread "LocalFile Deleter"          daemon [_thread_blocked, id=4124, stack(0x000000a58d400000,0x000000a58d500000) (1024K)]
  0x0000024ffab841a0 JavaThread "LocalFile Deleter"          daemon [_thread_blocked, id=7984, stack(0x000000a58d500000,0x000000a58d600000) (1024K)]
  0x0000024ffab84ec0 JavaThread "LocalFile Deleter"          daemon [_thread_blocked, id=6192, stack(0x000000a58d600000,0x000000a58d700000) (1024K)]
  0x0000024ffab896f0 JavaThread "Compiler Source File Reader" daemon [_thread_blocked, id=15668, stack(0x000000a58d700000,0x000000a58d800000) (1024K)]
  0x0000024ffcf46310 JavaThread "Compiler Source File Reader" daemon [_thread_blocked, id=11208, stack(0x000000a58d800000,0x000000a58d900000) (1024K)]
  0x0000024ffcf448d0 JavaThread "Compiler Source File Reader" daemon [_thread_blocked, id=16876, stack(0x000000a58d900000,0x000000a58da00000) (1024K)]
  0x0000024ffcf43bb0 JavaThread "Compiler Source File Reader" daemon [_thread_blocked, id=17212, stack(0x000000a58da00000,0x000000a58db00000) (1024K)]
  0x0000024ffcf43520 JavaThread "Compiler Source File Reader" daemon [_thread_blocked, id=8276, stack(0x000000a58db00000,0x000000a58dc00000) (1024K)]
  0x0000024ffcf476c0 JavaThread "Compiler Source File Reader" daemon [_thread_blocked, id=17316, stack(0x000000a58dc00000,0x000000a58dd00000) (1024K)]
  0x0000024ffcf42e90 JavaThread "Compiler Processing Task"   daemon [_thread_in_native, id=15572, stack(0x000000a58b900000,0x000000a58ba00000) (1024K)]
  0x0000024ffcf44f60 JavaThread "Compiler Class File Writer" daemon [_thread_blocked, id=13536, stack(0x000000a58bc00000,0x000000a58bd00000) (1024K)]
  0x0000024ffcf49e20 JavaThread "Compiler Class File Writer" daemon [_thread_blocked, id=8076, stack(0x000000a58bd00000,0x000000a58be00000) (1024K)]
Total: 53

Other Threads:
  0x0000024fda842400 VMThread "VM Thread"                           [id=12040, stack(0x000000a589f00000,0x000000a58a000000) (1024K)]
  0x0000024ff111ca00 WatcherThread "VM Periodic Task Thread"        [id=14888, stack(0x000000a589e00000,0x000000a589f00000) (1024K)]
  0x0000024fda7c2cf0 WorkerThread "GC Thread#0"                     [id=648, stack(0x000000a589d00000,0x000000a589e00000) (1024K)]
  0x0000024ff753c5a0 WorkerThread "GC Thread#1"                     [id=12260, stack(0x000000a58ac00000,0x000000a58ad00000) (1024K)]
  0x0000024ff753c940 WorkerThread "GC Thread#2"                     [id=7828, stack(0x000000a58ad00000,0x000000a58ae00000) (1024K)]
  0x0000024ff753cce0 WorkerThread "GC Thread#3"                     [id=15044, stack(0x000000a58ae00000,0x000000a58af00000) (1024K)]
  0x0000024ff70f42d0 WorkerThread "GC Thread#4"                     [id=15752, stack(0x000000a58af00000,0x000000a58b000000) (1024K)]
  0x0000024ff70f4670 WorkerThread "GC Thread#5"                     [id=13716, stack(0x000000a58b000000,0x000000a58b100000) (1024K)]
  0x0000024ff70f4a10 WorkerThread "GC Thread#6"                     [id=11036, stack(0x000000a58b100000,0x000000a58b200000) (1024K)]
  0x0000024ff76ceca0 WorkerThread "GC Thread#7"                     [id=17288, stack(0x000000a58b300000,0x000000a58b400000) (1024K)]
Total: 10

Threads with active compile tasks:
C2 CompilerThread0  14369 9283       4       org.eclipse.jdt.internal.compiler.lookup.BinaryTypeBinding::createMethod (1666 bytes)
C1 CompilerThread0  14369 9437       3       org.eclipse.jdt.internal.compiler.util.CtSym::getFullPath (308 bytes)
Total: 2

VM state: not at safepoint (normal execution)

VM Mutex/Monitor currently owned by a thread: None

Heap address: 0x0000000080000000, size: 2048 MB, Compressed Oops mode: 32-bit

CDS archive(s) mapped at: [0x0000024f80000000-0x0000024f80ba0000-0x0000024f80ba0000), size 12189696, SharedBaseAddress: 0x0000024f80000000, ArchiveRelocationMode: 1.
Compressed class space mapped at: 0x0000024f81000000-0x0000024fc1000000, reserved size: 1073741824
Narrow klass base: 0x0000024f80000000, Narrow klass shift: 0, Narrow klass range: 0x100000000

GC Precious Log:
 CardTable entry size: 512
 CPUs: 8 total, 8 available
 Memory: 7865M
 Large Page Support: Disabled
 NUMA Support: Disabled
 Compressed Oops: Enabled (32-bit)
 Alignments: Space 512K, Generation 512K, Heap 2M
 Heap Min Capacity: 100M
 Heap Initial Capacity: 100M
 Heap Max Capacity: 2G
 Pre-touch: Disabled
 Parallel Workers: 8

Heap:
 PSYoungGen      total 20480K, used 17550K [0x00000000d5580000, 0x00000000d6c80000, 0x0000000100000000)
  eden space 17408K, 84% used [0x00000000d5580000,0x00000000d63e71e0,0x00000000d6680000)
  from space 3072K, 91% used [0x00000000d6700000,0x00000000d69bc658,0x00000000d6a00000)
  to   space 2560K, 0% used [0x00000000d6a00000,0x00000000d6a00000,0x00000000d6c80000)
 ParOldGen       total 82944K, used 82672K [0x0000000080000000, 0x0000000085100000, 0x00000000d5580000)
  object space 82944K, 99% used [0x0000000080000000,0x00000000850bc390,0x0000000085100000)
 Metaspace       used 57746K, committed 59200K, reserved 1114112K
  class space    used 6000K, committed 6656K, reserved 1048576K

Card table byte_map: [0x0000024fda160000,0x0000024fda570000] _byte_map_base: 0x0000024fd9d60000

Marking Bits: (ParMarkBitMap*) 0x00007ffdf26131f0
 Begin Bits: [0x0000024fecc40000, 0x0000024feec40000)
 End Bits:   [0x0000024feec40000, 0x0000024ff0c40000)

Polling page: 0x0000024fd8560000

Metaspace:

Usage:
  Non-class:     50.53 MB used.
      Class:      5.86 MB used.
       Both:     56.39 MB used.

Virtual space:
  Non-class space:       64.00 MB reserved,      51.31 MB ( 80%) committed,  1 nodes.
      Class space:        1.00 GB reserved,       6.50 MB ( <1%) committed,  1 nodes.
             Both:        1.06 GB reserved,      57.81 MB (  5%) committed. 

Chunk freelists:
   Non-Class:  12.36 MB
       Class:  9.52 MB
        Both:  21.88 MB

MaxMetaspaceSize: unlimited
CompressedClassSpaceSize: 1.00 GB
Initial GC threshold: 21.00 MB
Current GC threshold: 58.38 MB
CDS: on
 - commit_granule_bytes: 65536.
 - commit_granule_words: 8192.
 - virtual_space_node_default_size: 8388608.
 - enlarge_chunks_in_place: 1.
 - use_allocation_guard: 0.


Internal statistics:

num_allocs_failed_limit: 6.
num_arena_births: 1110.
num_arena_deaths: 14.
num_vsnodes_births: 2.
num_vsnodes_deaths: 0.
num_space_committed: 925.
num_space_uncommitted: 0.
num_chunks_returned_to_freelist: 20.
num_chunks_taken_from_freelist: 3823.
num_chunk_merges: 10.
num_chunk_splits: 2360.
num_chunks_enlarged: 1321.
num_inconsistent_stats: 0.

CodeHeap 'non-profiled nmethods': size=120000Kb used=5857Kb max_used=5857Kb free=114142Kb
 bounds [0x0000024fe5460000, 0x0000024fe5a20000, 0x0000024fec990000]
CodeHeap 'profiled nmethods': size=120000Kb used=20009Kb max_used=20009Kb free=99990Kb
 bounds [0x0000024fdd990000, 0x0000024fded20000, 0x0000024fe4ec0000]
CodeHeap 'non-nmethods': size=5760Kb used=1414Kb max_used=1506Kb free=4345Kb
 bounds [0x0000024fe4ec0000, 0x0000024fe5130000, 0x0000024fe5460000]
 total_blobs=9517 nmethods=8794 adapters=629
 compilation: enabled
              stopped_count=0, restarted_count=0
 full_count=0

Compilation events (20 events):
Event: 14.294 Thread 0x0000024ff12170b0 nmethod 9387 0x0000024fdecf3590 code [0x0000024fdecf37c0, 0x0000024fdecf3d10]
Event: 14.294 Thread 0x0000024ff12170b0 9391       3       org.eclipse.jdt.internal.compiler.lookup.Scope::enclosingClassScope (28 bytes)
Event: 14.295 Thread 0x0000024ff12170b0 nmethod 9391 0x0000024fdecf3f10 code [0x0000024fdecf40e0, 0x0000024fdecf44f0]
Event: 14.295 Thread 0x0000024ff12170b0 9388       3       org.eclipse.jdt.internal.compiler.lookup.MethodBinding::isVarargs (15 bytes)
Event: 14.295 Thread 0x0000024ff12170b0 nmethod 9388 0x0000024fdecf4610 code [0x0000024fdecf47c0, 0x0000024fdecf4938]
Event: 14.295 Thread 0x0000024ff12170b0 9384       3       lombok.core.LombokNode::up (26 bytes)
Event: 14.295 Thread 0x0000024ff12170b0 nmethod 9384 0x0000024fdecf4a10 code [0x0000024fdecf4bc0, 0x0000024fdecf4dc0]
Event: 14.295 Thread 0x0000024ff12170b0 9382       3       lombok.core.FieldAugment::checkNotNull (15 bytes)
Event: 14.295 Thread 0x0000024ff12170b0 nmethod 9382 0x0000024fdecf4e90 code [0x0000024fdecf5040, 0x0000024fdecf5228]
Event: 14.295 Thread 0x0000024ff12170b0 9383       1       org.eclipse.jdt.internal.compiler.lookup.BlockScope::resolvingGuardExpression (5 bytes)
Event: 14.295 Thread 0x0000024ff12170b0 nmethod 9383 0x0000024fe5a15790 code [0x0000024fe5a15920, 0x0000024fe5a159f0]
Event: 14.295 Thread 0x0000024ff12170b0 9385       1       org.eclipse.jdt.internal.compiler.lookup.ParameterizedTypeBinding::actualType (5 bytes)
Event: 14.295 Thread 0x0000024ff12170b0 nmethod 9385 0x0000024fe5a15a90 code [0x0000024fe5a15c20, 0x0000024fe5a15ce8]
Event: 14.295 Thread 0x0000024ff12170b0 9386       1       org.eclipse.jdt.internal.compiler.lookup.Scope::isLambdaScope (2 bytes)
Event: 14.295 Thread 0x0000024ff12170b0 nmethod 9386 0x0000024fe5a15d90 code [0x0000024fe5a15f20, 0x0000024fe5a15fe8]
Event: 14.295 Thread 0x0000024ff12170b0 9390       1       org.eclipse.jdt.internal.compiler.lookup.TypeBinding::isProperType (2 bytes)
Event: 14.295 Thread 0x0000024ff12170b0 nmethod 9390 0x0000024fe5a16090 code [0x0000024fe5a16220, 0x0000024fe5a162e8]
Event: 14.297 Thread 0x0000024ff12170b0 9392       3       org.eclipse.jdt.internal.compiler.classfmt.FieldInfo::readModifierRelatedAttributes (159 bytes)
Event: 14.299 Thread 0x0000024ff12170b0 nmethod 9392 0x0000024fdecf5310 code [0x0000024fdecf5540, 0x0000024fdecf5f50]
Event: 14.299 Thread 0x0000024ff12170b0 9395       3       org.eclipse.jdt.internal.compiler.classfmt.FieldInfo::readConstantAttribute (456 bytes)

GC Heap History (20 events):
Event: 8.498 GC heap before
{Heap before GC invocations=34 (full 2):
 PSYoungGen      total 24576K, used 24022K [0x00000000d5580000, 0x00000000d7200000, 0x0000000100000000)
  eden space 19968K, 99% used [0x00000000d5580000,0x00000000d68f1d00,0x00000000d6900000)
  from space 4608K, 89% used [0x00000000d6900000,0x00000000d6d03c38,0x00000000d6d80000)
  to   space 4608K, 0% used [0x00000000d6d80000,0x00000000d6d80000,0x00000000d7200000)
 ParOldGen       total 68608K, used 57524K [0x0000000080000000, 0x0000000084300000, 0x00000000d5580000)
  object space 68608K, 83% used [0x0000000080000000,0x000000008382d1d0,0x0000000084300000)
 Metaspace       used 51913K, committed 53248K, reserved 1114112K
  class space    used 5534K, committed 6144K, reserved 1048576K
}
Event: 8.504 GC heap after
{Heap after GC invocations=34 (full 2):
 PSYoungGen      total 22528K, used 2065K [0x00000000d5580000, 0x00000000d7000000, 0x0000000100000000)
  eden space 19968K, 0% used [0x00000000d5580000,0x00000000d5580000,0x00000000d6900000)
  from space 2560K, 80% used [0x00000000d6d80000,0x00000000d6f84640,0x00000000d7000000)
  to   space 3072K, 0% used [0x00000000d6a00000,0x00000000d6a00000,0x00000000d6d00000)
 ParOldGen       total 68608K, used 61299K [0x0000000080000000, 0x0000000084300000, 0x00000000d5580000)
  object space 68608K, 89% used [0x0000000080000000,0x0000000083bdccc8,0x0000000084300000)
 Metaspace       used 51913K, committed 53248K, reserved 1114112K
  class space    used 5534K, committed 6144K, reserved 1048576K
}
Event: 8.997 GC heap before
{Heap before GC invocations=35 (full 2):
 PSYoungGen      total 22528K, used 22033K [0x00000000d5580000, 0x00000000d7000000, 0x0000000100000000)
  eden space 19968K, 100% used [0x00000000d5580000,0x00000000d6900000,0x00000000d6900000)
  from space 2560K, 80% used [0x00000000d6d80000,0x00000000d6f84640,0x00000000d7000000)
  to   space 3072K, 0% used [0x00000000d6a00000,0x00000000d6a00000,0x00000000d6d00000)
 ParOldGen       total 68608K, used 61299K [0x0000000080000000, 0x0000000084300000, 0x00000000d5580000)
  object space 68608K, 89% used [0x0000000080000000,0x0000000083bdccc8,0x0000000084300000)
 Metaspace       used 52416K, committed 53760K, reserved 1114112K
  class space    used 5582K, committed 6144K, reserved 1048576K
}
Event: 9.001 GC heap after
{Heap after GC invocations=35 (full 2):
 PSYoungGen      total 23040K, used 2650K [0x00000000d5580000, 0x00000000d6f00000, 0x0000000100000000)
  eden space 19968K, 0% used [0x00000000d5580000,0x00000000d5580000,0x00000000d6900000)
  from space 3072K, 86% used [0x00000000d6a00000,0x00000000d6c96a98,0x00000000d6d00000)
  to   space 2048K, 0% used [0x00000000d6d00000,0x00000000d6d00000,0x00000000d6f00000)
 ParOldGen       total 68608K, used 63239K [0x0000000080000000, 0x0000000084300000, 0x00000000d5580000)
  object space 68608K, 92% used [0x0000000080000000,0x0000000083dc1f20,0x0000000084300000)
 Metaspace       used 52416K, committed 53760K, reserved 1114112K
  class space    used 5582K, committed 6144K, reserved 1048576K
}
Event: 9.359 GC heap before
{Heap before GC invocations=36 (full 2):
 PSYoungGen      total 23040K, used 22618K [0x00000000d5580000, 0x00000000d6f00000, 0x0000000100000000)
  eden space 19968K, 100% used [0x00000000d5580000,0x00000000d6900000,0x00000000d6900000)
  from space 3072K, 86% used [0x00000000d6a00000,0x00000000d6c96a98,0x00000000d6d00000)
  to   space 2048K, 0% used [0x00000000d6d00000,0x00000000d6d00000,0x00000000d6f00000)
 ParOldGen       total 68608K, used 63239K [0x0000000080000000, 0x0000000084300000, 0x00000000d5580000)
  object space 68608K, 92% used [0x0000000080000000,0x0000000083dc1f20,0x0000000084300000)
 Metaspace       used 53073K, committed 54464K, reserved 1114112K
  class space    used 5642K, committed 6208K, reserved 1048576K
}
Event: 9.364 GC heap after
{Heap after GC invocations=36 (full 2):
 PSYoungGen      total 19456K, used 2038K [0x00000000d5580000, 0x00000000d7600000, 0x0000000100000000)
  eden space 17408K, 0% used [0x00000000d5580000,0x00000000d5580000,0x00000000d6680000)
  from space 2048K, 99% used [0x00000000d6d00000,0x00000000d6efd910,0x00000000d6f00000)
  to   space 6656K, 0% used [0x00000000d6680000,0x00000000d6680000,0x00000000d6d00000)
 ParOldGen       total 68608K, used 67091K [0x0000000080000000, 0x0000000084300000, 0x00000000d5580000)
  object space 68608K, 97% used [0x0000000080000000,0x0000000084184e68,0x0000000084300000)
 Metaspace       used 53073K, committed 54464K, reserved 1114112K
  class space    used 5642K, committed 6208K, reserved 1048576K
}
Event: 9.761 GC heap before
{Heap before GC invocations=37 (full 2):
 PSYoungGen      total 19456K, used 19446K [0x00000000d5580000, 0x00000000d7600000, 0x0000000100000000)
  eden space 17408K, 100% used [0x00000000d5580000,0x00000000d6680000,0x00000000d6680000)
  from space 2048K, 99% used [0x00000000d6d00000,0x00000000d6efd910,0x00000000d6f00000)
  to   space 6656K, 0% used [0x00000000d6680000,0x00000000d6680000,0x00000000d6d00000)
 ParOldGen       total 68608K, used 67091K [0x0000000080000000, 0x0000000084300000, 0x00000000d5580000)
  object space 68608K, 97% used [0x0000000080000000,0x0000000084184e68,0x0000000084300000)
 Metaspace       used 53214K, committed 54528K, reserved 1114112K
  class space    used 5657K, committed 6208K, reserved 1048576K
}
Event: 9.766 GC heap after
{Heap after GC invocations=37 (full 2):
 PSYoungGen      total 22528K, used 4904K [0x00000000d5580000, 0x00000000d7180000, 0x0000000100000000)
  eden space 17408K, 0% used [0x00000000d5580000,0x00000000d5580000,0x00000000d6680000)
  from space 5120K, 95% used [0x00000000d6680000,0x00000000d6b4a290,0x00000000d6b80000)
  to   space 5632K, 0% used [0x00000000d6c00000,0x00000000d6c00000,0x00000000d7180000)
 ParOldGen       total 69632K, used 69118K [0x0000000080000000, 0x0000000084400000, 0x00000000d5580000)
  object space 69632K, 99% used [0x0000000080000000,0x000000008437fa30,0x0000000084400000)
 Metaspace       used 53214K, committed 54528K, reserved 1114112K
  class space    used 5657K, committed 6208K, reserved 1048576K
}
Event: 10.359 GC heap before
{Heap before GC invocations=38 (full 2):
 PSYoungGen      total 22528K, used 22260K [0x00000000d5580000, 0x00000000d7180000, 0x0000000100000000)
  eden space 17408K, 99% used [0x00000000d5580000,0x00000000d6673138,0x00000000d6680000)
  from space 5120K, 95% used [0x00000000d6680000,0x00000000d6b4a290,0x00000000d6b80000)
  to   space 5632K, 0% used [0x00000000d6c00000,0x00000000d6c00000,0x00000000d7180000)
 ParOldGen       total 69632K, used 69118K [0x0000000080000000, 0x0000000084400000, 0x00000000d5580000)
  object space 69632K, 99% used [0x0000000080000000,0x000000008437fa30,0x0000000084400000)
 Metaspace       used 54176K, committed 55552K, reserved 1114112K
  class space    used 5705K, committed 6272K, reserved 1048576K
}
Event: 10.369 GC heap after
{Heap after GC invocations=38 (full 2):
 PSYoungGen      total 21504K, used 3856K [0x00000000d5580000, 0x00000000d7000000, 0x0000000100000000)
  eden space 17408K, 0% used [0x00000000d5580000,0x00000000d5580000,0x00000000d6680000)
  from space 4096K, 94% used [0x00000000d6c00000,0x00000000d6fc4168,0x00000000d7000000)
  to   space 4608K, 0% used [0x00000000d6700000,0x00000000d6700000,0x00000000d6b80000)
 ParOldGen       total 74240K, used 73853K [0x0000000080000000, 0x0000000084880000, 0x00000000d5580000)
  object space 74240K, 99% used [0x0000000080000000,0x000000008481f580,0x0000000084880000)
 Metaspace       used 54176K, committed 55552K, reserved 1114112K
  class space    used 5705K, committed 6272K, reserved 1048576K
}
Event: 10.626 GC heap before
{Heap before GC invocations=39 (full 2):
 PSYoungGen      total 21504K, used 21264K [0x00000000d5580000, 0x00000000d7000000, 0x0000000100000000)
  eden space 17408K, 100% used [0x00000000d5580000,0x00000000d6680000,0x00000000d6680000)
  from space 4096K, 94% used [0x00000000d6c00000,0x00000000d6fc4168,0x00000000d7000000)
  to   space 4608K, 0% used [0x00000000d6700000,0x00000000d6700000,0x00000000d6b80000)
 ParOldGen       total 74240K, used 73853K [0x0000000080000000, 0x0000000084880000, 0x00000000d5580000)
  object space 74240K, 99% used [0x0000000080000000,0x000000008481f580,0x0000000084880000)
 Metaspace       used 54197K, committed 55552K, reserved 1114112K
  class space    used 5705K, committed 6272K, reserved 1048576K
}
Event: 10.630 GC heap after
{Heap after GC invocations=39 (full 2):
 PSYoungGen      total 18432K, used 759K [0x00000000d5580000, 0x00000000d6c80000, 0x0000000100000000)
  eden space 17408K, 0% used [0x00000000d5580000,0x00000000d5580000,0x00000000d6680000)
  from space 1024K, 74% used [0x00000000d6700000,0x00000000d67bdd60,0x00000000d6800000)
  to   space 2048K, 0% used [0x00000000d6a80000,0x00000000d6a80000,0x00000000d6c80000)
 ParOldGen       total 77312K, used 76839K [0x0000000080000000, 0x0000000084b80000, 0x00000000d5580000)
  object space 77312K, 99% used [0x0000000080000000,0x0000000084b09ce0,0x0000000084b80000)
 Metaspace       used 54197K, committed 55552K, reserved 1114112K
  class space    used 5705K, committed 6272K, reserved 1048576K
}
Event: 10.856 GC heap before
{Heap before GC invocations=40 (full 2):
 PSYoungGen      total 18432K, used 18167K [0x00000000d5580000, 0x00000000d6c80000, 0x0000000100000000)
  eden space 17408K, 100% used [0x00000000d5580000,0x00000000d6680000,0x00000000d6680000)
  from space 1024K, 74% used [0x00000000d6700000,0x00000000d67bdd60,0x00000000d6800000)
  to   space 2048K, 0% used [0x00000000d6a80000,0x00000000d6a80000,0x00000000d6c80000)
 ParOldGen       total 77312K, used 76839K [0x0000000080000000, 0x0000000084b80000, 0x00000000d5580000)
  object space 77312K, 99% used [0x0000000080000000,0x0000000084b09ce0,0x0000000084b80000)
 Metaspace       used 55133K, committed 56576K, reserved 1114112K
  class space    used 5791K, committed 6400K, reserved 1048576K
}
Event: 10.857 GC heap after
{Heap after GC invocations=40 (full 2):
 PSYoungGen      total 17920K, used 387K [0x00000000d5580000, 0x00000000d6b00000, 0x0000000100000000)
  eden space 17408K, 0% used [0x00000000d5580000,0x00000000d5580000,0x00000000d6680000)
  from space 512K, 75% used [0x00000000d6a80000,0x00000000d6ae0c60,0x00000000d6b00000)
  to   space 1024K, 0% used [0x00000000d6900000,0x00000000d6900000,0x00000000d6a00000)
 ParOldGen       total 77312K, used 76968K [0x0000000080000000, 0x0000000084b80000, 0x00000000d5580000)
  object space 77312K, 99% used [0x0000000080000000,0x0000000084b2a220,0x0000000084b80000)
 Metaspace       used 55133K, committed 56576K, reserved 1114112K
  class space    used 5791K, committed 6400K, reserved 1048576K
}
Event: 11.897 GC heap before
{Heap before GC invocations=41 (full 2):
 PSYoungGen      total 17920K, used 17795K [0x00000000d5580000, 0x00000000d6b00000, 0x0000000100000000)
  eden space 17408K, 100% used [0x00000000d5580000,0x00000000d6680000,0x00000000d6680000)
  from space 512K, 75% used [0x00000000d6a80000,0x00000000d6ae0c60,0x00000000d6b00000)
  to   space 1024K, 0% used [0x00000000d6900000,0x00000000d6900000,0x00000000d6a00000)
 ParOldGen       total 77312K, used 76968K [0x0000000080000000, 0x0000000084b80000, 0x00000000d5580000)
  object space 77312K, 99% used [0x0000000080000000,0x0000000084b2a220,0x0000000084b80000)
 Metaspace       used 55966K, committed 57344K, reserved 1114112K
  class space    used 5849K, committed 6464K, reserved 1048576K
}
Event: 11.902 GC heap after
{Heap after GC invocations=41 (full 2):
 PSYoungGen      total 18432K, used 1023K [0x00000000d5580000, 0x00000000d6f80000, 0x0000000100000000)
  eden space 17408K, 0% used [0x00000000d5580000,0x00000000d5580000,0x00000000d6680000)
  from space 1024K, 99% used [0x00000000d6900000,0x00000000d69ffde8,0x00000000d6a00000)
  to   space 4608K, 0% used [0x00000000d6b00000,0x00000000d6b00000,0x00000000d6f80000)
 ParOldGen       total 79872K, used 79767K [0x0000000080000000, 0x0000000084e00000, 0x00000000d5580000)
  object space 79872K, 99% used [0x0000000080000000,0x0000000084de5d50,0x0000000084e00000)
 Metaspace       used 55966K, committed 57344K, reserved 1114112K
  class space    used 5849K, committed 6464K, reserved 1048576K
}
Event: 12.853 GC heap before
{Heap before GC invocations=42 (full 2):
 PSYoungGen      total 18432K, used 18431K [0x00000000d5580000, 0x00000000d6f80000, 0x0000000100000000)
  eden space 17408K, 100% used [0x00000000d5580000,0x00000000d6680000,0x00000000d6680000)
  from space 1024K, 99% used [0x00000000d6900000,0x00000000d69ffde8,0x00000000d6a00000)
  to   space 4608K, 0% used [0x00000000d6b00000,0x00000000d6b00000,0x00000000d6f80000)
 ParOldGen       total 79872K, used 79767K [0x0000000080000000, 0x0000000084e00000, 0x00000000d5580000)
  object space 79872K, 99% used [0x0000000080000000,0x0000000084de5d50,0x0000000084e00000)
 Metaspace       used 56586K, committed 57984K, reserved 1114112K
  class space    used 5880K, committed 6528K, reserved 1048576K
}
Event: 12.857 GC heap after
{Heap after GC invocations=42 (full 2):
 PSYoungGen      total 19456K, used 1999K [0x00000000d5580000, 0x00000000d6d00000, 0x0000000100000000)
  eden space 17408K, 0% used [0x00000000d5580000,0x00000000d5580000,0x00000000d6680000)
  from space 2048K, 97% used [0x00000000d6b00000,0x00000000d6cf3ca0,0x00000000d6d00000)
  to   space 3072K, 0% used [0x00000000d6700000,0x00000000d6700000,0x00000000d6a00000)
 ParOldGen       total 80896K, used 80806K [0x0000000080000000, 0x0000000084f00000, 0x00000000d5580000)
  object space 80896K, 99% used [0x0000000080000000,0x0000000084ee9a18,0x0000000084f00000)
 Metaspace       used 56586K, committed 57984K, reserved 1114112K
  class space    used 5880K, committed 6528K, reserved 1048576K
}
Event: 13.439 GC heap before
{Heap before GC invocations=43 (full 2):
 PSYoungGen      total 19456K, used 19407K [0x00000000d5580000, 0x00000000d6d00000, 0x0000000100000000)
  eden space 17408K, 100% used [0x00000000d5580000,0x00000000d6680000,0x00000000d6680000)
  from space 2048K, 97% used [0x00000000d6b00000,0x00000000d6cf3ca0,0x00000000d6d00000)
  to   space 3072K, 0% used [0x00000000d6700000,0x00000000d6700000,0x00000000d6a00000)
 ParOldGen       total 80896K, used 80806K [0x0000000080000000, 0x0000000084f00000, 0x00000000d5580000)
  object space 80896K, 99% used [0x0000000080000000,0x0000000084ee9a18,0x0000000084f00000)
 Metaspace       used 56916K, committed 58304K, reserved 1114112K
  class space    used 5890K, committed 6528K, reserved 1048576K
}
Event: 13.445 GC heap after
{Heap after GC invocations=43 (full 2):
 PSYoungGen      total 20480K, used 2801K [0x00000000d5580000, 0x00000000d6c80000, 0x0000000100000000)
  eden space 17408K, 0% used [0x00000000d5580000,0x00000000d5580000,0x00000000d6680000)
  from space 3072K, 91% used [0x00000000d6700000,0x00000000d69bc658,0x00000000d6a00000)
  to   space 2560K, 0% used [0x00000000d6a00000,0x00000000d6a00000,0x00000000d6c80000)
 ParOldGen       total 82944K, used 82672K [0x0000000080000000, 0x0000000085100000, 0x00000000d5580000)
  object space 82944K, 99% used [0x0000000080000000,0x00000000850bc390,0x0000000085100000)
 Metaspace       used 56916K, committed 58304K, reserved 1114112K
  class space    used 5890K, committed 6528K, reserved 1048576K
}

Dll operation events (10 events):
Event: 0.021 Loaded shared library c:\Users\obeng\.cursor\extensions\redhat.java-1.43.1-win32-x64\jre\21.0.7-win32-x86_64\bin\java.dll
Event: 0.087 Loaded shared library c:\Users\obeng\.cursor\extensions\redhat.java-1.43.1-win32-x64\jre\21.0.7-win32-x86_64\bin\zip.dll
Event: 0.102 Loaded shared library C:\Users\obeng\.cursor\extensions\redhat.java-1.43.1-win32-x64\jre\21.0.7-win32-x86_64\bin\instrument.dll
Event: 0.106 Loaded shared library C:\Users\obeng\.cursor\extensions\redhat.java-1.43.1-win32-x64\jre\21.0.7-win32-x86_64\bin\net.dll
Event: 0.108 Loaded shared library C:\Users\obeng\.cursor\extensions\redhat.java-1.43.1-win32-x64\jre\21.0.7-win32-x86_64\bin\nio.dll
Event: 0.110 Loaded shared library C:\Users\obeng\.cursor\extensions\redhat.java-1.43.1-win32-x64\jre\21.0.7-win32-x86_64\bin\zip.dll
Event: 0.124 Loaded shared library C:\Users\obeng\.cursor\extensions\redhat.java-1.43.1-win32-x64\jre\21.0.7-win32-x86_64\bin\jimage.dll
Event: 0.195 Loaded shared library c:\Users\obeng\.cursor\extensions\redhat.java-1.43.1-win32-x64\jre\21.0.7-win32-x86_64\bin\verify.dll
Event: 1.274 Loaded shared library C:\Users\obeng\AppData\Roaming\Cursor\User\globalStorage\redhat.java\1.43.1\config_win\org.eclipse.equinox.launcher\org.eclipse.equinox.launcher.win32.win32.x86_64_1.2.1300.v20250331-1702\eclipse_11911.dll
Event: 2.521 Loaded shared library C:\Users\obeng\AppData\Local\Temp\jna-2331414\jna16859755553527477777.dll

Deoptimization events (20 events):
Event: 13.811 Thread 0x0000024ff796f330 Uncommon trap: trap_request=0xffffffbe fr.pc=0x0000024fe58cddf0 relative=0x0000000000000390
Event: 13.811 Thread 0x0000024ff796f330 Uncommon trap: reason=profile_predicate action=maybe_recompile pc=0x0000024fe58cddf0 method=java.util.Arrays.binarySearch0([Ljava/lang/Object;IILjava/lang/Object;)I @ 12 c2
Event: 13.811 Thread 0x0000024ff796f330 DEOPT PACKING pc=0x0000024fe58cddf0 sp=0x000000a58c1fe5e0
Event: 13.811 Thread 0x0000024ff796f330 DEOPT UNPACKING pc=0x0000024fe4f13aa2 sp=0x000000a58c1fe560 mode 2
Event: 13.811 Thread 0x0000024ff796f330 Uncommon trap: trap_request=0xffffffbe fr.pc=0x0000024fe58cddf0 relative=0x0000000000000390
Event: 13.811 Thread 0x0000024ff796f330 Uncommon trap: reason=profile_predicate action=maybe_recompile pc=0x0000024fe58cddf0 method=java.util.Arrays.binarySearch0([Ljava/lang/Object;IILjava/lang/Object;)I @ 12 c2
Event: 13.811 Thread 0x0000024ff796f330 DEOPT PACKING pc=0x0000024fe58cddf0 sp=0x000000a58c1fe5e0
Event: 13.811 Thread 0x0000024ff796f330 DEOPT UNPACKING pc=0x0000024fe4f13aa2 sp=0x000000a58c1fe560 mode 2
Event: 14.061 Thread 0x0000024ffcf42e90 Uncommon trap: trap_request=0xffffff45 fr.pc=0x0000024fe5a09fa0 relative=0x00000000000002c0
Event: 14.061 Thread 0x0000024ffcf42e90 Uncommon trap: reason=unstable_if action=reinterpret pc=0x0000024fe5a09fa0 method=org.eclipse.jdt.internal.compiler.lookup.ReferenceBinding.hashCode()I @ 4 c2
Event: 14.061 Thread 0x0000024ffcf42e90 DEOPT PACKING pc=0x0000024fe5a09fa0 sp=0x000000a58b9fdbe0
Event: 14.061 Thread 0x0000024ffcf42e90 DEOPT UNPACKING pc=0x0000024fe4f13aa2 sp=0x000000a58b9fdb80 mode 2
Event: 14.223 Thread 0x0000024ff796f330 Uncommon trap: trap_request=0xffffffbe fr.pc=0x0000024fe58cddf0 relative=0x0000000000000390
Event: 14.223 Thread 0x0000024ff796f330 Uncommon trap: reason=profile_predicate action=maybe_recompile pc=0x0000024fe58cddf0 method=java.util.Arrays.binarySearch0([Ljava/lang/Object;IILjava/lang/Object;)I @ 12 c2
Event: 14.223 Thread 0x0000024ff796f330 DEOPT PACKING pc=0x0000024fe58cddf0 sp=0x000000a58c1fe5e0
Event: 14.223 Thread 0x0000024ff796f330 DEOPT UNPACKING pc=0x0000024fe4f13aa2 sp=0x000000a58c1fe560 mode 2
Event: 14.223 Thread 0x0000024ff796f330 Uncommon trap: trap_request=0xffffffbe fr.pc=0x0000024fe58cddf0 relative=0x0000000000000390
Event: 14.223 Thread 0x0000024ff796f330 Uncommon trap: reason=profile_predicate action=maybe_recompile pc=0x0000024fe58cddf0 method=java.util.Arrays.binarySearch0([Ljava/lang/Object;IILjava/lang/Object;)I @ 12 c2
Event: 14.223 Thread 0x0000024ff796f330 DEOPT PACKING pc=0x0000024fe58cddf0 sp=0x000000a58c1fe5e0
Event: 14.223 Thread 0x0000024ff796f330 DEOPT UNPACKING pc=0x0000024fe4f13aa2 sp=0x000000a58c1fe560 mode 2

Classes loaded (20 events):
Event: 13.420 Loading class jdk/internal/module/IllegalAccessLogger
Event: 13.420 Loading class jdk/internal/module/IllegalAccessLogger done
Event: 13.450 Loading class java/util/concurrent/ArrayBlockingQueue
Event: 13.452 Loading class java/util/concurrent/ArrayBlockingQueue done
Event: 13.724 Loading class java/util/Hashtable$ValueCollection
Event: 13.725 Loading class java/util/Hashtable$ValueCollection done
Event: 13.812 Loading class java/util/concurrent/ConcurrentHashMap$KeySpliterator
Event: 13.812 Loading class java/util/concurrent/ConcurrentHashMap$KeySpliterator done
Event: 13.841 Loading class sun/nio/ch/ChannelOutputStream
Event: 13.841 Loading class sun/nio/ch/ChannelOutputStream done
Event: 14.124 Loading class java/util/stream/ReferencePipeline$4
Event: 14.223 Loading class java/util/stream/ReferencePipeline$4 done
Event: 14.224 Loading class java/util/stream/Nodes$IntFixedNodeBuilder
Event: 14.225 Loading class java/util/stream/Node$Builder$OfInt
Event: 14.225 Loading class java/util/stream/Node$Builder$OfInt done
Event: 14.225 Loading class java/util/stream/Nodes$IntArrayNode
Event: 14.225 Loading class java/util/stream/Nodes$IntArrayNode done
Event: 14.225 Loading class java/util/stream/Nodes$IntFixedNodeBuilder done
Event: 14.226 Loading class java/util/stream/ReferencePipeline$4$1
Event: 14.226 Loading class java/util/stream/ReferencePipeline$4$1 done

Classes unloaded (7 events):
Event: 3.030 Thread 0x0000024fda842400 Unloading class 0x0000024f811a5000 'java/lang/invoke/LambdaForm$MH+0x0000024f811a5000'
Event: 3.030 Thread 0x0000024fda842400 Unloading class 0x0000024f811a4c00 'java/lang/invoke/LambdaForm$MH+0x0000024f811a4c00'
Event: 3.030 Thread 0x0000024fda842400 Unloading class 0x0000024f811a4800 'java/lang/invoke/LambdaForm$MH+0x0000024f811a4800'
Event: 3.030 Thread 0x0000024fda842400 Unloading class 0x0000024f811a4400 'java/lang/invoke/LambdaForm$MH+0x0000024f811a4400'
Event: 3.030 Thread 0x0000024fda842400 Unloading class 0x0000024f811a4000 'java/lang/invoke/LambdaForm$BMH+0x0000024f811a4000'
Event: 3.030 Thread 0x0000024fda842400 Unloading class 0x0000024f811a3c00 'java/lang/invoke/LambdaForm$DMH+0x0000024f811a3c00'
Event: 3.030 Thread 0x0000024fda842400 Unloading class 0x0000024f811a2800 'java/lang/invoke/LambdaForm$DMH+0x0000024f811a2800'

Classes redefined (0 events):
No events

Internal exceptions (20 events):
Event: 6.398 Thread 0x0000024ff796f330 Exception <a 'sun/nio/fs/WindowsException'{0x00000000d625baa8}> (0x00000000d625baa8) 
thrown [s\src\hotspot\share\prims\jni.cpp, line 520]
Event: 6.453 Thread 0x0000024ff796f330 Exception <a 'java/io/FileNotFoundException'{0x00000000d678e750}> (0x00000000d678e750) 
thrown [s\src\hotspot\share\prims\jni.cpp, line 520]
Event: 6.454 Thread 0x0000024ff796f330 Exception <a 'java/io/FileNotFoundException'{0x00000000d678f748}> (0x00000000d678f748) 
thrown [s\src\hotspot\share\prims\jni.cpp, line 520]
Event: 6.459 Thread 0x0000024ff796f330 Exception <a 'java/io/FileNotFoundException'{0x00000000d6802378}> (0x00000000d6802378) 
thrown [s\src\hotspot\share\prims\jni.cpp, line 520]
Event: 6.460 Thread 0x0000024ff796f330 Exception <a 'java/io/FileNotFoundException'{0x00000000d6803718}> (0x00000000d6803718) 
thrown [s\src\hotspot\share\prims\jni.cpp, line 520]
Event: 6.460 Thread 0x0000024ff796f330 Exception <a 'java/io/FileNotFoundException'{0x00000000d6804730}> (0x00000000d6804730) 
thrown [s\src\hotspot\share\prims\jni.cpp, line 520]
Event: 6.729 Thread 0x0000024ff796d8f0 Implicit null exception at 0x0000024fe573df5a to 0x0000024fe573e058
Event: 6.802 Thread 0x0000024ff796b820 Exception <a 'java/lang/NoClassDefFoundError'{0x00000000d5edad58}: com/google/inject/servlet/ServletModuleTargetVisitor> (0x00000000d5edad58) 
thrown [s\src\hotspot\share\classfile\systemDictionary.cpp, line 301]
Event: 7.062 Thread 0x0000024ffab84830 Exception <a 'java/lang/IncompatibleClassChangeError'{0x00000000d5ebe6e8}: Found class java.lang.Object, but interface was expected> (0x00000000d5ebe6e8) 
thrown [s\src\hotspot\share\interpreter\linkResolver.cpp, line 840]
Event: 7.406 Thread 0x0000024ff796f330 Exception <a 'sun/nio/fs/WindowsException'{0x00000000d59e1018}> (0x00000000d59e1018) 
thrown [s\src\hotspot\share\prims\jni.cpp, line 520]
Event: 7.412 Thread 0x0000024ffab889d0 Exception <a 'sun/nio/fs/WindowsException'{0x00000000d5a33db0}> (0x00000000d5a33db0) 
thrown [s\src\hotspot\share\prims\jni.cpp, line 520]
Event: 7.414 Thread 0x0000024ffab83b10 Exception <a 'sun/nio/fs/WindowsException'{0x00000000d5a42320}> (0x00000000d5a42320) 
thrown [s\src\hotspot\share\prims\jni.cpp, line 520]
Event: 10.679 Thread 0x0000024ff796d8f0 Implicit null exception at 0x0000024fe590f824 to 0x0000024fe5915cd8
Event: 11.365 Thread 0x0000024ff796f330 Implicit null exception at 0x0000024fe598d7a3 to 0x0000024fe598db08
Event: 11.617 Thread 0x0000024ff796f330 Exception <a 'java/lang/NoSuchMethodError'{0x00000000d6044e58}: 'int java.lang.invoke.DirectMethodHandle$Holder.invokeSpecialIFC(java.lang.Object, java.lang.Object, java.lang.Object)'> (0x00000000d6044e58) 
thrown [s\src\hotspot\share\interpreter\linkResolver.cpp, line 773]
Event: 12.375 Thread 0x0000024ff796f330 Implicit null exception at 0x0000024fe570f8c6 to 0x0000024fe570f90f
Event: 13.616 Thread 0x0000024ffcf42e90 Implicit null exception at 0x0000024fe58ccc4f to 0x0000024fe58cd1b8
Event: 13.655 Thread 0x0000024ffcf42e90 Exception <a 'java/lang/NoSuchMethodError'{0x00000000d599be28}: 'void java.lang.invoke.DirectMethodHandle$Holder.invokeStatic(java.lang.Object, int, java.lang.Object)'> (0x00000000d599be28) 
thrown [s\src\hotspot\share\interpreter\linkResolver.cpp, line 773]
Event: 13.818 Thread 0x0000024ff796f330 Exception <a 'java/lang/NoSuchMethodError'{0x00000000d5cb9558}: 'java.lang.Object java.lang.invoke.DirectMethodHandle$Holder.newInvokeSpecial(java.lang.Object, java.lang.Object, int, int, java.lang.Object)'> (0x00000000d5cb9558) 
thrown [s\src\hotspot\share\interpreter\linkResolver.cpp, line 773]
Event: 14.061 Thread 0x0000024ffcf42e90 Implicit null exception at 0x0000024fe5a09d1e to 0x0000024fe5a09f8c

ZGC Phase Switch (0 events):
No events

VM Operations (20 events):
Event: 12.282 Executing VM operation: HandshakeAllThreads (Deoptimize)
Event: 12.288 Executing VM operation: HandshakeAllThreads (Deoptimize) done
Event: 12.587 Executing VM operation: ICBufferFull
Event: 12.623 Executing VM operation: ICBufferFull done
Event: 12.826 Executing VM operation: ParallelGCFailedAllocation (Allocation Failure)
Event: 12.858 Executing VM operation: ParallelGCFailedAllocation (Allocation Failure) done
Event: 13.237 Executing VM operation: ICBufferFull
Event: 13.254 Executing VM operation: ICBufferFull done
Event: 13.439 Executing VM operation: ParallelGCFailedAllocation (Allocation Failure)
Event: 13.445 Executing VM operation: ParallelGCFailedAllocation (Allocation Failure) done
Event: 13.476 Executing VM operation: HandshakeAllThreads (Deoptimize)
Event: 13.497 Executing VM operation: HandshakeAllThreads (Deoptimize) done
Event: 13.518 Executing VM operation: HandshakeAllThreads (Deoptimize)
Event: 13.560 Executing VM operation: HandshakeAllThreads (Deoptimize) done
Event: 13.750 Executing VM operation: HandshakeAllThreads (Deoptimize)
Event: 13.772 Executing VM operation: HandshakeAllThreads (Deoptimize) done
Event: 13.877 Executing VM operation: HandshakeAllThreads (Deoptimize)
Event: 13.935 Executing VM operation: HandshakeAllThreads (Deoptimize) done
Event: 13.938 Executing VM operation: HandshakeAllThreads (Deoptimize)
Event: 14.058 Executing VM operation: HandshakeAllThreads (Deoptimize) done

Memory protections (0 events):
No events

Nmethod flushes (20 events):
Event: 4.429 Thread 0x0000024fda842400 flushing  nmethod 0x0000024fde00bc10
Event: 4.429 Thread 0x0000024fda842400 flushing  nmethod 0x0000024fde00d910
Event: 4.429 Thread 0x0000024fda842400 flushing  nmethod 0x0000024fde00dd10
Event: 4.429 Thread 0x0000024fda842400 flushing  nmethod 0x0000024fde00e210
Event: 4.429 Thread 0x0000024fda842400 flushing  nmethod 0x0000024fde00f310
Event: 4.429 Thread 0x0000024fda842400 flushing  nmethod 0x0000024fde00ff90
Event: 4.429 Thread 0x0000024fda842400 flushing  nmethod 0x0000024fde010a10
Event: 4.429 Thread 0x0000024fda842400 flushing  nmethod 0x0000024fde011d90
Event: 4.429 Thread 0x0000024fda842400 flushing  nmethod 0x0000024fde033f90
Event: 4.429 Thread 0x0000024fda842400 flushing  nmethod 0x0000024fde034290
Event: 4.429 Thread 0x0000024fda842400 flushing  nmethod 0x0000024fde03ab90
Event: 4.429 Thread 0x0000024fda842400 flushing  nmethod 0x0000024fde044390
Event: 4.429 Thread 0x0000024fda842400 flushing  nmethod 0x0000024fde045e10
Event: 4.429 Thread 0x0000024fda842400 flushing  nmethod 0x0000024fde08ac90
Event: 4.429 Thread 0x0000024fda842400 flushing  nmethod 0x0000024fde0df190
Event: 4.429 Thread 0x0000024fda842400 flushing  nmethod 0x0000024fde108190
Event: 4.429 Thread 0x0000024fda842400 flushing  nmethod 0x0000024fde116410
Event: 4.429 Thread 0x0000024fda842400 flushing  nmethod 0x0000024fde116890
Event: 4.429 Thread 0x0000024fda842400 flushing  nmethod 0x0000024fde11ab10
Event: 4.429 Thread 0x0000024fda842400 flushing  nmethod 0x0000024fde152490

Events (20 events):
Event: 4.580 Thread 0x0000024fda7a39a0 Thread added: 0x0000024ffab86f90
Event: 4.581 Thread 0x0000024fda7a39a0 Thread added: 0x0000024ffab84830
Event: 7.410 Thread 0x0000024ff796f330 Thread added: 0x0000024ffab889d0
Event: 7.412 Thread 0x0000024ffab889d0 Thread added: 0x0000024ffab83b10
Event: 7.413 Thread 0x0000024ffab889d0 Thread added: 0x0000024ffab820d0
Event: 7.415 Thread 0x0000024ffab83b10 Thread added: 0x0000024ffab89060
Event: 7.416 Thread 0x0000024ffab83b10 Thread added: 0x0000024ffab841a0
Event: 7.416 Thread 0x0000024ffab89060 Thread added: 0x0000024ffab84ec0
Event: 7.475 Thread 0x0000024ff796f330 Thread added: 0x0000024ffab896f0
Event: 7.476 Thread 0x0000024ff796f330 Thread added: 0x0000024ffcf46310
Event: 7.476 Thread 0x0000024ff796f330 Thread added: 0x0000024ffcf448d0
Event: 7.476 Thread 0x0000024ff796f330 Thread added: 0x0000024ffcf43bb0
Event: 7.477 Thread 0x0000024ff796f330 Thread added: 0x0000024ffcf43520
Event: 7.477 Thread 0x0000024ff796f330 Thread added: 0x0000024ffcf476c0
Event: 8.123 Thread 0x0000024ff7971400 Thread exited: 0x0000024ff7971400
Event: 11.806 Thread 0x0000024ff818dd10 Thread exited: 0x0000024ff818dd10
Event: 12.472 Thread 0x0000024ff81d5010 Thread exited: 0x0000024ff81d5010
Event: 13.454 Thread 0x0000024ff796f330 Thread added: 0x0000024ffcf42e90
Event: 13.822 Thread 0x0000024ff796f330 Thread added: 0x0000024ffcf44f60
Event: 14.224 Thread 0x0000024ff796f330 Thread added: 0x0000024ffcf49e20


Dynamic libraries:
0x00007ff7617b0000 - 0x00007ff7617be000 	c:\Users\obeng\.cursor\extensions\redhat.java-1.43.1-win32-x64\jre\21.0.7-win32-x86_64\bin\java.exe
0x00007ffe70270000 - 0x00007ffe70487000 	C:\Windows\SYSTEM32\ntdll.dll
0x00007ffe6ff60000 - 0x00007ffe70024000 	C:\Windows\System32\KERNEL32.DLL
0x00007ffe6db20000 - 0x00007ffe6def2000 	C:\Windows\System32\KERNELBASE.dll
0x00007ffe6d910000 - 0x00007ffe6da21000 	C:\Windows\System32\ucrtbase.dll
0x00007ffe335b0000 - 0x00007ffe335c8000 	c:\Users\obeng\.cursor\extensions\redhat.java-1.43.1-win32-x64\jre\21.0.7-win32-x86_64\bin\jli.dll
0x00007ffe362c0000 - 0x00007ffe362de000 	c:\Users\obeng\.cursor\extensions\redhat.java-1.43.1-win32-x64\jre\21.0.7-win32-x86_64\bin\VCRUNTIME140.dll
0x00007ffe6ecf0000 - 0x00007ffe6eea1000 	C:\Windows\System32\USER32.dll
0x00007ffe6daf0000 - 0x00007ffe6db16000 	C:\Windows\System32\win32u.dll
0x00007ffe6f820000 - 0x00007ffe6f849000 	C:\Windows\System32\GDI32.dll
0x00007ffe6d740000 - 0x00007ffe6d863000 	C:\Windows\System32\gdi32full.dll
0x00007ffe4e280000 - 0x00007ffe4e51b000 	C:\Windows\WinSxS\amd64_microsoft.windows.common-controls_6595b64144ccf1df_6.0.22621.5547_none_27104afb73855772\COMCTL32.dll
0x00007ffe6d870000 - 0x00007ffe6d90a000 	C:\Windows\System32\msvcp_win.dll
0x00007ffe70100000 - 0x00007ffe701a7000 	C:\Windows\System32\msvcrt.dll
0x00007ffe6f8d0000 - 0x00007ffe6f901000 	C:\Windows\System32\IMM32.DLL
0x00007ffe673b0000 - 0x00007ffe673bc000 	c:\Users\obeng\.cursor\extensions\redhat.java-1.43.1-win32-x64\jre\21.0.7-win32-x86_64\bin\vcruntime140_1.dll
0x00007ffe224c0000 - 0x00007ffe2254d000 	c:\Users\obeng\.cursor\extensions\redhat.java-1.43.1-win32-x64\jre\21.0.7-win32-x86_64\bin\msvcp140.dll
0x00007ffdf1960000 - 0x00007ffdf26f0000 	c:\Users\obeng\.cursor\extensions\redhat.java-1.43.1-win32-x64\jre\21.0.7-win32-x86_64\bin\server\jvm.dll
0x00007ffe6e1b0000 - 0x00007ffe6e261000 	C:\Windows\System32\ADVAPI32.dll
0x00007ffe6eec0000 - 0x00007ffe6ef68000 	C:\Windows\System32\sechost.dll
0x00007ffe6d5a0000 - 0x00007ffe6d5c8000 	C:\Windows\System32\bcrypt.dll
0x00007ffe6eb30000 - 0x00007ffe6ec44000 	C:\Windows\System32\RPCRT4.dll
0x00007ffe6e800000 - 0x00007ffe6e871000 	C:\Windows\System32\WS2_32.dll
0x00007ffe66510000 - 0x00007ffe66544000 	C:\Windows\SYSTEM32\WINMM.dll
0x00007ffe66740000 - 0x00007ffe6674a000 	C:\Windows\SYSTEM32\VERSION.dll
0x00007ffe6d230000 - 0x00007ffe6d27d000 	C:\Windows\SYSTEM32\POWRPROF.dll
0x00007ffe6d210000 - 0x00007ffe6d223000 	C:\Windows\SYSTEM32\UMPDC.dll
0x00007ffe6c350000 - 0x00007ffe6c368000 	C:\Windows\SYSTEM32\kernel.appcore.dll
0x00007ffe672d0000 - 0x00007ffe672da000 	c:\Users\obeng\.cursor\extensions\redhat.java-1.43.1-win32-x64\jre\21.0.7-win32-x86_64\bin\jimage.dll
0x00007ffe6ac10000 - 0x00007ffe6ae43000 	C:\Windows\SYSTEM32\DBGHELP.DLL
0x00007ffe6f9b0000 - 0x00007ffe6fd43000 	C:\Windows\System32\combase.dll
0x00007ffe6ea50000 - 0x00007ffe6eb27000 	C:\Windows\System32\OLEAUT32.dll
0x00007ffe4cf50000 - 0x00007ffe4cf82000 	C:\Windows\SYSTEM32\dbgcore.DLL
0x00007ffe6d520000 - 0x00007ffe6d59b000 	C:\Windows\System32\bcryptPrimitives.dll
0x00007ffe53440000 - 0x00007ffe5344f000 	c:\Users\obeng\.cursor\extensions\redhat.java-1.43.1-win32-x64\jre\21.0.7-win32-x86_64\bin\instrument.dll
0x00007ffe2e650000 - 0x00007ffe2e66f000 	c:\Users\obeng\.cursor\extensions\redhat.java-1.43.1-win32-x64\jre\21.0.7-win32-x86_64\bin\java.dll
0x00007ffe6ef70000 - 0x00007ffe6f812000 	C:\Windows\System32\SHELL32.dll
0x00007ffe6d360000 - 0x00007ffe6d49f000 	C:\Windows\System32\wintypes.dll
0x00007ffe6b240000 - 0x00007ffe6bb5d000 	C:\Windows\SYSTEM32\windows.storage.dll
0x00007ffe6e6f0000 - 0x00007ffe6e7fc000 	C:\Windows\System32\SHCORE.dll
0x00007ffe6f850000 - 0x00007ffe6f8b9000 	C:\Windows\System32\shlwapi.dll
0x00007ffe6d290000 - 0x00007ffe6d2bb000 	C:\Windows\SYSTEM32\profapi.dll
0x00007ffe2e4b0000 - 0x00007ffe2e4c8000 	c:\Users\obeng\.cursor\extensions\redhat.java-1.43.1-win32-x64\jre\21.0.7-win32-x86_64\bin\zip.dll
0x00007ffe4ffb0000 - 0x00007ffe4ffc0000 	C:\Users\obeng\.cursor\extensions\redhat.java-1.43.1-win32-x64\jre\21.0.7-win32-x86_64\bin\net.dll
0x00007ffe67e70000 - 0x00007ffe67f9c000 	C:\Windows\SYSTEM32\WINHTTP.dll
0x00007ffe6c7c0000 - 0x00007ffe6c829000 	C:\Windows\system32\mswsock.dll
0x00007ffe2e220000 - 0x00007ffe2e236000 	C:\Users\obeng\.cursor\extensions\redhat.java-1.43.1-win32-x64\jre\21.0.7-win32-x86_64\bin\nio.dll
0x00007ffe41f30000 - 0x00007ffe41f40000 	c:\Users\obeng\.cursor\extensions\redhat.java-1.43.1-win32-x64\jre\21.0.7-win32-x86_64\bin\verify.dll
0x00007ffe41ac0000 - 0x00007ffe41b05000 	C:\Users\obeng\AppData\Roaming\Cursor\User\globalStorage\redhat.java\1.43.1\config_win\org.eclipse.equinox.launcher\org.eclipse.equinox.launcher.win32.win32.x86_64_1.2.1300.v20250331-1702\eclipse_11911.dll
0x00007ffe6df00000 - 0x00007ffe6e0a0000 	C:\Windows\System32\ole32.dll
0x00007ffe6cb10000 - 0x00007ffe6cb2b000 	C:\Windows\SYSTEM32\CRYPTSP.dll
0x00007ffe6c2b0000 - 0x00007ffe6c2e7000 	C:\Windows\system32\rsaenh.dll
0x00007ffe6c860000 - 0x00007ffe6c888000 	C:\Windows\SYSTEM32\USERENV.dll
0x00007ffe6caf0000 - 0x00007ffe6cafc000 	C:\Windows\SYSTEM32\CRYPTBASE.dll
0x00007ffe6bdb0000 - 0x00007ffe6bddd000 	C:\Windows\SYSTEM32\IPHLPAPI.DLL
0x00007ffe6eeb0000 - 0x00007ffe6eeb9000 	C:\Windows\System32\NSI.dll
0x00007ffe28e50000 - 0x00007ffe28e99000 	C:\Users\obeng\AppData\Local\Temp\jna-2331414\jna16859755553527477777.dll
0x00007ffe6f8c0000 - 0x00007ffe6f8c8000 	C:\Windows\System32\PSAPI.DLL
0x00007ffe66750000 - 0x00007ffe66769000 	C:\Windows\SYSTEM32\dhcpcsvc6.DLL
0x00007ffe663c0000 - 0x00007ffe663df000 	C:\Windows\SYSTEM32\dhcpcsvc.DLL

dbghelp: loaded successfully - version: 4.0.5 - missing functions: none
symbol engine: initialized successfully - sym options: 0x614 - pdb path: .;c:\Users\obeng\.cursor\extensions\redhat.java-1.43.1-win32-x64\jre\21.0.7-win32-x86_64\bin;C:\Windows\SYSTEM32;C:\Windows\WinSxS\amd64_microsoft.windows.common-controls_6595b64144ccf1df_6.0.22621.5547_none_27104afb73855772;c:\Users\obeng\.cursor\extensions\redhat.java-1.43.1-win32-x64\jre\21.0.7-win32-x86_64\bin\server;C:\Users\obeng\AppData\Roaming\Cursor\User\globalStorage\redhat.java\1.43.1\config_win\org.eclipse.equinox.launcher\org.eclipse.equinox.launcher.win32.win32.x86_64_1.2.1300.v20250331-1702;C:\Users\obeng\AppData\Local\Temp\jna-2331414

VM Arguments:
jvm_args: --add-modules=ALL-SYSTEM --add-opens=java.base/java.util=ALL-UNNAMED --add-opens=java.base/java.lang=ALL-UNNAMED --add-opens=java.base/sun.nio.fs=ALL-UNNAMED -Declipse.application=org.eclipse.jdt.ls.core.id1 -Dosgi.bundles.defaultStartLevel=4 -Declipse.product=org.eclipse.jdt.ls.core.product -Djava.import.generatesMetadataFilesAtProjectRoot=false -DDetectVMInstallationsJob.disabled=true -Dfile.encoding=utf8 -XX:+UseParallelGC -XX:GCTimeRatio=4 -XX:AdaptiveSizePolicyWeight=90 -Dsun.zip.disableMemoryMapping=true -Xmx2G -Xms100m -Xlog:disable -javaagent:c:\Users\obeng\.cursor\extensions\redhat.java-1.43.1-win32-x64\lombok\lombok-1.18.39-4050.jar -XX:+HeapDumpOnOutOfMemoryError -XX:HeapDumpPath=c:\Users\obeng\AppData\Roaming\Cursor\User\workspaceStorage\f3ec195ff8a34f8d1f201de5db2cf3a5\redhat.java -Daether.dependencyCollector.impl=bf 
java_command: c:\Users\obeng\.cursor\extensions\redhat.java-1.43.1-win32-x64\server\plugins\org.eclipse.equinox.launcher_1.7.0.v20250519-0528.jar -configuration c:\Users\obeng\AppData\Roaming\Cursor\User\globalStorage\redhat.java\1.43.1\config_win -data c:\Users\obeng\AppData\Roaming\Cursor\User\workspaceStorage\f3ec195ff8a34f8d1f201de5db2cf3a5\redhat.java\jdt_ws --pipe=\\.\pipe\lsp-5261f765223c294a025b1f017244b24c-sock
java_class_path (initial): c:\Users\obeng\.cursor\extensions\redhat.java-1.43.1-win32-x64\server\plugins\org.eclipse.equinox.launcher_1.7.0.v20250519-0528.jar
Launcher Type: SUN_STANDARD

[Global flags]
    uintx AdaptiveSizePolicyWeight                 = 90                                        {product} {command line}
     intx CICompilerCount                          = 4                                         {product} {ergonomic}
    uintx GCTimeRatio                              = 4                                         {product} {command line}
     bool HeapDumpOnOutOfMemoryError               = true                                   {manageable} {command line}
    ccstr HeapDumpPath                             = c:\Users\obeng\AppData\Roaming\Cursor\User\workspaceStorage\f3ec195ff8a34f8d1f201de5db2cf3a5\redhat.java         {manageable} {command line}
   size_t InitialHeapSize                          = 104857600                                 {product} {command line}
   size_t MaxHeapSize                              = 2147483648                                {product} {command line}
   size_t MaxNewSize                               = 715653120                                 {product} {ergonomic}
   size_t MinHeapDeltaBytes                        = 524288                                    {product} {ergonomic}
   size_t MinHeapSize                              = 104857600                                 {product} {command line}
   size_t NewSize                                  = 34603008                                  {product} {ergonomic}
    uintx NonNMethodCodeHeapSize                   = 5839372                                {pd product} {ergonomic}
    uintx NonProfiledCodeHeapSize                  = 122909434                              {pd product} {ergonomic}
   size_t OldSize                                  = 70254592                                  {product} {ergonomic}
    uintx ProfiledCodeHeapSize                     = 122909434                              {pd product} {ergonomic}
    uintx ReservedCodeCacheSize                    = 251658240                              {pd product} {ergonomic}
     bool SegmentedCodeCache                       = true                                      {product} {ergonomic}
   size_t SoftMaxHeapSize                          = 2147483648                             {manageable} {ergonomic}
     bool UseCompressedOops                        = true                           {product lp64_product} {ergonomic}
     bool UseLargePagesIndividualAllocation        = false                                  {pd product} {ergonomic}
     bool UseParallelGC                            = true                                      {product} {command line}

Logging:
Log output configuration:
 #0: stdout all=off uptime,level,tags foldmultilines=false
 #1: stderr all=off uptime,level,tags foldmultilines=false

Environment Variables:
PATH=C:\Program Files\Eclipse Adoptium\jdk-21.0.6.7-hotspot\bin;C:\Windows\system32;C:\Windows;C:\Windows\System32\Wbem;C:\Windows\System32\WindowsPowerShell\v1.0\;C:\Windows\System32\OpenSSH\;C:\Program Files (x86)\Microsoft SQL Server\160\Tools\Binn\;C:\Program Files\Microsoft SQL Server\160\Tools\Binn\;C:\Program Files\Microsoft SQL Server\Client SDK\ODBC\170\Tools\Binn\;C:\Program Files\Microsoft SQL Server\160\DTS\Binn\;C:\Program Files (x86)\Microsoft SQL Server\160\DTS\Binn\;C:\Program Files\nodejs\;C:\ProgramData\chocolatey\bin;C:\Program Files\Git\cmd;C:\Program Files\dotnet\;C:\Program Files\PostgreSQL\17\bin;;c:\Users\obeng\AppData\Local\Programs\cursor\resources\app\bin;C:\Users\obeng\AppData\Local\Programs\Python\Python39\;C:\Users\obeng\AppData\Local\Programs\Python\Python39\Scripts\;C:\Users\obeng\Downloads\Python-3.9.21.tgz\Python-3.9.21;C:\Users\obeng\AppData\Local\Microsoft\WindowsApps;C:\Users\obeng\AppData\Roaming\npm;C:\Users\obeng\Downloads\Compressed\node-v22.14.0-win-x64.zip\node-v22.14.0-win-x64\node_modules\npm\bin;C:\Users\obeng\Downloads\Compressed\node-v22.14.0-win-x64.zip\node-v22.14.0-win-x64;C:\Users\obeng\AppData\Local\Android\sdk\platform-tools;C:\Users\obeng\.dotnet\tools;C:\Program Files\maven\mvn\bin;C:\Program Files\spring-3.5.0\bin;C:\Program Files\NASM;C:\mingw32\bin;C:\Program Files\PostgreSQL\17\bin;C:\Users\obeng\AppData\Local\Programs\cursor\resources\app\bin;C:\Program Files\MySQL\MySQL Server 8.0\bin
USERNAME=Kayy
OS=Windows_NT
PROCESSOR_IDENTIFIER=Intel64 Family 6 Model 154 Stepping 4, GenuineIntel
TMP=C:\Users\obeng\AppData\Local\Temp
TEMP=C:\Users\obeng\AppData\Local\Temp




Periodic native trim disabled

---------------  S Y S T E M  ---------------

OS:
 Windows 11 , 64 bit Build 22621 (10.0.22621.5415)
OS uptime: 0 days 21:01 hours
Hyper-V role detected

CPU: total 8 (initial active 8) (4 cores per cpu, 2 threads per core) family 6 model 154 stepping 4 microcode 0x432, cx8, cmov, fxsr, ht, mmx, 3dnowpref, sse, sse2, sse3, ssse3, sse4.1, sse4.2, popcnt, lzcnt, tsc, tscinvbit, avx, avx2, aes, erms, clmul, bmi1, bmi2, adx, sha, fma, vzeroupper, clflush, clflushopt, clwb, hv, serialize, rdtscp, rdpid, fsrm, f16c, cet_ibt, cet_ss
Processor Information for processor 0
  Max Mhz: 1200, Current Mhz: 1200, Mhz Limit: 1200
Processor Information for processor 1
  Max Mhz: 1200, Current Mhz: 1200, Mhz Limit: 1200
Processor Information for processor 2
  Max Mhz: 1200, Current Mhz: 1200, Mhz Limit: 1200
Processor Information for processor 3
  Max Mhz: 1200, Current Mhz: 1200, Mhz Limit: 1200
Processor Information for processor 4
  Max Mhz: 1200, Current Mhz: 900, Mhz Limit: 900
Processor Information for processor 5
  Max Mhz: 1200, Current Mhz: 900, Mhz Limit: 900
Processor Information for processor 6
  Max Mhz: 1200, Current Mhz: 900, Mhz Limit: 900
Processor Information for processor 7
  Max Mhz: 1200, Current Mhz: 900, Mhz Limit: 900

Memory: 4k page, system-wide physical 7865M (268M free)
TotalPageFile size 18875M (AvailPageFile size 29M)
current process WorkingSet (physical memory assigned to process): 335M, peak: 338M
current process commit charge ("private bytes"): 398M, peak: 402M

vm_info: OpenJDK 64-Bit Server VM (21.0.7+6-LTS) for windows-amd64 JRE (21.0.7+6-LTS), built on 2025-04-15T00:00:00Z by "admin" with MS VC++ 17.7 (VS2022)

END.
