#
# There is insufficient memory for the Java Runtime Environment to continue.
# Native memory allocation (malloc) failed to allocate 1974032 bytes. Error detail: Chunk::new
# Possible reasons:
#   The system is out of physical RAM or swap space
#   This process is running with CompressedOops enabled, and the Java Heap may be blocking the growth of the native heap
# Possible solutions:
#   Reduce memory load on the system
#   Increase physical memory or swap space
#   Check if swap backing store is full
#   Decrease Java heap size (-Xmx/-Xms)
#   Decrease number of Java threads
#   Decrease Java thread stack sizes (-Xss)
#   Set larger code cache with -XX:ReservedCodeCacheSize=
#   JVM is running with Unscaled Compressed Oops mode in which the Java heap is
#     placed in the first 4GB address space. The Java Heap base address is the
#     maximum limit for the native heap growth. Please use -XX:HeapBaseMinAddress
#     to set the Java Heap base and to place the Java Heap above 4GB virtual address.
# This output file may be truncated or incomplete.
#
#  Out of Memory Error (arena.cpp:168), pid=4396, tid=12316
#
# JRE version: OpenJDK Runtime Environment Temurin-21.0.7+6 (21.0.7+6) (build 21.0.7+6-LTS)
# Java VM: OpenJDK 64-Bit Server VM Temurin-21.0.7+6 (21.0.7+6-LTS, mixed mode, sharing, tiered, compressed oops, compressed class ptrs, parallel gc, windows-amd64)
# No core dump will be written. Minidumps are not enabled by default on client versions of Windows
#

---------------  S U M M A R Y ------------

Command Line: --add-modules=ALL-SYSTEM --add-opens=java.base/java.util=ALL-UNNAMED --add-opens=java.base/java.lang=ALL-UNNAMED --add-opens=java.base/sun.nio.fs=ALL-UNNAMED -Declipse.application=org.eclipse.jdt.ls.core.id1 -Dosgi.bundles.defaultStartLevel=4 -Declipse.product=org.eclipse.jdt.ls.core.product -Djava.import.generatesMetadataFilesAtProjectRoot=false -DDetectVMInstallationsJob.disabled=true -Dfile.encoding=utf8 -XX:+UseParallelGC -XX:GCTimeRatio=4 -XX:AdaptiveSizePolicyWeight=90 -Dsun.zip.disableMemoryMapping=true -Xmx2G -Xms100m -Xlog:disable -javaagent:c:\Users\obeng\.cursor\extensions\redhat.java-1.43.1-win32-x64\lombok\lombok-1.18.39-4050.jar -XX:+HeapDumpOnOutOfMemoryError -XX:HeapDumpPath=c:\Users\obeng\AppData\Roaming\Cursor\User\workspaceStorage\f3ec195ff8a34f8d1f201de5db2cf3a5\redhat.java -Daether.dependencyCollector.impl=bf c:\Users\obeng\.cursor\extensions\redhat.java-1.43.1-win32-x64\server\plugins\org.eclipse.equinox.launcher_1.7.0.v20250519-0528.jar -configuration c:\Users\obeng\AppData\Roaming\Cursor\User\globalStorage\redhat.java\1.43.1\config_win -data c:\Users\obeng\AppData\Roaming\Cursor\User\workspaceStorage\f3ec195ff8a34f8d1f201de5db2cf3a5\redhat.java\jdt_ws --pipe=\\.\pipe\lsp-7e840d3ec00f8f52138482528f17142b-sock

Host: 12th Gen Intel(R) Core(TM) i3-1215U, 8 cores, 7G,  Windows 11 , 64 bit Build 22621 (10.0.22621.5415)
Time: Sun Jul 20 21:17:38 2025 Greenwich Standard Time elapsed time: 14.560535 seconds (0d 0h 0m 14s)

---------------  T H R E A D  ---------------

Current thread (0x00000153c02e23a0):  JavaThread "C2 CompilerThread0" daemon [_thread_in_native, id=12316, stack(0x0000002946a00000,0x0000002946b00000) (1024K)]


Current CompileTask:
C2:14561 7610   !   4       org.eclipse.jdt.internal.core.search.indexing.BinaryIndexer::indexDocument (1168 bytes)

Stack: [0x0000002946a00000,0x0000002946b00000]
Native frames: (J=compiled Java code, j=interpreted, Vv=VM code, C=native code)
V  [jvm.dll+0x6ce119]
V  [jvm.dll+0x8a84a1]
V  [jvm.dll+0x8aa9ce]
V  [jvm.dll+0x8ab0b3]
V  [jvm.dll+0x27f8a6]
V  [jvm.dll+0xc507d]
V  [jvm.dll+0xc55b3]
V  [jvm.dll+0x3b692c]
V  [jvm.dll+0x1e0029]
V  [jvm.dll+0x247c42]
V  [jvm.dll+0x2470cf]
V  [jvm.dll+0x1c760e]
V  [jvm.dll+0x25695a]
V  [jvm.dll+0x254efa]
V  [jvm.dll+0x3f03f6]
V  [jvm.dll+0x851f6b]
V  [jvm.dll+0x6cc7dd]
C  [ucrtbase.dll+0x29333]
C  [KERNEL32.DLL+0x1259d]
C  [ntdll.dll+0x5af78]


---------------  P R O C E S S  ---------------

Threads class SMR info:
_java_thread_list=0x000001540a8f5770, length=38, elements={
0x00000153a795fc40, 0x00000153c02d2150, 0x00000153c02d3a50, 0x00000153c02d5cf0,
0x00000153c02d6ca0, 0x00000153c02dd500, 0x00000153c02e0100, 0x00000153c02e23a0,
0x00000153c02fc2e0, 0x00000154070ce410, 0x00000154070cc9d0, 0x00000154070cb620,
0x00000154070caf90, 0x00000154070cd060, 0x00000154070cbcb0, 0x00000154070cdd80,
0x00000154070cc340, 0x0000015407ff9a20, 0x0000015407ffc180, 0x0000015407ff5880,
0x0000015407ff5f10, 0x0000015407ff9390, 0x0000015407ff6c30, 0x0000015407ffb460,
0x0000015407ff7950, 0x0000015407ffa0b0, 0x0000015407ffcea0, 0x0000015407ff72c0,
0x0000015407ffa740, 0x0000015407ffadd0, 0x0000015407ffbaf0, 0x0000015407ff65a0,
0x0000015407ff8670, 0x0000015407ff7fe0, 0x000001540b1fc130, 0x000001540b1ffc40,
0x000001540b1fe200, 0x000001540b1f99d0
}

Java Threads: ( => current thread )
  0x00000153a795fc40 JavaThread "main"                              [_thread_blocked, id=12180, stack(0x0000002946000000,0x0000002946100000) (1024K)]
  0x00000153c02d2150 JavaThread "Reference Handler"          daemon [_thread_blocked, id=15524, stack(0x0000002946400000,0x0000002946500000) (1024K)]
  0x00000153c02d3a50 JavaThread "Finalizer"                  daemon [_thread_blocked, id=8472, stack(0x0000002946500000,0x0000002946600000) (1024K)]
  0x00000153c02d5cf0 JavaThread "Signal Dispatcher"          daemon [_thread_blocked, id=7488, stack(0x0000002946600000,0x0000002946700000) (1024K)]
  0x00000153c02d6ca0 JavaThread "Attach Listener"            daemon [_thread_blocked, id=15612, stack(0x0000002946700000,0x0000002946800000) (1024K)]
  0x00000153c02dd500 JavaThread "Service Thread"             daemon [_thread_blocked, id=12096, stack(0x0000002946800000,0x0000002946900000) (1024K)]
  0x00000153c02e0100 JavaThread "Monitor Deflation Thread"   daemon [_thread_blocked, id=7256, stack(0x0000002946900000,0x0000002946a00000) (1024K)]
=>0x00000153c02e23a0 JavaThread "C2 CompilerThread0"         daemon [_thread_in_native, id=12316, stack(0x0000002946a00000,0x0000002946b00000) (1024K)]
  0x00000153c02fc2e0 JavaThread "C1 CompilerThread0"         daemon [_thread_blocked, id=11064, stack(0x0000002946b00000,0x0000002946c00000) (1024K)]
  0x00000154070ce410 JavaThread "Common-Cleaner"             daemon [_thread_blocked, id=6804, stack(0x0000002946c00000,0x0000002946d00000) (1024K)]
  0x00000154070cc9d0 JavaThread "Notification Thread"        daemon [_thread_blocked, id=17136, stack(0x0000002946d00000,0x0000002946e00000) (1024K)]
  0x00000154070cb620 JavaThread "Active Thread: Equinox Container: 47cb7868-6b6c-4a3f-9b19-7421dc1e453d"        [_thread_blocked, id=8404, stack(0x0000002947500000,0x0000002947600000) (1024K)]
  0x00000154070caf90 JavaThread "Refresh Thread: Equinox Container: 47cb7868-6b6c-4a3f-9b19-7421dc1e453d" daemon [_thread_blocked, id=1532, stack(0x0000002947700000,0x0000002947800000) (1024K)]
  0x00000154070cd060 JavaThread "Framework Event Dispatcher: Equinox Container: 47cb7868-6b6c-4a3f-9b19-7421dc1e453d" daemon [_thread_blocked, id=13336, stack(0x0000002947800000,0x0000002947900000) (1024K)]
  0x00000154070cbcb0 JavaThread "Start Level: Equinox Container: 47cb7868-6b6c-4a3f-9b19-7421dc1e453d" daemon [_thread_blocked, id=6856, stack(0x0000002947900000,0x0000002947a00000) (1024K)]
  0x00000154070cdd80 JavaThread "Bundle File Closer"         daemon [_thread_blocked, id=16908, stack(0x0000002947a00000,0x0000002947b00000) (1024K)]
  0x00000154070cc340 JavaThread "SCR Component Actor"        daemon [_thread_blocked, id=16020, stack(0x0000002947b00000,0x0000002947c00000) (1024K)]
  0x0000015407ff9a20 JavaThread "Worker-JM"                         [_thread_blocked, id=15420, stack(0x0000002947d00000,0x0000002947e00000) (1024K)]
  0x0000015407ffc180 JavaThread "JNA Cleaner"                daemon [_thread_blocked, id=112, stack(0x0000002946e00000,0x0000002946f00000) (1024K)]
  0x0000015407ff5880 JavaThread "Worker-0: Java indexing... "        [_thread_blocked, id=17132, stack(0x0000002947e00000,0x0000002947f00000) (1024K)]
  0x0000015407ff5f10 JavaThread "Worker-1"                          [_thread_blocked, id=4324, stack(0x0000002947f00000,0x0000002948000000) (1024K)]
  0x0000015407ff9390 JavaThread "Worker-2"                          [_thread_blocked, id=15236, stack(0x0000002948100000,0x0000002948200000) (1024K)]
  0x0000015407ff6c30 JavaThread "Java indexing"              daemon [_thread_in_Java, id=16108, stack(0x0000002948200000,0x0000002948300000) (1024K)]
  0x0000015407ffb460 JavaThread "Worker-3"                          [_thread_blocked, id=16668, stack(0x0000002948500000,0x0000002948600000) (1024K)]
  0x0000015407ff7950 JavaThread "Worker-4"                          [_thread_blocked, id=12968, stack(0x0000002948600000,0x0000002948700000) (1024K)]
  0x0000015407ffa0b0 JavaThread "Thread-2"                   daemon [_thread_in_native, id=15028, stack(0x0000002948700000,0x0000002948800000) (1024K)]
  0x0000015407ffcea0 JavaThread "Thread-3"                   daemon [_thread_in_native, id=480, stack(0x0000002948800000,0x0000002948900000) (1024K)]
  0x0000015407ff72c0 JavaThread "Thread-4"                   daemon [_thread_in_native, id=6596, stack(0x0000002948900000,0x0000002948a00000) (1024K)]
  0x0000015407ffa740 JavaThread "Thread-5"                   daemon [_thread_in_native, id=12900, stack(0x0000002948a00000,0x0000002948b00000) (1024K)]
  0x0000015407ffadd0 JavaThread "Thread-6"                   daemon [_thread_in_native, id=12716, stack(0x0000002948b00000,0x0000002948c00000) (1024K)]
  0x0000015407ffbaf0 JavaThread "Thread-7"                   daemon [_thread_in_native, id=1936, stack(0x0000002948c00000,0x0000002948d00000) (1024K)]
  0x0000015407ff65a0 JavaThread "Thread-8"                   daemon [_thread_in_native, id=16424, stack(0x0000002948d00000,0x0000002948e00000) (1024K)]
  0x0000015407ff8670 JavaThread "Thread-9"                   daemon [_thread_in_native, id=10088, stack(0x0000002948e00000,0x0000002948f00000) (1024K)]
  0x0000015407ff7fe0 JavaThread "Thread-10"                  daemon [_thread_in_native, id=10452, stack(0x0000002948f00000,0x0000002949000000) (1024K)]
  0x000001540b1fc130 JavaThread "pool-2-thread-1"                   [_thread_blocked, id=13344, stack(0x0000002949000000,0x0000002949100000) (1024K)]
  0x000001540b1ffc40 JavaThread "WorkspaceEventsHandler"            [_thread_blocked, id=16028, stack(0x0000002949100000,0x0000002949200000) (1024K)]
  0x000001540b1fe200 JavaThread "pool-1-thread-1"                   [_thread_blocked, id=14712, stack(0x0000002949200000,0x0000002949300000) (1024K)]
  0x000001540b1f99d0 JavaThread "Worker-5: Building"                [_thread_in_native, id=11624, stack(0x0000002949300000,0x0000002949400000) (1024K)]
Total: 38

Other Threads:
  0x00000153c02b44b0 VMThread "VM Thread"                           [id=8440, stack(0x0000002946300000,0x0000002946400000) (1024K)]
  0x00000153c01eca00 WatcherThread "VM Periodic Task Thread"        [id=9684, stack(0x0000002946200000,0x0000002946300000) (1024K)]
  0x00000153a797efc0 WorkerThread "GC Thread#0"                     [id=8048, stack(0x0000002946100000,0x0000002946200000) (1024K)]
  0x0000015407c283e0 WorkerThread "GC Thread#1"                     [id=15736, stack(0x0000002946f00000,0x0000002947000000) (1024K)]
  0x00000154079c9dd0 WorkerThread "GC Thread#2"                     [id=13360, stack(0x0000002947000000,0x0000002947100000) (1024K)]
  0x00000154079ca170 WorkerThread "GC Thread#3"                     [id=9048, stack(0x0000002947100000,0x0000002947200000) (1024K)]
  0x00000154079c9170 WorkerThread "GC Thread#4"                     [id=12704, stack(0x0000002947200000,0x0000002947300000) (1024K)]
  0x00000154079c9510 WorkerThread "GC Thread#5"                     [id=8812, stack(0x0000002947300000,0x0000002947400000) (1024K)]
  0x00000154079a70f0 WorkerThread "GC Thread#6"                     [id=2904, stack(0x0000002947400000,0x0000002947500000) (1024K)]
  0x0000015407bf2ff0 WorkerThread "GC Thread#7"                     [id=3120, stack(0x0000002947600000,0x0000002947700000) (1024K)]
Total: 10

Threads with active compile tasks:
C2 CompilerThread0  14626 7610   !   4       org.eclipse.jdt.internal.core.search.indexing.BinaryIndexer::indexDocument (1168 bytes)
Total: 1

VM state: not at safepoint (normal execution)

VM Mutex/Monitor currently owned by a thread: None

Heap address: 0x0000000080000000, size: 2048 MB, Compressed Oops mode: 32-bit

CDS archive(s) mapped at: [0x00000153c1000000-0x00000153c1ba0000-0x00000153c1ba0000), size 12189696, SharedBaseAddress: 0x00000153c1000000, ArchiveRelocationMode: 1.
Compressed class space mapped at: 0x00000153c2000000-0x0000015402000000, reserved size: 1073741824
Narrow klass base: 0x00000153c1000000, Narrow klass shift: 0, Narrow klass range: 0x100000000

GC Precious Log:
 CardTable entry size: 512
 CPUs: 8 total, 8 available
 Memory: 7865M
 Large Page Support: Disabled
 NUMA Support: Disabled
 Compressed Oops: Enabled (32-bit)
 Alignments: Space 512K, Generation 512K, Heap 2M
 Heap Min Capacity: 100M
 Heap Initial Capacity: 100M
 Heap Max Capacity: 2G
 Pre-touch: Disabled
 Parallel Workers: 8

Heap:
 PSYoungGen      total 11776K, used 7965K [0x00000000d5580000, 0x00000000d6380000, 0x0000000100000000)
  eden space 9216K, 62% used [0x00000000d5580000,0x00000000d5b1af58,0x00000000d5e80000)
  from space 2560K, 86% used [0x00000000d6100000,0x00000000d632c790,0x00000000d6380000)
  to   space 2560K, 0% used [0x00000000d5e80000,0x00000000d5e80000,0x00000000d6100000)
 ParOldGen       total 126464K, used 126428K [0x0000000080000000, 0x0000000087b80000, 0x00000000d5580000)
  object space 126464K, 99% used [0x0000000080000000,0x0000000087b77058,0x0000000087b80000)
 Metaspace       used 48324K, committed 49600K, reserved 1114112K
  class space    used 5131K, committed 5696K, reserved 1048576K

Card table byte_map: [0x00000153bb620000,0x00000153bba30000] _byte_map_base: 0x00000153bb220000

Marking Bits: (ParMarkBitMap*) 0x00007ffdf26131f0
 Begin Bits: [0x00000153bbce0000, 0x00000153bdce0000)
 End Bits:   [0x00000153bdce0000, 0x00000153bfce0000)

Polling page: 0x00000153ac410000

Metaspace:

Usage:
  Non-class:     42.18 MB used.
      Class:      5.01 MB used.
       Both:     47.19 MB used.

Virtual space:
  Non-class space:       64.00 MB reserved,      42.88 MB ( 67%) committed,  1 nodes.
      Class space:        1.00 GB reserved,       5.56 MB ( <1%) committed,  1 nodes.
             Both:        1.06 GB reserved,      48.44 MB (  4%) committed. 

Chunk freelists:
   Non-Class:  4.95 MB
       Class:  10.38 MB
        Both:  15.33 MB

MaxMetaspaceSize: unlimited
CompressedClassSpaceSize: 1.00 GB
Initial GC threshold: 21.00 MB
Current GC threshold: 58.38 MB
CDS: on
 - commit_granule_bytes: 65536.
 - commit_granule_words: 8192.
 - virtual_space_node_default_size: 8388608.
 - enlarge_chunks_in_place: 1.
 - use_allocation_guard: 0.


Internal statistics:

num_allocs_failed_limit: 6.
num_arena_births: 1006.
num_arena_deaths: 14.
num_vsnodes_births: 2.
num_vsnodes_deaths: 0.
num_space_committed: 775.
num_space_uncommitted: 0.
num_chunks_returned_to_freelist: 20.
num_chunks_taken_from_freelist: 3308.
num_chunk_merges: 10.
num_chunk_splits: 1993.
num_chunks_enlarged: 1043.
num_inconsistent_stats: 0.

CodeHeap 'non-profiled nmethods': size=120000Kb used=3841Kb max_used=3841Kb free=116158Kb
 bounds [0x00000153b3f00000, 0x00000153b42d0000, 0x00000153bb430000]
CodeHeap 'profiled nmethods': size=120000Kb used=14395Kb max_used=14395Kb free=105604Kb
 bounds [0x00000153ac430000, 0x00000153ad240000, 0x00000153b3960000]
CodeHeap 'non-nmethods': size=5760Kb used=1384Kb max_used=1458Kb free=4375Kb
 bounds [0x00000153b3960000, 0x00000153b3bd0000, 0x00000153b3f00000]
 total_blobs=7710 nmethods=7023 adapters=593
 compilation: enabled
              stopped_count=0, restarted_count=0
 full_count=0

Compilation events (20 events):
Event: 13.864 Thread 0x00000153c02fc2e0 7628       3       org.eclipse.jdt.core.Signature::checkName (102 bytes)
Event: 13.866 Thread 0x00000153c02fc2e0 nmethod 7628 0x00000153ad235c10 code [0x00000153ad235e00, 0x00000153ad2362a8]
Event: 13.946 Thread 0x00000153c02fc2e0 7631       3       org.eclipse.core.internal.resources.Resource::getLocation (30 bytes)
Event: 13.947 Thread 0x00000153c02fc2e0 nmethod 7631 0x00000153ad236490 code [0x00000153ad2366e0, 0x00000153ad2371a8]
Event: 13.947 Thread 0x00000153c02fc2e0 7632       3       org.eclipse.core.internal.localstore.FileSystemResourceManager::locationFor (17 bytes)
Event: 13.948 Thread 0x00000153c02fc2e0 nmethod 7632 0x00000153ad237510 code [0x00000153ad2376e0, 0x00000153ad237968]
Event: 13.948 Thread 0x00000153c02fc2e0 7633       3       org.eclipse.core.internal.localstore.FileStoreRoot::localLocation (100 bytes)
Event: 13.950 Thread 0x00000153c02fc2e0 nmethod 7633 0x00000153ad237b10 code [0x00000153ad237da0, 0x00000153ad238a90]
Event: 14.135 Thread 0x00000153c02fc2e0 7635       3       org.eclipse.core.internal.dtree.DataTreeLookup::<init> (26 bytes)
Event: 14.136 Thread 0x00000153c02fc2e0 nmethod 7635 0x00000153ad238f90 code [0x00000153ad239140, 0x00000153ad2392e8]
Event: 14.136 Thread 0x00000153c02fc2e0 7636       3       java.util.concurrent.ConcurrentHashMap$KeySetView::contains (9 bytes)
Event: 14.136 Thread 0x00000153c02fc2e0 nmethod 7636 0x00000153ad239390 code [0x00000153ad239540, 0x00000153ad239838]
Event: 14.136 Thread 0x00000153c02fc2e0 7637       3       org.eclipse.core.runtime.Path::makeAbsolute (66 bytes)
Event: 14.137 Thread 0x00000153c02fc2e0 nmethod 7637 0x00000153ad239910 code [0x00000153ad239b20, 0x00000153ad239fb8]
Event: 14.188 Thread 0x00000153c02fc2e0 7638       3       org.eclipse.jdt.internal.core.ClasspathEntry::resolveDotDot (271 bytes)
Event: 14.190 Thread 0x00000153c02fc2e0 nmethod 7638 0x00000153ad23a190 code [0x00000153ad23a560, 0x00000153ad23be48]
Event: 14.298 Thread 0x00000153c02fc2e0 7639       3       org.eclipse.jdt.internal.compiler.classfmt.FieldInfo::decodeAnnotations (185 bytes)
Event: 14.300 Thread 0x00000153c02fc2e0 nmethod 7639 0x00000153ad23c890 code [0x00000153ad23caa0, 0x00000153ad23d588]
Event: 14.444 Thread 0x00000153c02fc2e0 7640       3       org.eclipse.jdt.internal.compiler.classfmt.ClassFileReader::decodeAnnotations (252 bytes)
Event: 14.446 Thread 0x00000153c02fc2e0 nmethod 7640 0x00000153ad23d910 code [0x00000153ad23db60, 0x00000153ad23ea90]

GC Heap History (20 events):
Event: 13.600 GC heap before
{Heap before GC invocations=53 (full 2):
 PSYoungGen      total 11776K, used 11624K [0x00000000d5580000, 0x00000000d6380000, 0x0000000100000000)
  eden space 9216K, 100% used [0x00000000d5580000,0x00000000d5e80000,0x00000000d5e80000)
  from space 2560K, 94% used [0x00000000d6100000,0x00000000d635a128,0x00000000d6380000)
  to   space 2560K, 0% used [0x00000000d5e80000,0x00000000d5e80000,0x00000000d6100000)
 ParOldGen       total 103424K, used 103384K [0x0000000080000000, 0x0000000086500000, 0x00000000d5580000)
  object space 103424K, 99% used [0x0000000080000000,0x00000000864f61d8,0x0000000086500000)
 Metaspace       used 48315K, committed 49600K, reserved 1114112K
  class space    used 5131K, committed 5696K, reserved 1048576K
}
Event: 13.604 GC heap after
{Heap after GC invocations=53 (full 2):
 PSYoungGen      total 11776K, used 2305K [0x00000000d5580000, 0x00000000d6380000, 0x0000000100000000)
  eden space 9216K, 0% used [0x00000000d5580000,0x00000000d5580000,0x00000000d5e80000)
  from space 2560K, 90% used [0x00000000d5e80000,0x00000000d60c0698,0x00000000d6100000)
  to   space 2560K, 0% used [0x00000000d6100000,0x00000000d6100000,0x00000000d6380000)
 ParOldGen       total 105984K, used 105621K [0x0000000080000000, 0x0000000086780000, 0x00000000d5580000)
  object space 105984K, 99% used [0x0000000080000000,0x0000000086725790,0x0000000086780000)
 Metaspace       used 48315K, committed 49600K, reserved 1114112K
  class space    used 5131K, committed 5696K, reserved 1048576K
}
Event: 13.705 GC heap before
{Heap before GC invocations=54 (full 2):
 PSYoungGen      total 11776K, used 11521K [0x00000000d5580000, 0x00000000d6380000, 0x0000000100000000)
  eden space 9216K, 100% used [0x00000000d5580000,0x00000000d5e80000,0x00000000d5e80000)
  from space 2560K, 90% used [0x00000000d5e80000,0x00000000d60c0698,0x00000000d6100000)
  to   space 2560K, 0% used [0x00000000d6100000,0x00000000d6100000,0x00000000d6380000)
 ParOldGen       total 105984K, used 105621K [0x0000000080000000, 0x0000000086780000, 0x00000000d5580000)
  object space 105984K, 99% used [0x0000000080000000,0x0000000086725790,0x0000000086780000)
 Metaspace       used 48315K, committed 49600K, reserved 1114112K
  class space    used 5131K, committed 5696K, reserved 1048576K
}
Event: 13.709 GC heap after
{Heap after GC invocations=54 (full 2):
 PSYoungGen      total 11776K, used 2382K [0x00000000d5580000, 0x00000000d6380000, 0x0000000100000000)
  eden space 9216K, 0% used [0x00000000d5580000,0x00000000d5580000,0x00000000d5e80000)
  from space 2560K, 93% used [0x00000000d6100000,0x00000000d6353a30,0x00000000d6380000)
  to   space 2560K, 0% used [0x00000000d5e80000,0x00000000d5e80000,0x00000000d6100000)
 ParOldGen       total 108032K, used 107758K [0x0000000080000000, 0x0000000086980000, 0x00000000d5580000)
  object space 108032K, 99% used [0x0000000080000000,0x000000008693bb40,0x0000000086980000)
 Metaspace       used 48315K, committed 49600K, reserved 1114112K
  class space    used 5131K, committed 5696K, reserved 1048576K
}
Event: 13.839 GC heap before
{Heap before GC invocations=55 (full 2):
 PSYoungGen      total 11776K, used 11598K [0x00000000d5580000, 0x00000000d6380000, 0x0000000100000000)
  eden space 9216K, 100% used [0x00000000d5580000,0x00000000d5e80000,0x00000000d5e80000)
  from space 2560K, 93% used [0x00000000d6100000,0x00000000d6353a30,0x00000000d6380000)
  to   space 2560K, 0% used [0x00000000d5e80000,0x00000000d5e80000,0x00000000d6100000)
 ParOldGen       total 108032K, used 107758K [0x0000000080000000, 0x0000000086980000, 0x00000000d5580000)
  object space 108032K, 99% used [0x0000000080000000,0x000000008693bb40,0x0000000086980000)
 Metaspace       used 48315K, committed 49600K, reserved 1114112K
  class space    used 5131K, committed 5696K, reserved 1048576K
}
Event: 13.849 GC heap after
{Heap after GC invocations=55 (full 2):
 PSYoungGen      total 11776K, used 2028K [0x00000000d5580000, 0x00000000d6380000, 0x0000000100000000)
  eden space 9216K, 0% used [0x00000000d5580000,0x00000000d5580000,0x00000000d5e80000)
  from space 2560K, 79% used [0x00000000d5e80000,0x00000000d607b2c0,0x00000000d6100000)
  to   space 2560K, 0% used [0x00000000d6100000,0x00000000d6100000,0x00000000d6380000)
 ParOldGen       total 112128K, used 111731K [0x0000000080000000, 0x0000000086d80000, 0x00000000d5580000)
  object space 112128K, 99% used [0x0000000080000000,0x0000000086d1cce8,0x0000000086d80000)
 Metaspace       used 48315K, committed 49600K, reserved 1114112K
  class space    used 5131K, committed 5696K, reserved 1048576K
}
Event: 13.921 GC heap before
{Heap before GC invocations=56 (full 2):
 PSYoungGen      total 11776K, used 11244K [0x00000000d5580000, 0x00000000d6380000, 0x0000000100000000)
  eden space 9216K, 100% used [0x00000000d5580000,0x00000000d5e80000,0x00000000d5e80000)
  from space 2560K, 79% used [0x00000000d5e80000,0x00000000d607b2c0,0x00000000d6100000)
  to   space 2560K, 0% used [0x00000000d6100000,0x00000000d6100000,0x00000000d6380000)
 ParOldGen       total 112128K, used 111731K [0x0000000080000000, 0x0000000086d80000, 0x00000000d5580000)
  object space 112128K, 99% used [0x0000000080000000,0x0000000086d1cce8,0x0000000086d80000)
 Metaspace       used 48317K, committed 49600K, reserved 1114112K
  class space    used 5131K, committed 5696K, reserved 1048576K
}
Event: 13.924 GC heap after
{Heap after GC invocations=56 (full 2):
 PSYoungGen      total 11776K, used 2335K [0x00000000d5580000, 0x00000000d6380000, 0x0000000100000000)
  eden space 9216K, 0% used [0x00000000d5580000,0x00000000d5580000,0x00000000d5e80000)
  from space 2560K, 91% used [0x00000000d6100000,0x00000000d6347f00,0x00000000d6380000)
  to   space 2560K, 0% used [0x00000000d5e80000,0x00000000d5e80000,0x00000000d6100000)
 ParOldGen       total 113664K, used 113600K [0x0000000080000000, 0x0000000086f00000, 0x00000000d5580000)
  object space 113664K, 99% used [0x0000000080000000,0x0000000086ef00f0,0x0000000086f00000)
 Metaspace       used 48317K, committed 49600K, reserved 1114112K
  class space    used 5131K, committed 5696K, reserved 1048576K
}
Event: 14.023 GC heap before
{Heap before GC invocations=57 (full 2):
 PSYoungGen      total 11776K, used 11551K [0x00000000d5580000, 0x00000000d6380000, 0x0000000100000000)
  eden space 9216K, 100% used [0x00000000d5580000,0x00000000d5e80000,0x00000000d5e80000)
  from space 2560K, 91% used [0x00000000d6100000,0x00000000d6347f00,0x00000000d6380000)
  to   space 2560K, 0% used [0x00000000d5e80000,0x00000000d5e80000,0x00000000d6100000)
 ParOldGen       total 113664K, used 113600K [0x0000000080000000, 0x0000000086f00000, 0x00000000d5580000)
  object space 113664K, 99% used [0x0000000080000000,0x0000000086ef00f0,0x0000000086f00000)
 Metaspace       used 48320K, committed 49600K, reserved 1114112K
  class space    used 5131K, committed 5696K, reserved 1048576K
}
Event: 14.030 GC heap after
{Heap after GC invocations=57 (full 2):
 PSYoungGen      total 11776K, used 2239K [0x00000000d5580000, 0x00000000d6380000, 0x0000000100000000)
  eden space 9216K, 0% used [0x00000000d5580000,0x00000000d5580000,0x00000000d5e80000)
  from space 2560K, 87% used [0x00000000d5e80000,0x00000000d60afeb0,0x00000000d6100000)
  to   space 2560K, 0% used [0x00000000d6100000,0x00000000d6100000,0x00000000d6380000)
 ParOldGen       total 116224K, used 115722K [0x0000000080000000, 0x0000000087180000, 0x00000000d5580000)
  object space 116224K, 99% used [0x0000000080000000,0x0000000087102950,0x0000000087180000)
 Metaspace       used 48320K, committed 49600K, reserved 1114112K
  class space    used 5131K, committed 5696K, reserved 1048576K
}
Event: 14.158 GC heap before
{Heap before GC invocations=58 (full 2):
 PSYoungGen      total 11776K, used 11455K [0x00000000d5580000, 0x00000000d6380000, 0x0000000100000000)
  eden space 9216K, 100% used [0x00000000d5580000,0x00000000d5e80000,0x00000000d5e80000)
  from space 2560K, 87% used [0x00000000d5e80000,0x00000000d60afeb0,0x00000000d6100000)
  to   space 2560K, 0% used [0x00000000d6100000,0x00000000d6100000,0x00000000d6380000)
 ParOldGen       total 116224K, used 115722K [0x0000000080000000, 0x0000000087180000, 0x00000000d5580000)
  object space 116224K, 99% used [0x0000000080000000,0x0000000087102950,0x0000000087180000)
 Metaspace       used 48322K, committed 49600K, reserved 1114112K
  class space    used 5131K, committed 5696K, reserved 1048576K
}
Event: 14.166 GC heap after
{Heap after GC invocations=58 (full 2):
 PSYoungGen      total 11776K, used 2326K [0x00000000d5580000, 0x00000000d6380000, 0x0000000100000000)
  eden space 9216K, 0% used [0x00000000d5580000,0x00000000d5580000,0x00000000d5e80000)
  from space 2560K, 90% used [0x00000000d6100000,0x00000000d6345870,0x00000000d6380000)
  to   space 2560K, 0% used [0x00000000d5e80000,0x00000000d5e80000,0x00000000d6100000)
 ParOldGen       total 118272K, used 117839K [0x0000000080000000, 0x0000000087380000, 0x00000000d5580000)
  object space 118272K, 99% used [0x0000000080000000,0x0000000087313fb0,0x0000000087380000)
 Metaspace       used 48322K, committed 49600K, reserved 1114112K
  class space    used 5131K, committed 5696K, reserved 1048576K
}
Event: 14.252 GC heap before
{Heap before GC invocations=59 (full 2):
 PSYoungGen      total 11776K, used 11542K [0x00000000d5580000, 0x00000000d6380000, 0x0000000100000000)
  eden space 9216K, 100% used [0x00000000d5580000,0x00000000d5e80000,0x00000000d5e80000)
  from space 2560K, 90% used [0x00000000d6100000,0x00000000d6345870,0x00000000d6380000)
  to   space 2560K, 0% used [0x00000000d5e80000,0x00000000d5e80000,0x00000000d6100000)
 ParOldGen       total 118272K, used 117839K [0x0000000080000000, 0x0000000087380000, 0x00000000d5580000)
  object space 118272K, 99% used [0x0000000080000000,0x0000000087313fb0,0x0000000087380000)
 Metaspace       used 48324K, committed 49600K, reserved 1114112K
  class space    used 5131K, committed 5696K, reserved 1048576K
}
Event: 14.255 GC heap after
{Heap after GC invocations=59 (full 2):
 PSYoungGen      total 11776K, used 2196K [0x00000000d5580000, 0x00000000d6380000, 0x0000000100000000)
  eden space 9216K, 0% used [0x00000000d5580000,0x00000000d5580000,0x00000000d5e80000)
  from space 2560K, 85% used [0x00000000d5e80000,0x00000000d60a5230,0x00000000d6100000)
  to   space 2560K, 0% used [0x00000000d6100000,0x00000000d6100000,0x00000000d6380000)
 ParOldGen       total 120320K, used 119980K [0x0000000080000000, 0x0000000087580000, 0x00000000d5580000)
  object space 120320K, 99% used [0x0000000080000000,0x000000008752b108,0x0000000087580000)
 Metaspace       used 48324K, committed 49600K, reserved 1114112K
  class space    used 5131K, committed 5696K, reserved 1048576K
}
Event: 14.372 GC heap before
{Heap before GC invocations=60 (full 2):
 PSYoungGen      total 11776K, used 11412K [0x00000000d5580000, 0x00000000d6380000, 0x0000000100000000)
  eden space 9216K, 100% used [0x00000000d5580000,0x00000000d5e80000,0x00000000d5e80000)
  from space 2560K, 85% used [0x00000000d5e80000,0x00000000d60a5230,0x00000000d6100000)
  to   space 2560K, 0% used [0x00000000d6100000,0x00000000d6100000,0x00000000d6380000)
 ParOldGen       total 120320K, used 119980K [0x0000000080000000, 0x0000000087580000, 0x00000000d5580000)
  object space 120320K, 99% used [0x0000000080000000,0x000000008752b108,0x0000000087580000)
 Metaspace       used 48324K, committed 49600K, reserved 1114112K
  class space    used 5131K, committed 5696K, reserved 1048576K
}
Event: 14.379 GC heap after
{Heap after GC invocations=60 (full 2):
 PSYoungGen      total 11776K, used 2342K [0x00000000d5580000, 0x00000000d6380000, 0x0000000100000000)
  eden space 9216K, 0% used [0x00000000d5580000,0x00000000d5580000,0x00000000d5e80000)
  from space 2560K, 91% used [0x00000000d6100000,0x00000000d6349ab8,0x00000000d6380000)
  to   space 2560K, 0% used [0x00000000d5e80000,0x00000000d5e80000,0x00000000d6100000)
 ParOldGen       total 122368K, used 121987K [0x0000000080000000, 0x0000000087780000, 0x00000000d5580000)
  object space 122368K, 99% used [0x0000000080000000,0x0000000087720d80,0x0000000087780000)
 Metaspace       used 48324K, committed 49600K, reserved 1114112K
  class space    used 5131K, committed 5696K, reserved 1048576K
}
Event: 14.469 GC heap before
{Heap before GC invocations=61 (full 2):
 PSYoungGen      total 11776K, used 11558K [0x00000000d5580000, 0x00000000d6380000, 0x0000000100000000)
  eden space 9216K, 100% used [0x00000000d5580000,0x00000000d5e80000,0x00000000d5e80000)
  from space 2560K, 91% used [0x00000000d6100000,0x00000000d6349ab8,0x00000000d6380000)
  to   space 2560K, 0% used [0x00000000d5e80000,0x00000000d5e80000,0x00000000d6100000)
 ParOldGen       total 122368K, used 121987K [0x0000000080000000, 0x0000000087780000, 0x00000000d5580000)
  object space 122368K, 99% used [0x0000000080000000,0x0000000087720d80,0x0000000087780000)
 Metaspace       used 48324K, committed 49600K, reserved 1114112K
  class space    used 5131K, committed 5696K, reserved 1048576K
}
Event: 14.472 GC heap after
{Heap after GC invocations=61 (full 2):
 PSYoungGen      total 11776K, used 2410K [0x00000000d5580000, 0x00000000d6380000, 0x0000000100000000)
  eden space 9216K, 0% used [0x00000000d5580000,0x00000000d5580000,0x00000000d5e80000)
  from space 2560K, 94% used [0x00000000d5e80000,0x00000000d60daa58,0x00000000d6100000)
  to   space 2560K, 0% used [0x00000000d6100000,0x00000000d6100000,0x00000000d6380000)
 ParOldGen       total 124416K, used 124153K [0x0000000080000000, 0x0000000087980000, 0x00000000d5580000)
  object space 124416K, 99% used [0x0000000080000000,0x000000008793e440,0x0000000087980000)
 Metaspace       used 48324K, committed 49600K, reserved 1114112K
  class space    used 5131K, committed 5696K, reserved 1048576K
}
Event: 14.538 GC heap before
{Heap before GC invocations=62 (full 2):
 PSYoungGen      total 11776K, used 11626K [0x00000000d5580000, 0x00000000d6380000, 0x0000000100000000)
  eden space 9216K, 100% used [0x00000000d5580000,0x00000000d5e80000,0x00000000d5e80000)
  from space 2560K, 94% used [0x00000000d5e80000,0x00000000d60daa58,0x00000000d6100000)
  to   space 2560K, 0% used [0x00000000d6100000,0x00000000d6100000,0x00000000d6380000)
 ParOldGen       total 124416K, used 124153K [0x0000000080000000, 0x0000000087980000, 0x00000000d5580000)
  object space 124416K, 99% used [0x0000000080000000,0x000000008793e440,0x0000000087980000)
 Metaspace       used 48324K, committed 49600K, reserved 1114112K
  class space    used 5131K, committed 5696K, reserved 1048576K
}
Event: 14.542 GC heap after
{Heap after GC invocations=62 (full 2):
 PSYoungGen      total 11776K, used 2225K [0x00000000d5580000, 0x00000000d6380000, 0x0000000100000000)
  eden space 9216K, 0% used [0x00000000d5580000,0x00000000d5580000,0x00000000d5e80000)
  from space 2560K, 86% used [0x00000000d6100000,0x00000000d632c790,0x00000000d6380000)
  to   space 2560K, 0% used [0x00000000d5e80000,0x00000000d5e80000,0x00000000d6100000)
 ParOldGen       total 126464K, used 126428K [0x0000000080000000, 0x0000000087b80000, 0x00000000d5580000)
  object space 126464K, 99% used [0x0000000080000000,0x0000000087b77058,0x0000000087b80000)
 Metaspace       used 48324K, committed 49600K, reserved 1114112K
  class space    used 5131K, committed 5696K, reserved 1048576K
}

Dll operation events (10 events):
Event: 0.028 Loaded shared library c:\Users\obeng\.cursor\extensions\redhat.java-1.43.1-win32-x64\jre\21.0.7-win32-x86_64\bin\java.dll
Event: 0.131 Loaded shared library c:\Users\obeng\.cursor\extensions\redhat.java-1.43.1-win32-x64\jre\21.0.7-win32-x86_64\bin\zip.dll
Event: 0.157 Loaded shared library C:\Users\obeng\.cursor\extensions\redhat.java-1.43.1-win32-x64\jre\21.0.7-win32-x86_64\bin\instrument.dll
Event: 0.163 Loaded shared library C:\Users\obeng\.cursor\extensions\redhat.java-1.43.1-win32-x64\jre\21.0.7-win32-x86_64\bin\net.dll
Event: 0.166 Loaded shared library C:\Users\obeng\.cursor\extensions\redhat.java-1.43.1-win32-x64\jre\21.0.7-win32-x86_64\bin\nio.dll
Event: 0.170 Loaded shared library C:\Users\obeng\.cursor\extensions\redhat.java-1.43.1-win32-x64\jre\21.0.7-win32-x86_64\bin\zip.dll
Event: 0.229 Loaded shared library C:\Users\obeng\.cursor\extensions\redhat.java-1.43.1-win32-x64\jre\21.0.7-win32-x86_64\bin\jimage.dll
Event: 0.499 Loaded shared library c:\Users\obeng\.cursor\extensions\redhat.java-1.43.1-win32-x64\jre\21.0.7-win32-x86_64\bin\verify.dll
Event: 2.171 Loaded shared library C:\Users\obeng\AppData\Roaming\Cursor\User\globalStorage\redhat.java\1.43.1\config_win\org.eclipse.equinox.launcher\org.eclipse.equinox.launcher.win32.win32.x86_64_1.2.1300.v20250331-1702\eclipse_11911.dll
Event: 4.043 Loaded shared library C:\Users\obeng\AppData\Local\Temp\jna-2331414\jna4334951299948081609.dll

Deoptimization events (20 events):
Event: 12.974 Thread 0x0000015407ff6c30 Uncommon trap: trap_request=0xffffffe4 fr.pc=0x00000153b42b37c4 relative=0x0000000000000f84
Event: 12.974 Thread 0x0000015407ff6c30 Uncommon trap: reason=range_check action=make_not_entrant pc=0x00000153b42b37c4 method=org.eclipse.jdt.internal.core.search.matching.ConstructorPattern.createDeclarationIndexKey([CI[C[[C[[CI[CII)[C @ 352 c2
Event: 12.974 Thread 0x0000015407ff6c30 DEOPT PACKING pc=0x00000153b42b37c4 sp=0x00000029482fe330
Event: 12.974 Thread 0x0000015407ff6c30 DEOPT UNPACKING pc=0x00000153b39b3aa2 sp=0x00000029482fe280 mode 2
Event: 13.140 Thread 0x0000015407ff6c30 Uncommon trap: trap_request=0xffffff45 fr.pc=0x00000153b4218a80 relative=0x0000000000002400
Event: 13.140 Thread 0x0000015407ff6c30 Uncommon trap: reason=unstable_if action=reinterpret pc=0x00000153b4218a80 method=org.eclipse.jdt.internal.compiler.classfmt.MethodInfo.decodeLocalVariableAttribute(II)V @ 14 c2
Event: 13.140 Thread 0x0000015407ff6c30 DEOPT PACKING pc=0x00000153b4218a80 sp=0x00000029482fe3a0
Event: 13.140 Thread 0x0000015407ff6c30 DEOPT UNPACKING pc=0x00000153b39b3aa2 sp=0x00000029482fe2e0 mode 2
Event: 13.151 Thread 0x0000015407ff6c30 DEOPT PACKING pc=0x00000153ad1a6f16 sp=0x00000029482fe170
Event: 13.151 Thread 0x0000015407ff6c30 DEOPT UNPACKING pc=0x00000153b39b4242 sp=0x00000029482fd648 mode 0
Event: 13.151 Thread 0x0000015407ff6c30 DEOPT PACKING pc=0x00000153ad19acd7 sp=0x00000029482fe200
Event: 13.151 Thread 0x0000015407ff6c30 DEOPT UNPACKING pc=0x00000153b39b4242 sp=0x00000029482fd668 mode 0
Event: 13.671 Thread 0x0000015407ff6c30 Uncommon trap: trap_request=0xffffff45 fr.pc=0x00000153b42adafc relative=0x000000000000151c
Event: 13.671 Thread 0x0000015407ff6c30 Uncommon trap: reason=unstable_if action=reinterpret pc=0x00000153b42adafc method=org.eclipse.jdt.internal.compiler.util.JrtFileSystem$2.preVisitDirectory(Ljava/nio/file/Path;Ljava/nio/file/attribute/BasicFileAttributes;)Ljava/nio/file/FileVisitResult; @ 
Event: 13.671 Thread 0x0000015407ff6c30 DEOPT PACKING pc=0x00000153b42adafc sp=0x00000029482feb00
Event: 13.671 Thread 0x0000015407ff6c30 DEOPT UNPACKING pc=0x00000153b39b3aa2 sp=0x00000029482fea90 mode 2
Event: 13.671 Thread 0x0000015407ff6c30 Uncommon trap: trap_request=0xffffff45 fr.pc=0x00000153b42bfd84 relative=0x00000000000009e4
Event: 13.671 Thread 0x0000015407ff6c30 Uncommon trap: reason=unstable_if action=reinterpret pc=0x00000153b42bfd84 method=org.eclipse.jdt.internal.compiler.parser.Scanner.internalScanIdentifierOrKeyword(II[C)Lorg/eclipse/jdt/internal/compiler/parser/TerminalToken; @ 3 c2
Event: 13.671 Thread 0x0000015407ff6c30 DEOPT PACKING pc=0x00000153b42bfd84 sp=0x00000029482fe6f0
Event: 13.671 Thread 0x0000015407ff6c30 DEOPT UNPACKING pc=0x00000153b39b3aa2 sp=0x00000029482fe678 mode 2

Classes loaded (20 events):
Event: 8.414 Loading class jdk/internal/org/objectweb/asm/ClassReader
Event: 8.416 Loading class jdk/internal/org/objectweb/asm/ClassReader done
Event: 8.573 Loading class java/lang/invoke/MethodHandleImpl$CountingWrapper
Event: 8.575 Loading class java/lang/invoke/MethodHandleImpl$CountingWrapper done
Event: 9.075 Loading class java/lang/ProcessEnvironment$CheckedKeySet
Event: 9.075 Loading class java/lang/ProcessEnvironment$CheckedKeySet done
Event: 9.238 Loading class java/util/concurrent/CompletableFuture$AltResult
Event: 9.238 Loading class java/util/concurrent/CompletableFuture$AltResult done
Event: 9.238 Loading class java/util/concurrent/CompletableFuture$Completion
Event: 9.238 Loading class java/util/concurrent/CompletableFuture$AsynchronousCompletionTask
Event: 9.239 Loading class java/util/concurrent/CompletableFuture$AsynchronousCompletionTask done
Event: 9.239 Loading class java/util/concurrent/CompletableFuture$Completion done
Event: 9.343 Loading class sun/nio/ch/WindowsAsynchronousFileChannelImpl$WriteTask
Event: 9.343 Loading class sun/nio/ch/WindowsAsynchronousFileChannelImpl$WriteTask done
Event: 9.456 Loading class java/util/regex/Pattern$Pos
Event: 9.456 Loading class java/util/regex/Pattern$Pos done
Event: 9.492 Loading class sun/security/provider/MD5
Event: 9.493 Loading class sun/security/provider/MD5 done
Event: 9.493 Loading class sun/security/provider/ByteArrayAccess$LE
Event: 9.493 Loading class sun/security/provider/ByteArrayAccess$LE done

Classes unloaded (7 events):
Event: 4.974 Thread 0x00000153c02b44b0 Unloading class 0x00000153c21a5000 'java/lang/invoke/LambdaForm$MH+0x00000153c21a5000'
Event: 4.974 Thread 0x00000153c02b44b0 Unloading class 0x00000153c21a4c00 'java/lang/invoke/LambdaForm$MH+0x00000153c21a4c00'
Event: 4.974 Thread 0x00000153c02b44b0 Unloading class 0x00000153c21a4800 'java/lang/invoke/LambdaForm$MH+0x00000153c21a4800'
Event: 4.974 Thread 0x00000153c02b44b0 Unloading class 0x00000153c21a4400 'java/lang/invoke/LambdaForm$MH+0x00000153c21a4400'
Event: 4.974 Thread 0x00000153c02b44b0 Unloading class 0x00000153c21a4000 'java/lang/invoke/LambdaForm$BMH+0x00000153c21a4000'
Event: 4.974 Thread 0x00000153c02b44b0 Unloading class 0x00000153c21a3c00 'java/lang/invoke/LambdaForm$DMH+0x00000153c21a3c00'
Event: 4.974 Thread 0x00000153c02b44b0 Unloading class 0x00000153c21a2800 'java/lang/invoke/LambdaForm$DMH+0x00000153c21a2800'

Classes redefined (0 events):
No events

Internal exceptions (20 events):
Event: 7.589 Thread 0x0000015407ff6c30 Exception <a 'java/lang/NoSuchMethodError'{0x00000000d6165110}: 'java.lang.Object java.lang.invoke.DirectMethodHandle$Holder.newInvokeSpecial(java.lang.Object, java.lang.Object, java.lang.Object, int)'> (0x00000000d6165110) 
thrown [s\src\hotspot\share\interpreter\linkResolver.cpp, line 773]
Event: 7.591 Thread 0x0000015407ff6c30 Exception <a 'java/lang/NoSuchMethodError'{0x00000000d6168dc8}: 'java.lang.Object java.lang.invoke.DirectMethodHandle$Holder.invokeSpecial(java.lang.Object, java.lang.Object, java.lang.Object, java.lang.Object, int)'> (0x00000000d6168dc8) 
thrown [s\src\hotspot\share\interpreter\linkResolver.cpp, line 773]
Event: 7.592 Thread 0x0000015407ff6c30 Exception <a 'java/lang/NoSuchMethodError'{0x00000000d630e9b8}: 'java.lang.Object java.lang.invoke.Invokers$Holder.linkToTargetMethod(java.lang.Object, java.lang.Object, int, java.lang.Object)'> (0x00000000d630e9b8) 
thrown [s\src\hotspot\share\interpreter\linkResolver.cpp, line 773]
Event: 7.595 Thread 0x0000015407ff6c30 Exception <a 'java/lang/NoSuchMethodError'{0x00000000d631aa38}: 'void java.lang.invoke.DirectMethodHandle$Holder.invokeStaticInit(java.lang.Object, java.lang.Object, java.lang.Object)'> (0x00000000d631aa38) 
thrown [s\src\hotspot\share\interpreter\linkResolver.cpp, line 773]
Event: 8.348 Thread 0x0000015407ff5f10 Exception <a 'java/lang/ExceptionInInitializerError'{0x00000000d6522998}> (0x00000000d6522998) 
thrown [s\src\hotspot\share\oops\instanceKlass.cpp, line 1220]
Event: 8.408 Thread 0x0000015407ff9390 Exception <a 'java/io/FileNotFoundException'{0x00000000d56755d0}> (0x00000000d56755d0) 
thrown [s\src\hotspot\share\prims\jni.cpp, line 520]
Event: 8.408 Thread 0x0000015407ff9390 Exception <a 'java/io/FileNotFoundException'{0x00000000d56765e8}> (0x00000000d56765e8) 
thrown [s\src\hotspot\share\prims\jni.cpp, line 520]
Event: 8.408 Thread 0x0000015407ff9390 Exception <a 'java/io/FileNotFoundException'{0x00000000d5677350}> (0x00000000d5677350) 
thrown [s\src\hotspot\share\prims\jni.cpp, line 520]
Event: 8.420 Thread 0x0000015407ff5f10 Implicit null exception at 0x00000153b403c67e to 0x00000153b403c8f0
Event: 8.420 Thread 0x0000015407ff5f10 Implicit null exception at 0x00000153b3fb209c to 0x00000153b3fb2fb8
Event: 8.426 Thread 0x0000015407ff5f10 Exception <a 'java/lang/NoSuchMethodError'{0x00000000d58b70b8}: 'java.lang.Object java.lang.invoke.Invokers$Holder.invokeExact_MT(java.lang.Object, int, java.lang.Object)'> (0x00000000d58b70b8) 
thrown [s\src\hotspot\share\interpreter\linkResolver.cpp, line 773]
Event: 8.438 Thread 0x000001540b1f99d0 Exception <a 'sun/nio/fs/WindowsException'{0x00000000d5a84f98}> (0x00000000d5a84f98) 
thrown [s\src\hotspot\share\prims\jni.cpp, line 520]
Event: 8.438 Thread 0x000001540b1f99d0 Exception <a 'sun/nio/fs/WindowsException'{0x00000000d5a856c8}> (0x00000000d5a856c8) 
thrown [s\src\hotspot\share\prims\jni.cpp, line 520]
Event: 8.522 Thread 0x000001540b1fe200 Exception <a 'java/io/FileNotFoundException'{0x00000000d61f7318}> (0x00000000d61f7318) 
thrown [s\src\hotspot\share\prims\jni.cpp, line 520]
Event: 8.572 Thread 0x000001540b1fe200 Exception <a 'java/lang/NoSuchMethodError'{0x00000000d664aac8}: 'java.lang.Object java.lang.invoke.DirectMethodHandle$Holder.invokeStatic(java.lang.Object, int, java.lang.Object, java.lang.Object)'> (0x00000000d664aac8) 
thrown [s\src\hotspot\share\interpreter\linkResolver.cpp, line 773]
Event: 8.572 Thread 0x000001540b1fe200 Exception <a 'java/lang/NoSuchMethodError'{0x00000000d664f080}: 'java.lang.Object java.lang.invoke.DelegatingMethodHandle$Holder.delegate(java.lang.Object, int, java.lang.Object, java.lang.Object)'> (0x00000000d664f080) 
thrown [s\src\hotspot\share\interpreter\linkResolver.cpp, line 773]
Event: 8.578 Thread 0x000001540b1fe200 Exception <a 'java/lang/NoSuchMethodError'{0x00000000d6698d48}: 'int java.lang.invoke.Invokers$Holder.linkToTargetMethod(java.lang.Object, java.lang.Object, java.lang.Object)'> (0x00000000d6698d48) 
thrown [s\src\hotspot\share\interpreter\linkResolver.cpp, line 773]
Event: 8.591 Thread 0x0000015407ff6c30 Implicit null exception at 0x00000153b416d35a to 0x00000153b416d458
Event: 9.052 Thread 0x0000015407ff5f10 Exception <a 'java/lang/NoClassDefFoundError'{0x00000000d59882f8}: com/google/inject/servlet/ServletModuleTargetVisitor> (0x00000000d59882f8) 
thrown [s\src\hotspot\share\classfile\systemDictionary.cpp, line 301]
Event: 9.358 Thread 0x000001540b1fe200 Exception <a 'java/lang/IncompatibleClassChangeError'{0x00000000d595c490}: Found class java.lang.Object, but interface was expected> (0x00000000d595c490) 
thrown [s\src\hotspot\share\interpreter\linkResolver.cpp, line 840]

ZGC Phase Switch (0 events):
No events

VM Operations (20 events):
Event: 13.600 Executing VM operation: ParallelGCFailedAllocation (Allocation Failure)
Event: 13.604 Executing VM operation: ParallelGCFailedAllocation (Allocation Failure) done
Event: 13.705 Executing VM operation: ParallelGCFailedAllocation (Allocation Failure)
Event: 13.709 Executing VM operation: ParallelGCFailedAllocation (Allocation Failure) done
Event: 13.839 Executing VM operation: ParallelGCFailedAllocation (Allocation Failure)
Event: 13.849 Executing VM operation: ParallelGCFailedAllocation (Allocation Failure) done
Event: 13.921 Executing VM operation: ParallelGCFailedAllocation (Allocation Failure)
Event: 13.924 Executing VM operation: ParallelGCFailedAllocation (Allocation Failure) done
Event: 14.023 Executing VM operation: ParallelGCFailedAllocation (Allocation Failure)
Event: 14.030 Executing VM operation: ParallelGCFailedAllocation (Allocation Failure) done
Event: 14.158 Executing VM operation: ParallelGCFailedAllocation (Allocation Failure)
Event: 14.166 Executing VM operation: ParallelGCFailedAllocation (Allocation Failure) done
Event: 14.252 Executing VM operation: ParallelGCFailedAllocation (Allocation Failure)
Event: 14.255 Executing VM operation: ParallelGCFailedAllocation (Allocation Failure) done
Event: 14.372 Executing VM operation: ParallelGCFailedAllocation (Allocation Failure)
Event: 14.379 Executing VM operation: ParallelGCFailedAllocation (Allocation Failure) done
Event: 14.469 Executing VM operation: ParallelGCFailedAllocation (Allocation Failure)
Event: 14.472 Executing VM operation: ParallelGCFailedAllocation (Allocation Failure) done
Event: 14.537 Executing VM operation: ParallelGCFailedAllocation (Allocation Failure)
Event: 14.542 Executing VM operation: ParallelGCFailedAllocation (Allocation Failure) done

Memory protections (0 events):
No events

Nmethod flushes (20 events):
Event: 6.583 Thread 0x00000153c02b44b0 flushing  nmethod 0x00000153aca95310
Event: 6.583 Thread 0x00000153c02b44b0 flushing  nmethod 0x00000153aca95c10
Event: 6.583 Thread 0x00000153c02b44b0 flushing  nmethod 0x00000153aca96e10
Event: 6.583 Thread 0x00000153c02b44b0 flushing  nmethod 0x00000153aca97610
Event: 6.583 Thread 0x00000153c02b44b0 flushing  nmethod 0x00000153aca98e10
Event: 6.583 Thread 0x00000153c02b44b0 flushing  nmethod 0x00000153aca99310
Event: 6.583 Thread 0x00000153c02b44b0 flushing  nmethod 0x00000153aca9a910
Event: 6.583 Thread 0x00000153c02b44b0 flushing  nmethod 0x00000153aca9ad90
Event: 6.583 Thread 0x00000153c02b44b0 flushing  nmethod 0x00000153aca9ba90
Event: 6.583 Thread 0x00000153c02b44b0 flushing  nmethod 0x00000153aca9d790
Event: 6.583 Thread 0x00000153c02b44b0 flushing  nmethod 0x00000153acac1510
Event: 6.583 Thread 0x00000153c02b44b0 flushing  nmethod 0x00000153acaf0c90
Event: 6.583 Thread 0x00000153c02b44b0 flushing  nmethod 0x00000153acaf0f90
Event: 6.583 Thread 0x00000153c02b44b0 flushing  nmethod 0x00000153acb38d90
Event: 6.583 Thread 0x00000153c02b44b0 flushing  nmethod 0x00000153acba8510
Event: 6.583 Thread 0x00000153c02b44b0 flushing  nmethod 0x00000153acbbd910
Event: 6.583 Thread 0x00000153c02b44b0 flushing  nmethod 0x00000153acbbdd90
Event: 6.583 Thread 0x00000153c02b44b0 flushing  nmethod 0x00000153acbc2010
Event: 6.583 Thread 0x00000153c02b44b0 flushing  nmethod 0x00000153acbdf690
Event: 6.583 Thread 0x00000153c02b44b0 flushing  nmethod 0x00000153acbfc210

Events (20 events):
Event: 4.218 Thread 0x00000153c02fc2e0 Thread added: 0x00000154085a5810
Event: 5.349 Thread 0x0000015407ff5f10 Thread added: 0x0000015407ff9390
Event: 5.883 Thread 0x00000154070cbcb0 Thread added: 0x0000015407ff6c30
Event: 6.289 Thread 0x0000015407ff5880 Thread added: 0x0000015407ffb460
Event: 6.367 Thread 0x0000015407ffb460 Thread added: 0x0000015407ff7950
Event: 6.416 Thread 0x00000153a795fc40 Thread added: 0x0000015407ffa0b0
Event: 6.418 Thread 0x00000153a795fc40 Thread added: 0x0000015407ffcea0
Event: 6.419 Thread 0x00000153a795fc40 Thread added: 0x0000015407ff72c0
Event: 6.419 Thread 0x00000153a795fc40 Thread added: 0x0000015407ffa740
Event: 6.419 Thread 0x00000153a795fc40 Thread added: 0x0000015407ffadd0
Event: 6.420 Thread 0x00000153a795fc40 Thread added: 0x0000015407ffbaf0
Event: 6.420 Thread 0x00000153a795fc40 Thread added: 0x0000015407ff65a0
Event: 6.420 Thread 0x00000153a795fc40 Thread added: 0x0000015407ff8670
Event: 6.421 Thread 0x00000153a795fc40 Thread added: 0x0000015407ff7fe0
Event: 6.475 Thread 0x00000153a795fc40 Thread added: 0x000001540b1fc130
Event: 6.871 Thread 0x00000153a795fc40 Thread added: 0x000001540b1ffc40
Event: 6.871 Thread 0x00000153a795fc40 Thread added: 0x000001540b1fe200
Event: 6.954 Thread 0x0000015407ff7950 Thread added: 0x000001540b1f99d0
Event: 10.142 Thread 0x0000015407ffc810 Thread exited: 0x0000015407ffc810
Event: 13.207 Thread 0x00000154085a5810 Thread exited: 0x00000154085a5810


Dynamic libraries:
0x00007ff7617b0000 - 0x00007ff7617be000 	c:\Users\obeng\.cursor\extensions\redhat.java-1.43.1-win32-x64\jre\21.0.7-win32-x86_64\bin\java.exe
0x00007ffe70270000 - 0x00007ffe70487000 	C:\Windows\SYSTEM32\ntdll.dll
0x00007ffe6ff60000 - 0x00007ffe70024000 	C:\Windows\System32\KERNEL32.DLL
0x00007ffe6db20000 - 0x00007ffe6def2000 	C:\Windows\System32\KERNELBASE.dll
0x00007ffe6d910000 - 0x00007ffe6da21000 	C:\Windows\System32\ucrtbase.dll
0x00007ffe362c0000 - 0x00007ffe362de000 	c:\Users\obeng\.cursor\extensions\redhat.java-1.43.1-win32-x64\jre\21.0.7-win32-x86_64\bin\VCRUNTIME140.dll
0x00007ffe335b0000 - 0x00007ffe335c8000 	c:\Users\obeng\.cursor\extensions\redhat.java-1.43.1-win32-x64\jre\21.0.7-win32-x86_64\bin\jli.dll
0x00007ffe6ecf0000 - 0x00007ffe6eea1000 	C:\Windows\System32\USER32.dll
0x00007ffe6daf0000 - 0x00007ffe6db16000 	C:\Windows\System32\win32u.dll
0x00007ffe6f820000 - 0x00007ffe6f849000 	C:\Windows\System32\GDI32.dll
0x00007ffe6d740000 - 0x00007ffe6d863000 	C:\Windows\System32\gdi32full.dll
0x00007ffe4e280000 - 0x00007ffe4e51b000 	C:\Windows\WinSxS\amd64_microsoft.windows.common-controls_6595b64144ccf1df_6.0.22621.5547_none_27104afb73855772\COMCTL32.dll
0x00007ffe6d870000 - 0x00007ffe6d90a000 	C:\Windows\System32\msvcp_win.dll
0x00007ffe70100000 - 0x00007ffe701a7000 	C:\Windows\System32\msvcrt.dll
0x00007ffe6f8d0000 - 0x00007ffe6f901000 	C:\Windows\System32\IMM32.DLL
0x00007ffe673b0000 - 0x00007ffe673bc000 	c:\Users\obeng\.cursor\extensions\redhat.java-1.43.1-win32-x64\jre\21.0.7-win32-x86_64\bin\vcruntime140_1.dll
0x00007ffe224c0000 - 0x00007ffe2254d000 	c:\Users\obeng\.cursor\extensions\redhat.java-1.43.1-win32-x64\jre\21.0.7-win32-x86_64\bin\msvcp140.dll
0x00007ffdf1960000 - 0x00007ffdf26f0000 	c:\Users\obeng\.cursor\extensions\redhat.java-1.43.1-win32-x64\jre\21.0.7-win32-x86_64\bin\server\jvm.dll
0x00007ffe6e1b0000 - 0x00007ffe6e261000 	C:\Windows\System32\ADVAPI32.dll
0x00007ffe6eec0000 - 0x00007ffe6ef68000 	C:\Windows\System32\sechost.dll
0x00007ffe6d5a0000 - 0x00007ffe6d5c8000 	C:\Windows\System32\bcrypt.dll
0x00007ffe6eb30000 - 0x00007ffe6ec44000 	C:\Windows\System32\RPCRT4.dll
0x00007ffe6e800000 - 0x00007ffe6e871000 	C:\Windows\System32\WS2_32.dll
0x00007ffe66740000 - 0x00007ffe6674a000 	C:\Windows\SYSTEM32\VERSION.dll
0x00007ffe66510000 - 0x00007ffe66544000 	C:\Windows\SYSTEM32\WINMM.dll
0x00007ffe6d230000 - 0x00007ffe6d27d000 	C:\Windows\SYSTEM32\POWRPROF.dll
0x00007ffe6d210000 - 0x00007ffe6d223000 	C:\Windows\SYSTEM32\UMPDC.dll
0x00007ffe6c350000 - 0x00007ffe6c368000 	C:\Windows\SYSTEM32\kernel.appcore.dll
0x00007ffe672d0000 - 0x00007ffe672da000 	c:\Users\obeng\.cursor\extensions\redhat.java-1.43.1-win32-x64\jre\21.0.7-win32-x86_64\bin\jimage.dll
0x00007ffe6ac10000 - 0x00007ffe6ae43000 	C:\Windows\SYSTEM32\DBGHELP.DLL
0x00007ffe6f9b0000 - 0x00007ffe6fd43000 	C:\Windows\System32\combase.dll
0x00007ffe6ea50000 - 0x00007ffe6eb27000 	C:\Windows\System32\OLEAUT32.dll
0x00007ffe4cf50000 - 0x00007ffe4cf82000 	C:\Windows\SYSTEM32\dbgcore.DLL
0x00007ffe6d520000 - 0x00007ffe6d59b000 	C:\Windows\System32\bcryptPrimitives.dll
0x00007ffe53440000 - 0x00007ffe5344f000 	c:\Users\obeng\.cursor\extensions\redhat.java-1.43.1-win32-x64\jre\21.0.7-win32-x86_64\bin\instrument.dll
0x00007ffe2e650000 - 0x00007ffe2e66f000 	c:\Users\obeng\.cursor\extensions\redhat.java-1.43.1-win32-x64\jre\21.0.7-win32-x86_64\bin\java.dll
0x00007ffe6ef70000 - 0x00007ffe6f812000 	C:\Windows\System32\SHELL32.dll
0x00007ffe6d360000 - 0x00007ffe6d49f000 	C:\Windows\System32\wintypes.dll
0x00007ffe6b240000 - 0x00007ffe6bb5d000 	C:\Windows\SYSTEM32\windows.storage.dll
0x00007ffe6e6f0000 - 0x00007ffe6e7fc000 	C:\Windows\System32\SHCORE.dll
0x00007ffe6f850000 - 0x00007ffe6f8b9000 	C:\Windows\System32\shlwapi.dll
0x00007ffe6d290000 - 0x00007ffe6d2bb000 	C:\Windows\SYSTEM32\profapi.dll
0x00007ffe2e4b0000 - 0x00007ffe2e4c8000 	c:\Users\obeng\.cursor\extensions\redhat.java-1.43.1-win32-x64\jre\21.0.7-win32-x86_64\bin\zip.dll
0x00007ffe4ffb0000 - 0x00007ffe4ffc0000 	C:\Users\obeng\.cursor\extensions\redhat.java-1.43.1-win32-x64\jre\21.0.7-win32-x86_64\bin\net.dll
0x00007ffe67e70000 - 0x00007ffe67f9c000 	C:\Windows\SYSTEM32\WINHTTP.dll
0x00007ffe6c7c0000 - 0x00007ffe6c829000 	C:\Windows\system32\mswsock.dll
0x00007ffe2e220000 - 0x00007ffe2e236000 	C:\Users\obeng\.cursor\extensions\redhat.java-1.43.1-win32-x64\jre\21.0.7-win32-x86_64\bin\nio.dll
0x00007ffe41f30000 - 0x00007ffe41f40000 	c:\Users\obeng\.cursor\extensions\redhat.java-1.43.1-win32-x64\jre\21.0.7-win32-x86_64\bin\verify.dll
0x00007ffe41d00000 - 0x00007ffe41d45000 	C:\Users\obeng\AppData\Roaming\Cursor\User\globalStorage\redhat.java\1.43.1\config_win\org.eclipse.equinox.launcher\org.eclipse.equinox.launcher.win32.win32.x86_64_1.2.1300.v20250331-1702\eclipse_11911.dll
0x00007ffe6df00000 - 0x00007ffe6e0a0000 	C:\Windows\System32\ole32.dll
0x00007ffe6cb10000 - 0x00007ffe6cb2b000 	C:\Windows\SYSTEM32\CRYPTSP.dll
0x00007ffe6c2b0000 - 0x00007ffe6c2e7000 	C:\Windows\system32\rsaenh.dll
0x00007ffe6c860000 - 0x00007ffe6c888000 	C:\Windows\SYSTEM32\USERENV.dll
0x00007ffe6caf0000 - 0x00007ffe6cafc000 	C:\Windows\SYSTEM32\CRYPTBASE.dll
0x00007ffe6bdb0000 - 0x00007ffe6bddd000 	C:\Windows\SYSTEM32\IPHLPAPI.DLL
0x00007ffe6eeb0000 - 0x00007ffe6eeb9000 	C:\Windows\System32\NSI.dll
0x00007ffe41ac0000 - 0x00007ffe41b09000 	C:\Users\obeng\AppData\Local\Temp\jna-2331414\jna4334951299948081609.dll
0x00007ffe6f8c0000 - 0x00007ffe6f8c8000 	C:\Windows\System32\PSAPI.DLL
0x00007ffe66750000 - 0x00007ffe66769000 	C:\Windows\SYSTEM32\dhcpcsvc6.DLL
0x00007ffe663c0000 - 0x00007ffe663df000 	C:\Windows\SYSTEM32\dhcpcsvc.DLL

dbghelp: loaded successfully - version: 4.0.5 - missing functions: none
symbol engine: initialized successfully - sym options: 0x614 - pdb path: .;c:\Users\obeng\.cursor\extensions\redhat.java-1.43.1-win32-x64\jre\21.0.7-win32-x86_64\bin;C:\Windows\SYSTEM32;C:\Windows\WinSxS\amd64_microsoft.windows.common-controls_6595b64144ccf1df_6.0.22621.5547_none_27104afb73855772;c:\Users\obeng\.cursor\extensions\redhat.java-1.43.1-win32-x64\jre\21.0.7-win32-x86_64\bin\server;C:\Users\obeng\AppData\Roaming\Cursor\User\globalStorage\redhat.java\1.43.1\config_win\org.eclipse.equinox.launcher\org.eclipse.equinox.launcher.win32.win32.x86_64_1.2.1300.v20250331-1702;C:\Users\obeng\AppData\Local\Temp\jna-2331414

VM Arguments:
jvm_args: --add-modules=ALL-SYSTEM --add-opens=java.base/java.util=ALL-UNNAMED --add-opens=java.base/java.lang=ALL-UNNAMED --add-opens=java.base/sun.nio.fs=ALL-UNNAMED -Declipse.application=org.eclipse.jdt.ls.core.id1 -Dosgi.bundles.defaultStartLevel=4 -Declipse.product=org.eclipse.jdt.ls.core.product -Djava.import.generatesMetadataFilesAtProjectRoot=false -DDetectVMInstallationsJob.disabled=true -Dfile.encoding=utf8 -XX:+UseParallelGC -XX:GCTimeRatio=4 -XX:AdaptiveSizePolicyWeight=90 -Dsun.zip.disableMemoryMapping=true -Xmx2G -Xms100m -Xlog:disable -javaagent:c:\Users\obeng\.cursor\extensions\redhat.java-1.43.1-win32-x64\lombok\lombok-1.18.39-4050.jar -XX:+HeapDumpOnOutOfMemoryError -XX:HeapDumpPath=c:\Users\obeng\AppData\Roaming\Cursor\User\workspaceStorage\f3ec195ff8a34f8d1f201de5db2cf3a5\redhat.java -Daether.dependencyCollector.impl=bf 
java_command: c:\Users\obeng\.cursor\extensions\redhat.java-1.43.1-win32-x64\server\plugins\org.eclipse.equinox.launcher_1.7.0.v20250519-0528.jar -configuration c:\Users\obeng\AppData\Roaming\Cursor\User\globalStorage\redhat.java\1.43.1\config_win -data c:\Users\obeng\AppData\Roaming\Cursor\User\workspaceStorage\f3ec195ff8a34f8d1f201de5db2cf3a5\redhat.java\jdt_ws --pipe=\\.\pipe\lsp-7e840d3ec00f8f52138482528f17142b-sock
java_class_path (initial): c:\Users\obeng\.cursor\extensions\redhat.java-1.43.1-win32-x64\server\plugins\org.eclipse.equinox.launcher_1.7.0.v20250519-0528.jar
Launcher Type: SUN_STANDARD

[Global flags]
    uintx AdaptiveSizePolicyWeight                 = 90                                        {product} {command line}
     intx CICompilerCount                          = 4                                         {product} {ergonomic}
    uintx GCTimeRatio                              = 4                                         {product} {command line}
     bool HeapDumpOnOutOfMemoryError               = true                                   {manageable} {command line}
    ccstr HeapDumpPath                             = c:\Users\obeng\AppData\Roaming\Cursor\User\workspaceStorage\f3ec195ff8a34f8d1f201de5db2cf3a5\redhat.java         {manageable} {command line}
   size_t InitialHeapSize                          = 104857600                                 {product} {command line}
   size_t MaxHeapSize                              = 2147483648                                {product} {command line}
   size_t MaxNewSize                               = 715653120                                 {product} {ergonomic}
   size_t MinHeapDeltaBytes                        = 524288                                    {product} {ergonomic}
   size_t MinHeapSize                              = 104857600                                 {product} {command line}
   size_t NewSize                                  = 34603008                                  {product} {ergonomic}
    uintx NonNMethodCodeHeapSize                   = 5839372                                {pd product} {ergonomic}
    uintx NonProfiledCodeHeapSize                  = 122909434                              {pd product} {ergonomic}
   size_t OldSize                                  = 70254592                                  {product} {ergonomic}
    uintx ProfiledCodeHeapSize                     = 122909434                              {pd product} {ergonomic}
    uintx ReservedCodeCacheSize                    = 251658240                              {pd product} {ergonomic}
     bool SegmentedCodeCache                       = true                                      {product} {ergonomic}
   size_t SoftMaxHeapSize                          = 2147483648                             {manageable} {ergonomic}
     bool UseCompressedOops                        = true                           {product lp64_product} {ergonomic}
     bool UseLargePagesIndividualAllocation        = false                                  {pd product} {ergonomic}
     bool UseParallelGC                            = true                                      {product} {command line}

Logging:
Log output configuration:
 #0: stdout all=off uptime,level,tags foldmultilines=false
 #1: stderr all=off uptime,level,tags foldmultilines=false

Environment Variables:
PATH=C:\Program Files\Eclipse Adoptium\jdk-21.0.6.7-hotspot\bin;C:\Windows\system32;C:\Windows;C:\Windows\System32\Wbem;C:\Windows\System32\WindowsPowerShell\v1.0\;C:\Windows\System32\OpenSSH\;C:\Program Files (x86)\Microsoft SQL Server\160\Tools\Binn\;C:\Program Files\Microsoft SQL Server\160\Tools\Binn\;C:\Program Files\Microsoft SQL Server\Client SDK\ODBC\170\Tools\Binn\;C:\Program Files\Microsoft SQL Server\160\DTS\Binn\;C:\Program Files (x86)\Microsoft SQL Server\160\DTS\Binn\;C:\Program Files\nodejs\;C:\ProgramData\chocolatey\bin;C:\Program Files\Git\cmd;C:\Program Files\dotnet\;C:\Program Files\PostgreSQL\17\bin;;c:\Users\obeng\AppData\Local\Programs\cursor\resources\app\bin;C:\Users\obeng\AppData\Local\Programs\Python\Python39\;C:\Users\obeng\AppData\Local\Programs\Python\Python39\Scripts\;C:\Users\obeng\Downloads\Python-3.9.21.tgz\Python-3.9.21;C:\Users\obeng\AppData\Local\Microsoft\WindowsApps;C:\Users\obeng\AppData\Roaming\npm;C:\Users\obeng\Downloads\Compressed\node-v22.14.0-win-x64.zip\node-v22.14.0-win-x64\node_modules\npm\bin;C:\Users\obeng\Downloads\Compressed\node-v22.14.0-win-x64.zip\node-v22.14.0-win-x64;C:\Users\obeng\AppData\Local\Android\sdk\platform-tools;C:\Users\obeng\.dotnet\tools;C:\Program Files\maven\mvn\bin;C:\Program Files\spring-3.5.0\bin;C:\Program Files\NASM;C:\mingw32\bin;C:\Program Files\PostgreSQL\17\bin;C:\Users\obeng\AppData\Local\Programs\cursor\resources\app\bin;C:\Program Files\MySQL\MySQL Server 8.0\bin
USERNAME=Kayy
OS=Windows_NT
PROCESSOR_IDENTIFIER=Intel64 Family 6 Model 154 Stepping 4, GenuineIntel
TMP=C:\Users\obeng\AppData\Local\Temp
TEMP=C:\Users\obeng\AppData\Local\Temp




Periodic native trim disabled

---------------  S Y S T E M  ---------------

OS:
 Windows 11 , 64 bit Build 22621 (10.0.22621.5415)
OS uptime: 0 days 21:00 hours
Hyper-V role detected

CPU: total 8 (initial active 8) (4 cores per cpu, 2 threads per core) family 6 model 154 stepping 4 microcode 0x432, cx8, cmov, fxsr, ht, mmx, 3dnowpref, sse, sse2, sse3, ssse3, sse4.1, sse4.2, popcnt, lzcnt, tsc, tscinvbit, avx, avx2, aes, erms, clmul, bmi1, bmi2, adx, sha, fma, vzeroupper, clflush, clflushopt, clwb, hv, serialize, rdtscp, rdpid, fsrm, f16c, cet_ibt, cet_ss
Processor Information for processor 0
  Max Mhz: 1200, Current Mhz: 1200, Mhz Limit: 1200
Processor Information for processor 1
  Max Mhz: 1200, Current Mhz: 1200, Mhz Limit: 1200
Processor Information for processor 2
  Max Mhz: 1200, Current Mhz: 1200, Mhz Limit: 1200
Processor Information for processor 3
  Max Mhz: 1200, Current Mhz: 1200, Mhz Limit: 1200
Processor Information for processor 4
  Max Mhz: 1200, Current Mhz: 900, Mhz Limit: 900
Processor Information for processor 5
  Max Mhz: 1200, Current Mhz: 900, Mhz Limit: 900
Processor Information for processor 6
  Max Mhz: 1200, Current Mhz: 900, Mhz Limit: 900
Processor Information for processor 7
  Max Mhz: 1200, Current Mhz: 900, Mhz Limit: 900

Memory: 4k page, system-wide physical 7865M (311M free)
TotalPageFile size 18875M (AvailPageFile size 6M)
current process WorkingSet (physical memory assigned to process): 356M, peak: 359M
current process commit charge ("private bytes"): 395M, peak: 397M

vm_info: OpenJDK 64-Bit Server VM (21.0.7+6-LTS) for windows-amd64 JRE (21.0.7+6-LTS), built on 2025-04-15T00:00:00Z by "admin" with MS VC++ 17.7 (VS2022)

END.
