#
# There is insufficient memory for the Java Runtime Environment to continue.
# Native memory allocation (malloc) failed to allocate 310224 bytes. Error detail: Chunk::new
# Possible reasons:
#   The system is out of physical RAM or swap space
#   This process is running with CompressedOops enabled, and the Java Heap may be blocking the growth of the native heap
# Possible solutions:
#   Reduce memory load on the system
#   Increase physical memory or swap space
#   Check if swap backing store is full
#   Decrease Java heap size (-Xmx/-Xms)
#   Decrease number of Java threads
#   Decrease Java thread stack sizes (-Xss)
#   Set larger code cache with -XX:ReservedCodeCacheSize=
#   JVM is running with Unscaled Compressed Oops mode in which the Java heap is
#     placed in the first 4GB address space. The Java Heap base address is the
#     maximum limit for the native heap growth. Please use -XX:HeapBaseMinAddress
#     to set the Java Heap base and to place the Java Heap above 4GB virtual address.
# This output file may be truncated or incomplete.
#
#  Out of Memory Error (arena.cpp:168), pid=8528, tid=2344
#
# JRE version: OpenJDK Runtime Environment Temurin-21.0.7+6 (21.0.7+6) (build 21.0.7+6-LTS)
# Java VM: OpenJDK 64-Bit Server VM Temurin-21.0.7+6 (21.0.7+6-LTS, mixed mode, sharing, tiered, compressed oops, compressed class ptrs, parallel gc, windows-amd64)
# No core dump will be written. Minidumps are not enabled by default on client versions of Windows
#

---------------  S U M M A R Y ------------

Command Line: --add-modules=ALL-SYSTEM --add-opens=java.base/java.util=ALL-UNNAMED --add-opens=java.base/java.lang=ALL-UNNAMED --add-opens=java.base/sun.nio.fs=ALL-UNNAMED -Declipse.application=org.eclipse.jdt.ls.core.id1 -Dosgi.bundles.defaultStartLevel=4 -Declipse.product=org.eclipse.jdt.ls.core.product -Djava.import.generatesMetadataFilesAtProjectRoot=false -DDetectVMInstallationsJob.disabled=true -Dfile.encoding=utf8 -XX:+UseParallelGC -XX:GCTimeRatio=4 -XX:AdaptiveSizePolicyWeight=90 -Dsun.zip.disableMemoryMapping=true -Xmx2G -Xms100m -Xlog:disable -javaagent:c:\Users\obeng\.cursor\extensions\redhat.java-1.43.1-win32-x64\lombok\lombok-1.18.39-4050.jar -XX:+HeapDumpOnOutOfMemoryError -XX:HeapDumpPath=c:\Users\obeng\AppData\Roaming\Cursor\User\workspaceStorage\f3ec195ff8a34f8d1f201de5db2cf3a5\redhat.java -Daether.dependencyCollector.impl=bf c:\Users\obeng\.cursor\extensions\redhat.java-1.43.1-win32-x64\server\plugins\org.eclipse.equinox.launcher_1.7.0.v20250519-0528.jar -configuration c:\Users\obeng\AppData\Roaming\Cursor\User\globalStorage\redhat.java\1.43.1\config_win -data c:\Users\obeng\AppData\Roaming\Cursor\User\workspaceStorage\f3ec195ff8a34f8d1f201de5db2cf3a5\redhat.java\jdt_ws --pipe=\\.\pipe\lsp-0454ea8e158ceec237421f0167773d08-sock

Host: 12th Gen Intel(R) Core(TM) i3-1215U, 8 cores, 7G,  Windows 11 , 64 bit Build 22621 (10.0.22621.5415)
Time: Tue Jul 22 16:23:02 2025 Greenwich Standard Time elapsed time: 16.839296 seconds (0d 0h 0m 16s)

---------------  T H R E A D  ---------------

Current thread (0x000002837ee6ad30):  JavaThread "C2 CompilerThread0" daemon [_thread_in_native, id=2344, stack(0x000000b37f700000,0x000000b37f800000) (1024K)]


Current CompileTask:
C2:16839 10737       4       org.eclipse.jdt.internal.compiler.util.JrtFileSystem$2::visitFile (10 bytes)

Stack: [0x000000b37f700000,0x000000b37f800000]
Native frames: (J=compiled Java code, j=interpreted, Vv=VM code, C=native code)
V  [jvm.dll+0x6ce119]
V  [jvm.dll+0x8a84a1]
V  [jvm.dll+0x8aa9ce]
V  [jvm.dll+0x8ab0b3]
V  [jvm.dll+0x27f8a6]
V  [jvm.dll+0xc507d]
V  [jvm.dll+0xc55b3]
V  [jvm.dll+0x13e9cf]
V  [jvm.dll+0x657982]
V  [jvm.dll+0x65bc2c]
V  [jvm.dll+0x247975]
V  [jvm.dll+0x2470cf]
V  [jvm.dll+0x1c760e]
V  [jvm.dll+0x25695a]
V  [jvm.dll+0x254efa]
V  [jvm.dll+0x3f03f6]
V  [jvm.dll+0x851f6b]
V  [jvm.dll+0x6cc7dd]
C  [ucrtbase.dll+0x29333]
C  [KERNEL32.DLL+0x1259d]
C  [ntdll.dll+0x5af78]


---------------  P R O C E S S  ---------------

Threads class SMR info:
_java_thread_list=0x000002834d32b250, length=60, elements={
0x000002836c3fefd0, 0x000002836c4bab00, 0x000002836c4bc400, 0x000002836c4be210,
0x000002837ee64110, 0x000002837ee65020, 0x000002837ee67fa0, 0x000002837ee6ad30,
0x000002837ee9aed0, 0x0000028345827610, 0x00000283459d3160, 0x000002834a3bf2a0,
0x000002834a741c80, 0x000002834a78eb50, 0x000002834a78f1b0, 0x000002834ace12b0,
0x000002834ace0c20, 0x000002834acdf1e0, 0x000002834ace1fd0, 0x000002834acdeb50,
0x000002834acdf870, 0x000002834ace0590, 0x000002834c707d40, 0x000002834c7076b0,
0x000002834c704f50, 0x000002834c7048c0, 0x000002834c707020, 0x000002834c702160,
0x000002834c703ba0, 0x000002834c7083d0, 0x000002834c708a60, 0x000002834c706990,
0x000002834c703510, 0x000002834c7055e0, 0x000002834c7090f0, 0x000002834c704230,
0x000002834c705c70, 0x000002834c709780, 0x000002834c702e80, 0x000002834dc16b80,
0x000002834dc15e60, 0x000002834dc164f0, 0x000002834dc14420, 0x000002834dc13700,
0x000002834dc17210, 0x000002834dc178a0, 0x000002834dc17f30, 0x000002834dc13070,
0x000002834dc11cc0, 0x000002834dc185c0, 0x000002834dc14ab0, 0x000002834dc18c50,
0x000002834dc192e0, 0x000002834dc15140, 0x000002834acdff00, 0x000002834d93ef90,
0x000002834d93cec0, 0x000002834d93a760, 0x000002834d93adf0, 0x000002834d93c1a0
}

Java Threads: ( => current thread )
  0x000002836c3fefd0 JavaThread "main"                              [_thread_blocked, id=17024, stack(0x000000b37ed00000,0x000000b37ee00000) (1024K)]
  0x000002836c4bab00 JavaThread "Reference Handler"          daemon [_thread_blocked, id=16144, stack(0x000000b37f100000,0x000000b37f200000) (1024K)]
  0x000002836c4bc400 JavaThread "Finalizer"                  daemon [_thread_blocked, id=1228, stack(0x000000b37f200000,0x000000b37f300000) (1024K)]
  0x000002836c4be210 JavaThread "Signal Dispatcher"          daemon [_thread_blocked, id=10176, stack(0x000000b37f300000,0x000000b37f400000) (1024K)]
  0x000002837ee64110 JavaThread "Attach Listener"            daemon [_thread_blocked, id=15684, stack(0x000000b37f400000,0x000000b37f500000) (1024K)]
  0x000002837ee65020 JavaThread "Service Thread"             daemon [_thread_blocked, id=16264, stack(0x000000b37f500000,0x000000b37f600000) (1024K)]
  0x000002837ee67fa0 JavaThread "Monitor Deflation Thread"   daemon [_thread_blocked, id=5188, stack(0x000000b37f600000,0x000000b37f700000) (1024K)]
=>0x000002837ee6ad30 JavaThread "C2 CompilerThread0"         daemon [_thread_in_native, id=2344, stack(0x000000b37f700000,0x000000b37f800000) (1024K)]
  0x000002837ee9aed0 JavaThread "C1 CompilerThread0"         daemon [_thread_in_vm, id=18344, stack(0x000000b37f800000,0x000000b37f900000) (1024K)]
  0x0000028345827610 JavaThread "Common-Cleaner"             daemon [_thread_blocked, id=8120, stack(0x000000b37f900000,0x000000b37fa00000) (1024K)]
  0x00000283459d3160 JavaThread "Notification Thread"        daemon [_thread_blocked, id=7772, stack(0x000000b37fa00000,0x000000b37fb00000) (1024K)]
  0x000002834a3bf2a0 JavaThread "Active Thread: Equinox Container: ffffd755-a0dd-45e6-92d8-070c1047dadb"        [_thread_blocked, id=10020, stack(0x000000b300200000,0x000000b300300000) (1024K)]
  0x000002834a741c80 JavaThread "Refresh Thread: Equinox Container: ffffd755-a0dd-45e6-92d8-070c1047dadb" daemon [_thread_blocked, id=18080, stack(0x000000b300300000,0x000000b300400000) (1024K)]
  0x000002834a78eb50 JavaThread "Framework Event Dispatcher: Equinox Container: ffffd755-a0dd-45e6-92d8-070c1047dadb" daemon [_thread_blocked, id=18688, stack(0x000000b300500000,0x000000b300600000) (1024K)]
  0x000002834a78f1b0 JavaThread "Start Level: Equinox Container: ffffd755-a0dd-45e6-92d8-070c1047dadb" daemon [_thread_blocked, id=3800, stack(0x000000b300600000,0x000000b300700000) (1024K)]
  0x000002834ace12b0 JavaThread "Bundle File Closer"         daemon [_thread_blocked, id=11140, stack(0x000000b300700000,0x000000b300800000) (1024K)]
  0x000002834ace0c20 JavaThread "SCR Component Actor"        daemon [_thread_blocked, id=16580, stack(0x000000b300800000,0x000000b300900000) (1024K)]
  0x000002834acdf1e0 JavaThread "Worker-JM"                         [_thread_blocked, id=16044, stack(0x000000b300a00000,0x000000b300b00000) (1024K)]
  0x000002834ace1fd0 JavaThread "JNA Cleaner"                daemon [_thread_blocked, id=14592, stack(0x000000b300b00000,0x000000b300c00000) (1024K)]
  0x000002834acdeb50 JavaThread "Worker-0"                          [_thread_blocked, id=7524, stack(0x000000b300c00000,0x000000b300d00000) (1024K)]
  0x000002834acdf870 JavaThread "Worker-1"                          [_thread_blocked, id=19184, stack(0x000000b300d00000,0x000000b300e00000) (1024K)]
  0x000002834ace0590 JavaThread "Java indexing"              daemon [_thread_in_Java, id=8704, stack(0x000000b300e00000,0x000000b300f00000) (1024K)]
  0x000002834c707d40 JavaThread "Worker-2: Java indexing... "        [_thread_blocked, id=9720, stack(0x000000b300f00000,0x000000b301000000) (1024K)]
  0x000002834c7076b0 JavaThread "Worker-3: Building"                [_thread_blocked, id=17868, stack(0x000000b301200000,0x000000b301300000) (1024K)]
  0x000002834c704f50 JavaThread "Worker-4"                          [_thread_blocked, id=10908, stack(0x000000b301300000,0x000000b301400000) (1024K)]
  0x000002834c7048c0 JavaThread "Thread-2"                   daemon [_thread_in_native, id=3192, stack(0x000000b301400000,0x000000b301500000) (1024K)]
  0x000002834c707020 JavaThread "Thread-3"                   daemon [_thread_in_native, id=13360, stack(0x000000b301500000,0x000000b301600000) (1024K)]
  0x000002834c702160 JavaThread "Thread-4"                   daemon [_thread_in_native, id=2236, stack(0x000000b301600000,0x000000b301700000) (1024K)]
  0x000002834c703ba0 JavaThread "Thread-5"                   daemon [_thread_in_native, id=15036, stack(0x000000b301700000,0x000000b301800000) (1024K)]
  0x000002834c7083d0 JavaThread "Thread-6"                   daemon [_thread_in_native, id=1732, stack(0x000000b301800000,0x000000b301900000) (1024K)]
  0x000002834c708a60 JavaThread "Thread-7"                   daemon [_thread_in_native, id=10492, stack(0x000000b301900000,0x000000b301a00000) (1024K)]
  0x000002834c706990 JavaThread "Thread-8"                   daemon [_thread_in_native, id=16256, stack(0x000000b301a00000,0x000000b301b00000) (1024K)]
  0x000002834c703510 JavaThread "Thread-9"                   daemon [_thread_in_native, id=18412, stack(0x000000b301b00000,0x000000b301c00000) (1024K)]
  0x000002834c7055e0 JavaThread "Thread-10"                  daemon [_thread_in_native, id=15628, stack(0x000000b301c00000,0x000000b301d00000) (1024K)]
  0x000002834c7090f0 JavaThread "pool-2-thread-1"                   [_thread_blocked, id=9208, stack(0x000000b301d00000,0x000000b301e00000) (1024K)]
  0x000002834c704230 JavaThread "WorkspaceEventsHandler"            [_thread_blocked, id=14660, stack(0x000000b301e00000,0x000000b301f00000) (1024K)]
  0x000002834c705c70 JavaThread "pool-1-thread-1"                   [_thread_blocked, id=17952, stack(0x000000b301f00000,0x000000b302000000) (1024K)]
  0x000002834c709780 JavaThread "Worker-5"                          [_thread_blocked, id=952, stack(0x000000b302000000,0x000000b302100000) (1024K)]
  0x000002834c702e80 JavaThread "Worker-6"                          [_thread_blocked, id=14928, stack(0x000000b302100000,0x000000b302200000) (1024K)]
  0x000002834dc16b80 JavaThread "LocalFile Deleter"          daemon [_thread_blocked, id=17456, stack(0x000000b300900000,0x000000b300a00000) (1024K)]
  0x000002834dc15e60 JavaThread "LocalFile Deleter"          daemon [_thread_blocked, id=18504, stack(0x000000b302200000,0x000000b302300000) (1024K)]
  0x000002834dc164f0 JavaThread "LocalFile Deleter"          daemon [_thread_blocked, id=18488, stack(0x000000b302300000,0x000000b302400000) (1024K)]
  0x000002834dc14420 JavaThread "LocalFile Deleter"          daemon [_thread_blocked, id=7904, stack(0x000000b302400000,0x000000b302500000) (1024K)]
  0x000002834dc13700 JavaThread "LocalFile Deleter"          daemon [_thread_blocked, id=15732, stack(0x000000b302500000,0x000000b302600000) (1024K)]
  0x000002834dc17210 JavaThread "LocalFile Deleter"          daemon [_thread_blocked, id=16168, stack(0x000000b302600000,0x000000b302700000) (1024K)]
  0x000002834dc178a0 JavaThread "LocalFile Deleter"          daemon [_thread_blocked, id=16968, stack(0x000000b302700000,0x000000b302800000) (1024K)]
  0x000002834dc17f30 JavaThread "LocalFile Deleter"          daemon [_thread_blocked, id=5196, stack(0x000000b302800000,0x000000b302900000) (1024K)]
  0x000002834dc13070 JavaThread "Compiler Source File Reader" daemon [_thread_blocked, id=8984, stack(0x000000b302900000,0x000000b302a00000) (1024K)]
  0x000002834dc11cc0 JavaThread "Compiler Source File Reader" daemon [_thread_blocked, id=12440, stack(0x000000b302a00000,0x000000b302b00000) (1024K)]
  0x000002834dc185c0 JavaThread "Compiler Source File Reader" daemon [_thread_blocked, id=11560, stack(0x000000b302b00000,0x000000b302c00000) (1024K)]
  0x000002834dc14ab0 JavaThread "Compiler Source File Reader" daemon [_thread_blocked, id=11208, stack(0x000000b302c00000,0x000000b302d00000) (1024K)]
  0x000002834dc18c50 JavaThread "Compiler Source File Reader" daemon [_thread_blocked, id=13072, stack(0x000000b302d00000,0x000000b302e00000) (1024K)]
  0x000002834dc192e0 JavaThread "Compiler Source File Reader" daemon [_thread_blocked, id=18632, stack(0x000000b302e00000,0x000000b302f00000) (1024K)]
  0x000002834dc15140 JavaThread "Compiler Processing Task"   daemon [_thread_in_vm, id=8072, stack(0x000000b302f00000,0x000000b303000000) (1024K)]
  0x000002834acdff00 JavaThread "Compiler Class File Writer" daemon [_thread_blocked, id=18956, stack(0x000000b303000000,0x000000b303100000) (1024K)]
  0x000002834d93ef90 JavaThread "Compiler Class File Writer" daemon [_thread_blocked, id=17484, stack(0x000000b303100000,0x000000b303200000) (1024K)]
  0x000002834d93cec0 JavaThread "Compiler Class File Writer" daemon [_thread_blocked, id=18944, stack(0x000000b303200000,0x000000b303300000) (1024K)]
  0x000002834d93a760 JavaThread "Compiler Class File Writer" daemon [_thread_blocked, id=18920, stack(0x000000b303300000,0x000000b303400000) (1024K)]
  0x000002834d93adf0 JavaThread "Compiler Class File Writer" daemon [_thread_blocked, id=14448, stack(0x000000b303400000,0x000000b303500000) (1024K)]
  0x000002834d93c1a0 JavaThread "Compiler Class File Writer" daemon [_thread_blocked, id=18736, stack(0x000000b303500000,0x000000b303600000) (1024K)]
Total: 60

Other Threads:
  0x000002836c4a0610 VMThread "VM Thread"                           [id=19244, stack(0x000000b37f000000,0x000000b37f100000) (1024K)]
  0x000002836c468920 WatcherThread "VM Periodic Task Thread"        [id=10044, stack(0x000000b37ef00000,0x000000b37f000000) (1024K)]
  0x000002836c41ca70 WorkerThread "GC Thread#0"                     [id=6616, stack(0x000000b37ee00000,0x000000b37ef00000) (1024K)]
  0x000002834a70c9b0 WorkerThread "GC Thread#1"                     [id=15804, stack(0x000000b37fc00000,0x000000b37fd00000) (1024K)]
  0x000002834a3cf230 WorkerThread "GC Thread#2"                     [id=11780, stack(0x000000b37fd00000,0x000000b37fe00000) (1024K)]
  0x000002834a3cf5d0 WorkerThread "GC Thread#3"                     [id=11844, stack(0x000000b37fe00000,0x000000b37ff00000) (1024K)]
  0x000002834a3cff80 WorkerThread "GC Thread#4"                     [id=18740, stack(0x000000b37ff00000,0x000000b380000000) (1024K)]
  0x000002834a2fd770 WorkerThread "GC Thread#5"                     [id=18256, stack(0x000000b300000000,0x000000b300100000) (1024K)]
  0x000002834a2fdf20 WorkerThread "GC Thread#6"                     [id=15632, stack(0x000000b300100000,0x000000b300200000) (1024K)]
  0x000002834a7426e0 WorkerThread "GC Thread#7"                     [id=15492, stack(0x000000b300400000,0x000000b300500000) (1024K)]
Total: 10

Threads with active compile tasks:
C2 CompilerThread0  16913 10737       4       org.eclipse.jdt.internal.compiler.util.JrtFileSystem$2::visitFile (10 bytes)
C1 CompilerThread0  16913 11247       3       org.eclipse.jdt.internal.compiler.ast.MessageSend::manageSyntheticAccessIfNecessary (250 bytes)
Total: 2

VM state: not at safepoint (normal execution)

VM Mutex/Monitor currently owned by a thread: None

Heap address: 0x0000000080000000, size: 2048 MB, Compressed Oops mode: 32-bit

CDS archive(s) mapped at: [0x0000028304000000-0x0000028304ba0000-0x0000028304ba0000), size 12189696, SharedBaseAddress: 0x0000028304000000, ArchiveRelocationMode: 1.
Compressed class space mapped at: 0x0000028305000000-0x0000028345000000, reserved size: 1073741824
Narrow klass base: 0x0000028304000000, Narrow klass shift: 0, Narrow klass range: 0x100000000

GC Precious Log:
 CardTable entry size: 512
 CPUs: 8 total, 8 available
 Memory: 7865M
 Large Page Support: Disabled
 NUMA Support: Disabled
 Compressed Oops: Enabled (32-bit)
 Alignments: Space 512K, Generation 512K, Heap 2M
 Heap Min Capacity: 100M
 Heap Initial Capacity: 100M
 Heap Max Capacity: 2G
 Pre-touch: Disabled
 Parallel Workers: 8

Heap:
 PSYoungGen      total 4096K, used 1225K [0x00000000d5580000, 0x00000000d5a80000, 0x0000000100000000)
  eden space 3072K, 14% used [0x00000000d5580000,0x00000000d55f2e70,0x00000000d5880000)
  from space 1024K, 78% used [0x00000000d5880000,0x00000000d5948000,0x00000000d5980000)
  to   space 1024K, 0% used [0x00000000d5980000,0x00000000d5980000,0x00000000d5a80000)
 ParOldGen       total 126976K, used 126800K [0x0000000080000000, 0x0000000087c00000, 0x00000000d5580000)
  object space 126976K, 99% used [0x0000000080000000,0x0000000087bd43b8,0x0000000087c00000)
 Metaspace       used 59645K, committed 61056K, reserved 1114112K
  class space    used 6044K, committed 6720K, reserved 1048576K

Card table byte_map: [0x000002836bdd0000,0x000002836c1e0000] _byte_map_base: 0x000002836b9d0000

Marking Bits: (ParMarkBitMap*) 0x00007ffc6ba131f0
 Begin Bits: [0x0000028300000000, 0x0000028302000000)
 End Bits:   [0x0000028302000000, 0x0000028304000000)

Polling page: 0x000002836bbc0000

Metaspace:

Usage:
  Non-class:     52.35 MB used.
      Class:      5.90 MB used.
       Both:     58.25 MB used.

Virtual space:
  Non-class space:       64.00 MB reserved,      53.06 MB ( 83%) committed,  1 nodes.
      Class space:        1.00 GB reserved,       6.56 MB ( <1%) committed,  1 nodes.
             Both:        1.06 GB reserved,      59.62 MB (  5%) committed. 

Chunk freelists:
   Non-Class:  10.72 MB
       Class:  9.47 MB
        Both:  20.20 MB

MaxMetaspaceSize: unlimited
CompressedClassSpaceSize: 1.00 GB
Initial GC threshold: 21.00 MB
Current GC threshold: 97.31 MB
CDS: on
 - commit_granule_bytes: 65536.
 - commit_granule_words: 8192.
 - virtual_space_node_default_size: 8388608.
 - enlarge_chunks_in_place: 1.
 - use_allocation_guard: 0.


Internal statistics:

num_allocs_failed_limit: 9.
num_arena_births: 1172.
num_arena_deaths: 14.
num_vsnodes_births: 2.
num_vsnodes_deaths: 0.
num_space_committed: 954.
num_space_uncommitted: 0.
num_chunks_returned_to_freelist: 23.
num_chunks_taken_from_freelist: 3944.
num_chunk_merges: 10.
num_chunk_splits: 2452.
num_chunks_enlarged: 1400.
num_inconsistent_stats: 0.

CodeHeap 'non-profiled nmethods': size=120000Kb used=3852Kb max_used=3852Kb free=116147Kb
 bounds [0x00000283770c0000, 0x0000028377490000, 0x000002837e5f0000]
CodeHeap 'profiled nmethods': size=120000Kb used=24558Kb max_used=24558Kb free=95442Kb
 bounds [0x000002836f5f0000, 0x0000028370df0000, 0x0000028376b20000]
CodeHeap 'non-nmethods': size=5760Kb used=1416Kb max_used=1459Kb free=4343Kb
 bounds [0x0000028376b20000, 0x0000028376d90000, 0x00000283770c0000]
 total_blobs=11207 nmethods=10481 adapters=631
 compilation: enabled
              stopped_count=0, restarted_count=0
 full_count=0

Compilation events (20 events):
Event: 16.811 Thread 0x000002837ee9aed0 nmethod 11194 0x0000028370db4210 code [0x0000028370db43a0, 0x0000028370db44d0]
Event: 16.814 Thread 0x000002837ee9aed0 11195   !   2       org.eclipse.jdt.internal.core.builder.ClasspathLocation::createAnswer (215 bytes)
Event: 16.816 Thread 0x000002837ee9aed0 nmethod 11195 0x0000028370db4590 code [0x0000028370db4840, 0x0000028370db5330]
Event: 16.816 Thread 0x000002837ee9aed0 11201       2       org.eclipse.jdt.internal.compiler.lookup.BinaryTypeBinding::createMethod (1666 bytes)
Event: 16.825 Thread 0x000002837ee9aed0 nmethod 11201 0x0000028370db5990 code [0x0000028370db6080, 0x0000028370db9860]
Event: 16.825 Thread 0x000002837ee9aed0 11198       2       org.eclipse.jdt.internal.compiler.Compiler::accept (52 bytes)
Event: 16.826 Thread 0x000002837ee9aed0 nmethod 11198 0x0000028370dbc190 code [0x0000028370dbc380, 0x0000028370dbc658]
Event: 16.826 Thread 0x000002837ee9aed0 11199       2       org.eclipse.jdt.internal.compiler.lookup.LookupEnvironment::createBinaryTypeFrom (9 bytes)
Event: 16.826 Thread 0x000002837ee9aed0 nmethod 11199 0x0000028370dbc890 code [0x0000028370dbca40, 0x0000028370dbcb70]
Event: 16.826 Thread 0x000002837ee9aed0 11200       2       org.eclipse.jdt.internal.compiler.lookup.LookupEnvironment::createBinaryTypeFrom (106 bytes)
Event: 16.827 Thread 0x000002837ee9aed0 nmethod 11200 0x0000028370dbcc10 code [0x0000028370dbce40, 0x0000028370dbd2e0]
Event: 16.827 Thread 0x000002837ee9aed0 11196       2       org.eclipse.jdt.internal.compiler.env.NameEnvironmentAnswer::<init> (13 bytes)
Event: 16.827 Thread 0x000002837ee9aed0 nmethod 11196 0x0000028370dbd610 code [0x0000028370dbd7a0, 0x0000028370dbd930]
Event: 16.827 Thread 0x000002837ee9aed0 11197       2       org.eclipse.jdt.internal.compiler.env.NameEnvironmentAnswer::<init> (20 bytes)
Event: 16.830 Thread 0x000002837ee9aed0 nmethod 11197 0x0000028370dbda90 code [0x0000028370dbdc20, 0x0000028370dbdd68]
Event: 16.831 Thread 0x000002837ee9aed0 11202       1       org.eclipse.jdt.internal.compiler.classfmt.TypeAnnotationInfo::getTargetType (5 bytes)
Event: 16.831 Thread 0x000002837ee9aed0 nmethod 11202 0x0000028377482d10 code [0x0000028377482ea0, 0x0000028377482f68]
Event: 16.832 Thread 0x000002837ee9aed0 11203       3       org.eclipse.jdt.internal.compiler.lookup.ParameterizedTypeBinding::isRawSubstitution (5 bytes)
Event: 16.833 Thread 0x000002837ee9aed0 nmethod 11203 0x0000028370dbde10 code [0x0000028370dbdfc0, 0x0000028370dbe230]
Event: 16.833 Thread 0x000002837ee9aed0 11204       3       org.eclipse.jdt.internal.compiler.ast.ASTNode::checkInvocationArgument (184 bytes)

GC Heap History (20 events):
Event: 16.419 GC heap before
{Heap before GC invocations=103 (full 3):
 PSYoungGen      total 4608K, used 4220K [0x00000000d5580000, 0x00000000d5b00000, 0x0000000100000000)
  eden space 3584K, 100% used [0x00000000d5580000,0x00000000d5900000,0x00000000d5900000)
  from space 1024K, 62% used [0x00000000d5980000,0x00000000d5a1f168,0x00000000d5a80000)
  to   space 512K, 0% used [0x00000000d5a80000,0x00000000d5a80000,0x00000000d5b00000)
 ParOldGen       total 125440K, used 119008K [0x0000000080000000, 0x0000000087a80000, 0x00000000d5580000)
  object space 125440K, 94% used [0x0000000080000000,0x00000000874382a8,0x0000000087a80000)
 Metaspace       used 59393K, committed 60800K, reserved 1114112K
  class space    used 6029K, committed 6720K, reserved 1048576K
}
Event: 16.421 GC heap after
{Heap after GC invocations=103 (full 3):
 PSYoungGen      total 3584K, used 509K [0x00000000d5580000, 0x00000000d5d00000, 0x0000000100000000)
  eden space 3072K, 0% used [0x00000000d5580000,0x00000000d5580000,0x00000000d5880000)
  from space 512K, 99% used [0x00000000d5a80000,0x00000000d5aff4b0,0x00000000d5b00000)
  to   space 2048K, 0% used [0x00000000d5880000,0x00000000d5880000,0x00000000d5a80000)
 ParOldGen       total 125440K, used 119965K [0x0000000080000000, 0x0000000087a80000, 0x00000000d5580000)
  object space 125440K, 95% used [0x0000000080000000,0x00000000875274d8,0x0000000087a80000)
 Metaspace       used 59393K, committed 60800K, reserved 1114112K
  class space    used 6029K, committed 6720K, reserved 1048576K
}
Event: 16.438 GC heap before
{Heap before GC invocations=104 (full 3):
 PSYoungGen      total 3584K, used 3581K [0x00000000d5580000, 0x00000000d5d00000, 0x0000000100000000)
  eden space 3072K, 100% used [0x00000000d5580000,0x00000000d5880000,0x00000000d5880000)
  from space 512K, 99% used [0x00000000d5a80000,0x00000000d5aff4b0,0x00000000d5b00000)
  to   space 2048K, 0% used [0x00000000d5880000,0x00000000d5880000,0x00000000d5a80000)
 ParOldGen       total 125440K, used 119965K [0x0000000080000000, 0x0000000087a80000, 0x00000000d5580000)
  object space 125440K, 95% used [0x0000000080000000,0x00000000875274d8,0x0000000087a80000)
 Metaspace       used 59402K, committed 60800K, reserved 1114112K
  class space    used 6029K, committed 6720K, reserved 1048576K
}
Event: 16.439 GC heap after
{Heap after GC invocations=104 (full 3):
 PSYoungGen      total 4096K, used 767K [0x00000000d5580000, 0x00000000d5b00000, 0x0000000100000000)
  eden space 3072K, 0% used [0x00000000d5580000,0x00000000d5580000,0x00000000d5880000)
  from space 1024K, 74% used [0x00000000d5880000,0x00000000d593ff48,0x00000000d5980000)
  to   space 1024K, 0% used [0x00000000d5a00000,0x00000000d5a00000,0x00000000d5b00000)
 ParOldGen       total 125440K, used 120492K [0x0000000080000000, 0x0000000087a80000, 0x00000000d5580000)
  object space 125440K, 96% used [0x0000000080000000,0x00000000875ab370,0x0000000087a80000)
 Metaspace       used 59402K, committed 60800K, reserved 1114112K
  class space    used 6029K, committed 6720K, reserved 1048576K
}
Event: 16.456 GC heap before
{Heap before GC invocations=105 (full 3):
 PSYoungGen      total 4096K, used 3839K [0x00000000d5580000, 0x00000000d5b00000, 0x0000000100000000)
  eden space 3072K, 99% used [0x00000000d5580000,0x00000000d587ffd8,0x00000000d5880000)
  from space 1024K, 74% used [0x00000000d5880000,0x00000000d593ff48,0x00000000d5980000)
  to   space 1024K, 0% used [0x00000000d5a00000,0x00000000d5a00000,0x00000000d5b00000)
 ParOldGen       total 125440K, used 120492K [0x0000000080000000, 0x0000000087a80000, 0x00000000d5580000)
  object space 125440K, 96% used [0x0000000080000000,0x00000000875ab370,0x0000000087a80000)
 Metaspace       used 59410K, committed 60864K, reserved 1114112K
  class space    used 6029K, committed 6720K, reserved 1048576K
}
Event: 16.457 GC heap after
{Heap after GC invocations=105 (full 3):
 PSYoungGen      total 4096K, used 937K [0x00000000d5580000, 0x00000000d5b00000, 0x0000000100000000)
  eden space 3072K, 0% used [0x00000000d5580000,0x00000000d5580000,0x00000000d5880000)
  from space 1024K, 91% used [0x00000000d5a00000,0x00000000d5aea608,0x00000000d5b00000)
  to   space 1024K, 0% used [0x00000000d5880000,0x00000000d5880000,0x00000000d5980000)
 ParOldGen       total 125440K, used 121121K [0x0000000080000000, 0x0000000087a80000, 0x00000000d5580000)
  object space 125440K, 96% used [0x0000000080000000,0x00000000876484e8,0x0000000087a80000)
 Metaspace       used 59410K, committed 60864K, reserved 1114112K
  class space    used 6029K, committed 6720K, reserved 1048576K
}
Event: 16.469 GC heap before
{Heap before GC invocations=106 (full 3):
 PSYoungGen      total 4096K, used 4009K [0x00000000d5580000, 0x00000000d5b00000, 0x0000000100000000)
  eden space 3072K, 100% used [0x00000000d5580000,0x00000000d5880000,0x00000000d5880000)
  from space 1024K, 91% used [0x00000000d5a00000,0x00000000d5aea608,0x00000000d5b00000)
  to   space 1024K, 0% used [0x00000000d5880000,0x00000000d5880000,0x00000000d5980000)
 ParOldGen       total 125440K, used 121121K [0x0000000080000000, 0x0000000087a80000, 0x00000000d5580000)
  object space 125440K, 96% used [0x0000000080000000,0x00000000876484e8,0x0000000087a80000)
 Metaspace       used 59410K, committed 60864K, reserved 1114112K
  class space    used 6029K, committed 6720K, reserved 1048576K
}
Event: 16.470 GC heap after
{Heap after GC invocations=106 (full 3):
 PSYoungGen      total 4096K, used 1018K [0x00000000d5580000, 0x00000000d5b80000, 0x0000000100000000)
  eden space 3072K, 0% used [0x00000000d5580000,0x00000000d5580000,0x00000000d5880000)
  from space 1024K, 99% used [0x00000000d5880000,0x00000000d597e898,0x00000000d5980000)
  to   space 1536K, 0% used [0x00000000d5a00000,0x00000000d5a00000,0x00000000d5b80000)
 ParOldGen       total 125440K, used 121798K [0x0000000080000000, 0x0000000087a80000, 0x00000000d5580000)
  object space 125440K, 97% used [0x0000000080000000,0x00000000876f1a68,0x0000000087a80000)
 Metaspace       used 59410K, committed 60864K, reserved 1114112K
  class space    used 6029K, committed 6720K, reserved 1048576K
}
Event: 16.483 GC heap before
{Heap before GC invocations=107 (full 3):
 PSYoungGen      total 4096K, used 4090K [0x00000000d5580000, 0x00000000d5b80000, 0x0000000100000000)
  eden space 3072K, 100% used [0x00000000d5580000,0x00000000d5880000,0x00000000d5880000)
  from space 1024K, 99% used [0x00000000d5880000,0x00000000d597e898,0x00000000d5980000)
  to   space 1536K, 0% used [0x00000000d5a00000,0x00000000d5a00000,0x00000000d5b80000)
 ParOldGen       total 125440K, used 121798K [0x0000000080000000, 0x0000000087a80000, 0x00000000d5580000)
  object space 125440K, 97% used [0x0000000080000000,0x00000000876f1a68,0x0000000087a80000)
 Metaspace       used 59418K, committed 60864K, reserved 1114112K
  class space    used 6029K, committed 6720K, reserved 1048576K
}
Event: 16.484 GC heap after
{Heap after GC invocations=107 (full 3):
 PSYoungGen      total 4096K, used 672K [0x00000000d5580000, 0x00000000d5b00000, 0x0000000100000000)
  eden space 3072K, 0% used [0x00000000d5580000,0x00000000d5580000,0x00000000d5880000)
  from space 1024K, 65% used [0x00000000d5a00000,0x00000000d5aa8000,0x00000000d5b00000)
  to   space 1024K, 0% used [0x00000000d5880000,0x00000000d5880000,0x00000000d5980000)
 ParOldGen       total 125440K, used 122493K [0x0000000080000000, 0x0000000087a80000, 0x00000000d5580000)
  object space 125440K, 97% used [0x0000000080000000,0x000000008779f580,0x0000000087a80000)
 Metaspace       used 59418K, committed 60864K, reserved 1114112K
  class space    used 6029K, committed 6720K, reserved 1048576K
}
Event: 16.509 GC heap before
{Heap before GC invocations=108 (full 3):
 PSYoungGen      total 4096K, used 3744K [0x00000000d5580000, 0x00000000d5b00000, 0x0000000100000000)
  eden space 3072K, 100% used [0x00000000d5580000,0x00000000d5880000,0x00000000d5880000)
  from space 1024K, 65% used [0x00000000d5a00000,0x00000000d5aa8000,0x00000000d5b00000)
  to   space 1024K, 0% used [0x00000000d5880000,0x00000000d5880000,0x00000000d5980000)
 ParOldGen       total 125440K, used 122493K [0x0000000080000000, 0x0000000087a80000, 0x00000000d5580000)
  object space 125440K, 97% used [0x0000000080000000,0x000000008779f580,0x0000000087a80000)
 Metaspace       used 59438K, committed 60864K, reserved 1114112K
  class space    used 6029K, committed 6720K, reserved 1048576K
}
Event: 16.510 GC heap after
{Heap after GC invocations=108 (full 3):
 PSYoungGen      total 4096K, used 846K [0x00000000d5580000, 0x00000000d5a80000, 0x0000000100000000)
  eden space 3072K, 0% used [0x00000000d5580000,0x00000000d5580000,0x00000000d5880000)
  from space 1024K, 82% used [0x00000000d5880000,0x00000000d5953b70,0x00000000d5980000)
  to   space 1024K, 0% used [0x00000000d5980000,0x00000000d5980000,0x00000000d5a80000)
 ParOldGen       total 125440K, used 123083K [0x0000000080000000, 0x0000000087a80000, 0x00000000d5580000)
  object space 125440K, 98% used [0x0000000080000000,0x0000000087832e58,0x0000000087a80000)
 Metaspace       used 59438K, committed 60864K, reserved 1114112K
  class space    used 6029K, committed 6720K, reserved 1048576K
}
Event: 16.557 GC heap before
{Heap before GC invocations=109 (full 3):
 PSYoungGen      total 4096K, used 3918K [0x00000000d5580000, 0x00000000d5a80000, 0x0000000100000000)
  eden space 3072K, 100% used [0x00000000d5580000,0x00000000d5880000,0x00000000d5880000)
  from space 1024K, 82% used [0x00000000d5880000,0x00000000d5953b70,0x00000000d5980000)
  to   space 1024K, 0% used [0x00000000d5980000,0x00000000d5980000,0x00000000d5a80000)
 ParOldGen       total 125440K, used 123083K [0x0000000080000000, 0x0000000087a80000, 0x00000000d5580000)
  object space 125440K, 98% used [0x0000000080000000,0x0000000087832e58,0x0000000087a80000)
 Metaspace       used 59496K, committed 60928K, reserved 1114112K
  class space    used 6038K, committed 6720K, reserved 1048576K
}
Event: 16.559 GC heap after
{Heap after GC invocations=109 (full 3):
 PSYoungGen      total 4096K, used 717K [0x00000000d5580000, 0x00000000d5a80000, 0x0000000100000000)
  eden space 3072K, 0% used [0x00000000d5580000,0x00000000d5580000,0x00000000d5880000)
  from space 1024K, 70% used [0x00000000d5980000,0x00000000d5a33570,0x00000000d5a80000)
  to   space 1024K, 0% used [0x00000000d5880000,0x00000000d5880000,0x00000000d5980000)
 ParOldGen       total 125440K, used 123731K [0x0000000080000000, 0x0000000087a80000, 0x00000000d5580000)
  object space 125440K, 98% used [0x0000000080000000,0x00000000878d4f80,0x0000000087a80000)
 Metaspace       used 59496K, committed 60928K, reserved 1114112K
  class space    used 6038K, committed 6720K, reserved 1048576K
}
Event: 16.614 GC heap before
{Heap before GC invocations=110 (full 3):
 PSYoungGen      total 4096K, used 3789K [0x00000000d5580000, 0x00000000d5a80000, 0x0000000100000000)
  eden space 3072K, 100% used [0x00000000d5580000,0x00000000d5880000,0x00000000d5880000)
  from space 1024K, 70% used [0x00000000d5980000,0x00000000d5a33570,0x00000000d5a80000)
  to   space 1024K, 0% used [0x00000000d5880000,0x00000000d5880000,0x00000000d5980000)
 ParOldGen       total 125440K, used 123731K [0x0000000080000000, 0x0000000087a80000, 0x00000000d5580000)
  object space 125440K, 98% used [0x0000000080000000,0x00000000878d4f80,0x0000000087a80000)
 Metaspace       used 59523K, committed 60928K, reserved 1114112K
  class space    used 6038K, committed 6720K, reserved 1048576K
}
Event: 16.617 GC heap after
{Heap after GC invocations=110 (full 3):
 PSYoungGen      total 4096K, used 792K [0x00000000d5580000, 0x00000000d5a80000, 0x0000000100000000)
  eden space 3072K, 0% used [0x00000000d5580000,0x00000000d5580000,0x00000000d5880000)
  from space 1024K, 77% used [0x00000000d5880000,0x00000000d59461f8,0x00000000d5980000)
  to   space 1024K, 0% used [0x00000000d5980000,0x00000000d5980000,0x00000000d5a80000)
 ParOldGen       total 125440K, used 124341K [0x0000000080000000, 0x0000000087a80000, 0x00000000d5580000)
  object space 125440K, 99% used [0x0000000080000000,0x000000008796d6b0,0x0000000087a80000)
 Metaspace       used 59523K, committed 60928K, reserved 1114112K
  class space    used 6038K, committed 6720K, reserved 1048576K
}
Event: 16.746 GC heap before
{Heap before GC invocations=111 (full 3):
 PSYoungGen      total 4096K, used 3864K [0x00000000d5580000, 0x00000000d5a80000, 0x0000000100000000)
  eden space 3072K, 100% used [0x00000000d5580000,0x00000000d5880000,0x00000000d5880000)
  from space 1024K, 77% used [0x00000000d5880000,0x00000000d59461f8,0x00000000d5980000)
  to   space 1024K, 0% used [0x00000000d5980000,0x00000000d5980000,0x00000000d5a80000)
 ParOldGen       total 125440K, used 124341K [0x0000000080000000, 0x0000000087a80000, 0x00000000d5580000)
  object space 125440K, 99% used [0x0000000080000000,0x000000008796d6b0,0x0000000087a80000)
 Metaspace       used 59583K, committed 60992K, reserved 1114112K
  class space    used 6042K, committed 6720K, reserved 1048576K
}
Event: 16.749 GC heap after
{Heap after GC invocations=111 (full 3):
 PSYoungGen      total 4096K, used 608K [0x00000000d5580000, 0x00000000d5a80000, 0x0000000100000000)
  eden space 3072K, 0% used [0x00000000d5580000,0x00000000d5580000,0x00000000d5880000)
  from space 1024K, 59% used [0x00000000d5980000,0x00000000d5a18000,0x00000000d5a80000)
  to   space 1024K, 0% used [0x00000000d5880000,0x00000000d5880000,0x00000000d5980000)
 ParOldGen       total 125440K, used 124981K [0x0000000080000000, 0x0000000087a80000, 0x00000000d5580000)
  object space 125440K, 99% used [0x0000000080000000,0x0000000087a0d5e0,0x0000000087a80000)
 Metaspace       used 59583K, committed 60992K, reserved 1114112K
  class space    used 6042K, committed 6720K, reserved 1048576K
}
Event: 16.828 GC heap before
{Heap before GC invocations=112 (full 3):
 PSYoungGen      total 4096K, used 3680K [0x00000000d5580000, 0x00000000d5a80000, 0x0000000100000000)
  eden space 3072K, 100% used [0x00000000d5580000,0x00000000d5880000,0x00000000d5880000)
  from space 1024K, 59% used [0x00000000d5980000,0x00000000d5a18000,0x00000000d5a80000)
  to   space 1024K, 0% used [0x00000000d5880000,0x00000000d5880000,0x00000000d5980000)
 ParOldGen       total 125440K, used 124981K [0x0000000080000000, 0x0000000087a80000, 0x00000000d5580000)
  object space 125440K, 99% used [0x0000000080000000,0x0000000087a0d5e0,0x0000000087a80000)
 Metaspace       used 59627K, committed 61056K, reserved 1114112K
  class space    used 6043K, committed 6720K, reserved 1048576K
}
Event: 16.829 GC heap after
{Heap after GC invocations=112 (full 3):
 PSYoungGen      total 4096K, used 665K [0x00000000d5580000, 0x00000000d5a80000, 0x0000000100000000)
  eden space 3072K, 0% used [0x00000000d5580000,0x00000000d5580000,0x00000000d5880000)
  from space 1024K, 65% used [0x00000000d5880000,0x00000000d5926770,0x00000000d5980000)
  to   space 1024K, 0% used [0x00000000d5980000,0x00000000d5980000,0x00000000d5a80000)
 ParOldGen       total 125952K, used 125494K [0x0000000080000000, 0x0000000087b00000, 0x00000000d5580000)
  object space 125952K, 99% used [0x0000000080000000,0x0000000087a8d9b0,0x0000000087b00000)
 Metaspace       used 59627K, committed 61056K, reserved 1114112K
  class space    used 6043K, committed 6720K, reserved 1048576K
}

Dll operation events (10 events):
Event: 0.022 Loaded shared library c:\Users\obeng\.cursor\extensions\redhat.java-1.43.1-win32-x64\jre\21.0.7-win32-x86_64\bin\java.dll
Event: 0.119 Loaded shared library c:\Users\obeng\.cursor\extensions\redhat.java-1.43.1-win32-x64\jre\21.0.7-win32-x86_64\bin\zip.dll
Event: 0.154 Loaded shared library C:\Users\obeng\.cursor\extensions\redhat.java-1.43.1-win32-x64\jre\21.0.7-win32-x86_64\bin\instrument.dll
Event: 0.161 Loaded shared library C:\Users\obeng\.cursor\extensions\redhat.java-1.43.1-win32-x64\jre\21.0.7-win32-x86_64\bin\net.dll
Event: 0.166 Loaded shared library C:\Users\obeng\.cursor\extensions\redhat.java-1.43.1-win32-x64\jre\21.0.7-win32-x86_64\bin\nio.dll
Event: 0.171 Loaded shared library C:\Users\obeng\.cursor\extensions\redhat.java-1.43.1-win32-x64\jre\21.0.7-win32-x86_64\bin\zip.dll
Event: 0.216 Loaded shared library C:\Users\obeng\.cursor\extensions\redhat.java-1.43.1-win32-x64\jre\21.0.7-win32-x86_64\bin\jimage.dll
Event: 0.354 Loaded shared library c:\Users\obeng\.cursor\extensions\redhat.java-1.43.1-win32-x64\jre\21.0.7-win32-x86_64\bin\verify.dll
Event: 2.220 Loaded shared library C:\Users\obeng\AppData\Roaming\Cursor\User\globalStorage\redhat.java\1.43.1\config_win\org.eclipse.equinox.launcher\org.eclipse.equinox.launcher.win32.win32.x86_64_1.2.1300.v20250331-1702\eclipse_11911.dll
Event: 4.487 Loaded shared library C:\Users\obeng\AppData\Local\Temp\jna-2331414\jna7560612706376265217.dll

Deoptimization events (20 events):
Event: 16.525 Thread 0x000002834dc15140 DEOPT PACKING pc=0x0000028377274b2c sp=0x000000b302ffed20
Event: 16.525 Thread 0x000002834dc15140 DEOPT UNPACKING pc=0x0000028376b73aa2 sp=0x000000b302ffecb8 mode 2
Event: 16.525 Thread 0x000002834dc15140 Uncommon trap: trap_request=0xffffff45 fr.pc=0x0000028377480c0c relative=0x000000000000006c
Event: 16.525 Thread 0x000002834dc15140 Uncommon trap: reason=unstable_if action=reinterpret pc=0x0000028377480c0c method=org.eclipse.jdt.internal.compiler.parser.Scanner.atMultiCaseComma()Z @ 4 c2
Event: 16.525 Thread 0x000002834dc15140 DEOPT PACKING pc=0x0000028377480c0c sp=0x000000b302ffed30
Event: 16.525 Thread 0x000002834dc15140 DEOPT UNPACKING pc=0x0000028376b73aa2 sp=0x000000b302ffecc8 mode 2
Event: 16.525 Thread 0x000002834dc15140 Uncommon trap: trap_request=0x00000d0f fr.pc=0x000002837744a3ec relative=0x0000000000003eec
Event: 16.525 Thread 0x000002834dc15140 Uncommon trap: reason=unloaded action=reinterpret pc=0x000002837744a3ec method=org.eclipse.jdt.internal.compiler.parser.Parser.consumeRule(I)V @ 5198 c2
Event: 16.526 Thread 0x000002834dc15140 DEOPT PACKING pc=0x000002837744a3ec sp=0x000000b302ffedb0
Event: 16.526 Thread 0x000002834dc15140 DEOPT UNPACKING pc=0x0000028376b73aa2 sp=0x000000b302ffed40 mode 2
Event: 16.708 Thread 0x000002834dc15140 DEOPT PACKING pc=0x0000028370a8791b sp=0x000000b302ffe730
Event: 16.708 Thread 0x000002834dc15140 DEOPT UNPACKING pc=0x0000028376b74242 sp=0x000000b302ffdc08 mode 0
Event: 16.772 Thread 0x000002834dc15140 Uncommon trap: trap_request=0xffffff45 fr.pc=0x0000028377455ea8 relative=0x0000000000001908
Event: 16.772 Thread 0x000002834dc15140 Uncommon trap: reason=unstable_if action=reinterpret pc=0x0000028377455ea8 method=org.eclipse.jdt.internal.compiler.classfmt.MethodInfo.createMethod([B[IIJ)Lorg/eclipse/jdt/internal/compiler/classfmt/MethodInfo; @ 265 c2
Event: 16.772 Thread 0x000002834dc15140 DEOPT PACKING pc=0x0000028377455ea8 sp=0x000000b302ffe420
Event: 16.772 Thread 0x000002834dc15140 DEOPT UNPACKING pc=0x0000028376b73aa2 sp=0x000000b302ffe380 mode 2
Event: 16.800 Thread 0x000002834dc15140 Uncommon trap: trap_request=0xffffff45 fr.pc=0x000002837743d218 relative=0x0000000000000078
Event: 16.800 Thread 0x000002834dc15140 Uncommon trap: reason=unstable_if action=reinterpret pc=0x000002837743d218 method=org.eclipse.jdt.internal.compiler.classfmt.MethodInfo.getModifiers()I @ 5 c2
Event: 16.800 Thread 0x000002834dc15140 DEOPT PACKING pc=0x000002837743d218 sp=0x000000b302ffe420
Event: 16.800 Thread 0x000002834dc15140 DEOPT UNPACKING pc=0x0000028376b73aa2 sp=0x000000b302ffe3b8 mode 2

Classes loaded (20 events):
Event: 14.398 Loading class java/util/concurrent/ArrayBlockingQueue
Event: 14.399 Loading class java/util/concurrent/ArrayBlockingQueue done
Event: 14.515 Loading class java/util/Hashtable$ValueCollection
Event: 14.515 Loading class java/util/Hashtable$ValueCollection done
Event: 14.523 Loading class java/util/concurrent/ConcurrentHashMap$KeySpliterator
Event: 14.524 Loading class java/util/concurrent/ConcurrentHashMap$KeySpliterator done
Event: 14.537 Loading class sun/nio/ch/ChannelOutputStream
Event: 14.537 Loading class sun/nio/ch/ChannelOutputStream done
Event: 14.630 Loading class java/util/stream/ReferencePipeline$4
Event: 14.630 Loading class java/util/stream/ReferencePipeline$4 done
Event: 14.631 Loading class java/util/stream/Nodes$IntFixedNodeBuilder
Event: 14.632 Loading class java/util/stream/Node$Builder$OfInt
Event: 14.632 Loading class java/util/stream/Node$Builder$OfInt done
Event: 14.632 Loading class java/util/stream/Nodes$IntArrayNode
Event: 14.632 Loading class java/util/stream/Nodes$IntArrayNode done
Event: 14.632 Loading class java/util/stream/Nodes$IntFixedNodeBuilder done
Event: 14.632 Loading class java/util/stream/ReferencePipeline$4$1
Event: 14.632 Loading class java/util/stream/ReferencePipeline$4$1 done
Event: 16.056 Loading class java/util/ArrayDeque$DeqSpliterator
Event: 16.056 Loading class java/util/ArrayDeque$DeqSpliterator done

Classes unloaded (7 events):
Event: 5.571 Thread 0x000002836c4a0610 Unloading class 0x00000283051a5000 'java/lang/invoke/LambdaForm$MH+0x00000283051a5000'
Event: 5.571 Thread 0x000002836c4a0610 Unloading class 0x00000283051a4c00 'java/lang/invoke/LambdaForm$MH+0x00000283051a4c00'
Event: 5.571 Thread 0x000002836c4a0610 Unloading class 0x00000283051a4800 'java/lang/invoke/LambdaForm$MH+0x00000283051a4800'
Event: 5.571 Thread 0x000002836c4a0610 Unloading class 0x00000283051a4400 'java/lang/invoke/LambdaForm$MH+0x00000283051a4400'
Event: 5.571 Thread 0x000002836c4a0610 Unloading class 0x00000283051a4000 'java/lang/invoke/LambdaForm$BMH+0x00000283051a4000'
Event: 5.571 Thread 0x000002836c4a0610 Unloading class 0x00000283051a3c00 'java/lang/invoke/LambdaForm$DMH+0x00000283051a3c00'
Event: 5.571 Thread 0x000002836c4a0610 Unloading class 0x00000283051a2800 'java/lang/invoke/LambdaForm$DMH+0x00000283051a2800'

Classes redefined (0 events):
No events

Internal exceptions (20 events):
Event: 9.981 Thread 0x000002834c7076b0 Exception <a 'java/io/FileNotFoundException'{0x00000000d5919a38}> (0x00000000d5919a38) 
thrown [s\src\hotspot\share\prims\jni.cpp, line 520]
Event: 10.338 Thread 0x000002834ace0590 Implicit null exception at 0x00000283772f2e5a to 0x00000283772f2f58
Event: 11.035 Thread 0x000002834c7076b0 Exception <a 'sun/nio/fs/WindowsException'{0x00000000d5fdf400}> (0x00000000d5fdf400) 
thrown [s\src\hotspot\share\prims\jni.cpp, line 520]
Event: 11.047 Thread 0x000002834dc16b80 Exception <a 'sun/nio/fs/WindowsException'{0x00000000d55e8468}> (0x00000000d55e8468) 
thrown [s\src\hotspot\share\prims\jni.cpp, line 520]
Event: 11.049 Thread 0x000002834dc16b80 Exception <a 'sun/nio/fs/WindowsException'{0x00000000d55edc58}> (0x00000000d55edc58) 
thrown [s\src\hotspot\share\prims\jni.cpp, line 520]
Event: 11.052 Thread 0x000002834dc164f0 Exception <a 'sun/nio/fs/WindowsException'{0x00000000d5615d60}> (0x00000000d5615d60) 
thrown [s\src\hotspot\share\prims\jni.cpp, line 520]
Event: 11.060 Thread 0x000002834dc15e60 Exception <a 'sun/nio/fs/WindowsException'{0x00000000d560d220}> (0x00000000d560d220) 
thrown [s\src\hotspot\share\prims\jni.cpp, line 520]
Event: 11.062 Thread 0x000002834dc164f0 Exception <a 'sun/nio/fs/WindowsException'{0x00000000d561c6f0}> (0x00000000d561c6f0) 
thrown [s\src\hotspot\share\prims\jni.cpp, line 520]
Event: 11.064 Thread 0x000002834dc178a0 Exception <a 'sun/nio/fs/WindowsException'{0x00000000d5642c60}> (0x00000000d5642c60) 
thrown [s\src\hotspot\share\prims\jni.cpp, line 520]
Event: 11.066 Thread 0x000002834dc164f0 Exception <a 'sun/nio/fs/WindowsException'{0x00000000d5651740}> (0x00000000d5651740) 
thrown [s\src\hotspot\share\prims\jni.cpp, line 520]
Event: 11.067 Thread 0x000002834dc17f30 Exception <a 'sun/nio/fs/WindowsException'{0x00000000d5654c38}> (0x00000000d5654c38) 
thrown [s\src\hotspot\share\prims\jni.cpp, line 520]
Event: 11.086 Thread 0x000002834dc17f30 Exception <a 'sun/nio/fs/WindowsException'{0x00000000d5656d78}> (0x00000000d5656d78) 
thrown [s\src\hotspot\share\prims\jni.cpp, line 520]
Event: 13.593 Thread 0x000002834c7076b0 Exception <a 'java/lang/NoSuchMethodError'{0x00000000d5bb16d8}: 'int java.lang.invoke.DirectMethodHandle$Holder.invokeSpecialIFC(java.lang.Object, java.lang.Object, java.lang.Object)'> (0x00000000d5bb16d8) 
thrown [s\src\hotspot\share\interpreter\linkResolver.cpp, line 773]
Event: 13.880 Thread 0x000002834c7076b0 Implicit null exception at 0x00000283772c6a46 to 0x00000283772c6a8f
Event: 14.480 Thread 0x000002834dc15140 Exception <a 'java/lang/NoSuchMethodError'{0x00000000d5698090}: 'void java.lang.invoke.DirectMethodHandle$Holder.invokeStatic(java.lang.Object, int, java.lang.Object)'> (0x00000000d5698090) 
thrown [s\src\hotspot\share\interpreter\linkResolver.cpp, line 773]
Event: 14.529 Thread 0x000002834c7076b0 Exception <a 'java/lang/NoSuchMethodError'{0x00000000d5add0a0}: 'java.lang.Object java.lang.invoke.DirectMethodHandle$Holder.newInvokeSpecial(java.lang.Object, java.lang.Object, int, int, java.lang.Object)'> (0x00000000d5add0a0) 
thrown [s\src\hotspot\share\interpreter\linkResolver.cpp, line 773]
Event: 14.958 Thread 0x000002834dc15140 Exception <a 'java/lang/NoSuchMethodError'{0x00000000d58eff30}: 'java.lang.Object java.lang.invoke.DirectMethodHandle$Holder.newInvokeSpecial(java.lang.Object, java.lang.Object, java.lang.Object, java.lang.Object, int)'> (0x00000000d58eff30) 
thrown [s\src\hotspot\share\interpreter\linkResolver.cpp, line 773]
Event: 14.959 Thread 0x000002834dc15140 Exception <a 'java/lang/NoSuchMethodError'{0x00000000d58f4318}: 'java.lang.Object java.lang.invoke.DirectMethodHandle$Holder.invokeSpecial(java.lang.Object, java.lang.Object, java.lang.Object, java.lang.Object, java.lang.Object, int)'> (0x00000000d58f4318) 
thrown [s\src\hotspot\share\interpreter\linkResolver.cpp, line 773]
Event: 14.959 Thread 0x000002834dc15140 Exception <a 'java/lang/NoSuchMethodError'{0x00000000d58f8080}: 'java.lang.Object java.lang.invoke.Invokers$Holder.linkToTargetMethod(java.lang.Object, java.lang.Object, java.lang.Object, int, java.lang.Object)'> (0x00000000d58f8080) 
thrown [s\src\hotspot\share\interpreter\linkResolver.cpp, line 773]
Event: 15.339 Thread 0x000002834c705c70 Exception <a 'java/lang/IncompatibleClassChangeError'{0x00000000d558b750}: Found class java.lang.Object, but interface was expected> (0x00000000d558b750) 
thrown [s\src\hotspot\share\interpreter\linkResolver.cpp, line 840]

ZGC Phase Switch (0 events):
No events

VM Operations (20 events):
Event: 16.468 Executing VM operation: ParallelGCFailedAllocation (Allocation Failure)
Event: 16.470 Executing VM operation: ParallelGCFailedAllocation (Allocation Failure) done
Event: 16.483 Executing VM operation: ParallelGCFailedAllocation (Allocation Failure)
Event: 16.485 Executing VM operation: ParallelGCFailedAllocation (Allocation Failure) done
Event: 16.508 Executing VM operation: ParallelGCFailedAllocation (Allocation Failure)
Event: 16.510 Executing VM operation: ParallelGCFailedAllocation (Allocation Failure) done
Event: 16.537 Executing VM operation: HandshakeAllThreads (Deoptimize)
Event: 16.538 Executing VM operation: HandshakeAllThreads (Deoptimize) done
Event: 16.554 Executing VM operation: HandshakeAllThreads (Deoptimize)
Event: 16.555 Executing VM operation: HandshakeAllThreads (Deoptimize) done
Event: 16.557 Executing VM operation: ParallelGCFailedAllocation (Allocation Failure)
Event: 16.559 Executing VM operation: ParallelGCFailedAllocation (Allocation Failure) done
Event: 16.598 Executing VM operation: ParallelGCFailedAllocation (Allocation Failure)
Event: 16.617 Executing VM operation: ParallelGCFailedAllocation (Allocation Failure) done
Event: 16.726 Executing VM operation: ParallelGCFailedAllocation (Allocation Failure)
Event: 16.749 Executing VM operation: ParallelGCFailedAllocation (Allocation Failure) done
Event: 16.775 Executing VM operation: HandshakeAllThreads (Deoptimize)
Event: 16.797 Executing VM operation: HandshakeAllThreads (Deoptimize) done
Event: 16.827 Executing VM operation: ParallelGCFailedAllocation (Allocation Failure)
Event: 16.829 Executing VM operation: ParallelGCFailedAllocation (Allocation Failure) done

Memory protections (0 events):
No events

Nmethod flushes (20 events):
Event: 15.236 Thread 0x000002836c4a0610 flushing  nmethod 0x000002836fefc310
Event: 15.236 Thread 0x000002836c4a0610 flushing  nmethod 0x000002836feffb90
Event: 15.236 Thread 0x000002836c4a0610 flushing  nmethod 0x000002836ff12d10
Event: 15.236 Thread 0x000002836c4a0610 flushing  nmethod 0x000002836ff13610
Event: 15.236 Thread 0x000002836c4a0610 flushing  nmethod 0x000002836ff13a10
Event: 15.236 Thread 0x000002836c4a0610 flushing  nmethod 0x000002836ff1e290
Event: 15.236 Thread 0x000002836c4a0610 flushing  nmethod 0x000002836ff5f310
Event: 15.236 Thread 0x000002836c4a0610 flushing  nmethod 0x000002836ff60510
Event: 15.236 Thread 0x000002836c4a0610 flushing  nmethod 0x000002836ff61490
Event: 15.236 Thread 0x000002836c4a0610 flushing  nmethod 0x000002836ff61c10
Event: 15.236 Thread 0x000002836c4a0610 flushing  nmethod 0x000002836ff62190
Event: 15.236 Thread 0x000002836c4a0610 flushing  nmethod 0x000002836ff62a90
Event: 15.236 Thread 0x000002836c4a0610 flushing  nmethod 0x000002836ff63b10
Event: 15.236 Thread 0x000002836c4a0610 flushing  nmethod 0x000002836ff67b10
Event: 15.236 Thread 0x000002836c4a0610 flushing  nmethod 0x000002836ff69e10
Event: 15.236 Thread 0x000002836c4a0610 flushing  nmethod 0x000002836ff6ac90
Event: 15.236 Thread 0x000002836c4a0610 flushing  nmethod 0x000002836ff6b190
Event: 15.236 Thread 0x000002836c4a0610 flushing  nmethod 0x000002836ff71d90
Event: 15.236 Thread 0x000002836c4a0610 flushing  nmethod 0x000002836ff72190
Event: 15.236 Thread 0x000002836c4a0610 flushing  nmethod 0x000002836ff74190

Events (20 events):
Event: 11.047 Thread 0x000002834dc16b80 Thread added: 0x000002834dc15e60
Event: 11.049 Thread 0x000002834dc16b80 Thread added: 0x000002834dc164f0
Event: 11.050 Thread 0x000002834dc16b80 Thread added: 0x000002834dc14420
Event: 11.050 Thread 0x000002834dc15e60 Thread added: 0x000002834dc13700
Event: 11.051 Thread 0x000002834dc164f0 Thread added: 0x000002834dc17210
Event: 11.053 Thread 0x000002834dc164f0 Thread added: 0x000002834dc178a0
Event: 11.053 Thread 0x000002834dc164f0 Thread added: 0x000002834dc17f30
Event: 11.139 Thread 0x000002834c7076b0 Thread added: 0x000002834dc13070
Event: 11.139 Thread 0x000002834c7076b0 Thread added: 0x000002834dc11cc0
Event: 11.139 Thread 0x000002834c7076b0 Thread added: 0x000002834dc185c0
Event: 11.140 Thread 0x000002834c7076b0 Thread added: 0x000002834dc14ab0
Event: 11.140 Thread 0x000002834dc185c0 Thread added: 0x000002834dc18c50
Event: 11.140 Thread 0x000002834dc14ab0 Thread added: 0x000002834dc192e0
Event: 14.400 Thread 0x000002834c7076b0 Thread added: 0x000002834dc15140
Event: 14.530 Thread 0x000002834c7076b0 Thread added: 0x000002834acdff00
Event: 14.627 Thread 0x000002834c7076b0 Thread added: 0x000002834d93ef90
Event: 14.852 Thread 0x000002834c7076b0 Thread added: 0x000002834d93cec0
Event: 14.931 Thread 0x000002834c7076b0 Thread added: 0x000002834d93a760
Event: 14.989 Thread 0x000002834c7076b0 Thread added: 0x000002834d93adf0
Event: 15.007 Thread 0x000002834c7076b0 Thread added: 0x000002834d93c1a0


Dynamic libraries:
0x00007ff7cb420000 - 0x00007ff7cb42e000 	c:\Users\obeng\.cursor\extensions\redhat.java-1.43.1-win32-x64\jre\21.0.7-win32-x86_64\bin\java.exe
0x00007ffcc2010000 - 0x00007ffcc2227000 	C:\Windows\SYSTEM32\ntdll.dll
0x00007ffcc0bf0000 - 0x00007ffcc0cb4000 	C:\Windows\System32\KERNEL32.DLL
0x00007ffcbf520000 - 0x00007ffcbf8f2000 	C:\Windows\System32\KERNELBASE.dll
0x00007ffcbfa20000 - 0x00007ffcbfb31000 	C:\Windows\System32\ucrtbase.dll
0x00007ffcb9500000 - 0x00007ffcb9518000 	c:\Users\obeng\.cursor\extensions\redhat.java-1.43.1-win32-x64\jre\21.0.7-win32-x86_64\bin\jli.dll
0x00007ffcc12e0000 - 0x00007ffcc1491000 	C:\Windows\System32\USER32.dll
0x00007ffcbfb40000 - 0x00007ffcbfb66000 	C:\Windows\System32\win32u.dll
0x00007ffcb9540000 - 0x00007ffcb955e000 	c:\Users\obeng\.cursor\extensions\redhat.java-1.43.1-win32-x64\jre\21.0.7-win32-x86_64\bin\VCRUNTIME140.dll
0x00007ffcc06d0000 - 0x00007ffcc06f9000 	C:\Windows\System32\GDI32.dll
0x00007ffcbfb70000 - 0x00007ffcbfc93000 	C:\Windows\System32\gdi32full.dll
0x00007ffcbf900000 - 0x00007ffcbf99a000 	C:\Windows\System32\msvcp_win.dll
0x00007ffc9ff00000 - 0x00007ffca019b000 	C:\Windows\WinSxS\amd64_microsoft.windows.common-controls_6595b64144ccf1df_6.0.22621.5547_none_27104afb73855772\COMCTL32.dll
0x00007ffcc0890000 - 0x00007ffcc0937000 	C:\Windows\System32\msvcrt.dll
0x00007ffcc0e60000 - 0x00007ffcc0e91000 	C:\Windows\System32\IMM32.DLL
0x00007ffcb8e90000 - 0x00007ffcb8e9c000 	c:\Users\obeng\.cursor\extensions\redhat.java-1.43.1-win32-x64\jre\21.0.7-win32-x86_64\bin\vcruntime140_1.dll
0x00007ffc93ee0000 - 0x00007ffc93f6d000 	c:\Users\obeng\.cursor\extensions\redhat.java-1.43.1-win32-x64\jre\21.0.7-win32-x86_64\bin\msvcp140.dll
0x00007ffc6ad60000 - 0x00007ffc6baf0000 	c:\Users\obeng\.cursor\extensions\redhat.java-1.43.1-win32-x64\jre\21.0.7-win32-x86_64\bin\server\jvm.dll
0x00007ffcc14a0000 - 0x00007ffcc1551000 	C:\Windows\System32\ADVAPI32.dll
0x00007ffcc0700000 - 0x00007ffcc07a8000 	C:\Windows\System32\sechost.dll
0x00007ffcbf300000 - 0x00007ffcbf328000 	C:\Windows\System32\bcrypt.dll
0x00007ffcc05b0000 - 0x00007ffcc06c4000 	C:\Windows\System32\RPCRT4.dll
0x00007ffcc0ea0000 - 0x00007ffcc0f11000 	C:\Windows\System32\WS2_32.dll
0x00007ffcbefd0000 - 0x00007ffcbf01d000 	C:\Windows\SYSTEM32\POWRPROF.dll
0x00007ffcb5d60000 - 0x00007ffcb5d94000 	C:\Windows\SYSTEM32\WINMM.dll
0x00007ffcb5550000 - 0x00007ffcb555a000 	C:\Windows\SYSTEM32\VERSION.dll
0x00007ffcbefb0000 - 0x00007ffcbefc3000 	C:\Windows\SYSTEM32\UMPDC.dll
0x00007ffcbe0f0000 - 0x00007ffcbe108000 	C:\Windows\SYSTEM32\kernel.appcore.dll
0x00007ffcb5910000 - 0x00007ffcb591a000 	c:\Users\obeng\.cursor\extensions\redhat.java-1.43.1-win32-x64\jre\21.0.7-win32-x86_64\bin\jimage.dll
0x00007ffcbca00000 - 0x00007ffcbcc33000 	C:\Windows\SYSTEM32\DBGHELP.DLL
0x00007ffcc0f40000 - 0x00007ffcc12d3000 	C:\Windows\System32\combase.dll
0x00007ffcc07b0000 - 0x00007ffcc0887000 	C:\Windows\System32\OLEAUT32.dll
0x00007ffc9ea70000 - 0x00007ffc9eaa2000 	C:\Windows\SYSTEM32\dbgcore.DLL
0x00007ffcbf4a0000 - 0x00007ffcbf51b000 	C:\Windows\System32\bcryptPrimitives.dll
0x00007ffcb5900000 - 0x00007ffcb590f000 	c:\Users\obeng\.cursor\extensions\redhat.java-1.43.1-win32-x64\jre\21.0.7-win32-x86_64\bin\instrument.dll
0x00007ffca5250000 - 0x00007ffca526f000 	c:\Users\obeng\.cursor\extensions\redhat.java-1.43.1-win32-x64\jre\21.0.7-win32-x86_64\bin\java.dll
0x00007ffcc15c0000 - 0x00007ffcc1e62000 	C:\Windows\System32\SHELL32.dll
0x00007ffcbf1c0000 - 0x00007ffcbf2ff000 	C:\Windows\System32\wintypes.dll
0x00007ffcbcfe0000 - 0x00007ffcbd8fd000 	C:\Windows\SYSTEM32\windows.storage.dll
0x00007ffcc0ae0000 - 0x00007ffcc0bec000 	C:\Windows\System32\SHCORE.dll
0x00007ffcc00c0000 - 0x00007ffcc0129000 	C:\Windows\System32\shlwapi.dll
0x00007ffcbf030000 - 0x00007ffcbf05b000 	C:\Windows\SYSTEM32\profapi.dll
0x00007ffca5230000 - 0x00007ffca5248000 	c:\Users\obeng\.cursor\extensions\redhat.java-1.43.1-win32-x64\jre\21.0.7-win32-x86_64\bin\zip.dll
0x00007ffca5380000 - 0x00007ffca5390000 	C:\Users\obeng\.cursor\extensions\redhat.java-1.43.1-win32-x64\jre\21.0.7-win32-x86_64\bin\net.dll
0x00007ffcbb740000 - 0x00007ffcbb86c000 	C:\Windows\SYSTEM32\WINHTTP.dll
0x00007ffcbe560000 - 0x00007ffcbe5c9000 	C:\Windows\system32\mswsock.dll
0x00007ffca5210000 - 0x00007ffca5226000 	C:\Users\obeng\.cursor\extensions\redhat.java-1.43.1-win32-x64\jre\21.0.7-win32-x86_64\bin\nio.dll
0x00007ffc9ab10000 - 0x00007ffc9ab20000 	c:\Users\obeng\.cursor\extensions\redhat.java-1.43.1-win32-x64\jre\21.0.7-win32-x86_64\bin\verify.dll
0x00007ffc84cb0000 - 0x00007ffc84cf5000 	C:\Users\obeng\AppData\Roaming\Cursor\User\globalStorage\redhat.java\1.43.1\config_win\org.eclipse.equinox.launcher\org.eclipse.equinox.launcher.win32.win32.x86_64_1.2.1300.v20250331-1702\eclipse_11911.dll
0x00007ffcc0940000 - 0x00007ffcc0ae0000 	C:\Windows\System32\ole32.dll
0x00007ffcbe8b0000 - 0x00007ffcbe8cb000 	C:\Windows\SYSTEM32\CRYPTSP.dll
0x00007ffcbe050000 - 0x00007ffcbe087000 	C:\Windows\system32\rsaenh.dll
0x00007ffcbe600000 - 0x00007ffcbe628000 	C:\Windows\SYSTEM32\USERENV.dll
0x00007ffcbe890000 - 0x00007ffcbe89c000 	C:\Windows\SYSTEM32\CRYPTBASE.dll
0x00007ffcbdb50000 - 0x00007ffcbdb7d000 	C:\Windows\SYSTEM32\IPHLPAPI.DLL
0x00007ffcc0e50000 - 0x00007ffcc0e59000 	C:\Windows\System32\NSI.dll
0x00007ffc832b0000 - 0x00007ffc832f9000 	C:\Users\obeng\AppData\Local\Temp\jna-2331414\jna7560612706376265217.dll
0x00007ffcc0020000 - 0x00007ffcc0028000 	C:\Windows\System32\PSAPI.DLL
0x00007ffcb6090000 - 0x00007ffcb60a9000 	C:\Windows\SYSTEM32\dhcpcsvc6.DLL
0x00007ffcb6070000 - 0x00007ffcb608f000 	C:\Windows\SYSTEM32\dhcpcsvc.DLL

dbghelp: loaded successfully - version: 4.0.5 - missing functions: none
symbol engine: initialized successfully - sym options: 0x614 - pdb path: .;c:\Users\obeng\.cursor\extensions\redhat.java-1.43.1-win32-x64\jre\21.0.7-win32-x86_64\bin;C:\Windows\SYSTEM32;C:\Windows\WinSxS\amd64_microsoft.windows.common-controls_6595b64144ccf1df_6.0.22621.5547_none_27104afb73855772;c:\Users\obeng\.cursor\extensions\redhat.java-1.43.1-win32-x64\jre\21.0.7-win32-x86_64\bin\server;C:\Users\obeng\AppData\Roaming\Cursor\User\globalStorage\redhat.java\1.43.1\config_win\org.eclipse.equinox.launcher\org.eclipse.equinox.launcher.win32.win32.x86_64_1.2.1300.v20250331-1702;C:\Users\obeng\AppData\Local\Temp\jna-2331414

VM Arguments:
jvm_args: --add-modules=ALL-SYSTEM --add-opens=java.base/java.util=ALL-UNNAMED --add-opens=java.base/java.lang=ALL-UNNAMED --add-opens=java.base/sun.nio.fs=ALL-UNNAMED -Declipse.application=org.eclipse.jdt.ls.core.id1 -Dosgi.bundles.defaultStartLevel=4 -Declipse.product=org.eclipse.jdt.ls.core.product -Djava.import.generatesMetadataFilesAtProjectRoot=false -DDetectVMInstallationsJob.disabled=true -Dfile.encoding=utf8 -XX:+UseParallelGC -XX:GCTimeRatio=4 -XX:AdaptiveSizePolicyWeight=90 -Dsun.zip.disableMemoryMapping=true -Xmx2G -Xms100m -Xlog:disable -javaagent:c:\Users\obeng\.cursor\extensions\redhat.java-1.43.1-win32-x64\lombok\lombok-1.18.39-4050.jar -XX:+HeapDumpOnOutOfMemoryError -XX:HeapDumpPath=c:\Users\obeng\AppData\Roaming\Cursor\User\workspaceStorage\f3ec195ff8a34f8d1f201de5db2cf3a5\redhat.java -Daether.dependencyCollector.impl=bf 
java_command: c:\Users\obeng\.cursor\extensions\redhat.java-1.43.1-win32-x64\server\plugins\org.eclipse.equinox.launcher_1.7.0.v20250519-0528.jar -configuration c:\Users\obeng\AppData\Roaming\Cursor\User\globalStorage\redhat.java\1.43.1\config_win -data c:\Users\obeng\AppData\Roaming\Cursor\User\workspaceStorage\f3ec195ff8a34f8d1f201de5db2cf3a5\redhat.java\jdt_ws --pipe=\\.\pipe\lsp-0454ea8e158ceec237421f0167773d08-sock
java_class_path (initial): c:\Users\obeng\.cursor\extensions\redhat.java-1.43.1-win32-x64\server\plugins\org.eclipse.equinox.launcher_1.7.0.v20250519-0528.jar
Launcher Type: SUN_STANDARD

[Global flags]
    uintx AdaptiveSizePolicyWeight                 = 90                                        {product} {command line}
     intx CICompilerCount                          = 4                                         {product} {ergonomic}
    uintx GCTimeRatio                              = 4                                         {product} {command line}
     bool HeapDumpOnOutOfMemoryError               = true                                   {manageable} {command line}
    ccstr HeapDumpPath                             = c:\Users\obeng\AppData\Roaming\Cursor\User\workspaceStorage\f3ec195ff8a34f8d1f201de5db2cf3a5\redhat.java         {manageable} {command line}
   size_t InitialHeapSize                          = 104857600                                 {product} {command line}
   size_t MaxHeapSize                              = 2147483648                                {product} {command line}
   size_t MaxNewSize                               = 715653120                                 {product} {ergonomic}
   size_t MinHeapDeltaBytes                        = 524288                                    {product} {ergonomic}
   size_t MinHeapSize                              = 104857600                                 {product} {command line}
   size_t NewSize                                  = 34603008                                  {product} {ergonomic}
    uintx NonNMethodCodeHeapSize                   = 5839372                                {pd product} {ergonomic}
    uintx NonProfiledCodeHeapSize                  = 122909434                              {pd product} {ergonomic}
   size_t OldSize                                  = 70254592                                  {product} {ergonomic}
    uintx ProfiledCodeHeapSize                     = 122909434                              {pd product} {ergonomic}
    uintx ReservedCodeCacheSize                    = 251658240                              {pd product} {ergonomic}
     bool SegmentedCodeCache                       = true                                      {product} {ergonomic}
   size_t SoftMaxHeapSize                          = 2147483648                             {manageable} {ergonomic}
     bool UseCompressedOops                        = true                           {product lp64_product} {ergonomic}
     bool UseLargePagesIndividualAllocation        = false                                  {pd product} {ergonomic}
     bool UseParallelGC                            = true                                      {product} {command line}

Logging:
Log output configuration:
 #0: stdout all=off uptime,level,tags foldmultilines=false
 #1: stderr all=off uptime,level,tags foldmultilines=false

Environment Variables:
PATH=C:\Program Files\Eclipse Adoptium\jdk-21.0.6.7-hotspot\bin;C:\Windows\system32;C:\Windows;C:\Windows\System32\Wbem;C:\Windows\System32\WindowsPowerShell\v1.0\;C:\Windows\System32\OpenSSH\;C:\Program Files (x86)\Microsoft SQL Server\160\Tools\Binn\;C:\Program Files\Microsoft SQL Server\160\Tools\Binn\;C:\Program Files\Microsoft SQL Server\Client SDK\ODBC\170\Tools\Binn\;C:\Program Files\Microsoft SQL Server\160\DTS\Binn\;C:\Program Files (x86)\Microsoft SQL Server\160\DTS\Binn\;C:\Program Files\nodejs\;C:\ProgramData\chocolatey\bin;C:\Program Files\Git\cmd;C:\Program Files\dotnet\;C:\Program Files\PostgreSQL\17\bin;;c:\Users\obeng\AppData\Local\Programs\cursor\resources\app\bin;C:\Users\obeng\AppData\Local\Programs\Python\Python39\;C:\Users\obeng\AppData\Local\Programs\Python\Python39\Scripts\;C:\Users\obeng\Downloads\Python-3.9.21.tgz\Python-3.9.21;C:\Users\obeng\AppData\Local\Microsoft\WindowsApps;C:\Users\obeng\AppData\Roaming\npm;C:\Users\obeng\Downloads\Compressed\node-v22.14.0-win-x64.zip\node-v22.14.0-win-x64\node_modules\npm\bin;C:\Users\obeng\Downloads\Compressed\node-v22.14.0-win-x64.zip\node-v22.14.0-win-x64;C:\Users\obeng\AppData\Local\Android\sdk\platform-tools;C:\Users\obeng\.dotnet\tools;C:\Program Files\maven\mvn\bin;C:\Program Files\spring-3.5.0\bin;C:\Program Files\NASM;C:\mingw32\bin;C:\Program Files\PostgreSQL\17\bin;C:\Users\obeng\AppData\Local\Programs\cursor\resources\app\bin;C:\Program Files\MySQL\MySQL Server 8.0\bin
USERNAME=Kayy
OS=Windows_NT
PROCESSOR_IDENTIFIER=Intel64 Family 6 Model 154 Stepping 4, GenuineIntel
TMP=C:\Users\obeng\AppData\Local\Temp
TEMP=C:\Users\obeng\AppData\Local\Temp




Periodic native trim disabled

---------------  S Y S T E M  ---------------

OS:
 Windows 11 , 64 bit Build 22621 (10.0.22621.5415)
OS uptime: 0 days 15:38 hours
Hyper-V role detected

CPU: total 8 (initial active 8) (4 cores per cpu, 2 threads per core) family 6 model 154 stepping 4 microcode 0x432, cx8, cmov, fxsr, ht, mmx, 3dnowpref, sse, sse2, sse3, ssse3, sse4.1, sse4.2, popcnt, lzcnt, tsc, tscinvbit, avx, avx2, aes, erms, clmul, bmi1, bmi2, adx, sha, fma, vzeroupper, clflush, clflushopt, clwb, hv, serialize, rdtscp, rdpid, fsrm, f16c, cet_ibt, cet_ss
Processor Information for processor 0
  Max Mhz: 1200, Current Mhz: 1200, Mhz Limit: 1200
Processor Information for processor 1
  Max Mhz: 1200, Current Mhz: 1200, Mhz Limit: 1200
Processor Information for processor 2
  Max Mhz: 1200, Current Mhz: 1200, Mhz Limit: 1200
Processor Information for processor 3
  Max Mhz: 1200, Current Mhz: 1200, Mhz Limit: 1200
Processor Information for processor 4
  Max Mhz: 1200, Current Mhz: 900, Mhz Limit: 900
Processor Information for processor 5
  Max Mhz: 1200, Current Mhz: 900, Mhz Limit: 900
Processor Information for processor 6
  Max Mhz: 1200, Current Mhz: 900, Mhz Limit: 900
Processor Information for processor 7
  Max Mhz: 1200, Current Mhz: 900, Mhz Limit: 900

Memory: 4k page, system-wide physical 7865M (229M free)
TotalPageFile size 13373M (AvailPageFile size 4M)
current process WorkingSet (physical memory assigned to process): 359M, peak: 359M
current process commit charge ("private bytes"): 400M, peak: 401M

vm_info: OpenJDK 64-Bit Server VM (21.0.7+6-LTS) for windows-amd64 JRE (21.0.7+6-LTS), built on 2025-04-15T00:00:00Z by "admin" with MS VC++ 17.7 (VS2022)

END.
