#
# There is insufficient memory for the Java Runtime Environment to continue.
# Native memory allocation (malloc) failed to allocate 1162816 bytes. Error detail: Chunk::new
# Possible reasons:
#   The system is out of physical RAM or swap space
#   This process is running with CompressedOops enabled, and the Java Heap may be blocking the growth of the native heap
# Possible solutions:
#   Reduce memory load on the system
#   Increase physical memory or swap space
#   Check if swap backing store is full
#   Decrease Java heap size (-Xmx/-Xms)
#   Decrease number of Java threads
#   Decrease Java thread stack sizes (-Xss)
#   Set larger code cache with -XX:ReservedCodeCacheSize=
#   JVM is running with Unscaled Compressed Oops mode in which the Java heap is
#     placed in the first 4GB address space. The Java Heap base address is the
#     maximum limit for the native heap growth. Please use -XX:HeapBaseMinAddress
#     to set the Java Heap base and to place the Java Heap above 4GB virtual address.
# This output file may be truncated or incomplete.
#
#  Out of Memory Error (arena.cpp:168), pid=9088, tid=15052
#
# JRE version: OpenJDK Runtime Environment Temurin-21.0.7+6 (21.0.7+6) (build 21.0.7+6-LTS)
# Java VM: OpenJDK 64-Bit Server VM Temurin-21.0.7+6 (21.0.7+6-LTS, mixed mode, sharing, tiered, compressed oops, compressed class ptrs, parallel gc, windows-amd64)
# No core dump will be written. Minidumps are not enabled by default on client versions of Windows
#

---------------  S U M M A R Y ------------

Command Line: --add-modules=ALL-SYSTEM --add-opens=java.base/java.util=ALL-UNNAMED --add-opens=java.base/java.lang=ALL-UNNAMED --add-opens=java.base/sun.nio.fs=ALL-UNNAMED -Declipse.application=org.eclipse.jdt.ls.core.id1 -Dosgi.bundles.defaultStartLevel=4 -Declipse.product=org.eclipse.jdt.ls.core.product -Djava.import.generatesMetadataFilesAtProjectRoot=false -DDetectVMInstallationsJob.disabled=true -Dfile.encoding=utf8 -XX:+UseParallelGC -XX:GCTimeRatio=4 -XX:AdaptiveSizePolicyWeight=90 -Dsun.zip.disableMemoryMapping=true -Xmx2G -Xms100m -Xlog:disable -javaagent:c:\Users\obeng\.cursor\extensions\redhat.java-1.43.1-win32-x64\lombok\lombok-1.18.39-4050.jar -XX:+HeapDumpOnOutOfMemoryError -XX:HeapDumpPath=c:\Users\obeng\AppData\Roaming\Cursor\User\workspaceStorage\f3ec195ff8a34f8d1f201de5db2cf3a5\redhat.java -Daether.dependencyCollector.impl=bf c:\Users\obeng\.cursor\extensions\redhat.java-1.43.1-win32-x64\server\plugins\org.eclipse.equinox.launcher_1.7.0.v20250519-0528.jar -configuration c:\Users\obeng\AppData\Roaming\Cursor\User\globalStorage\redhat.java\1.43.1\config_win -data c:\Users\obeng\AppData\Roaming\Cursor\User\workspaceStorage\f3ec195ff8a34f8d1f201de5db2cf3a5\redhat.java\jdt_ws --pipe=\\.\pipe\lsp-84608c48044145879281b4202c224799-sock

Host: 12th Gen Intel(R) Core(TM) i3-1215U, 8 cores, 7G,  Windows 11 , 64 bit Build 22621 (10.0.22621.5415)
Time: Sun Jul 20 21:18:15 2025 Greenwich Standard Time elapsed time: 12.285640 seconds (0d 0h 0m 12s)

---------------  T H R E A D  ---------------

Current thread (0x0000021afd238720):  JavaThread "C2 CompilerThread1" daemon [_thread_in_native, id=15052, stack(0x000000fbfc000000,0x000000fbfc100000) (1024K)]


Current CompileTask:
C2:12286 8306 %     4       org.lombokweb.asm.SymbolTable::<init> @ 98 (554 bytes)

Stack: [0x000000fbfc000000,0x000000fbfc100000]
Native frames: (J=compiled Java code, j=interpreted, Vv=VM code, C=native code)
V  [jvm.dll+0x6ce119]
V  [jvm.dll+0x8a84a1]
V  [jvm.dll+0x8aa9ce]
V  [jvm.dll+0x8ab0b3]
V  [jvm.dll+0x27f8a6]
V  [jvm.dll+0xc507d]
V  [jvm.dll+0xc55b3]
V  [jvm.dll+0x2f2c6d]
V  [jvm.dll+0x5f6bca]
V  [jvm.dll+0x250cb2]
V  [jvm.dll+0x25106f]
V  [jvm.dll+0x249934]
V  [jvm.dll+0x246fc4]
V  [jvm.dll+0x1c760e]
V  [jvm.dll+0x25695a]
V  [jvm.dll+0x254efa]
V  [jvm.dll+0x3f03f6]
V  [jvm.dll+0x851f6b]
V  [jvm.dll+0x6cc7dd]
C  [ucrtbase.dll+0x29333]
C  [KERNEL32.DLL+0x1259d]
C  [ntdll.dll+0x5af78]


---------------  P R O C E S S  ---------------

Threads class SMR info:
_java_thread_list=0x0000021afe88c5d0, length=53, elements={
0x0000021aa3cffba0, 0x0000021aa3c72fc0, 0x0000021aa3c73e70, 0x0000021aa3c76350,
0x0000021aa3c792d0, 0x0000021aa3c7c850, 0x0000021aa3c84ea0, 0x0000021aa3c87fa0,
0x0000021aa3c88ba0, 0x0000021afd0a07e0, 0x0000021afd238720, 0x0000021afd09f430,
0x0000021afd0a0e70, 0x0000021afd09fac0, 0x0000021afd0a0150, 0x0000021afd09eda0,
0x0000021afd09e710, 0x0000021afd0a1500, 0x0000021afdef38a0, 0x0000021afdeef700,
0x0000021afdef3210, 0x0000021afdef3f30, 0x0000021afdef0420, 0x0000021afdef0ab0,
0x0000021afdeee9e0, 0x0000021afdeefd90, 0x0000021afdef45c0, 0x0000021afdeedcc0,
0x0000021afdef52e0, 0x0000021afdeee350, 0x0000021afdeef070, 0x0000021afdef1140,
0x0000021afdef17d0, 0x0000021afdef24f0, 0x0000021afdef1e60, 0x0000021a85841390,
0x0000021a85841a20, 0x0000021a8583f950, 0x0000021a85840d00, 0x0000021a8583be40,
0x0000021a85843460, 0x0000021a8583c4d0, 0x0000021a8583cb60, 0x0000021a8583e5a0,
0x0000021a8583d1f0, 0x0000021a8583d880, 0x0000021a8583df10, 0x0000021a8583ec30,
0x0000021afdef2b80, 0x0000021afe9014e0, 0x0000021afe8ff410, 0x0000021afe8fe060,
0x0000021afe901b70
}

Java Threads: ( => current thread )
  0x0000021aa3cffba0 JavaThread "main"                              [_thread_blocked, id=16276, stack(0x000000fbfb300000,0x000000fbfb400000) (1024K)]
  0x0000021aa3c72fc0 JavaThread "Reference Handler"          daemon [_thread_blocked, id=3780, stack(0x000000fbfb700000,0x000000fbfb800000) (1024K)]
  0x0000021aa3c73e70 JavaThread "Finalizer"                  daemon [_thread_blocked, id=4268, stack(0x000000fbfb800000,0x000000fbfb900000) (1024K)]
  0x0000021aa3c76350 JavaThread "Signal Dispatcher"          daemon [_thread_blocked, id=9252, stack(0x000000fbfb900000,0x000000fbfba00000) (1024K)]
  0x0000021aa3c792d0 JavaThread "Attach Listener"            daemon [_thread_blocked, id=8008, stack(0x000000fbfba00000,0x000000fbfbb00000) (1024K)]
  0x0000021aa3c7c850 JavaThread "Service Thread"             daemon [_thread_blocked, id=2720, stack(0x000000fbfbb00000,0x000000fbfbc00000) (1024K)]
  0x0000021aa3c84ea0 JavaThread "Monitor Deflation Thread"   daemon [_thread_blocked, id=10840, stack(0x000000fbfbc00000,0x000000fbfbd00000) (1024K)]
  0x0000021aa3c87fa0 JavaThread "C2 CompilerThread0"         daemon [_thread_in_native, id=9924, stack(0x000000fbfbd00000,0x000000fbfbe00000) (1024K)]
  0x0000021aa3c88ba0 JavaThread "C1 CompilerThread0"         daemon [_thread_blocked, id=11040, stack(0x000000fbfbe00000,0x000000fbfbf00000) (1024K)]
  0x0000021afd0a07e0 JavaThread "Common-Cleaner"             daemon [_thread_blocked, id=5152, stack(0x000000fbfbf00000,0x000000fbfc000000) (1024K)]
=>0x0000021afd238720 JavaThread "C2 CompilerThread1"         daemon [_thread_in_native, id=15052, stack(0x000000fbfc000000,0x000000fbfc100000) (1024K)]
  0x0000021afd09f430 JavaThread "Notification Thread"        daemon [_thread_blocked, id=16280, stack(0x000000fbfc100000,0x000000fbfc200000) (1024K)]
  0x0000021afd0a0e70 JavaThread "Active Thread: Equinox Container: 7bcb801a-0767-4c61-a4de-8f49cfcf06a5"        [_thread_blocked, id=7972, stack(0x000000fbfc800000,0x000000fbfc900000) (1024K)]
  0x0000021afd09fac0 JavaThread "Refresh Thread: Equinox Container: 7bcb801a-0767-4c61-a4de-8f49cfcf06a5" daemon [_thread_blocked, id=7408, stack(0x000000fbfc900000,0x000000fbfca00000) (1024K)]
  0x0000021afd0a0150 JavaThread "Framework Event Dispatcher: Equinox Container: 7bcb801a-0767-4c61-a4de-8f49cfcf06a5" daemon [_thread_blocked, id=14680, stack(0x000000fbfcb00000,0x000000fbfcc00000) (1024K)]
  0x0000021afd09eda0 JavaThread "Start Level: Equinox Container: 7bcb801a-0767-4c61-a4de-8f49cfcf06a5" daemon [_thread_blocked, id=292, stack(0x000000fbfcc00000,0x000000fbfcd00000) (1024K)]
  0x0000021afd09e710 JavaThread "Bundle File Closer"         daemon [_thread_blocked, id=10936, stack(0x000000fbfcd00000,0x000000fbfce00000) (1024K)]
  0x0000021afd0a1500 JavaThread "SCR Component Actor"        daemon [_thread_blocked, id=15556, stack(0x000000fbfce00000,0x000000fbfcf00000) (1024K)]
  0x0000021afdef38a0 JavaThread "Worker-JM"                         [_thread_blocked, id=15500, stack(0x000000fbfd000000,0x000000fbfd100000) (1024K)]
  0x0000021afdeef700 JavaThread "JNA Cleaner"                daemon [_thread_blocked, id=2260, stack(0x000000fbfd100000,0x000000fbfd200000) (1024K)]
  0x0000021afdef3210 JavaThread "Worker-0"                          [_thread_blocked, id=17116, stack(0x000000fbfd200000,0x000000fbfd300000) (1024K)]
  0x0000021afdef3f30 JavaThread "Worker-1"                          [_thread_blocked, id=13092, stack(0x000000fbfd300000,0x000000fbfd400000) (1024K)]
  0x0000021afdef0420 JavaThread "Java indexing"              daemon [_thread_blocked, id=13920, stack(0x000000fbfd400000,0x000000fbfd500000) (1024K)]
  0x0000021afdef0ab0 JavaThread "Worker-2: Java indexing... "        [_thread_blocked, id=14824, stack(0x000000fbfd700000,0x000000fbfd800000) (1024K)]
  0x0000021afdeee9e0 JavaThread "Worker-3"                          [_thread_blocked, id=16560, stack(0x000000fbfd800000,0x000000fbfd900000) (1024K)]
  0x0000021afdeefd90 JavaThread "Worker-4: Building"                [_thread_blocked, id=13048, stack(0x000000fbfd900000,0x000000fbfda00000) (1024K)]
  0x0000021afdef45c0 JavaThread "Thread-2"                   daemon [_thread_in_native, id=16772, stack(0x000000fbfda00000,0x000000fbfdb00000) (1024K)]
  0x0000021afdeedcc0 JavaThread "Thread-3"                   daemon [_thread_in_native, id=3660, stack(0x000000fbfdb00000,0x000000fbfdc00000) (1024K)]
  0x0000021afdef52e0 JavaThread "Thread-4"                   daemon [_thread_in_native, id=8392, stack(0x000000fbfdc00000,0x000000fbfdd00000) (1024K)]
  0x0000021afdeee350 JavaThread "Thread-5"                   daemon [_thread_in_native, id=5576, stack(0x000000fbfdd00000,0x000000fbfde00000) (1024K)]
  0x0000021afdeef070 JavaThread "Thread-6"                   daemon [_thread_in_native, id=3676, stack(0x000000fbfde00000,0x000000fbfdf00000) (1024K)]
  0x0000021afdef1140 JavaThread "Thread-7"                   daemon [_thread_in_native, id=9704, stack(0x000000fbfdf00000,0x000000fbfe000000) (1024K)]
  0x0000021afdef17d0 JavaThread "Thread-8"                   daemon [_thread_in_native, id=4092, stack(0x000000fbfe000000,0x000000fbfe100000) (1024K)]
  0x0000021afdef24f0 JavaThread "Thread-9"                   daemon [_thread_in_native, id=2416, stack(0x000000fbfe100000,0x000000fbfe200000) (1024K)]
  0x0000021afdef1e60 JavaThread "Thread-10"                  daemon [_thread_in_native, id=15912, stack(0x000000fbfe200000,0x000000fbfe300000) (1024K)]
  0x0000021a85841390 JavaThread "pool-2-thread-1"                   [_thread_blocked, id=14372, stack(0x000000fbfe300000,0x000000fbfe400000) (1024K)]
  0x0000021a85841a20 JavaThread "WorkspaceEventsHandler"            [_thread_blocked, id=12244, stack(0x000000fbfe400000,0x000000fbfe500000) (1024K)]
  0x0000021a8583f950 JavaThread "pool-1-thread-1"                   [_thread_blocked, id=2996, stack(0x000000fbfe500000,0x000000fbfe600000) (1024K)]
  0x0000021a85840d00 JavaThread "Worker-5"                          [_thread_blocked, id=1512, stack(0x000000fbfe600000,0x000000fbfe700000) (1024K)]
  0x0000021a8583be40 JavaThread "LocalFile Deleter"          daemon [_thread_blocked, id=15740, stack(0x000000fbfcf00000,0x000000fbfd000000) (1024K)]
  0x0000021a85843460 JavaThread "LocalFile Deleter"          daemon [_thread_blocked, id=17208, stack(0x000000fbfe700000,0x000000fbfe800000) (1024K)]
  0x0000021a8583c4d0 JavaThread "LocalFile Deleter"          daemon [_thread_blocked, id=3008, stack(0x000000fbfe800000,0x000000fbfe900000) (1024K)]
  0x0000021a8583cb60 JavaThread "LocalFile Deleter"          daemon [_thread_blocked, id=15784, stack(0x000000fbfe900000,0x000000fbfea00000) (1024K)]
  0x0000021a8583e5a0 JavaThread "LocalFile Deleter"          daemon [_thread_blocked, id=15948, stack(0x000000fbfea00000,0x000000fbfeb00000) (1024K)]
  0x0000021a8583d1f0 JavaThread "LocalFile Deleter"          daemon [_thread_blocked, id=4272, stack(0x000000fbfeb00000,0x000000fbfec00000) (1024K)]
  0x0000021a8583d880 JavaThread "LocalFile Deleter"          daemon [_thread_blocked, id=12816, stack(0x000000fbfec00000,0x000000fbfed00000) (1024K)]
  0x0000021a8583df10 JavaThread "LocalFile Deleter"          daemon [_thread_blocked, id=9656, stack(0x000000fbfed00000,0x000000fbfee00000) (1024K)]
  0x0000021a8583ec30 JavaThread "Compiler Source File Reader" daemon [_thread_blocked, id=13100, stack(0x000000fbfee00000,0x000000fbfef00000) (1024K)]
  0x0000021afdef2b80 JavaThread "Compiler Source File Reader" daemon [_thread_blocked, id=12172, stack(0x000000fbfef00000,0x000000fbff000000) (1024K)]
  0x0000021afe9014e0 JavaThread "Compiler Source File Reader" daemon [_thread_blocked, id=1456, stack(0x000000fbff000000,0x000000fbff100000) (1024K)]
  0x0000021afe8ff410 JavaThread "Compiler Source File Reader" daemon [_thread_blocked, id=14068, stack(0x000000fbff100000,0x000000fbff200000) (1024K)]
  0x0000021afe8fe060 JavaThread "Compiler Source File Reader" daemon [_thread_blocked, id=12044, stack(0x000000fbff200000,0x000000fbff300000) (1024K)]
  0x0000021afe901b70 JavaThread "Compiler Source File Reader" daemon [_thread_blocked, id=17104, stack(0x000000fbff300000,0x000000fbff400000) (1024K)]
Total: 53

Other Threads:
  0x0000021aa3dbec30 VMThread "VM Thread"                           [id=4212, stack(0x000000fbfb600000,0x000000fbfb700000) (1024K)]
  0x0000021aa3b8ca00 WatcherThread "VM Periodic Task Thread"        [id=12584, stack(0x000000fbfb500000,0x000000fbfb600000) (1024K)]
  0x0000021aa3d1ef20 WorkerThread "GC Thread#0"                     [id=16300, stack(0x000000fbfb400000,0x000000fbfb500000) (1024K)]
  0x0000021afd731800 WorkerThread "GC Thread#1"                     [id=5776, stack(0x000000fbfc200000,0x000000fbfc300000) (1024K)]
  0x0000021afd731fa0 WorkerThread "GC Thread#2"                     [id=7004, stack(0x000000fbfc300000,0x000000fbfc400000) (1024K)]
  0x0000021afdbbac60 WorkerThread "GC Thread#3"                     [id=10592, stack(0x000000fbfc400000,0x000000fbfc500000) (1024K)]
  0x0000021afdbbb000 WorkerThread "GC Thread#4"                     [id=1088, stack(0x000000fbfc500000,0x000000fbfc600000) (1024K)]
  0x0000021afdbe0280 WorkerThread "GC Thread#5"                     [id=14132, stack(0x000000fbfc600000,0x000000fbfc700000) (1024K)]
  0x0000021afdbe0620 WorkerThread "GC Thread#6"                     [id=6628, stack(0x000000fbfc700000,0x000000fbfc800000) (1024K)]
  0x0000021afde5f430 WorkerThread "GC Thread#7"                     [id=11708, stack(0x000000fbfca00000,0x000000fbfcb00000) (1024K)]
Total: 10

Threads with active compile tasks:
C2 CompilerThread0  12378 8336 %     4       org.lombokweb.asm.ClassReader::readCode @ 2187 (5117 bytes)
C2 CompilerThread1  12379 8306 %     4       org.lombokweb.asm.SymbolTable::<init> @ 98 (554 bytes)
Total: 2

VM state: at safepoint (normal execution)

VM Mutex/Monitor currently owned by a thread:  ([mutex/lock_event])
[0x00007ffdf260e308] Threads_lock - owner thread: 0x0000021aa3dbec30
[0x00007ffdf260e408] Heap_lock - owner thread: 0x0000021afdeefd90

Heap address: 0x0000000080000000, size: 2048 MB, Compressed Oops mode: 32-bit

CDS archive(s) mapped at: [0x0000021abb000000-0x0000021abbba0000-0x0000021abbba0000), size 12189696, SharedBaseAddress: 0x0000021abb000000, ArchiveRelocationMode: 1.
Compressed class space mapped at: 0x0000021abc000000-0x0000021afc000000, reserved size: 1073741824
Narrow klass base: 0x0000021abb000000, Narrow klass shift: 0, Narrow klass range: 0x100000000

GC Precious Log:
 CardTable entry size: 512
 CPUs: 8 total, 8 available
 Memory: 7865M
 Large Page Support: Disabled
 NUMA Support: Disabled
 Compressed Oops: Enabled (32-bit)
 Alignments: Space 512K, Generation 512K, Heap 2M
 Heap Min Capacity: 100M
 Heap Initial Capacity: 100M
 Heap Max Capacity: 2G
 Pre-touch: Disabled
 Parallel Workers: 8

Heap:
 PSYoungGen      total 6656K, used 6235K [0x00000000d5580000, 0x00000000d5d80000, 0x0000000100000000)
  eden space 5120K, 100% used [0x00000000d5580000,0x00000000d5a80000,0x00000000d5a80000)
  from space 1536K, 72% used [0x00000000d5a80000,0x00000000d5b96c50,0x00000000d5c00000)
  to   space 1536K, 61% used [0x00000000d5c00000,0x00000000d5cec038,0x00000000d5d80000)
 ParOldGen       total 271360K, used 271355K [0x0000000080000000, 0x0000000090900000, 0x00000000d5580000)
  object space 271360K, 99% used [0x0000000080000000,0x00000000908feeb0,0x0000000090900000)
 Metaspace       used 55023K, committed 56384K, reserved 1114112K
  class space    used 5763K, committed 6400K, reserved 1048576K

Card table byte_map: [0x0000021aa36a0000,0x0000021aa3ab0000] _byte_map_base: 0x0000021aa32a0000

Marking Bits: (ParMarkBitMap*) 0x00007ffdf26131f0
 Begin Bits: [0x0000021ab61a0000, 0x0000021ab81a0000)
 End Bits:   [0x0000021ab81a0000, 0x0000021aba1a0000)

Polling page: 0x0000021aa1b40000

Metaspace:

Usage:
  Non-class:     48.11 MB used.
      Class:      5.63 MB used.
       Both:     53.73 MB used.

Virtual space:
  Non-class space:       64.00 MB reserved,      48.81 MB ( 76%) committed,  1 nodes.
      Class space:        1.00 GB reserved,       6.25 MB ( <1%) committed,  1 nodes.
             Both:        1.06 GB reserved,      55.06 MB (  5%) committed. 

Chunk freelists:
   Non-Class:  15.23 MB
       Class:  9.73 MB
        Both:  24.97 MB

MaxMetaspaceSize: unlimited
CompressedClassSpaceSize: 1.00 GB
Initial GC threshold: 21.00 MB
Current GC threshold: 58.38 MB
CDS: on
 - commit_granule_bytes: 65536.
 - commit_granule_words: 8192.
 - virtual_space_node_default_size: 8388608.
 - enlarge_chunks_in_place: 1.
 - use_allocation_guard: 0.


Internal statistics:

num_allocs_failed_limit: 6.
num_arena_births: 1046.
num_arena_deaths: 14.
num_vsnodes_births: 2.
num_vsnodes_deaths: 0.
num_space_committed: 881.
num_space_uncommitted: 0.
num_chunks_returned_to_freelist: 20.
num_chunks_taken_from_freelist: 3614.
num_chunk_merges: 10.
num_chunk_splits: 2214.
num_chunks_enlarged: 1244.
num_inconsistent_stats: 0.

CodeHeap 'non-profiled nmethods': size=120000Kb used=4783Kb max_used=4783Kb free=115216Kb
 bounds [0x0000021aae9c0000, 0x0000021aaee70000, 0x0000021ab5ef0000]
CodeHeap 'profiled nmethods': size=120000Kb used=16651Kb max_used=16651Kb free=103348Kb
 bounds [0x0000021aa6ef0000, 0x0000021aa7f40000, 0x0000021aae420000]
CodeHeap 'non-nmethods': size=5760Kb used=1401Kb max_used=1477Kb free=4358Kb
 bounds [0x0000021aae420000, 0x0000021aae690000, 0x0000021aae9c0000]
 total_blobs=8438 nmethods=7727 adapters=617
 compilation: enabled
              stopped_count=0, restarted_count=0
 full_count=0

Compilation events (20 events):
Event: 12.159 Thread 0x0000021aa3c88ba0 8342       3       org.lombokweb.asm.MethodWriter::putMethodInfo (1274 bytes)
Event: 12.166 Thread 0x0000021aa3c88ba0 nmethod 8342 0x0000021aa7f2a310 code [0x0000021aa7f2a9e0, 0x0000021aa7f2ce78]
Event: 12.166 Thread 0x0000021aa3c88ba0 8341       3       org.lombokweb.asm.Handler::getExceptionTableSize (10 bytes)
Event: 12.167 Thread 0x0000021aa3c88ba0 nmethod 8341 0x0000021aa7f2e190 code [0x0000021aa7f2e340, 0x0000021aa7f2e538]
Event: 12.167 Thread 0x0000021aa3c88ba0 8343       3       lombok.patcher.MethodLogistics::generateLoadOpcodeForParam (37 bytes)
Event: 12.167 Thread 0x0000021aa3c88ba0 nmethod 8343 0x0000021aa7f2e690 code [0x0000021aa7f2e880, 0x0000021aa7f2ee38]
Event: 12.179 Thread 0x0000021aa3c88ba0 8347       3       org.lombokweb.asm.MethodWriter::visitIntInsn (113 bytes)
Event: 12.180 Thread 0x0000021aa3c88ba0 nmethod 8347 0x0000021aa7f2f010 code [0x0000021aa7f2f200, 0x0000021aa7f2f650]
Event: 12.183 Thread 0x0000021aa3c88ba0 8348       3       org.lombokweb.asm.MethodVisitor::visitIntInsn (17 bytes)
Event: 12.183 Thread 0x0000021aa3c88ba0 nmethod 8348 0x0000021aa7f2f790 code [0x0000021aa7f2f940, 0x0000021aa7f2fb48]
Event: 12.187 Thread 0x0000021aa3c88ba0 8349       3       org.lombokweb.asm.Handler::putExceptionTable (63 bytes)
Event: 12.188 Thread 0x0000021aa3c88ba0 nmethod 8349 0x0000021aa7f2fc10 code [0x0000021aa7f2fe20, 0x0000021aa7f30260]
Event: 12.200 Thread 0x0000021aa3c88ba0 8350       3       org.eclipse.jdt.internal.core.search.indexing.BinaryIndexer::addPairValue (141 bytes)
Event: 12.202 Thread 0x0000021aa3c88ba0 nmethod 8350 0x0000021aa7f30510 code [0x0000021aa7f30800, 0x0000021aa7f31a78]
Event: 12.206 Thread 0x0000021aa3c88ba0 8352       3       org.lombokweb.asm.MethodVisitor::visitEnd (15 bytes)
Event: 12.206 Thread 0x0000021aa3c88ba0 nmethod 8352 0x0000021aa7f31f10 code [0x0000021aa7f320c0, 0x0000021aa7f322c8]
Event: 12.206 Thread 0x0000021aa3c88ba0 8353       3       org.lombokweb.asm.MethodVisitor::visitCode (15 bytes)
Event: 12.206 Thread 0x0000021aa3c88ba0 nmethod 8353 0x0000021aa7f32390 code [0x0000021aa7f32540, 0x0000021aa7f32748]
Event: 12.206 Thread 0x0000021aa3c88ba0 8354       3       org.lombokweb.asm.MethodVisitor::visitMaxs (17 bytes)
Event: 12.207 Thread 0x0000021aa3c88ba0 nmethod 8354 0x0000021aa7f32810 code [0x0000021aa7f329c0, 0x0000021aa7f32bc8]

GC Heap History (20 events):
Event: 12.149 GC heap before
{Heap before GC invocations=186 (full 2):
 PSYoungGen      total 5120K, used 4945K [0x00000000d5580000, 0x00000000d5c00000, 0x0000000100000000)
  eden space 3584K, 100% used [0x00000000d5580000,0x00000000d5900000,0x00000000d5900000)
  from space 1536K, 88% used [0x00000000d5900000,0x00000000d5a544c0,0x00000000d5a80000)
  to   space 1536K, 0% used [0x00000000d5a80000,0x00000000d5a80000,0x00000000d5c00000)
 ParOldGen       total 264192K, used 264168K [0x0000000080000000, 0x0000000090200000, 0x00000000d5580000)
  object space 264192K, 99% used [0x0000000080000000,0x00000000901fa210,0x0000000090200000)
 Metaspace       used 54228K, committed 55552K, reserved 1114112K
  class space    used 5696K, committed 6336K, reserved 1048576K
}
Event: 12.151 GC heap after
{Heap after GC invocations=186 (full 2):
 PSYoungGen      total 4608K, used 657K [0x00000000d5580000, 0x00000000d5b80000, 0x0000000100000000)
  eden space 3584K, 0% used [0x00000000d5580000,0x00000000d5580000,0x00000000d5900000)
  from space 1024K, 64% used [0x00000000d5a80000,0x00000000d5b24608,0x00000000d5b80000)
  to   space 1024K, 0% used [0x00000000d5980000,0x00000000d5980000,0x00000000d5a80000)
 ParOldGen       total 266240K, used 265760K [0x0000000080000000, 0x0000000090400000, 0x00000000d5580000)
  object space 266240K, 99% used [0x0000000080000000,0x0000000090388338,0x0000000090400000)
 Metaspace       used 54228K, committed 55552K, reserved 1114112K
  class space    used 5696K, committed 6336K, reserved 1048576K
}
Event: 12.164 GC heap before
{Heap before GC invocations=187 (full 2):
 PSYoungGen      total 4608K, used 4194K [0x00000000d5580000, 0x00000000d5b80000, 0x0000000100000000)
  eden space 3584K, 98% used [0x00000000d5580000,0x00000000d58f45a0,0x00000000d5900000)
  from space 1024K, 64% used [0x00000000d5a80000,0x00000000d5b24608,0x00000000d5b80000)
  to   space 1024K, 0% used [0x00000000d5980000,0x00000000d5980000,0x00000000d5a80000)
 ParOldGen       total 266240K, used 265760K [0x0000000080000000, 0x0000000090400000, 0x00000000d5580000)
  object space 266240K, 99% used [0x0000000080000000,0x0000000090388338,0x0000000090400000)
 Metaspace       used 54233K, committed 55552K, reserved 1114112K
  class space    used 5696K, committed 6336K, reserved 1048576K
}
Event: 12.166 GC heap after
{Heap after GC invocations=187 (full 2):
 PSYoungGen      total 4608K, used 1020K [0x00000000d5580000, 0x00000000d5e00000, 0x0000000100000000)
  eden space 3584K, 0% used [0x00000000d5580000,0x00000000d5580000,0x00000000d5900000)
  from space 1024K, 99% used [0x00000000d5980000,0x00000000d5a7f218,0x00000000d5a80000)
  to   space 2560K, 0% used [0x00000000d5b80000,0x00000000d5b80000,0x00000000d5e00000)
 ParOldGen       total 266752K, used 266612K [0x0000000080000000, 0x0000000090480000, 0x00000000d5580000)
  object space 266752K, 99% used [0x0000000080000000,0x000000009045d198,0x0000000090480000)
 Metaspace       used 54233K, committed 55552K, reserved 1114112K
  class space    used 5696K, committed 6336K, reserved 1048576K
}
Event: 12.172 GC heap before
{Heap before GC invocations=188 (full 2):
 PSYoungGen      total 4608K, used 4604K [0x00000000d5580000, 0x00000000d5e00000, 0x0000000100000000)
  eden space 3584K, 100% used [0x00000000d5580000,0x00000000d5900000,0x00000000d5900000)
  from space 1024K, 99% used [0x00000000d5980000,0x00000000d5a7f218,0x00000000d5a80000)
  to   space 2560K, 0% used [0x00000000d5b80000,0x00000000d5b80000,0x00000000d5e00000)
 ParOldGen       total 266752K, used 266612K [0x0000000080000000, 0x0000000090480000, 0x00000000d5580000)
  object space 266752K, 99% used [0x0000000080000000,0x000000009045d198,0x0000000090480000)
 Metaspace       used 54233K, committed 55552K, reserved 1114112K
  class space    used 5696K, committed 6336K, reserved 1048576K
}
Event: 12.174 GC heap after
{Heap after GC invocations=188 (full 2):
 PSYoungGen      total 4608K, used 980K [0x00000000d5580000, 0x00000000d5c80000, 0x0000000100000000)
  eden space 3584K, 0% used [0x00000000d5580000,0x00000000d5580000,0x00000000d5900000)
  from space 1024K, 95% used [0x00000000d5b80000,0x00000000d5c75190,0x00000000d5c80000)
  to   space 1536K, 0% used [0x00000000d5980000,0x00000000d5980000,0x00000000d5b00000)
 ParOldGen       total 267264K, used 267168K [0x0000000080000000, 0x0000000090500000, 0x00000000d5580000)
  object space 267264K, 99% used [0x0000000080000000,0x00000000904e8018,0x0000000090500000)
 Metaspace       used 54233K, committed 55552K, reserved 1114112K
  class space    used 5696K, committed 6336K, reserved 1048576K
}
Event: 12.180 GC heap before
{Heap before GC invocations=189 (full 2):
 PSYoungGen      total 4608K, used 4484K [0x00000000d5580000, 0x00000000d5c80000, 0x0000000100000000)
  eden space 3584K, 97% used [0x00000000d5580000,0x00000000d58ebf38,0x00000000d5900000)
  from space 1024K, 95% used [0x00000000d5b80000,0x00000000d5c75190,0x00000000d5c80000)
  to   space 1536K, 0% used [0x00000000d5980000,0x00000000d5980000,0x00000000d5b00000)
 ParOldGen       total 267264K, used 267168K [0x0000000080000000, 0x0000000090500000, 0x00000000d5580000)
  object space 267264K, 99% used [0x0000000080000000,0x00000000904e8018,0x0000000090500000)
 Metaspace       used 54234K, committed 55552K, reserved 1114112K
  class space    used 5696K, committed 6336K, reserved 1048576K
}
Event: 12.183 GC heap after
{Heap after GC invocations=189 (full 2):
 PSYoungGen      total 5632K, used 1334K [0x00000000d5580000, 0x00000000d5d00000, 0x0000000100000000)
  eden space 4096K, 0% used [0x00000000d5580000,0x00000000d5580000,0x00000000d5980000)
  from space 1536K, 86% used [0x00000000d5980000,0x00000000d5acd820,0x00000000d5b00000)
  to   space 1536K, 0% used [0x00000000d5b80000,0x00000000d5b80000,0x00000000d5d00000)
 ParOldGen       total 267776K, used 267454K [0x0000000080000000, 0x0000000090580000, 0x00000000d5580000)
  object space 267776K, 99% used [0x0000000080000000,0x000000009052f9d0,0x0000000090580000)
 Metaspace       used 54234K, committed 55552K, reserved 1114112K
  class space    used 5696K, committed 6336K, reserved 1048576K
}
Event: 12.188 GC heap before
{Heap before GC invocations=190 (full 2):
 PSYoungGen      total 5632K, used 5430K [0x00000000d5580000, 0x00000000d5d00000, 0x0000000100000000)
  eden space 4096K, 100% used [0x00000000d5580000,0x00000000d5980000,0x00000000d5980000)
  from space 1536K, 86% used [0x00000000d5980000,0x00000000d5acd820,0x00000000d5b00000)
  to   space 1536K, 0% used [0x00000000d5b80000,0x00000000d5b80000,0x00000000d5d00000)
 ParOldGen       total 267776K, used 267454K [0x0000000080000000, 0x0000000090580000, 0x00000000d5580000)
  object space 267776K, 99% used [0x0000000080000000,0x000000009052f9d0,0x0000000090580000)
 Metaspace       used 54235K, committed 55552K, reserved 1114112K
  class space    used 5696K, committed 6336K, reserved 1048576K
}
Event: 12.191 GC heap after
{Heap after GC invocations=190 (full 2):
 PSYoungGen      total 6144K, used 1340K [0x00000000d5580000, 0x00000000d5d80000, 0x0000000100000000)
  eden space 4608K, 0% used [0x00000000d5580000,0x00000000d5580000,0x00000000d5a00000)
  from space 1536K, 87% used [0x00000000d5b80000,0x00000000d5ccf268,0x00000000d5d00000)
  to   space 1536K, 0% used [0x00000000d5a00000,0x00000000d5a00000,0x00000000d5b80000)
 ParOldGen       total 268288K, used 267827K [0x0000000080000000, 0x0000000090600000, 0x00000000d5580000)
  object space 268288K, 99% used [0x0000000080000000,0x000000009058cfb8,0x0000000090600000)
 Metaspace       used 54235K, committed 55552K, reserved 1114112K
  class space    used 5696K, committed 6336K, reserved 1048576K
}
Event: 12.197 GC heap before
{Heap before GC invocations=191 (full 2):
 PSYoungGen      total 6144K, used 5948K [0x00000000d5580000, 0x00000000d5d80000, 0x0000000100000000)
  eden space 4608K, 100% used [0x00000000d5580000,0x00000000d5a00000,0x00000000d5a00000)
  from space 1536K, 87% used [0x00000000d5b80000,0x00000000d5ccf268,0x00000000d5d00000)
  to   space 1536K, 0% used [0x00000000d5a00000,0x00000000d5a00000,0x00000000d5b80000)
 ParOldGen       total 268288K, used 267827K [0x0000000080000000, 0x0000000090600000, 0x00000000d5580000)
  object space 268288K, 99% used [0x0000000080000000,0x000000009058cfb8,0x0000000090600000)
 Metaspace       used 54235K, committed 55552K, reserved 1114112K
  class space    used 5696K, committed 6336K, reserved 1048576K
}
Event: 12.199 GC heap after
{Heap after GC invocations=191 (full 2):
 PSYoungGen      total 6144K, used 918K [0x00000000d5580000, 0x00000000d5e00000, 0x0000000100000000)
  eden space 4608K, 0% used [0x00000000d5580000,0x00000000d5580000,0x00000000d5a00000)
  from space 1536K, 59% used [0x00000000d5a00000,0x00000000d5ae5870,0x00000000d5b80000)
  to   space 1536K, 0% used [0x00000000d5c80000,0x00000000d5c80000,0x00000000d5e00000)
 ParOldGen       total 268288K, used 268129K [0x0000000080000000, 0x0000000090600000, 0x00000000d5580000)
  object space 268288K, 99% used [0x0000000080000000,0x00000000905d8598,0x0000000090600000)
 Metaspace       used 54235K, committed 55552K, reserved 1114112K
  class space    used 5696K, committed 6336K, reserved 1048576K
}
Event: 12.209 GC heap before
{Heap before GC invocations=192 (full 2):
 PSYoungGen      total 6144K, used 5526K [0x00000000d5580000, 0x00000000d5e00000, 0x0000000100000000)
  eden space 4608K, 100% used [0x00000000d5580000,0x00000000d5a00000,0x00000000d5a00000)
  from space 1536K, 59% used [0x00000000d5a00000,0x00000000d5ae5870,0x00000000d5b80000)
  to   space 1536K, 0% used [0x00000000d5c80000,0x00000000d5c80000,0x00000000d5e00000)
 ParOldGen       total 268288K, used 268129K [0x0000000080000000, 0x0000000090600000, 0x00000000d5580000)
  object space 268288K, 99% used [0x0000000080000000,0x00000000905d8598,0x0000000090600000)
 Metaspace       used 54236K, committed 55552K, reserved 1114112K
  class space    used 5696K, committed 6336K, reserved 1048576K
}
Event: 12.212 GC heap after
{Heap after GC invocations=192 (full 2):
 PSYoungGen      total 6656K, used 1470K [0x00000000d5580000, 0x00000000d5f00000, 0x0000000100000000)
  eden space 5120K, 0% used [0x00000000d5580000,0x00000000d5580000,0x00000000d5a80000)
  from space 1536K, 95% used [0x00000000d5c80000,0x00000000d5defba0,0x00000000d5e00000)
  to   space 2048K, 0% used [0x00000000d5a80000,0x00000000d5a80000,0x00000000d5c80000)
 ParOldGen       total 268800K, used 268466K [0x0000000080000000, 0x0000000090680000, 0x00000000d5580000)
  object space 268800K, 99% used [0x0000000080000000,0x000000009062ca80,0x0000000090680000)
 Metaspace       used 54236K, committed 55552K, reserved 1114112K
  class space    used 5696K, committed 6336K, reserved 1048576K
}
Event: 12.228 GC heap before
{Heap before GC invocations=193 (full 2):
 PSYoungGen      total 6656K, used 6590K [0x00000000d5580000, 0x00000000d5f00000, 0x0000000100000000)
  eden space 5120K, 100% used [0x00000000d5580000,0x00000000d5a80000,0x00000000d5a80000)
  from space 1536K, 95% used [0x00000000d5c80000,0x00000000d5defba0,0x00000000d5e00000)
  to   space 2048K, 0% used [0x00000000d5a80000,0x00000000d5a80000,0x00000000d5c80000)
 ParOldGen       total 268800K, used 268466K [0x0000000080000000, 0x0000000090680000, 0x00000000d5580000)
  object space 268800K, 99% used [0x0000000080000000,0x000000009062ca80,0x0000000090680000)
 Metaspace       used 54402K, committed 55744K, reserved 1114112K
  class space    used 5698K, committed 6336K, reserved 1048576K
}
Event: 12.230 GC heap after
{Heap after GC invocations=193 (full 2):
 PSYoungGen      total 7168K, used 704K [0x00000000d5580000, 0x00000000d5d80000, 0x0000000100000000)
  eden space 5120K, 0% used [0x00000000d5580000,0x00000000d5580000,0x00000000d5a80000)
  from space 2048K, 34% used [0x00000000d5a80000,0x00000000d5b30000,0x00000000d5c80000)
  to   space 1024K, 0% used [0x00000000d5c80000,0x00000000d5c80000,0x00000000d5d80000)
 ParOldGen       total 269312K, used 268913K [0x0000000080000000, 0x0000000090700000, 0x00000000d5580000)
  object space 269312K, 99% used [0x0000000080000000,0x000000009069c4b8,0x0000000090700000)
 Metaspace       used 54402K, committed 55744K, reserved 1114112K
  class space    used 5698K, committed 6336K, reserved 1048576K
}
Event: 12.247 GC heap before
{Heap before GC invocations=194 (full 2):
 PSYoungGen      total 7168K, used 5824K [0x00000000d5580000, 0x00000000d5d80000, 0x0000000100000000)
  eden space 5120K, 100% used [0x00000000d5580000,0x00000000d5a80000,0x00000000d5a80000)
  from space 2048K, 34% used [0x00000000d5a80000,0x00000000d5b30000,0x00000000d5c80000)
  to   space 1024K, 0% used [0x00000000d5c80000,0x00000000d5c80000,0x00000000d5d80000)
 ParOldGen       total 269312K, used 268913K [0x0000000080000000, 0x0000000090700000, 0x00000000d5580000)
  object space 269312K, 99% used [0x0000000080000000,0x000000009069c4b8,0x0000000090700000)
 Metaspace       used 54554K, committed 55872K, reserved 1114112K
  class space    used 5716K, committed 6336K, reserved 1048576K
}
Event: 12.250 GC heap after
{Heap after GC invocations=194 (full 2):
 PSYoungGen      total 6144K, used 1002K [0x00000000d5580000, 0x00000000d5e80000, 0x0000000100000000)
  eden space 5120K, 0% used [0x00000000d5580000,0x00000000d5580000,0x00000000d5a80000)
  from space 1024K, 97% used [0x00000000d5c80000,0x00000000d5d7aa48,0x00000000d5d80000)
  to   space 2048K, 0% used [0x00000000d5a80000,0x00000000d5a80000,0x00000000d5c80000)
 ParOldGen       total 269824K, used 269564K [0x0000000080000000, 0x0000000090780000, 0x00000000d5580000)
  object space 269824K, 99% used [0x0000000080000000,0x000000009073f100,0x0000000090780000)
 Metaspace       used 54554K, committed 55872K, reserved 1114112K
  class space    used 5716K, committed 6336K, reserved 1048576K
}
Event: 12.269 GC heap before
{Heap before GC invocations=195 (full 2):
 PSYoungGen      total 6144K, used 6122K [0x00000000d5580000, 0x00000000d5e80000, 0x0000000100000000)
  eden space 5120K, 100% used [0x00000000d5580000,0x00000000d5a80000,0x00000000d5a80000)
  from space 1024K, 97% used [0x00000000d5c80000,0x00000000d5d7aa48,0x00000000d5d80000)
  to   space 2048K, 0% used [0x00000000d5a80000,0x00000000d5a80000,0x00000000d5c80000)
 ParOldGen       total 269824K, used 269564K [0x0000000080000000, 0x0000000090780000, 0x00000000d5580000)
  object space 269824K, 99% used [0x0000000080000000,0x000000009073f100,0x0000000090780000)
 Metaspace       used 54740K, committed 56064K, reserved 1114112K
  class space    used 5735K, committed 6336K, reserved 1048576K
}
Event: 12.271 GC heap after
{Heap after GC invocations=195 (full 2):
 PSYoungGen      total 6656K, used 1115K [0x00000000d5580000, 0x00000000d5d80000, 0x0000000100000000)
  eden space 5120K, 0% used [0x00000000d5580000,0x00000000d5580000,0x00000000d5a80000)
  from space 1536K, 72% used [0x00000000d5a80000,0x00000000d5b96c50,0x00000000d5c00000)
  to   space 1536K, 0% used [0x00000000d5c00000,0x00000000d5c00000,0x00000000d5d80000)
 ParOldGen       total 270848K, used 270487K [0x0000000080000000, 0x0000000090880000, 0x00000000d5580000)
  object space 270848K, 99% used [0x0000000080000000,0x0000000090825fb0,0x0000000090880000)
 Metaspace       used 54740K, committed 56064K, reserved 1114112K
  class space    used 5735K, committed 6336K, reserved 1048576K
}

Dll operation events (10 events):
Event: 0.017 Loaded shared library c:\Users\obeng\.cursor\extensions\redhat.java-1.43.1-win32-x64\jre\21.0.7-win32-x86_64\bin\java.dll
Event: 0.091 Loaded shared library c:\Users\obeng\.cursor\extensions\redhat.java-1.43.1-win32-x64\jre\21.0.7-win32-x86_64\bin\zip.dll
Event: 0.121 Loaded shared library C:\Users\obeng\.cursor\extensions\redhat.java-1.43.1-win32-x64\jre\21.0.7-win32-x86_64\bin\instrument.dll
Event: 0.126 Loaded shared library C:\Users\obeng\.cursor\extensions\redhat.java-1.43.1-win32-x64\jre\21.0.7-win32-x86_64\bin\net.dll
Event: 0.129 Loaded shared library C:\Users\obeng\.cursor\extensions\redhat.java-1.43.1-win32-x64\jre\21.0.7-win32-x86_64\bin\nio.dll
Event: 0.133 Loaded shared library C:\Users\obeng\.cursor\extensions\redhat.java-1.43.1-win32-x64\jre\21.0.7-win32-x86_64\bin\zip.dll
Event: 0.152 Loaded shared library C:\Users\obeng\.cursor\extensions\redhat.java-1.43.1-win32-x64\jre\21.0.7-win32-x86_64\bin\jimage.dll
Event: 0.243 Loaded shared library c:\Users\obeng\.cursor\extensions\redhat.java-1.43.1-win32-x64\jre\21.0.7-win32-x86_64\bin\verify.dll
Event: 1.584 Loaded shared library C:\Users\obeng\AppData\Roaming\Cursor\User\globalStorage\redhat.java\1.43.1\config_win\org.eclipse.equinox.launcher\org.eclipse.equinox.launcher.win32.win32.x86_64_1.2.1300.v20250331-1702\eclipse_11911.dll
Event: 2.983 Loaded shared library C:\Users\obeng\AppData\Local\Temp\jna-2331414\jna5158976268150758297.dll

Deoptimization events (20 events):
Event: 12.107 Thread 0x0000021afdeefd90 DEOPT PACKING pc=0x0000021aaeb9e6c8 sp=0x000000fbfd9f9d60
Event: 12.107 Thread 0x0000021afdeefd90 DEOPT UNPACKING pc=0x0000021aae473aa2 sp=0x000000fbfd9f9d88 mode 2
Event: 12.159 Thread 0x0000021afdeefd90 Uncommon trap: trap_request=0xffffff45 fr.pc=0x0000021aaee65264 relative=0x0000000000001224
Event: 12.159 Thread 0x0000021afdeefd90 Uncommon trap: reason=unstable_if action=reinterpret pc=0x0000021aaee65264 method=org.lombokweb.asm.MethodWriter.putMethodInfo(Lorg/lombokweb/asm/ByteVector;)V @ 374 c2
Event: 12.159 Thread 0x0000021afdeefd90 DEOPT PACKING pc=0x0000021aaee65264 sp=0x000000fbfd9fa110
Event: 12.159 Thread 0x0000021afdeefd90 DEOPT UNPACKING pc=0x0000021aae473aa2 sp=0x000000fbfd9fa0b8 mode 2
Event: 12.166 Thread 0x0000021afdeefd90 DEOPT PACKING pc=0x0000021aa774adb3 sp=0x000000fbfd9fa050
Event: 12.166 Thread 0x0000021afdeefd90 DEOPT UNPACKING pc=0x0000021aae474242 sp=0x000000fbfd9f9580 mode 0
Event: 12.172 Thread 0x0000021afdeefd90 DEOPT PACKING pc=0x0000021aa774adb3 sp=0x000000fbfd9fa050
Event: 12.172 Thread 0x0000021afdeefd90 DEOPT UNPACKING pc=0x0000021aae474242 sp=0x000000fbfd9f9580 mode 0
Event: 12.183 Thread 0x0000021afdeefd90 DEOPT PACKING pc=0x0000021aa774adb3 sp=0x000000fbfd9fa050
Event: 12.183 Thread 0x0000021afdeefd90 DEOPT UNPACKING pc=0x0000021aae474242 sp=0x000000fbfd9f9580 mode 0
Event: 12.187 Thread 0x0000021afdeefd90 DEOPT PACKING pc=0x0000021aa774adb3 sp=0x000000fbfd9fa050
Event: 12.187 Thread 0x0000021afdeefd90 DEOPT UNPACKING pc=0x0000021aae474242 sp=0x000000fbfd9f9580 mode 0
Event: 12.193 Thread 0x0000021afdeefd90 DEOPT PACKING pc=0x0000021aa774adb3 sp=0x000000fbfd9fa050
Event: 12.193 Thread 0x0000021afdeefd90 DEOPT UNPACKING pc=0x0000021aae474242 sp=0x000000fbfd9f9580 mode 0
Event: 12.197 Thread 0x0000021afdeefd90 DEOPT PACKING pc=0x0000021aa774adb3 sp=0x000000fbfd9fa050
Event: 12.197 Thread 0x0000021afdeefd90 DEOPT UNPACKING pc=0x0000021aae474242 sp=0x000000fbfd9f9580 mode 0
Event: 12.215 Thread 0x0000021afdeefd90 DEOPT PACKING pc=0x0000021aa774adb3 sp=0x000000fbfd9fa050
Event: 12.215 Thread 0x0000021afdeefd90 DEOPT UNPACKING pc=0x0000021aae474242 sp=0x000000fbfd9f9580 mode 0

Classes loaded (20 events):
Event: 9.804 Loading class jdk/internal/math/FormattedFPDecimal
Event: 9.804 Loading class jdk/internal/math/FormattedFPDecimal done
Event: 9.880 Loading class java/util/ImmutableCollections$SubList
Event: 9.881 Loading class java/util/ImmutableCollections$SubList done
Event: 9.913 Loading class java/nio/file/attribute/PosixFileAttributes
Event: 9.913 Loading class java/nio/file/attribute/PosixFileAttributes done
Event: 9.950 Loading class java/nio/file/attribute/PosixFileAttributeView
Event: 9.950 Loading class java/nio/file/attribute/PosixFileAttributeView done
Event: 10.024 Loading class java/nio/file/DirectoryIteratorException
Event: 10.024 Loading class java/nio/file/DirectoryIteratorException done
Event: 10.030 Loading class java/util/regex/PatternSyntaxException
Event: 10.030 Loading class java/util/regex/PatternSyntaxException done
Event: 10.504 Loading class java/util/concurrent/ForkJoinTask$AdaptedCallable
Event: 10.504 Loading class java/util/concurrent/ForkJoinTask$AdaptedCallable done
Event: 10.898 Loading class java/util/Vector$1
Event: 10.898 Loading class java/util/Vector$1 done
Event: 11.509 Loading class java/util/regex/Pattern$Caret
Event: 11.509 Loading class java/util/regex/Pattern$Caret done
Event: 11.739 Loading class java/nio/file/FileTreeIterator
Event: 11.742 Loading class java/nio/file/FileTreeIterator done

Classes unloaded (7 events):
Event: 3.556 Thread 0x0000021aa3dbec30 Unloading class 0x0000021abc1a5000 'java/lang/invoke/LambdaForm$MH+0x0000021abc1a5000'
Event: 3.556 Thread 0x0000021aa3dbec30 Unloading class 0x0000021abc1a4c00 'java/lang/invoke/LambdaForm$MH+0x0000021abc1a4c00'
Event: 3.556 Thread 0x0000021aa3dbec30 Unloading class 0x0000021abc1a4800 'java/lang/invoke/LambdaForm$MH+0x0000021abc1a4800'
Event: 3.556 Thread 0x0000021aa3dbec30 Unloading class 0x0000021abc1a4400 'java/lang/invoke/LambdaForm$MH+0x0000021abc1a4400'
Event: 3.556 Thread 0x0000021aa3dbec30 Unloading class 0x0000021abc1a4000 'java/lang/invoke/LambdaForm$BMH+0x0000021abc1a4000'
Event: 3.556 Thread 0x0000021aa3dbec30 Unloading class 0x0000021abc1a3c00 'java/lang/invoke/LambdaForm$DMH+0x0000021abc1a3c00'
Event: 3.556 Thread 0x0000021aa3dbec30 Unloading class 0x0000021abc1a2800 'java/lang/invoke/LambdaForm$DMH+0x0000021abc1a2800'

Classes redefined (0 events):
No events

Internal exceptions (20 events):
Event: 9.272 Thread 0x0000021afdef0420 Implicit null exception at 0x0000021aaed31dc8 to 0x0000021aaed37a7c
Event: 9.770 Thread 0x0000021afdeefd90 Implicit null exception at 0x0000021aaed2953e to 0x0000021aaed2a3c8
Event: 9.770 Thread 0x0000021afdeefd90 Exception <a 'sun/nio/fs/WindowsException'{0x00000000d5d95160}> (0x00000000d5d95160) 
thrown [s\src\hotspot\share\prims\jni.cpp, line 520]
Event: 9.771 Thread 0x0000021afdeefd90 Exception <a 'sun/nio/fs/WindowsException'{0x00000000d5d95d60}> (0x00000000d5d95d60) 
thrown [s\src\hotspot\share\prims\jni.cpp, line 520]
Event: 9.799 Thread 0x0000021afdeefd90 Exception <a 'java/lang/NoSuchMethodError'{0x00000000d5787018}: 'int java.lang.invoke.DirectMethodHandle$Holder.invokeSpecialIFC(java.lang.Object, java.lang.Object, java.lang.Object, java.lang.Object)'> (0x00000000d5787018) 
thrown [s\src\hotspot\share\interpreter\linkResolver.cpp, line 773]
Event: 9.834 Thread 0x0000021afdeefd90 Exception <a 'java/io/FileNotFoundException'{0x00000000d5f54028}> (0x00000000d5f54028) 
thrown [s\src\hotspot\share\prims\jni.cpp, line 520]
Event: 9.834 Thread 0x0000021afdeefd90 Exception <a 'java/io/FileNotFoundException'{0x00000000d5f55020}> (0x00000000d5f55020) 
thrown [s\src\hotspot\share\prims\jni.cpp, line 520]
Event: 9.857 Thread 0x0000021afdeefd90 Exception <a 'java/io/FileNotFoundException'{0x00000000d55b70f0}> (0x00000000d55b70f0) 
thrown [s\src\hotspot\share\prims\jni.cpp, line 520]
Event: 9.857 Thread 0x0000021afdeefd90 Exception <a 'java/io/FileNotFoundException'{0x00000000d58a4568}> (0x00000000d58a4568) 
thrown [s\src\hotspot\share\prims\jni.cpp, line 520]
Event: 9.858 Thread 0x0000021afdeefd90 Exception <a 'java/io/FileNotFoundException'{0x00000000d58a5580}> (0x00000000d58a5580) 
thrown [s\src\hotspot\share\prims\jni.cpp, line 520]
Event: 10.503 Thread 0x0000021afdeefd90 Exception <a 'sun/nio/fs/WindowsException'{0x00000000d5619e20}> (0x00000000d5619e20) 
thrown [s\src\hotspot\share\prims\jni.cpp, line 520]
Event: 10.506 Thread 0x0000021a8583be40 Exception <a 'sun/nio/fs/WindowsException'{0x00000000d5742090}> (0x00000000d5742090) 
thrown [s\src\hotspot\share\prims\jni.cpp, line 520]
Event: 10.508 Thread 0x0000021a85843460 Exception <a 'sun/nio/fs/WindowsException'{0x00000000d57ccdb8}> (0x00000000d57ccdb8) 
thrown [s\src\hotspot\share\prims\jni.cpp, line 520]
Event: 10.509 Thread 0x0000021a8583c4d0 Exception <a 'sun/nio/fs/WindowsException'{0x00000000d5801ac8}> (0x00000000d5801ac8) 
thrown [s\src\hotspot\share\prims\jni.cpp, line 520]
Event: 10.510 Thread 0x0000021a8583cb60 Exception <a 'sun/nio/fs/WindowsException'{0x00000000d585b788}> (0x00000000d585b788) 
thrown [s\src\hotspot\share\prims\jni.cpp, line 520]
Event: 10.510 Thread 0x0000021a8583e5a0 Exception <a 'sun/nio/fs/WindowsException'{0x00000000d58b2fe8}> (0x00000000d58b2fe8) 
thrown [s\src\hotspot\share\prims\jni.cpp, line 520]
Event: 10.512 Thread 0x0000021a8583d1f0 Exception <a 'sun/nio/fs/WindowsException'{0x00000000d58b8d18}> (0x00000000d58b8d18) 
thrown [s\src\hotspot\share\prims\jni.cpp, line 520]
Event: 10.513 Thread 0x0000021a8583e5a0 Exception <a 'sun/nio/fs/WindowsException'{0x00000000d58b4ac0}> (0x00000000d58b4ac0) 
thrown [s\src\hotspot\share\prims\jni.cpp, line 520]
Event: 10.515 Thread 0x0000021a8583df10 Exception <a 'sun/nio/fs/WindowsException'{0x00000000d590e260}> (0x00000000d590e260) 
thrown [s\src\hotspot\share\prims\jni.cpp, line 520]
Event: 10.515 Thread 0x0000021a8583c4d0 Exception <a 'sun/nio/fs/WindowsException'{0x00000000d58053a8}> (0x00000000d58053a8) 
thrown [s\src\hotspot\share\prims\jni.cpp, line 520]

ZGC Phase Switch (0 events):
No events

VM Operations (20 events):
Event: 12.149 Executing VM operation: ParallelGCFailedAllocation (Allocation Failure)
Event: 12.151 Executing VM operation: ParallelGCFailedAllocation (Allocation Failure) done
Event: 12.163 Executing VM operation: ParallelGCFailedAllocation (Allocation Failure)
Event: 12.166 Executing VM operation: ParallelGCFailedAllocation (Allocation Failure) done
Event: 12.172 Executing VM operation: ParallelGCFailedAllocation (Allocation Failure)
Event: 12.174 Executing VM operation: ParallelGCFailedAllocation (Allocation Failure) done
Event: 12.180 Executing VM operation: ParallelGCFailedAllocation (Allocation Failure)
Event: 12.183 Executing VM operation: ParallelGCFailedAllocation (Allocation Failure) done
Event: 12.188 Executing VM operation: ParallelGCFailedAllocation (Allocation Failure)
Event: 12.191 Executing VM operation: ParallelGCFailedAllocation (Allocation Failure) done
Event: 12.197 Executing VM operation: ParallelGCFailedAllocation (Allocation Failure)
Event: 12.199 Executing VM operation: ParallelGCFailedAllocation (Allocation Failure) done
Event: 12.209 Executing VM operation: ParallelGCFailedAllocation (Allocation Failure)
Event: 12.212 Executing VM operation: ParallelGCFailedAllocation (Allocation Failure) done
Event: 12.223 Executing VM operation: ParallelGCFailedAllocation (Allocation Failure)
Event: 12.230 Executing VM operation: ParallelGCFailedAllocation (Allocation Failure) done
Event: 12.247 Executing VM operation: ParallelGCFailedAllocation (Allocation Failure)
Event: 12.250 Executing VM operation: ParallelGCFailedAllocation (Allocation Failure) done
Event: 12.269 Executing VM operation: ParallelGCFailedAllocation (Allocation Failure)
Event: 12.271 Executing VM operation: ParallelGCFailedAllocation (Allocation Failure) done

Memory protections (0 events):
No events

Nmethod flushes (20 events):
Event: 4.964 Thread 0x0000021aa3dbec30 flushing  nmethod 0x0000021aa755a010
Event: 4.964 Thread 0x0000021aa3dbec30 flushing  nmethod 0x0000021aa755a410
Event: 4.964 Thread 0x0000021aa3dbec30 flushing  nmethod 0x0000021aa755ad10
Event: 4.964 Thread 0x0000021aa3dbec30 flushing  nmethod 0x0000021aa755bf10
Event: 4.964 Thread 0x0000021aa3dbec30 flushing  nmethod 0x0000021aa755c710
Event: 4.964 Thread 0x0000021aa3dbec30 flushing  nmethod 0x0000021aa755ce90
Event: 4.964 Thread 0x0000021aa3dbec30 flushing  nmethod 0x0000021aa755e410
Event: 4.964 Thread 0x0000021aa3dbec30 flushing  nmethod 0x0000021aa755e910
Event: 4.964 Thread 0x0000021aa3dbec30 flushing  nmethod 0x0000021aa7560610
Event: 4.964 Thread 0x0000021aa3dbec30 flushing  nmethod 0x0000021aa7560a90
Event: 4.964 Thread 0x0000021aa3dbec30 flushing  nmethod 0x0000021aa756af10
Event: 4.964 Thread 0x0000021aa3dbec30 flushing  nmethod 0x0000021aa756be10
Event: 4.964 Thread 0x0000021aa3dbec30 flushing  nmethod 0x0000021aa7588f10
Event: 4.964 Thread 0x0000021aa3dbec30 flushing  nmethod 0x0000021aa759ef10
Event: 4.964 Thread 0x0000021aa3dbec30 flushing  nmethod 0x0000021aa75a2610
Event: 4.964 Thread 0x0000021aa3dbec30 flushing  nmethod 0x0000021aa765ee90
Event: 4.964 Thread 0x0000021aa3dbec30 flushing  nmethod 0x0000021aa7673110
Event: 4.964 Thread 0x0000021aa3dbec30 flushing  nmethod 0x0000021aa7673590
Event: 4.964 Thread 0x0000021aa3dbec30 flushing  nmethod 0x0000021aa7678090
Event: 4.964 Thread 0x0000021aa3dbec30 flushing  nmethod 0x0000021aa76b2910

Events (20 events):
Event: 4.828 Thread 0x0000021aa3cffba0 Thread added: 0x0000021afdef1e60
Event: 4.862 Thread 0x0000021aa3cffba0 Thread added: 0x0000021a85841390
Event: 5.138 Thread 0x0000021aa3cffba0 Thread added: 0x0000021a85841a20
Event: 5.139 Thread 0x0000021aa3cffba0 Thread added: 0x0000021a8583f950
Event: 5.198 Thread 0x0000021afdeefd90 Thread added: 0x0000021a85840d00
Event: 8.637 Thread 0x0000021afdef2b80 Thread exited: 0x0000021afdef2b80
Event: 10.505 Thread 0x0000021afdeefd90 Thread added: 0x0000021a8583be40
Event: 10.507 Thread 0x0000021a8583be40 Thread added: 0x0000021a85843460
Event: 10.507 Thread 0x0000021a8583be40 Thread added: 0x0000021a8583c4d0
Event: 10.508 Thread 0x0000021a85843460 Thread added: 0x0000021a8583cb60
Event: 10.509 Thread 0x0000021a8583cb60 Thread added: 0x0000021a8583e5a0
Event: 10.510 Thread 0x0000021a85843460 Thread added: 0x0000021a8583d1f0
Event: 10.510 Thread 0x0000021a85843460 Thread added: 0x0000021a8583d880
Event: 10.510 Thread 0x0000021a8583c4d0 Thread added: 0x0000021a8583df10
Event: 10.579 Thread 0x0000021afdeefd90 Thread added: 0x0000021a8583ec30
Event: 10.579 Thread 0x0000021afdeefd90 Thread added: 0x0000021afdef2b80
Event: 10.591 Thread 0x0000021afdeefd90 Thread added: 0x0000021afe9014e0
Event: 10.595 Thread 0x0000021afdeefd90 Thread added: 0x0000021afe8ff410
Event: 10.595 Thread 0x0000021afdeefd90 Thread added: 0x0000021afe8fe060
Event: 10.596 Thread 0x0000021afdeefd90 Thread added: 0x0000021afe901b70


Dynamic libraries:
0x00007ff7617b0000 - 0x00007ff7617be000 	c:\Users\obeng\.cursor\extensions\redhat.java-1.43.1-win32-x64\jre\21.0.7-win32-x86_64\bin\java.exe
0x00007ffe70270000 - 0x00007ffe70487000 	C:\Windows\SYSTEM32\ntdll.dll
0x00007ffe6ff60000 - 0x00007ffe70024000 	C:\Windows\System32\KERNEL32.DLL
0x00007ffe6db20000 - 0x00007ffe6def2000 	C:\Windows\System32\KERNELBASE.dll
0x00007ffe6d910000 - 0x00007ffe6da21000 	C:\Windows\System32\ucrtbase.dll
0x00007ffe362c0000 - 0x00007ffe362de000 	c:\Users\obeng\.cursor\extensions\redhat.java-1.43.1-win32-x64\jre\21.0.7-win32-x86_64\bin\VCRUNTIME140.dll
0x00007ffe335b0000 - 0x00007ffe335c8000 	c:\Users\obeng\.cursor\extensions\redhat.java-1.43.1-win32-x64\jre\21.0.7-win32-x86_64\bin\jli.dll
0x00007ffe6ecf0000 - 0x00007ffe6eea1000 	C:\Windows\System32\USER32.dll
0x00007ffe6daf0000 - 0x00007ffe6db16000 	C:\Windows\System32\win32u.dll
0x00007ffe6f820000 - 0x00007ffe6f849000 	C:\Windows\System32\GDI32.dll
0x00007ffe4e280000 - 0x00007ffe4e51b000 	C:\Windows\WinSxS\amd64_microsoft.windows.common-controls_6595b64144ccf1df_6.0.22621.5547_none_27104afb73855772\COMCTL32.dll
0x00007ffe6d740000 - 0x00007ffe6d863000 	C:\Windows\System32\gdi32full.dll
0x00007ffe70100000 - 0x00007ffe701a7000 	C:\Windows\System32\msvcrt.dll
0x00007ffe6d870000 - 0x00007ffe6d90a000 	C:\Windows\System32\msvcp_win.dll
0x00007ffe6f8d0000 - 0x00007ffe6f901000 	C:\Windows\System32\IMM32.DLL
0x00007ffe673b0000 - 0x00007ffe673bc000 	c:\Users\obeng\.cursor\extensions\redhat.java-1.43.1-win32-x64\jre\21.0.7-win32-x86_64\bin\vcruntime140_1.dll
0x00007ffe224c0000 - 0x00007ffe2254d000 	c:\Users\obeng\.cursor\extensions\redhat.java-1.43.1-win32-x64\jre\21.0.7-win32-x86_64\bin\msvcp140.dll
0x00007ffdf1960000 - 0x00007ffdf26f0000 	c:\Users\obeng\.cursor\extensions\redhat.java-1.43.1-win32-x64\jre\21.0.7-win32-x86_64\bin\server\jvm.dll
0x00007ffe6e1b0000 - 0x00007ffe6e261000 	C:\Windows\System32\ADVAPI32.dll
0x00007ffe6eec0000 - 0x00007ffe6ef68000 	C:\Windows\System32\sechost.dll
0x00007ffe6d5a0000 - 0x00007ffe6d5c8000 	C:\Windows\System32\bcrypt.dll
0x00007ffe6eb30000 - 0x00007ffe6ec44000 	C:\Windows\System32\RPCRT4.dll
0x00007ffe6e800000 - 0x00007ffe6e871000 	C:\Windows\System32\WS2_32.dll
0x00007ffe6d230000 - 0x00007ffe6d27d000 	C:\Windows\SYSTEM32\POWRPROF.dll
0x00007ffe66510000 - 0x00007ffe66544000 	C:\Windows\SYSTEM32\WINMM.dll
0x00007ffe66740000 - 0x00007ffe6674a000 	C:\Windows\SYSTEM32\VERSION.dll
0x00007ffe6d210000 - 0x00007ffe6d223000 	C:\Windows\SYSTEM32\UMPDC.dll
0x00007ffe6c350000 - 0x00007ffe6c368000 	C:\Windows\SYSTEM32\kernel.appcore.dll
0x00007ffe672d0000 - 0x00007ffe672da000 	c:\Users\obeng\.cursor\extensions\redhat.java-1.43.1-win32-x64\jre\21.0.7-win32-x86_64\bin\jimage.dll
0x00007ffe6ac10000 - 0x00007ffe6ae43000 	C:\Windows\SYSTEM32\DBGHELP.DLL
0x00007ffe6f9b0000 - 0x00007ffe6fd43000 	C:\Windows\System32\combase.dll
0x00007ffe6ea50000 - 0x00007ffe6eb27000 	C:\Windows\System32\OLEAUT32.dll
0x00007ffe4cf50000 - 0x00007ffe4cf82000 	C:\Windows\SYSTEM32\dbgcore.DLL
0x00007ffe6d520000 - 0x00007ffe6d59b000 	C:\Windows\System32\bcryptPrimitives.dll
0x00007ffe53440000 - 0x00007ffe5344f000 	c:\Users\obeng\.cursor\extensions\redhat.java-1.43.1-win32-x64\jre\21.0.7-win32-x86_64\bin\instrument.dll
0x00007ffe2e650000 - 0x00007ffe2e66f000 	c:\Users\obeng\.cursor\extensions\redhat.java-1.43.1-win32-x64\jre\21.0.7-win32-x86_64\bin\java.dll
0x00007ffe6ef70000 - 0x00007ffe6f812000 	C:\Windows\System32\SHELL32.dll
0x00007ffe6d360000 - 0x00007ffe6d49f000 	C:\Windows\System32\wintypes.dll
0x00007ffe6b240000 - 0x00007ffe6bb5d000 	C:\Windows\SYSTEM32\windows.storage.dll
0x00007ffe6e6f0000 - 0x00007ffe6e7fc000 	C:\Windows\System32\SHCORE.dll
0x00007ffe6f850000 - 0x00007ffe6f8b9000 	C:\Windows\System32\shlwapi.dll
0x00007ffe6d290000 - 0x00007ffe6d2bb000 	C:\Windows\SYSTEM32\profapi.dll
0x00007ffe2e4b0000 - 0x00007ffe2e4c8000 	c:\Users\obeng\.cursor\extensions\redhat.java-1.43.1-win32-x64\jre\21.0.7-win32-x86_64\bin\zip.dll
0x00007ffe4ffb0000 - 0x00007ffe4ffc0000 	C:\Users\obeng\.cursor\extensions\redhat.java-1.43.1-win32-x64\jre\21.0.7-win32-x86_64\bin\net.dll
0x00007ffe67e70000 - 0x00007ffe67f9c000 	C:\Windows\SYSTEM32\WINHTTP.dll
0x00007ffe6c7c0000 - 0x00007ffe6c829000 	C:\Windows\system32\mswsock.dll
0x00007ffe2e220000 - 0x00007ffe2e236000 	C:\Users\obeng\.cursor\extensions\redhat.java-1.43.1-win32-x64\jre\21.0.7-win32-x86_64\bin\nio.dll
0x00007ffe41f30000 - 0x00007ffe41f40000 	c:\Users\obeng\.cursor\extensions\redhat.java-1.43.1-win32-x64\jre\21.0.7-win32-x86_64\bin\verify.dll
0x00007ffe41ac0000 - 0x00007ffe41b05000 	C:\Users\obeng\AppData\Roaming\Cursor\User\globalStorage\redhat.java\1.43.1\config_win\org.eclipse.equinox.launcher\org.eclipse.equinox.launcher.win32.win32.x86_64_1.2.1300.v20250331-1702\eclipse_11911.dll
0x00007ffe6df00000 - 0x00007ffe6e0a0000 	C:\Windows\System32\ole32.dll
0x00007ffe6cb10000 - 0x00007ffe6cb2b000 	C:\Windows\SYSTEM32\CRYPTSP.dll
0x00007ffe6c2b0000 - 0x00007ffe6c2e7000 	C:\Windows\system32\rsaenh.dll
0x00007ffe6c860000 - 0x00007ffe6c888000 	C:\Windows\SYSTEM32\USERENV.dll
0x00007ffe6caf0000 - 0x00007ffe6cafc000 	C:\Windows\SYSTEM32\CRYPTBASE.dll
0x00007ffe6bdb0000 - 0x00007ffe6bddd000 	C:\Windows\SYSTEM32\IPHLPAPI.DLL
0x00007ffe6eeb0000 - 0x00007ffe6eeb9000 	C:\Windows\System32\NSI.dll
0x00007ffe2e790000 - 0x00007ffe2e7d9000 	C:\Users\obeng\AppData\Local\Temp\jna-2331414\jna5158976268150758297.dll
0x00007ffe6f8c0000 - 0x00007ffe6f8c8000 	C:\Windows\System32\PSAPI.DLL
0x00007ffe66750000 - 0x00007ffe66769000 	C:\Windows\SYSTEM32\dhcpcsvc6.DLL
0x00007ffe663c0000 - 0x00007ffe663df000 	C:\Windows\SYSTEM32\dhcpcsvc.DLL

dbghelp: loaded successfully - version: 4.0.5 - missing functions: none
symbol engine: initialized successfully - sym options: 0x614 - pdb path: .;c:\Users\obeng\.cursor\extensions\redhat.java-1.43.1-win32-x64\jre\21.0.7-win32-x86_64\bin;C:\Windows\SYSTEM32;C:\Windows\WinSxS\amd64_microsoft.windows.common-controls_6595b64144ccf1df_6.0.22621.5547_none_27104afb73855772;c:\Users\obeng\.cursor\extensions\redhat.java-1.43.1-win32-x64\jre\21.0.7-win32-x86_64\bin\server;C:\Users\obeng\AppData\Roaming\Cursor\User\globalStorage\redhat.java\1.43.1\config_win\org.eclipse.equinox.launcher\org.eclipse.equinox.launcher.win32.win32.x86_64_1.2.1300.v20250331-1702;C:\Users\obeng\AppData\Local\Temp\jna-2331414

VM Arguments:
jvm_args: --add-modules=ALL-SYSTEM --add-opens=java.base/java.util=ALL-UNNAMED --add-opens=java.base/java.lang=ALL-UNNAMED --add-opens=java.base/sun.nio.fs=ALL-UNNAMED -Declipse.application=org.eclipse.jdt.ls.core.id1 -Dosgi.bundles.defaultStartLevel=4 -Declipse.product=org.eclipse.jdt.ls.core.product -Djava.import.generatesMetadataFilesAtProjectRoot=false -DDetectVMInstallationsJob.disabled=true -Dfile.encoding=utf8 -XX:+UseParallelGC -XX:GCTimeRatio=4 -XX:AdaptiveSizePolicyWeight=90 -Dsun.zip.disableMemoryMapping=true -Xmx2G -Xms100m -Xlog:disable -javaagent:c:\Users\obeng\.cursor\extensions\redhat.java-1.43.1-win32-x64\lombok\lombok-1.18.39-4050.jar -XX:+HeapDumpOnOutOfMemoryError -XX:HeapDumpPath=c:\Users\obeng\AppData\Roaming\Cursor\User\workspaceStorage\f3ec195ff8a34f8d1f201de5db2cf3a5\redhat.java -Daether.dependencyCollector.impl=bf 
java_command: c:\Users\obeng\.cursor\extensions\redhat.java-1.43.1-win32-x64\server\plugins\org.eclipse.equinox.launcher_1.7.0.v20250519-0528.jar -configuration c:\Users\obeng\AppData\Roaming\Cursor\User\globalStorage\redhat.java\1.43.1\config_win -data c:\Users\obeng\AppData\Roaming\Cursor\User\workspaceStorage\f3ec195ff8a34f8d1f201de5db2cf3a5\redhat.java\jdt_ws --pipe=\\.\pipe\lsp-84608c48044145879281b4202c224799-sock
java_class_path (initial): c:\Users\obeng\.cursor\extensions\redhat.java-1.43.1-win32-x64\server\plugins\org.eclipse.equinox.launcher_1.7.0.v20250519-0528.jar
Launcher Type: SUN_STANDARD

[Global flags]
    uintx AdaptiveSizePolicyWeight                 = 90                                        {product} {command line}
     intx CICompilerCount                          = 4                                         {product} {ergonomic}
    uintx GCTimeRatio                              = 4                                         {product} {command line}
     bool HeapDumpOnOutOfMemoryError               = true                                   {manageable} {command line}
    ccstr HeapDumpPath                             = c:\Users\obeng\AppData\Roaming\Cursor\User\workspaceStorage\f3ec195ff8a34f8d1f201de5db2cf3a5\redhat.java         {manageable} {command line}
   size_t InitialHeapSize                          = 104857600                                 {product} {command line}
   size_t MaxHeapSize                              = 2147483648                                {product} {command line}
   size_t MaxNewSize                               = 715653120                                 {product} {ergonomic}
   size_t MinHeapDeltaBytes                        = 524288                                    {product} {ergonomic}
   size_t MinHeapSize                              = 104857600                                 {product} {command line}
   size_t NewSize                                  = 34603008                                  {product} {ergonomic}
    uintx NonNMethodCodeHeapSize                   = 5839372                                {pd product} {ergonomic}
    uintx NonProfiledCodeHeapSize                  = 122909434                              {pd product} {ergonomic}
   size_t OldSize                                  = 70254592                                  {product} {ergonomic}
    uintx ProfiledCodeHeapSize                     = 122909434                              {pd product} {ergonomic}
    uintx ReservedCodeCacheSize                    = 251658240                              {pd product} {ergonomic}
     bool SegmentedCodeCache                       = true                                      {product} {ergonomic}
   size_t SoftMaxHeapSize                          = 2147483648                             {manageable} {ergonomic}
     bool UseCompressedOops                        = true                           {product lp64_product} {ergonomic}
     bool UseLargePagesIndividualAllocation        = false                                  {pd product} {ergonomic}
     bool UseParallelGC                            = true                                      {product} {command line}

Logging:
Log output configuration:
 #0: stdout all=off uptime,level,tags foldmultilines=false
 #1: stderr all=off uptime,level,tags foldmultilines=false

Environment Variables:
PATH=C:\Program Files\Eclipse Adoptium\jdk-21.0.6.7-hotspot\bin;C:\Windows\system32;C:\Windows;C:\Windows\System32\Wbem;C:\Windows\System32\WindowsPowerShell\v1.0\;C:\Windows\System32\OpenSSH\;C:\Program Files (x86)\Microsoft SQL Server\160\Tools\Binn\;C:\Program Files\Microsoft SQL Server\160\Tools\Binn\;C:\Program Files\Microsoft SQL Server\Client SDK\ODBC\170\Tools\Binn\;C:\Program Files\Microsoft SQL Server\160\DTS\Binn\;C:\Program Files (x86)\Microsoft SQL Server\160\DTS\Binn\;C:\Program Files\nodejs\;C:\ProgramData\chocolatey\bin;C:\Program Files\Git\cmd;C:\Program Files\dotnet\;C:\Program Files\PostgreSQL\17\bin;;c:\Users\obeng\AppData\Local\Programs\cursor\resources\app\bin;C:\Users\obeng\AppData\Local\Programs\Python\Python39\;C:\Users\obeng\AppData\Local\Programs\Python\Python39\Scripts\;C:\Users\obeng\Downloads\Python-3.9.21.tgz\Python-3.9.21;C:\Users\obeng\AppData\Local\Microsoft\WindowsApps;C:\Users\obeng\AppData\Roaming\npm;C:\Users\obeng\Downloads\Compressed\node-v22.14.0-win-x64.zip\node-v22.14.0-win-x64\node_modules\npm\bin;C:\Users\obeng\Downloads\Compressed\node-v22.14.0-win-x64.zip\node-v22.14.0-win-x64;C:\Users\obeng\AppData\Local\Android\sdk\platform-tools;C:\Users\obeng\.dotnet\tools;C:\Program Files\maven\mvn\bin;C:\Program Files\spring-3.5.0\bin;C:\Program Files\NASM;C:\mingw32\bin;C:\Program Files\PostgreSQL\17\bin;C:\Users\obeng\AppData\Local\Programs\cursor\resources\app\bin;C:\Program Files\MySQL\MySQL Server 8.0\bin
USERNAME=Kayy
OS=Windows_NT
PROCESSOR_IDENTIFIER=Intel64 Family 6 Model 154 Stepping 4, GenuineIntel
TMP=C:\Users\obeng\AppData\Local\Temp
TEMP=C:\Users\obeng\AppData\Local\Temp




Periodic native trim disabled

---------------  S Y S T E M  ---------------

OS:
 Windows 11 , 64 bit Build 22621 (10.0.22621.5415)
OS uptime: 0 days 21:00 hours
Hyper-V role detected

CPU: total 8 (initial active 8) (4 cores per cpu, 2 threads per core) family 6 model 154 stepping 4 microcode 0x432, cx8, cmov, fxsr, ht, mmx, 3dnowpref, sse, sse2, sse3, ssse3, sse4.1, sse4.2, popcnt, lzcnt, tsc, tscinvbit, avx, avx2, aes, erms, clmul, bmi1, bmi2, adx, sha, fma, vzeroupper, clflush, clflushopt, clwb, hv, serialize, rdtscp, rdpid, fsrm, f16c, cet_ibt, cet_ss
Processor Information for processor 0
  Max Mhz: 1200, Current Mhz: 1200, Mhz Limit: 1200
Processor Information for processor 1
  Max Mhz: 1200, Current Mhz: 1200, Mhz Limit: 1200
Processor Information for processor 2
  Max Mhz: 1200, Current Mhz: 1200, Mhz Limit: 1200
Processor Information for processor 3
  Max Mhz: 1200, Current Mhz: 1200, Mhz Limit: 1200
Processor Information for processor 4
  Max Mhz: 1200, Current Mhz: 900, Mhz Limit: 900
Processor Information for processor 5
  Max Mhz: 1200, Current Mhz: 900, Mhz Limit: 900
Processor Information for processor 6
  Max Mhz: 1200, Current Mhz: 900, Mhz Limit: 900
Processor Information for processor 7
  Max Mhz: 1200, Current Mhz: 900, Mhz Limit: 900

Memory: 4k page, system-wide physical 7865M (331M free)
TotalPageFile size 18875M (AvailPageFile size 2M)
current process WorkingSet (physical memory assigned to process): 489M, peak: 490M
current process commit charge ("private bytes"): 538M, peak: 1638M

vm_info: OpenJDK 64-Bit Server VM (21.0.7+6-LTS) for windows-amd64 JRE (21.0.7+6-LTS), built on 2025-04-15T00:00:00Z by "admin" with MS VC++ 17.7 (VS2022)

END.
